2022-01-18 17:13:57,306:INFO:train:Training Experiment 3 time: 0
2022-01-18 17:13:57,306:INFO:train:Training Conditions: Concat_ResUNET_FUS_n_n
2022-01-18 17:14:04,384:INFO:train:Image stack:
2022-01-18 17:14:04,400:INFO:train:(17730, 9203, 30)
2022-01-18 17:14:04,837:INFO:train:Labels stack:
2022-01-18 17:14:04,837:INFO:train:(17730, 9203)
2022-01-18 17:14:27,586:INFO:train:Model: "concat__res_unet"
2022-01-18 17:14:27,586:INFO:train:_________________________________________________________________
2022-01-18 17:14:27,586:INFO:train:Layer (type)                 Output Shape              Param #
2022-01-18 17:14:27,586:INFO:train:=================================================================
2022-01-18 17:14:27,586:INFO:train:opt_encoder (ResUNET_Encoder multiple                  1066944
2022-01-18 17:14:27,586:INFO:train:_________________________________________________________________
2022-01-18 17:14:27,586:INFO:train:sar_encoder (ResUNET_Encoder multiple                  1054272
2022-01-18 17:14:27,586:INFO:train:_________________________________________________________________
2022-01-18 17:14:27,586:INFO:train:opt_decoder (ResUNET_Decoder multiple                  221408
2022-01-18 17:14:27,602:INFO:train:_________________________________________________________________
2022-01-18 17:14:27,602:INFO:train:sar_decoder (ResUNET_Decoder multiple                  221408
2022-01-18 17:14:27,602:INFO:train:_________________________________________________________________
2022-01-18 17:14:27,602:INFO:train:fus_concat (FusionLayer)     multiple                  0
2022-01-18 17:14:27,602:INFO:train:_________________________________________________________________
2022-01-18 17:14:27,602:INFO:train:opt_classifier (Classifier)  multiple                  195
2022-01-18 17:14:27,602:INFO:train:_________________________________________________________________
2022-01-18 17:14:27,602:INFO:train:sar_classifier (Classifier)  multiple                  195
2022-01-18 17:14:27,602:INFO:train:_________________________________________________________________
2022-01-18 17:14:27,602:INFO:train:fus_classifier (Classifier)  multiple                  387
2022-01-18 17:14:27,602:INFO:train:=================================================================
2022-01-18 17:14:27,602:INFO:train:Total params: 2,564,809
2022-01-18 17:14:27,602:INFO:train:Trainable params: 2,564,809
2022-01-18 17:14:27,602:INFO:train:Non-trainable params: 0
2022-01-18 17:14:27,602:INFO:train:_________________________________________________________________
2022-01-18 17:14:27,867:INFO:train:Epoch 1/10
2022-01-18 17:14:55,913:INFO:train:184/184 - 28s - opt_accuracy: 0.8507 - sar_accuracy: 0.7457 - fus_accuracy: 0.6762 - opt_loss: 0.0976 - sar_loss: 0.1590 - fus_loss: 0.1803 - loss: 0.4369 - val_opt_accuracy: 0.8582 - val_sar_accuracy: 0.7600 - val_fus_accuracy: 0.7066 - val_opt_loss: 0.0868 - val_sar_loss: 0.1396 - val_fus_loss: 0.1555 - val_loss: 0.3819
2022-01-18 17:14:55,929:INFO:train:Epoch 2/10
2022-01-18 17:15:13,756:INFO:train:184/184 - 18s - opt_accuracy: 0.8828 - sar_accuracy: 0.7643 - fus_accuracy: 0.6743 - opt_loss: 0.0739 - sar_loss: 0.1498 - fus_loss: 0.1778 - loss: 0.4015 - val_opt_accuracy: 0.8658 - val_sar_accuracy: 0.7971 - val_fus_accuracy: 0.6750 - val_opt_loss: 0.0891 - val_sar_loss: 0.1170 - val_fus_loss: 0.1672 - val_loss: 0.3733
2022-01-18 17:15:13,772:INFO:train:Epoch 3/10
2022-01-18 17:15:31,505:INFO:train:184/184 - 18s - opt_accuracy: 0.8874 - sar_accuracy: 0.7901 - fus_accuracy: 0.6446 - opt_loss: 0.0712 - sar_loss: 0.1350 - fus_loss: 0.1939 - loss: 0.4000 - val_opt_accuracy: 0.8813 - val_sar_accuracy: 0.7703 - val_fus_accuracy: 0.6652 - val_opt_loss: 0.0713 - val_sar_loss: 0.1310 - val_fus_loss: 0.1649 - val_loss: 0.3672
2022-01-18 17:15:31,521:INFO:train:Epoch 4/10
2022-01-18 17:15:49,395:INFO:train:184/184 - 18s - opt_accuracy: 0.8915 - sar_accuracy: 0.8113 - fus_accuracy: 0.6036 - opt_loss: 0.0680 - sar_loss: 0.1215 - fus_loss: 0.2139 - loss: 0.4034 - val_opt_accuracy: 0.8796 - val_sar_accuracy: 0.8313 - val_fus_accuracy: 0.6275 - val_opt_loss: 0.0726 - val_sar_loss: 0.1023 - val_fus_loss: 0.1811 - val_loss: 0.3560
2022-01-18 17:15:49,411:INFO:train:Epoch 5/10
2022-01-18 17:16:07,238:INFO:train:184/184 - 18s - opt_accuracy: 0.8949 - sar_accuracy: 0.8242 - fus_accuracy: 0.5866 - opt_loss: 0.0656 - sar_loss: 0.1111 - fus_loss: 0.2229 - loss: 0.3996 - val_opt_accuracy: 0.8789 - val_sar_accuracy: 0.8368 - val_fus_accuracy: 0.6028 - val_opt_loss: 0.0721 - val_sar_loss: 0.0980 - val_fus_loss: 0.1844 - val_loss: 0.3545
2022-01-18 17:16:07,254:INFO:train:Epoch 6/10
2022-01-18 17:16:25,018:INFO:train:184/184 - 18s - opt_accuracy: 0.8966 - sar_accuracy: 0.8318 - fus_accuracy: 0.5704 - opt_loss: 0.0646 - sar_loss: 0.1057 - fus_loss: 0.2367 - loss: 0.4070 - val_opt_accuracy: 0.8817 - val_sar_accuracy: 0.8376 - val_fus_accuracy: 0.5804 - val_opt_loss: 0.0676 - val_sar_loss: 0.0929 - val_fus_loss: 0.1826 - val_loss: 0.3432
2022-01-18 17:16:25,034:INFO:train:Epoch 7/10
2022-01-18 17:16:42,908:INFO:train:184/184 - 18s - opt_accuracy: 0.8982 - sar_accuracy: 0.8325 - fus_accuracy: 0.5673 - opt_loss: 0.0626 - sar_loss: 0.1045 - fus_loss: 0.2464 - loss: 0.4134 - val_opt_accuracy: 0.8751 - val_sar_accuracy: 0.8404 - val_fus_accuracy: 0.5796 - val_opt_loss: 0.0761 - val_sar_loss: 0.0918 - val_fus_loss: 0.2068 - val_loss: 0.3746
2022-01-18 17:16:42,924:INFO:train:Epoch 8/10
2022-01-18 17:17:00,892:INFO:train:184/184 - 18s - opt_accuracy: 0.8993 - sar_accuracy: 0.8374 - fus_accuracy: 0.5620 - opt_loss: 0.0620 - sar_loss: 0.1008 - fus_loss: 0.2536 - loss: 0.4164 - val_opt_accuracy: 0.8846 - val_sar_accuracy: 0.8411 - val_fus_accuracy: 0.5764 - val_opt_loss: 0.0667 - val_sar_loss: 0.0900 - val_fus_loss: 0.2030 - val_loss: 0.3598
2022-01-18 17:17:00,907:INFO:train:Epoch 9/10
2022-01-18 17:17:18,860:INFO:train:184/184 - 18s - opt_accuracy: 0.8997 - sar_accuracy: 0.8387 - fus_accuracy: 0.5538 - opt_loss: 0.0608 - sar_loss: 0.1001 - fus_loss: 0.2632 - loss: 0.4241 - val_opt_accuracy: 0.8820 - val_sar_accuracy: 0.8424 - val_fus_accuracy: 0.5669 - val_opt_loss: 0.0672 - val_sar_loss: 0.0909 - val_fus_loss: 0.2168 - val_loss: 0.3749
2022-01-18 17:17:18,875:INFO:train:Epoch 10/10
2022-01-18 17:17:36,797:INFO:train:184/184 - 18s - opt_accuracy: 0.9013 - sar_accuracy: 0.8409 - fus_accuracy: 0.5350 - opt_loss: 0.0594 - sar_loss: 0.0979 - fus_loss: 0.2810 - loss: 0.4384 - val_opt_accuracy: 0.8802 - val_sar_accuracy: 0.8419 - val_fus_accuracy: 0.5465 - val_opt_loss: 0.0677 - val_sar_loss: 0.0940 - val_fus_loss: 0.2218 - val_loss: 0.3834
2022-01-18 17:17:36,922:INFO:train:Epoch 1/500
2022-01-18 17:18:11,029:INFO:train:184/184 - 34s - opt_accuracy: 0.8883 - sar_accuracy: 0.7749 - fus_accuracy: 0.8805 - opt_loss: 0.0726 - sar_loss: 0.1451 - fus_loss: 0.0755 - loss: 0.2932 - val_opt_accuracy: 0.8930 - val_sar_accuracy: 0.7253 - val_fus_accuracy: 0.8886 - val_opt_loss: 0.0637 - val_sar_loss: 0.1412 - val_fus_loss: 0.0659 - val_loss: 0.2708
2022-01-18 17:18:11,029:INFO:train:
2022-01-18 17:18:11,029:INFO:train:Epoch 00001: val_fus_loss improved from inf to 0.06593, saving model to imgs\experiments\exp_3\models\Concat_ResUNET_0.h5
2022-01-18 17:18:11,123:INFO:train:Epoch 2/500
2022-01-18 17:18:39,059:INFO:train:184/184 - 28s - opt_accuracy: 0.8959 - sar_accuracy: 0.7976 - fus_accuracy: 0.8960 - opt_loss: 0.0656 - sar_loss: 0.1299 - fus_loss: 0.0655 - loss: 0.2610 - val_opt_accuracy: 0.8752 - val_sar_accuracy: 0.8360 - val_fus_accuracy: 0.8728 - val_opt_loss: 0.0726 - val_sar_loss: 0.0948 - val_fus_loss: 0.0752 - val_loss: 0.2426
2022-01-18 17:18:39,059:INFO:train:
2022-01-18 17:18:39,059:INFO:train:Epoch 00002: val_fus_loss did not improve from 0.06593
2022-01-18 17:18:39,075:INFO:train:Epoch 3/500
2022-01-18 17:19:06,933:INFO:train:184/184 - 28s - opt_accuracy: 0.8982 - sar_accuracy: 0.8243 - fus_accuracy: 0.8986 - opt_loss: 0.0631 - sar_loss: 0.1126 - fus_loss: 0.0629 - loss: 0.2387 - val_opt_accuracy: 0.8871 - val_sar_accuracy: 0.8326 - val_fus_accuracy: 0.8777 - val_opt_loss: 0.0674 - val_sar_loss: 0.0973 - val_fus_loss: 0.0694 - val_loss: 0.2342
2022-01-18 17:19:06,933:INFO:train:
2022-01-18 17:19:06,933:INFO:train:Epoch 00003: val_fus_loss did not improve from 0.06593
2022-01-18 17:19:06,949:INFO:train:Epoch 4/500
2022-01-18 17:19:34,807:INFO:train:184/184 - 28s - opt_accuracy: 0.9007 - sar_accuracy: 0.8323 - fus_accuracy: 0.9012 - opt_loss: 0.0599 - sar_loss: 0.1064 - fus_loss: 0.0595 - loss: 0.2259 - val_opt_accuracy: 0.8878 - val_sar_accuracy: 0.8430 - val_fus_accuracy: 0.8870 - val_opt_loss: 0.0629 - val_sar_loss: 0.0885 - val_fus_loss: 0.0633 - val_loss: 0.2147
2022-01-18 17:19:34,807:INFO:train:
2022-01-18 17:19:34,807:INFO:train:Epoch 00004: val_fus_loss improved from 0.06593 to 0.06332, saving model to imgs\experiments\exp_3\models\Concat_ResUNET_0.h5
2022-01-18 17:19:34,901:INFO:train:Epoch 5/500
2022-01-18 17:20:02,915:INFO:train:184/184 - 28s - opt_accuracy: 0.9019 - sar_accuracy: 0.8284 - fus_accuracy: 0.9021 - opt_loss: 0.0586 - sar_loss: 0.1090 - fus_loss: 0.0582 - loss: 0.2257 - val_opt_accuracy: 0.8869 - val_sar_accuracy: 0.8225 - val_fus_accuracy: 0.8851 - val_opt_loss: 0.0659 - val_sar_loss: 0.0993 - val_fus_loss: 0.0678 - val_loss: 0.2330
2022-01-18 17:20:02,915:INFO:train:
2022-01-18 17:20:02,915:INFO:train:Epoch 00005: val_fus_loss did not improve from 0.06332
2022-01-18 17:20:02,931:INFO:train:Epoch 6/500
2022-01-18 17:20:30,914:INFO:train:184/184 - 28s - opt_accuracy: 0.9036 - sar_accuracy: 0.8347 - fus_accuracy: 0.9039 - opt_loss: 0.0563 - sar_loss: 0.1049 - fus_loss: 0.0560 - loss: 0.2171 - val_opt_accuracy: 0.8902 - val_sar_accuracy: 0.7667 - val_fus_accuracy: 0.8844 - val_opt_loss: 0.0652 - val_sar_loss: 0.1266 - val_fus_loss: 0.0671 - val_loss: 0.2589
2022-01-18 17:20:30,914:INFO:train:
2022-01-18 17:20:30,914:INFO:train:Epoch 00006: val_fus_loss did not improve from 0.06332
2022-01-18 17:20:30,929:INFO:train:Epoch 7/500
2022-01-18 17:20:58,772:INFO:train:184/184 - 28s - opt_accuracy: 0.9046 - sar_accuracy: 0.8361 - fus_accuracy: 0.9047 - opt_loss: 0.0552 - sar_loss: 0.1034 - fus_loss: 0.0549 - loss: 0.2135 - val_opt_accuracy: 0.8912 - val_sar_accuracy: 0.8290 - val_fus_accuracy: 0.8872 - val_opt_loss: 0.0609 - val_sar_loss: 0.0936 - val_fus_loss: 0.0616 - val_loss: 0.2161
2022-01-18 17:20:58,772:INFO:train:
2022-01-18 17:20:58,772:INFO:train:Epoch 00007: val_fus_loss improved from 0.06332 to 0.06164, saving model to imgs\experiments\exp_3\models\Concat_ResUNET_0.h5
2022-01-18 17:20:58,866:INFO:train:Epoch 8/500
2022-01-18 17:21:26,740:INFO:train:184/184 - 28s - opt_accuracy: 0.9071 - sar_accuracy: 0.8412 - fus_accuracy: 0.9074 - opt_loss: 0.0527 - sar_loss: 0.1000 - fus_loss: 0.0523 - loss: 0.2050 - val_opt_accuracy: 0.8877 - val_sar_accuracy: 0.8364 - val_fus_accuracy: 0.8840 - val_opt_loss: 0.0697 - val_sar_loss: 0.0977 - val_fus_loss: 0.0713 - val_loss: 0.2387
2022-01-18 17:21:26,740:INFO:train:
2022-01-18 17:21:26,740:INFO:train:Epoch 00008: val_fus_loss did not improve from 0.06164
2022-01-18 17:21:26,755:INFO:train:Epoch 9/500
2022-01-18 17:21:54,520:INFO:train:184/184 - 28s - opt_accuracy: 0.9086 - sar_accuracy: 0.8421 - fus_accuracy: 0.9091 - opt_loss: 0.0515 - sar_loss: 0.0995 - fus_loss: 0.0511 - loss: 0.2020 - val_opt_accuracy: 0.8855 - val_sar_accuracy: 0.8428 - val_fus_accuracy: 0.8809 - val_opt_loss: 0.0666 - val_sar_loss: 0.0888 - val_fus_loss: 0.0677 - val_loss: 0.2231
2022-01-18 17:21:54,520:INFO:train:
2022-01-18 17:21:54,520:INFO:train:Epoch 00009: val_fus_loss did not improve from 0.06164
2022-01-18 17:21:54,535:INFO:train:Epoch 10/500
2022-01-18 17:22:22,300:INFO:train:184/184 - 28s - opt_accuracy: 0.9049 - sar_accuracy: 0.8327 - fus_accuracy: 0.9055 - opt_loss: 0.0554 - sar_loss: 0.1055 - fus_loss: 0.0549 - loss: 0.2159 - val_opt_accuracy: 0.8882 - val_sar_accuracy: 0.8455 - val_fus_accuracy: 0.8871 - val_opt_loss: 0.0654 - val_sar_loss: 0.0859 - val_fus_loss: 0.0661 - val_loss: 0.2175
2022-01-18 17:22:22,300:INFO:train:
2022-01-18 17:22:22,300:INFO:train:Epoch 00010: val_fus_loss did not improve from 0.06164
2022-01-18 17:22:22,315:INFO:train:Epoch 11/500
2022-01-18 17:22:50,236:INFO:train:184/184 - 28s - opt_accuracy: 0.9111 - sar_accuracy: 0.8490 - fus_accuracy: 0.9115 - opt_loss: 0.0495 - sar_loss: 0.0945 - fus_loss: 0.0490 - loss: 0.1931 - val_opt_accuracy: 0.8879 - val_sar_accuracy: 0.8351 - val_fus_accuracy: 0.8848 - val_opt_loss: 0.0735 - val_sar_loss: 0.0939 - val_fus_loss: 0.0728 - val_loss: 0.2402
2022-01-18 17:22:50,236:INFO:train:
2022-01-18 17:22:50,236:INFO:train:Epoch 00011: val_fus_loss did not improve from 0.06164
2022-01-18 17:22:50,251:INFO:train:Epoch 12/500
2022-01-18 17:23:18,016:INFO:train:184/184 - 28s - opt_accuracy: 0.9130 - sar_accuracy: 0.8502 - fus_accuracy: 0.9133 - opt_loss: 0.0473 - sar_loss: 0.0930 - fus_loss: 0.0467 - loss: 0.1869 - val_opt_accuracy: 0.8854 - val_sar_accuracy: 0.8406 - val_fus_accuracy: 0.8823 - val_opt_loss: 0.0691 - val_sar_loss: 0.0879 - val_fus_loss: 0.0706 - val_loss: 0.2277
2022-01-18 17:23:18,016:INFO:train:
2022-01-18 17:23:18,016:INFO:train:Epoch 00012: val_fus_loss did not improve from 0.06164
2022-01-18 17:23:18,032:INFO:train:Epoch 13/500
2022-01-18 17:23:45,780:INFO:train:184/184 - 28s - opt_accuracy: 0.9147 - sar_accuracy: 0.8451 - fus_accuracy: 0.9152 - opt_loss: 0.0462 - sar_loss: 0.0970 - fus_loss: 0.0456 - loss: 0.1887 - val_opt_accuracy: 0.8870 - val_sar_accuracy: 0.8495 - val_fus_accuracy: 0.8866 - val_opt_loss: 0.0707 - val_sar_loss: 0.0849 - val_fus_loss: 0.0709 - val_loss: 0.2265
2022-01-18 17:23:45,780:INFO:train:
2022-01-18 17:23:45,780:INFO:train:Epoch 00013: val_fus_loss did not improve from 0.06164
2022-01-18 17:23:45,796:INFO:train:Epoch 14/500
2022-01-18 17:24:13,545:INFO:train:184/184 - 28s - opt_accuracy: 0.9169 - sar_accuracy: 0.8523 - fus_accuracy: 0.9175 - opt_loss: 0.0440 - sar_loss: 0.0918 - fus_loss: 0.0434 - loss: 0.1791 - val_opt_accuracy: 0.8821 - val_sar_accuracy: 0.8437 - val_fus_accuracy: 0.8814 - val_opt_loss: 0.0728 - val_sar_loss: 0.0890 - val_fus_loss: 0.0723 - val_loss: 0.2341
2022-01-18 17:24:13,545:INFO:train:
2022-01-18 17:24:13,545:INFO:train:Epoch 00014: val_fus_loss did not improve from 0.06164
2022-01-18 17:24:13,560:INFO:train:Epoch 15/500
2022-01-18 17:24:41,309:INFO:train:184/184 - 28s - opt_accuracy: 0.9187 - sar_accuracy: 0.8551 - fus_accuracy: 0.9194 - opt_loss: 0.0422 - sar_loss: 0.0891 - fus_loss: 0.0416 - loss: 0.1729 - val_opt_accuracy: 0.8800 - val_sar_accuracy: 0.8534 - val_fus_accuracy: 0.8804 - val_opt_loss: 0.0735 - val_sar_loss: 0.0819 - val_fus_loss: 0.0729 - val_loss: 0.2283
2022-01-18 17:24:41,309:INFO:train:
2022-01-18 17:24:41,309:INFO:train:Epoch 00015: val_fus_loss did not improve from 0.06164
2022-01-18 17:24:41,325:INFO:train:Epoch 16/500
2022-01-18 17:25:09,183:INFO:train:184/184 - 28s - opt_accuracy: 0.9187 - sar_accuracy: 0.8561 - fus_accuracy: 0.9197 - opt_loss: 0.0432 - sar_loss: 0.0888 - fus_loss: 0.0423 - loss: 0.1743 - val_opt_accuracy: 0.8821 - val_sar_accuracy: 0.8521 - val_fus_accuracy: 0.8803 - val_opt_loss: 0.0681 - val_sar_loss: 0.0834 - val_fus_loss: 0.0693 - val_loss: 0.2209
2022-01-18 17:25:09,183:INFO:train:
2022-01-18 17:25:09,183:INFO:train:Epoch 00016: val_fus_loss did not improve from 0.06164
2022-01-18 17:25:09,198:INFO:train:Epoch 17/500
2022-01-18 17:25:36,916:INFO:train:184/184 - 28s - opt_accuracy: 0.9200 - sar_accuracy: 0.8521 - fus_accuracy: 0.9207 - opt_loss: 0.0422 - sar_loss: 0.0915 - fus_loss: 0.0413 - loss: 0.1750 - val_opt_accuracy: 0.8809 - val_sar_accuracy: 0.8454 - val_fus_accuracy: 0.8808 - val_opt_loss: 0.0759 - val_sar_loss: 0.0856 - val_fus_loss: 0.0757 - val_loss: 0.2371
2022-01-18 17:25:36,916:INFO:train:
2022-01-18 17:25:36,916:INFO:train:Epoch 00017: val_fus_loss did not improve from 0.06164
2022-01-18 17:25:36,932:INFO:train:Epoch 18/500
2022-01-18 17:26:04,618:INFO:train:184/184 - 28s - opt_accuracy: 0.9241 - sar_accuracy: 0.8600 - fus_accuracy: 0.9249 - opt_loss: 0.0381 - sar_loss: 0.0854 - fus_loss: 0.0373 - loss: 0.1609 - val_opt_accuracy: 0.8807 - val_sar_accuracy: 0.8447 - val_fus_accuracy: 0.8798 - val_opt_loss: 0.0783 - val_sar_loss: 0.0873 - val_fus_loss: 0.0770 - val_loss: 0.2425
2022-01-18 17:26:04,618:INFO:train:
2022-01-18 17:26:04,618:INFO:train:Epoch 00018: val_fus_loss did not improve from 0.06164
2022-01-18 17:26:04,634:INFO:train:Epoch 19/500
2022-01-18 17:26:32,429:INFO:train:184/184 - 28s - opt_accuracy: 0.9260 - sar_accuracy: 0.8610 - fus_accuracy: 0.9267 - opt_loss: 0.0370 - sar_loss: 0.0846 - fus_loss: 0.0362 - loss: 0.1577 - val_opt_accuracy: 0.8827 - val_sar_accuracy: 0.8534 - val_fus_accuracy: 0.8831 - val_opt_loss: 0.0781 - val_sar_loss: 0.0830 - val_fus_loss: 0.0751 - val_loss: 0.2362
2022-01-18 17:26:32,429:INFO:train:
2022-01-18 17:26:32,429:INFO:train:Epoch 00019: val_fus_loss did not improve from 0.06164
2022-01-18 17:26:32,445:INFO:train:Epoch 20/500
2022-01-18 17:27:00,303:INFO:train:184/184 - 28s - opt_accuracy: 0.9256 - sar_accuracy: 0.8630 - fus_accuracy: 0.9266 - opt_loss: 0.0371 - sar_loss: 0.0831 - fus_loss: 0.0361 - loss: 0.1563 - val_opt_accuracy: 0.8780 - val_sar_accuracy: 0.8539 - val_fus_accuracy: 0.8789 - val_opt_loss: 0.0857 - val_sar_loss: 0.0823 - val_fus_loss: 0.0843 - val_loss: 0.2523
2022-01-18 17:27:00,303:INFO:train:
2022-01-18 17:27:00,303:INFO:train:Epoch 00020: val_fus_loss did not improve from 0.06164
2022-01-18 17:27:00,319:INFO:train:Epoch 21/500
2022-01-18 17:27:28,067:INFO:train:184/184 - 28s - opt_accuracy: 0.9294 - sar_accuracy: 0.8647 - fus_accuracy: 0.9302 - opt_loss: 0.0340 - sar_loss: 0.0818 - fus_loss: 0.0331 - loss: 0.1489 - val_opt_accuracy: 0.8833 - val_sar_accuracy: 0.8531 - val_fus_accuracy: 0.8844 - val_opt_loss: 0.0817 - val_sar_loss: 0.0827 - val_fus_loss: 0.0795 - val_loss: 0.2439
2022-01-18 17:27:28,067:INFO:train:
2022-01-18 17:27:28,067:INFO:train:Epoch 00021: val_fus_loss did not improve from 0.06164
2022-01-18 17:27:28,083:INFO:train:Epoch 22/500
2022-01-18 17:27:55,910:INFO:train:184/184 - 28s - opt_accuracy: 0.9309 - sar_accuracy: 0.8664 - fus_accuracy: 0.9319 - opt_loss: 0.0328 - sar_loss: 0.0793 - fus_loss: 0.0318 - loss: 0.1439 - val_opt_accuracy: 0.8729 - val_sar_accuracy: 0.8532 - val_fus_accuracy: 0.8733 - val_opt_loss: 0.0898 - val_sar_loss: 0.0830 - val_fus_loss: 0.0874 - val_loss: 0.2602
2022-01-18 17:27:55,910:INFO:train:
2022-01-18 17:27:55,910:INFO:train:Epoch 00022: val_fus_loss did not improve from 0.06164
2022-01-18 17:27:55,910:INFO:train:Epoch 00022: early stopping
2022-01-18 17:28:03,519:INFO:train:Training Experiment 3 time: 1
2022-01-18 17:28:03,519:INFO:train:Training Conditions: Concat_ResUNET_FUS_n_n
2022-01-18 17:28:10,581:INFO:train:Image stack:
2022-01-18 17:28:10,581:INFO:train:(17730, 9203, 30)
2022-01-18 17:28:11,034:INFO:train:Labels stack:
2022-01-18 17:28:11,034:INFO:train:(17730, 9203)
2022-01-18 17:28:33,643:INFO:train:Model: "concat__res_unet"
2022-01-18 17:28:33,643:INFO:train:_________________________________________________________________
2022-01-18 17:28:33,643:INFO:train:Layer (type)                 Output Shape              Param #
2022-01-18 17:28:33,643:INFO:train:=================================================================
2022-01-18 17:28:33,643:INFO:train:opt_encoder (ResUNET_Encoder multiple                  1066944
2022-01-18 17:28:33,643:INFO:train:_________________________________________________________________
2022-01-18 17:28:33,643:INFO:train:sar_encoder (ResUNET_Encoder multiple                  1054272
2022-01-18 17:28:33,643:INFO:train:_________________________________________________________________
2022-01-18 17:28:33,643:INFO:train:opt_decoder (ResUNET_Decoder multiple                  221408
2022-01-18 17:28:33,643:INFO:train:_________________________________________________________________
2022-01-18 17:28:33,643:INFO:train:sar_decoder (ResUNET_Decoder multiple                  221408
2022-01-18 17:28:33,643:INFO:train:_________________________________________________________________
2022-01-18 17:28:33,643:INFO:train:fus_concat (FusionLayer)     multiple                  0
2022-01-18 17:28:33,643:INFO:train:_________________________________________________________________
2022-01-18 17:28:33,643:INFO:train:opt_classifier (Classifier)  multiple                  195
2022-01-18 17:28:33,643:INFO:train:_________________________________________________________________
2022-01-18 17:28:33,643:INFO:train:sar_classifier (Classifier)  multiple                  195
2022-01-18 17:28:33,643:INFO:train:_________________________________________________________________
2022-01-18 17:28:33,643:INFO:train:fus_classifier (Classifier)  multiple                  387
2022-01-18 17:28:33,643:INFO:train:=================================================================
2022-01-18 17:28:33,643:INFO:train:Total params: 2,564,809
2022-01-18 17:28:33,643:INFO:train:Trainable params: 2,564,809
2022-01-18 17:28:33,643:INFO:train:Non-trainable params: 0
2022-01-18 17:28:33,643:INFO:train:_________________________________________________________________
2022-01-18 17:28:33,908:INFO:train:Epoch 1/10
2022-01-18 17:29:01,720:INFO:train:184/184 - 28s - opt_accuracy: 0.8496 - sar_accuracy: 0.7412 - fus_accuracy: 0.5906 - opt_loss: 0.0991 - sar_loss: 0.1616 - fus_loss: 0.2393 - loss: 0.5000 - val_opt_accuracy: 0.8698 - val_sar_accuracy: 0.7929 - val_fus_accuracy: 0.6041 - val_opt_loss: 0.0749 - val_sar_loss: 0.1259 - val_fus_loss: 0.2221 - val_loss: 0.4230
2022-01-18 17:29:01,735:INFO:train:Epoch 2/10
2022-01-18 17:29:19,531:INFO:train:184/184 - 18s - opt_accuracy: 0.8876 - sar_accuracy: 0.7663 - fus_accuracy: 0.6078 - opt_loss: 0.0725 - sar_loss: 0.1513 - fus_loss: 0.2333 - loss: 0.4570 - val_opt_accuracy: 0.8772 - val_sar_accuracy: 0.8020 - val_fus_accuracy: 0.5875 - val_opt_loss: 0.0758 - val_sar_loss: 0.1200 - val_fus_loss: 0.2314 - val_loss: 0.4272
2022-01-18 17:29:19,547:INFO:train:Epoch 3/10
2022-01-18 17:29:37,421:INFO:train:184/184 - 18s - opt_accuracy: 0.8921 - sar_accuracy: 0.7891 - fus_accuracy: 0.6192 - opt_loss: 0.0686 - sar_loss: 0.1371 - fus_loss: 0.2343 - loss: 0.4399 - val_opt_accuracy: 0.8801 - val_sar_accuracy: 0.8247 - val_fus_accuracy: 0.6579 - val_opt_loss: 0.0711 - val_sar_loss: 0.1061 - val_fus_loss: 0.2091 - val_loss: 0.3862
2022-01-18 17:29:37,437:INFO:train:Epoch 4/10
2022-01-18 17:29:55,061:INFO:train:184/184 - 18s - opt_accuracy: 0.8948 - sar_accuracy: 0.8168 - fus_accuracy: 0.6250 - opt_loss: 0.0656 - sar_loss: 0.1182 - fus_loss: 0.2278 - loss: 0.4116 - val_opt_accuracy: 0.8732 - val_sar_accuracy: 0.8289 - val_fus_accuracy: 0.6286 - val_opt_loss: 0.0772 - val_sar_loss: 0.1016 - val_fus_loss: 0.2150 - val_loss: 0.3938
2022-01-18 17:29:55,077:INFO:train:Epoch 5/10
2022-01-18 17:30:12,904:INFO:train:184/184 - 18s - opt_accuracy: 0.8970 - sar_accuracy: 0.8261 - fus_accuracy: 0.6181 - opt_loss: 0.0637 - sar_loss: 0.1093 - fus_loss: 0.2317 - loss: 0.4047 - val_opt_accuracy: 0.8779 - val_sar_accuracy: 0.8234 - val_fus_accuracy: 0.6767 - val_opt_loss: 0.0727 - val_sar_loss: 0.0967 - val_fus_loss: 0.2004 - val_loss: 0.3699
2022-01-18 17:30:12,920:INFO:train:Epoch 6/10
2022-01-18 17:30:30,903:INFO:train:184/184 - 18s - opt_accuracy: 0.8977 - sar_accuracy: 0.8285 - fus_accuracy: 0.6338 - opt_loss: 0.0632 - sar_loss: 0.1071 - fus_loss: 0.2272 - loss: 0.3975 - val_opt_accuracy: 0.8797 - val_sar_accuracy: 0.8356 - val_fus_accuracy: 0.6439 - val_opt_loss: 0.0711 - val_sar_loss: 0.0922 - val_fus_loss: 0.2140 - val_loss: 0.3772
2022-01-18 17:30:30,919:INFO:train:Epoch 7/10
2022-01-18 17:30:49,105:INFO:train:184/184 - 18s - opt_accuracy: 0.8999 - sar_accuracy: 0.8301 - fus_accuracy: 0.6263 - opt_loss: 0.0607 - sar_loss: 0.1063 - fus_loss: 0.2332 - loss: 0.4002 - val_opt_accuracy: 0.8730 - val_sar_accuracy: 0.8369 - val_fus_accuracy: 0.6962 - val_opt_loss: 0.0774 - val_sar_loss: 0.0936 - val_fus_loss: 0.1920 - val_loss: 0.3630
2022-01-18 17:30:49,121:INFO:train:Epoch 8/10
2022-01-18 17:31:07,105:INFO:train:184/184 - 18s - opt_accuracy: 0.9005 - sar_accuracy: 0.8350 - fus_accuracy: 0.6386 - opt_loss: 0.0603 - sar_loss: 0.1019 - fus_loss: 0.2280 - loss: 0.3902 - val_opt_accuracy: 0.8792 - val_sar_accuracy: 0.8344 - val_fus_accuracy: 0.7137 - val_opt_loss: 0.0703 - val_sar_loss: 0.0968 - val_fus_loss: 0.1818 - val_loss: 0.3490
2022-01-18 17:31:07,120:INFO:train:Epoch 9/10
2022-01-18 17:31:25,198:INFO:train:184/184 - 18s - opt_accuracy: 0.9019 - sar_accuracy: 0.8369 - fus_accuracy: 0.6406 - opt_loss: 0.0583 - sar_loss: 0.1003 - fus_loss: 0.2298 - loss: 0.3884 - val_opt_accuracy: 0.8776 - val_sar_accuracy: 0.8404 - val_fus_accuracy: 0.7019 - val_opt_loss: 0.0732 - val_sar_loss: 0.0917 - val_fus_loss: 0.1868 - val_loss: 0.3516
2022-01-18 17:31:25,213:INFO:train:Epoch 10/10
2022-01-18 17:31:43,103:INFO:train:184/184 - 18s - opt_accuracy: 0.9025 - sar_accuracy: 0.8392 - fus_accuracy: 0.6476 - opt_loss: 0.0575 - sar_loss: 0.0987 - fus_loss: 0.2274 - loss: 0.3837 - val_opt_accuracy: 0.8787 - val_sar_accuracy: 0.8383 - val_fus_accuracy: 0.7071 - val_opt_loss: 0.0682 - val_sar_loss: 0.0937 - val_fus_loss: 0.1854 - val_loss: 0.3472
2022-01-18 17:31:43,244:INFO:train:Epoch 1/500
2022-01-18 17:32:17,773:INFO:train:184/184 - 35s - opt_accuracy: 0.8836 - sar_accuracy: 0.7232 - fus_accuracy: 0.8772 - opt_loss: 0.0782 - sar_loss: 0.1741 - fus_loss: 0.0822 - loss: 0.3345 - val_opt_accuracy: 0.8740 - val_sar_accuracy: 0.7499 - val_fus_accuracy: 0.8811 - val_opt_loss: 0.0718 - val_sar_loss: 0.1300 - val_fus_loss: 0.0686 - val_loss: 0.2703
2022-01-18 17:32:17,773:INFO:train:
2022-01-18 17:32:17,773:INFO:train:Epoch 00001: val_fus_loss improved from inf to 0.06859, saving model to imgs\experiments\exp_3\models\Concat_ResUNET_1.h5
2022-01-18 17:32:17,867:INFO:train:Epoch 2/500
2022-01-18 17:32:45,741:INFO:train:184/184 - 28s - opt_accuracy: 0.8965 - sar_accuracy: 0.7477 - fus_accuracy: 0.8956 - opt_loss: 0.0651 - sar_loss: 0.1571 - fus_loss: 0.0655 - loss: 0.2878 - val_opt_accuracy: 0.8774 - val_sar_accuracy: 0.7407 - val_fus_accuracy: 0.8835 - val_opt_loss: 0.0693 - val_sar_loss: 0.1420 - val_fus_loss: 0.0660 - val_loss: 0.2774
2022-01-18 17:32:45,757:INFO:train:
2022-01-18 17:32:45,757:INFO:train:Epoch 00002: val_fus_loss improved from 0.06859 to 0.06600, saving model to imgs\experiments\exp_3\models\Concat_ResUNET_1.h5
2022-01-18 17:32:45,850:INFO:train:Epoch 3/500
2022-01-18 17:33:13,740:INFO:train:184/184 - 28s - opt_accuracy: 0.8984 - sar_accuracy: 0.7648 - fus_accuracy: 0.8981 - opt_loss: 0.0632 - sar_loss: 0.1510 - fus_loss: 0.0635 - loss: 0.2777 - val_opt_accuracy: 0.8769 - val_sar_accuracy: 0.7908 - val_fus_accuracy: 0.8844 - val_opt_loss: 0.0701 - val_sar_loss: 0.1259 - val_fus_loss: 0.0664 - val_loss: 0.2623
2022-01-18 17:33:13,740:INFO:train:
2022-01-18 17:33:13,740:INFO:train:Epoch 00003: val_fus_loss did not improve from 0.06600
2022-01-18 17:33:13,755:INFO:train:Epoch 4/500
2022-01-18 17:33:41,582:INFO:train:184/184 - 28s - opt_accuracy: 0.9002 - sar_accuracy: 0.7863 - fus_accuracy: 0.8996 - opt_loss: 0.0609 - sar_loss: 0.1405 - fus_loss: 0.0613 - loss: 0.2627 - val_opt_accuracy: 0.8743 - val_sar_accuracy: 0.8123 - val_fus_accuracy: 0.8840 - val_opt_loss: 0.0689 - val_sar_loss: 0.1196 - val_fus_loss: 0.0673 - val_loss: 0.2558
2022-01-18 17:33:41,582:INFO:train:
2022-01-18 17:33:41,582:INFO:train:Epoch 00004: val_fus_loss did not improve from 0.06600
2022-01-18 17:33:41,598:INFO:train:Epoch 5/500
2022-01-18 17:34:09,425:INFO:train:184/184 - 28s - opt_accuracy: 0.9008 - sar_accuracy: 0.8092 - fus_accuracy: 0.9005 - opt_loss: 0.0601 - sar_loss: 0.1244 - fus_loss: 0.0602 - loss: 0.2447 - val_opt_accuracy: 0.8766 - val_sar_accuracy: 0.8315 - val_fus_accuracy: 0.8795 - val_opt_loss: 0.0745 - val_sar_loss: 0.0969 - val_fus_loss: 0.0742 - val_loss: 0.2457
2022-01-18 17:34:09,425:INFO:train:
2022-01-18 17:34:09,425:INFO:train:Epoch 00005: val_fus_loss did not improve from 0.06600
2022-01-18 17:34:09,440:INFO:train:Epoch 6/500
2022-01-18 17:34:37,363:INFO:train:184/184 - 28s - opt_accuracy: 0.9036 - sar_accuracy: 0.8268 - fus_accuracy: 0.9037 - opt_loss: 0.0578 - sar_loss: 0.1100 - fus_loss: 0.0576 - loss: 0.2254 - val_opt_accuracy: 0.8778 - val_sar_accuracy: 0.8308 - val_fus_accuracy: 0.8841 - val_opt_loss: 0.0727 - val_sar_loss: 0.0975 - val_fus_loss: 0.0704 - val_loss: 0.2406
2022-01-18 17:34:37,363:INFO:train:
2022-01-18 17:34:37,363:INFO:train:Epoch 00006: val_fus_loss did not improve from 0.06600
2022-01-18 17:34:37,379:INFO:train:Epoch 7/500
2022-01-18 17:35:05,284:INFO:train:184/184 - 28s - opt_accuracy: 0.9054 - sar_accuracy: 0.8241 - fus_accuracy: 0.9055 - opt_loss: 0.0561 - sar_loss: 0.1132 - fus_loss: 0.0559 - loss: 0.2253 - val_opt_accuracy: 0.8789 - val_sar_accuracy: 0.8259 - val_fus_accuracy: 0.8807 - val_opt_loss: 0.0764 - val_sar_loss: 0.1010 - val_fus_loss: 0.0752 - val_loss: 0.2527
2022-01-18 17:35:05,284:INFO:train:
2022-01-18 17:35:05,284:INFO:train:Epoch 00007: val_fus_loss did not improve from 0.06600
2022-01-18 17:35:05,299:INFO:train:Epoch 8/500
2022-01-18 17:35:33,298:INFO:train:184/184 - 28s - opt_accuracy: 0.9054 - sar_accuracy: 0.8330 - fus_accuracy: 0.9056 - opt_loss: 0.0556 - sar_loss: 0.1053 - fus_loss: 0.0552 - loss: 0.2161 - val_opt_accuracy: 0.8799 - val_sar_accuracy: 0.8215 - val_fus_accuracy: 0.8831 - val_opt_loss: 0.0707 - val_sar_loss: 0.1111 - val_fus_loss: 0.0690 - val_loss: 0.2508
2022-01-18 17:35:33,298:INFO:train:
2022-01-18 17:35:33,298:INFO:train:Epoch 00008: val_fus_loss did not improve from 0.06600
2022-01-18 17:35:33,314:INFO:train:Epoch 9/500
2022-01-18 17:36:01,203:INFO:train:184/184 - 28s - opt_accuracy: 0.9080 - sar_accuracy: 0.8316 - fus_accuracy: 0.9085 - opt_loss: 0.0528 - sar_loss: 0.1058 - fus_loss: 0.0526 - loss: 0.2112 - val_opt_accuracy: 0.8847 - val_sar_accuracy: 0.8364 - val_fus_accuracy: 0.8858 - val_opt_loss: 0.0773 - val_sar_loss: 0.0935 - val_fus_loss: 0.0793 - val_loss: 0.2502
2022-01-18 17:36:01,203:INFO:train:
2022-01-18 17:36:01,203:INFO:train:Epoch 00009: val_fus_loss did not improve from 0.06600
2022-01-18 17:36:01,219:INFO:train:Epoch 10/500
2022-01-18 17:36:29,124:INFO:train:184/184 - 28s - opt_accuracy: 0.9067 - sar_accuracy: 0.8337 - fus_accuracy: 0.9071 - opt_loss: 0.0545 - sar_loss: 0.1040 - fus_loss: 0.0542 - loss: 0.2127 - val_opt_accuracy: 0.8773 - val_sar_accuracy: 0.8360 - val_fus_accuracy: 0.8814 - val_opt_loss: 0.0829 - val_sar_loss: 0.0943 - val_fus_loss: 0.0827 - val_loss: 0.2599
2022-01-18 17:36:29,124:INFO:train:
2022-01-18 17:36:29,124:INFO:train:Epoch 00010: val_fus_loss did not improve from 0.06600
2022-01-18 17:36:29,139:INFO:train:Epoch 11/500
2022-01-18 17:36:57,216:INFO:train:184/184 - 28s - opt_accuracy: 0.9113 - sar_accuracy: 0.8415 - fus_accuracy: 0.9118 - opt_loss: 0.0501 - sar_loss: 0.0990 - fus_loss: 0.0496 - loss: 0.1987 - val_opt_accuracy: 0.8812 - val_sar_accuracy: 0.8431 - val_fus_accuracy: 0.8839 - val_opt_loss: 0.0905 - val_sar_loss: 0.0897 - val_fus_loss: 0.0921 - val_loss: 0.2723
2022-01-18 17:36:57,216:INFO:train:
2022-01-18 17:36:57,216:INFO:train:Epoch 00011: val_fus_loss did not improve from 0.06600
2022-01-18 17:36:57,232:INFO:train:Epoch 12/500
2022-01-18 17:37:25,027:INFO:train:184/184 - 28s - opt_accuracy: 0.9130 - sar_accuracy: 0.8413 - fus_accuracy: 0.9134 - opt_loss: 0.0490 - sar_loss: 0.0986 - fus_loss: 0.0486 - loss: 0.1961 - val_opt_accuracy: 0.8794 - val_sar_accuracy: 0.8352 - val_fus_accuracy: 0.8822 - val_opt_loss: 0.1009 - val_sar_loss: 0.0962 - val_fus_loss: 0.1004 - val_loss: 0.2975
2022-01-18 17:37:25,027:INFO:train:
2022-01-18 17:37:25,027:INFO:train:Epoch 00012: val_fus_loss did not improve from 0.06600
2022-01-18 17:37:25,043:INFO:train:Epoch 13/500
2022-01-18 17:37:52,808:INFO:train:184/184 - 28s - opt_accuracy: 0.9142 - sar_accuracy: 0.8444 - fus_accuracy: 0.9147 - opt_loss: 0.0476 - sar_loss: 0.0956 - fus_loss: 0.0471 - loss: 0.1904 - val_opt_accuracy: 0.8798 - val_sar_accuracy: 0.8422 - val_fus_accuracy: 0.8839 - val_opt_loss: 0.0974 - val_sar_loss: 0.0909 - val_fus_loss: 0.0946 - val_loss: 0.2828
2022-01-18 17:37:52,808:INFO:train:
2022-01-18 17:37:52,808:INFO:train:Epoch 00013: val_fus_loss did not improve from 0.06600
2022-01-18 17:37:52,823:INFO:train:Epoch 14/500
2022-01-18 17:38:20,541:INFO:train:184/184 - 28s - opt_accuracy: 0.9157 - sar_accuracy: 0.8437 - fus_accuracy: 0.9164 - opt_loss: 0.0460 - sar_loss: 0.0975 - fus_loss: 0.0455 - loss: 0.1891 - val_opt_accuracy: 0.8836 - val_sar_accuracy: 0.8099 - val_fus_accuracy: 0.8862 - val_opt_loss: 0.0966 - val_sar_loss: 0.1388 - val_fus_loss: 0.0969 - val_loss: 0.3323
2022-01-18 17:38:20,541:INFO:train:
2022-01-18 17:38:20,541:INFO:train:Epoch 00014: val_fus_loss did not improve from 0.06600
2022-01-18 17:38:20,556:INFO:train:Epoch 15/500
2022-01-18 17:38:48,180:INFO:train:184/184 - 28s - opt_accuracy: 0.9156 - sar_accuracy: 0.8419 - fus_accuracy: 0.9162 - opt_loss: 0.0464 - sar_loss: 0.0981 - fus_loss: 0.0458 - loss: 0.1903 - val_opt_accuracy: 0.8772 - val_sar_accuracy: 0.8435 - val_fus_accuracy: 0.8811 - val_opt_loss: 0.1112 - val_sar_loss: 0.0897 - val_fus_loss: 0.1102 - val_loss: 0.3111
2022-01-18 17:38:48,180:INFO:train:
2022-01-18 17:38:48,180:INFO:train:Epoch 00015: val_fus_loss did not improve from 0.06600
2022-01-18 17:38:48,196:INFO:train:Epoch 16/500
2022-01-18 17:39:15,882:INFO:train:184/184 - 28s - opt_accuracy: 0.9193 - sar_accuracy: 0.8489 - fus_accuracy: 0.9200 - opt_loss: 0.0429 - sar_loss: 0.0921 - fus_loss: 0.0422 - loss: 0.1772 - val_opt_accuracy: 0.8853 - val_sar_accuracy: 0.8400 - val_fus_accuracy: 0.8865 - val_opt_loss: 0.1049 - val_sar_loss: 0.0884 - val_fus_loss: 0.1061 - val_loss: 0.2994
2022-01-18 17:39:15,882:INFO:train:
2022-01-18 17:39:15,882:INFO:train:Epoch 00016: val_fus_loss did not improve from 0.06600
2022-01-18 17:39:15,898:INFO:train:Epoch 17/500
2022-01-18 17:39:43,553:INFO:train:184/184 - 28s - opt_accuracy: 0.9218 - sar_accuracy: 0.8504 - fus_accuracy: 0.9225 - opt_loss: 0.0408 - sar_loss: 0.0904 - fus_loss: 0.0401 - loss: 0.1714 - val_opt_accuracy: 0.8827 - val_sar_accuracy: 0.8485 - val_fus_accuracy: 0.8842 - val_opt_loss: 0.0979 - val_sar_loss: 0.0844 - val_fus_loss: 0.0995 - val_loss: 0.2818
2022-01-18 17:39:43,553:INFO:train:
2022-01-18 17:39:43,553:INFO:train:Epoch 00017: val_fus_loss did not improve from 0.06600
2022-01-18 17:39:43,553:INFO:train:Epoch 00017: early stopping
2022-01-18 17:39:50,943:INFO:train:Training Experiment 3 time: 2
2022-01-18 17:39:50,943:INFO:train:Training Conditions: Concat_ResUNET_FUS_n_n
2022-01-18 17:39:57,958:INFO:train:Image stack:
2022-01-18 17:39:57,958:INFO:train:(17730, 9203, 30)
2022-01-18 17:39:58,411:INFO:train:Labels stack:
2022-01-18 17:39:58,411:INFO:train:(17730, 9203)
2022-01-18 17:40:20,770:INFO:train:Model: "concat__res_unet"
2022-01-18 17:40:20,770:INFO:train:_________________________________________________________________
2022-01-18 17:40:20,770:INFO:train:Layer (type)                 Output Shape              Param #
2022-01-18 17:40:20,770:INFO:train:=================================================================
2022-01-18 17:40:20,770:INFO:train:opt_encoder (ResUNET_Encoder multiple                  1066944
2022-01-18 17:40:20,770:INFO:train:_________________________________________________________________
2022-01-18 17:40:20,770:INFO:train:sar_encoder (ResUNET_Encoder multiple                  1054272
2022-01-18 17:40:20,770:INFO:train:_________________________________________________________________
2022-01-18 17:40:20,770:INFO:train:opt_decoder (ResUNET_Decoder multiple                  221408
2022-01-18 17:40:20,770:INFO:train:_________________________________________________________________
2022-01-18 17:40:20,770:INFO:train:sar_decoder (ResUNET_Decoder multiple                  221408
2022-01-18 17:40:20,770:INFO:train:_________________________________________________________________
2022-01-18 17:40:20,770:INFO:train:fus_concat (FusionLayer)     multiple                  0
2022-01-18 17:40:20,770:INFO:train:_________________________________________________________________
2022-01-18 17:40:20,770:INFO:train:opt_classifier (Classifier)  multiple                  195
2022-01-18 17:40:20,770:INFO:train:_________________________________________________________________
2022-01-18 17:40:20,770:INFO:train:sar_classifier (Classifier)  multiple                  195
2022-01-18 17:40:20,770:INFO:train:_________________________________________________________________
2022-01-18 17:40:20,770:INFO:train:fus_classifier (Classifier)  multiple                  387
2022-01-18 17:40:20,770:INFO:train:=================================================================
2022-01-18 17:40:20,770:INFO:train:Total params: 2,564,809
2022-01-18 17:40:20,770:INFO:train:Trainable params: 2,564,809
2022-01-18 17:40:20,770:INFO:train:Non-trainable params: 0
2022-01-18 17:40:20,770:INFO:train:_________________________________________________________________
2022-01-18 17:40:21,035:INFO:train:Epoch 1/10
2022-01-18 17:40:47,987:INFO:train:184/184 - 27s - opt_accuracy: 0.8496 - sar_accuracy: 0.7463 - fus_accuracy: 0.6930 - opt_loss: 0.0997 - sar_loss: 0.1584 - fus_loss: 0.1785 - loss: 0.4365 - val_opt_accuracy: 0.8725 - val_sar_accuracy: 0.7527 - val_fus_accuracy: 0.6726 - val_opt_loss: 0.0786 - val_sar_loss: 0.1315 - val_fus_loss: 0.1810 - val_loss: 0.3911
2022-01-18 17:40:48,003:INFO:train:Epoch 2/10
2022-01-18 17:41:05,455:INFO:train:184/184 - 17s - opt_accuracy: 0.8849 - sar_accuracy: 0.7601 - fus_accuracy: 0.6911 - opt_loss: 0.0740 - sar_loss: 0.1527 - fus_loss: 0.1717 - loss: 0.3984 - val_opt_accuracy: 0.8756 - val_sar_accuracy: 0.7879 - val_fus_accuracy: 0.6633 - val_opt_loss: 0.0820 - val_sar_loss: 0.1220 - val_fus_loss: 0.1890 - val_loss: 0.3930
2022-01-18 17:41:05,471:INFO:train:Epoch 3/10
2022-01-18 17:41:22,970:INFO:train:184/184 - 17s - opt_accuracy: 0.8894 - sar_accuracy: 0.7792 - fus_accuracy: 0.6759 - opt_loss: 0.0697 - sar_loss: 0.1416 - fus_loss: 0.1742 - loss: 0.3855 - val_opt_accuracy: 0.8815 - val_sar_accuracy: 0.8217 - val_fus_accuracy: 0.6625 - val_opt_loss: 0.0763 - val_sar_loss: 0.1050 - val_fus_loss: 0.1828 - val_loss: 0.3641
2022-01-18 17:41:22,986:INFO:train:Epoch 4/10
2022-01-18 17:41:40,438:INFO:train:184/184 - 17s - opt_accuracy: 0.8929 - sar_accuracy: 0.8067 - fus_accuracy: 0.6761 - opt_loss: 0.0670 - sar_loss: 0.1258 - fus_loss: 0.1827 - loss: 0.3754 - val_opt_accuracy: 0.8754 - val_sar_accuracy: 0.8216 - val_fus_accuracy: 0.6709 - val_opt_loss: 0.0786 - val_sar_loss: 0.1110 - val_fus_loss: 0.1775 - val_loss: 0.3672
2022-01-18 17:41:40,454:INFO:train:Epoch 5/10
2022-01-18 17:41:57,969:INFO:train:184/184 - 18s - opt_accuracy: 0.8940 - sar_accuracy: 0.8233 - fus_accuracy: 0.6744 - opt_loss: 0.0661 - sar_loss: 0.1141 - fus_loss: 0.1841 - loss: 0.3642 - val_opt_accuracy: 0.8804 - val_sar_accuracy: 0.8370 - val_fus_accuracy: 0.6564 - val_opt_loss: 0.0713 - val_sar_loss: 0.0963 - val_fus_loss: 0.1947 - val_loss: 0.3623
2022-01-18 17:41:57,984:INFO:train:Epoch 6/10
2022-01-18 17:42:15,405:INFO:train:184/184 - 17s - opt_accuracy: 0.8963 - sar_accuracy: 0.8309 - fus_accuracy: 0.6649 - opt_loss: 0.0638 - sar_loss: 0.1070 - fus_loss: 0.1988 - loss: 0.3696 - val_opt_accuracy: 0.8787 - val_sar_accuracy: 0.8304 - val_fus_accuracy: 0.6688 - val_opt_loss: 0.0733 - val_sar_loss: 0.1009 - val_fus_loss: 0.1685 - val_loss: 0.3426
2022-01-18 17:42:15,421:INFO:train:Epoch 7/10
2022-01-18 17:42:32,936:INFO:train:184/184 - 18s - opt_accuracy: 0.8979 - sar_accuracy: 0.8315 - fus_accuracy: 0.6630 - opt_loss: 0.0626 - sar_loss: 0.1061 - fus_loss: 0.1977 - loss: 0.3664 - val_opt_accuracy: 0.8782 - val_sar_accuracy: 0.8302 - val_fus_accuracy: 0.6585 - val_opt_loss: 0.0722 - val_sar_loss: 0.1016 - val_fus_loss: 0.1891 - val_loss: 0.3629
2022-01-18 17:42:32,951:INFO:train:Epoch 8/10
2022-01-18 17:42:50,482:INFO:train:184/184 - 18s - opt_accuracy: 0.8993 - sar_accuracy: 0.8375 - fus_accuracy: 0.6553 - opt_loss: 0.0611 - sar_loss: 0.1013 - fus_loss: 0.2085 - loss: 0.3709 - val_opt_accuracy: 0.8761 - val_sar_accuracy: 0.8273 - val_fus_accuracy: 0.6384 - val_opt_loss: 0.0752 - val_sar_loss: 0.0994 - val_fus_loss: 0.2055 - val_loss: 0.3800
2022-01-18 17:42:50,498:INFO:train:Epoch 9/10
2022-01-18 17:43:07,934:INFO:train:184/184 - 17s - opt_accuracy: 0.9007 - sar_accuracy: 0.8393 - fus_accuracy: 0.6536 - opt_loss: 0.0597 - sar_loss: 0.0997 - fus_loss: 0.2140 - loss: 0.3734 - val_opt_accuracy: 0.8768 - val_sar_accuracy: 0.8444 - val_fus_accuracy: 0.6280 - val_opt_loss: 0.0713 - val_sar_loss: 0.0905 - val_fus_loss: 0.2115 - val_loss: 0.3733
2022-01-18 17:43:07,950:INFO:train:Epoch 10/10
2022-01-18 17:43:25,402:INFO:train:184/184 - 17s - opt_accuracy: 0.9020 - sar_accuracy: 0.8391 - fus_accuracy: 0.6506 - opt_loss: 0.0582 - sar_loss: 0.1000 - fus_loss: 0.2110 - loss: 0.3692 - val_opt_accuracy: 0.8770 - val_sar_accuracy: 0.8447 - val_fus_accuracy: 0.6410 - val_opt_loss: 0.0712 - val_sar_loss: 0.0887 - val_fus_loss: 0.1990 - val_loss: 0.3589
2022-01-18 17:43:25,527:INFO:train:Epoch 1/500
2022-01-18 17:43:58,620:INFO:train:184/184 - 33s - opt_accuracy: 0.8847 - sar_accuracy: 0.7731 - fus_accuracy: 0.8817 - opt_loss: 0.0727 - sar_loss: 0.1432 - fus_loss: 0.0735 - loss: 0.2895 - val_opt_accuracy: 0.8736 - val_sar_accuracy: 0.8185 - val_fus_accuracy: 0.8768 - val_opt_loss: 0.0807 - val_sar_loss: 0.1086 - val_fus_loss: 0.0760 - val_loss: 0.2653
2022-01-18 17:43:58,620:INFO:train:
2022-01-18 17:43:58,620:INFO:train:Epoch 00001: val_fus_loss improved from inf to 0.07600, saving model to imgs\experiments\exp_3\models\Concat_ResUNET_2.h5
2022-01-18 17:43:58,713:INFO:train:Epoch 2/500
2022-01-18 17:44:25,712:INFO:train:184/184 - 27s - opt_accuracy: 0.8958 - sar_accuracy: 0.8138 - fus_accuracy: 0.8956 - opt_loss: 0.0663 - sar_loss: 0.1208 - fus_loss: 0.0661 - loss: 0.2532 - val_opt_accuracy: 0.8755 - val_sar_accuracy: 0.8332 - val_fus_accuracy: 0.8718 - val_opt_loss: 0.0700 - val_sar_loss: 0.1003 - val_fus_loss: 0.0729 - val_loss: 0.2433
2022-01-18 17:44:25,712:INFO:train:
2022-01-18 17:44:25,712:INFO:train:Epoch 00002: val_fus_loss improved from 0.07600 to 0.07294, saving model to imgs\experiments\exp_3\models\Concat_ResUNET_2.h5
2022-01-18 17:44:25,821:INFO:train:Epoch 3/500
2022-01-18 17:44:52,789:INFO:train:184/184 - 27s - opt_accuracy: 0.8997 - sar_accuracy: 0.8139 - fus_accuracy: 0.9001 - opt_loss: 0.0616 - sar_loss: 0.1198 - fus_loss: 0.0613 - loss: 0.2427 - val_opt_accuracy: 0.8743 - val_sar_accuracy: 0.8305 - val_fus_accuracy: 0.8719 - val_opt_loss: 0.0782 - val_sar_loss: 0.0951 - val_fus_loss: 0.0786 - val_loss: 0.2520
2022-01-18 17:44:52,789:INFO:train:
2022-01-18 17:44:52,789:INFO:train:Epoch 00003: val_fus_loss did not improve from 0.07294
2022-01-18 17:44:52,805:INFO:train:Epoch 4/500
2022-01-18 17:45:19,850:INFO:train:184/184 - 27s - opt_accuracy: 0.9012 - sar_accuracy: 0.8183 - fus_accuracy: 0.9012 - opt_loss: 0.0605 - sar_loss: 0.1161 - fus_loss: 0.0601 - loss: 0.2367 - val_opt_accuracy: 0.8765 - val_sar_accuracy: 0.8277 - val_fus_accuracy: 0.8743 - val_opt_loss: 0.0718 - val_sar_loss: 0.0956 - val_fus_loss: 0.0738 - val_loss: 0.2412
2022-01-18 17:45:19,850:INFO:train:
2022-01-18 17:45:19,850:INFO:train:Epoch 00004: val_fus_loss did not improve from 0.07294
2022-01-18 17:45:19,866:INFO:train:Epoch 5/500
2022-01-18 17:45:47,005:INFO:train:184/184 - 27s - opt_accuracy: 0.9030 - sar_accuracy: 0.8298 - fus_accuracy: 0.9034 - opt_loss: 0.0577 - sar_loss: 0.1087 - fus_loss: 0.0575 - loss: 0.2239 - val_opt_accuracy: 0.8820 - val_sar_accuracy: 0.8308 - val_fus_accuracy: 0.8808 - val_opt_loss: 0.0675 - val_sar_loss: 0.1067 - val_fus_loss: 0.0690 - val_loss: 0.2432
2022-01-18 17:45:47,005:INFO:train:
2022-01-18 17:45:47,005:INFO:train:Epoch 00005: val_fus_loss improved from 0.07294 to 0.06898, saving model to imgs\experiments\exp_3\models\Concat_ResUNET_2.h5
2022-01-18 17:45:47,084:INFO:train:Epoch 6/500
2022-01-18 17:46:14,051:INFO:train:184/184 - 27s - opt_accuracy: 0.9035 - sar_accuracy: 0.8296 - fus_accuracy: 0.9038 - opt_loss: 0.0569 - sar_loss: 0.1093 - fus_loss: 0.0568 - loss: 0.2230 - val_opt_accuracy: 0.8826 - val_sar_accuracy: 0.8157 - val_fus_accuracy: 0.8834 - val_opt_loss: 0.0702 - val_sar_loss: 0.1167 - val_fus_loss: 0.0710 - val_loss: 0.2580
2022-01-18 17:46:14,051:INFO:train:
2022-01-18 17:46:14,051:INFO:train:Epoch 00006: val_fus_loss did not improve from 0.06898
2022-01-18 17:46:14,067:INFO:train:Epoch 7/500
2022-01-18 17:46:41,003:INFO:train:184/184 - 27s - opt_accuracy: 0.9057 - sar_accuracy: 0.8395 - fus_accuracy: 0.9061 - opt_loss: 0.0547 - sar_loss: 0.1010 - fus_loss: 0.0543 - loss: 0.2100 - val_opt_accuracy: 0.8829 - val_sar_accuracy: 0.8413 - val_fus_accuracy: 0.8828 - val_opt_loss: 0.0775 - val_sar_loss: 0.0915 - val_fus_loss: 0.0802 - val_loss: 0.2492
2022-01-18 17:46:41,003:INFO:train:
2022-01-18 17:46:41,003:INFO:train:Epoch 00007: val_fus_loss did not improve from 0.06898
2022-01-18 17:46:41,019:INFO:train:Epoch 8/500
2022-01-18 17:47:08,017:INFO:train:184/184 - 27s - opt_accuracy: 0.9074 - sar_accuracy: 0.8406 - fus_accuracy: 0.9079 - opt_loss: 0.0531 - sar_loss: 0.0993 - fus_loss: 0.0527 - loss: 0.2051 - val_opt_accuracy: 0.8790 - val_sar_accuracy: 0.8429 - val_fus_accuracy: 0.8771 - val_opt_loss: 0.0809 - val_sar_loss: 0.0872 - val_fus_loss: 0.0843 - val_loss: 0.2524
2022-01-18 17:47:08,017:INFO:train:
2022-01-18 17:47:08,017:INFO:train:Epoch 00008: val_fus_loss did not improve from 0.06898
2022-01-18 17:47:08,033:INFO:train:Epoch 9/500
2022-01-18 17:47:35,063:INFO:train:184/184 - 27s - opt_accuracy: 0.9099 - sar_accuracy: 0.8391 - fus_accuracy: 0.9102 - opt_loss: 0.0506 - sar_loss: 0.1007 - fus_loss: 0.0502 - loss: 0.2015 - val_opt_accuracy: 0.8792 - val_sar_accuracy: 0.8406 - val_fus_accuracy: 0.8797 - val_opt_loss: 0.0832 - val_sar_loss: 0.0948 - val_fus_loss: 0.0820 - val_loss: 0.2600
2022-01-18 17:47:35,063:INFO:train:
2022-01-18 17:47:35,063:INFO:train:Epoch 00009: val_fus_loss did not improve from 0.06898
2022-01-18 17:47:35,079:INFO:train:Epoch 10/500
2022-01-18 17:48:02,171:INFO:train:184/184 - 27s - opt_accuracy: 0.9108 - sar_accuracy: 0.8411 - fus_accuracy: 0.9112 - opt_loss: 0.0499 - sar_loss: 0.0994 - fus_loss: 0.0495 - loss: 0.1988 - val_opt_accuracy: 0.8788 - val_sar_accuracy: 0.8350 - val_fus_accuracy: 0.8796 - val_opt_loss: 0.0855 - val_sar_loss: 0.0990 - val_fus_loss: 0.0855 - val_loss: 0.2700
2022-01-18 17:48:02,171:INFO:train:
2022-01-18 17:48:02,171:INFO:train:Epoch 00010: val_fus_loss did not improve from 0.06898
2022-01-18 17:48:02,187:INFO:train:Epoch 11/500
2022-01-18 17:48:29,326:INFO:train:184/184 - 27s - opt_accuracy: 0.9132 - sar_accuracy: 0.8466 - fus_accuracy: 0.9137 - opt_loss: 0.0478 - sar_loss: 0.0947 - fus_loss: 0.0473 - loss: 0.1898 - val_opt_accuracy: 0.8790 - val_sar_accuracy: 0.8459 - val_fus_accuracy: 0.8807 - val_opt_loss: 0.0823 - val_sar_loss: 0.0867 - val_fus_loss: 0.0787 - val_loss: 0.2477
2022-01-18 17:48:29,326:INFO:train:
2022-01-18 17:48:29,326:INFO:train:Epoch 00011: val_fus_loss did not improve from 0.06898
2022-01-18 17:48:29,342:INFO:train:Epoch 12/500
2022-01-18 17:48:56,200:INFO:train:184/184 - 27s - opt_accuracy: 0.9150 - sar_accuracy: 0.8442 - fus_accuracy: 0.9154 - opt_loss: 0.0460 - sar_loss: 0.0958 - fus_loss: 0.0454 - loss: 0.1872 - val_opt_accuracy: 0.8752 - val_sar_accuracy: 0.8222 - val_fus_accuracy: 0.8751 - val_opt_loss: 0.0879 - val_sar_loss: 0.1149 - val_fus_loss: 0.0870 - val_loss: 0.2898
2022-01-18 17:48:56,200:INFO:train:
2022-01-18 17:48:56,200:INFO:train:Epoch 00012: val_fus_loss did not improve from 0.06898
2022-01-18 17:48:56,216:INFO:train:Epoch 13/500
2022-01-18 17:49:23,168:INFO:train:184/184 - 27s - opt_accuracy: 0.9162 - sar_accuracy: 0.8501 - fus_accuracy: 0.9169 - opt_loss: 0.0448 - sar_loss: 0.0921 - fus_loss: 0.0442 - loss: 0.1812 - val_opt_accuracy: 0.8797 - val_sar_accuracy: 0.8432 - val_fus_accuracy: 0.8799 - val_opt_loss: 0.0865 - val_sar_loss: 0.0868 - val_fus_loss: 0.0817 - val_loss: 0.2550
2022-01-18 17:49:23,168:INFO:train:
2022-01-18 17:49:23,168:INFO:train:Epoch 00013: val_fus_loss did not improve from 0.06898
2022-01-18 17:49:23,183:INFO:train:Epoch 14/500
2022-01-18 17:49:50,307:INFO:train:184/184 - 27s - opt_accuracy: 0.9169 - sar_accuracy: 0.8465 - fus_accuracy: 0.9179 - opt_loss: 0.0444 - sar_loss: 0.0944 - fus_loss: 0.0436 - loss: 0.1823 - val_opt_accuracy: 0.8803 - val_sar_accuracy: 0.8059 - val_fus_accuracy: 0.8832 - val_opt_loss: 0.0779 - val_sar_loss: 0.1156 - val_fus_loss: 0.0756 - val_loss: 0.2691
2022-01-18 17:49:50,323:INFO:train:
2022-01-18 17:49:50,323:INFO:train:Epoch 00014: val_fus_loss did not improve from 0.06898
2022-01-18 17:49:50,338:INFO:train:Epoch 15/500
2022-01-18 17:50:17,478:INFO:train:184/184 - 27s - opt_accuracy: 0.9190 - sar_accuracy: 0.8452 - fus_accuracy: 0.9197 - opt_loss: 0.0424 - sar_loss: 0.0954 - fus_loss: 0.0417 - loss: 0.1795 - val_opt_accuracy: 0.8862 - val_sar_accuracy: 0.8431 - val_fus_accuracy: 0.8869 - val_opt_loss: 0.0785 - val_sar_loss: 0.0847 - val_fus_loss: 0.0744 - val_loss: 0.2376
2022-01-18 17:50:17,478:INFO:train:
2022-01-18 17:50:17,478:INFO:train:Epoch 00015: val_fus_loss did not improve from 0.06898
2022-01-18 17:50:17,494:INFO:train:Epoch 16/500
2022-01-18 17:50:44,508:INFO:train:184/184 - 27s - opt_accuracy: 0.9221 - sar_accuracy: 0.8537 - fus_accuracy: 0.9229 - opt_loss: 0.0402 - sar_loss: 0.0889 - fus_loss: 0.0396 - loss: 0.1686 - val_opt_accuracy: 0.8795 - val_sar_accuracy: 0.8518 - val_fus_accuracy: 0.8800 - val_opt_loss: 0.0912 - val_sar_loss: 0.0815 - val_fus_loss: 0.0858 - val_loss: 0.2585
2022-01-18 17:50:44,508:INFO:train:
2022-01-18 17:50:44,508:INFO:train:Epoch 00016: val_fus_loss did not improve from 0.06898
2022-01-18 17:50:44,524:INFO:train:Epoch 17/500
2022-01-18 17:51:11,655:INFO:train:184/184 - 27s - opt_accuracy: 0.9233 - sar_accuracy: 0.8541 - fus_accuracy: 0.9239 - opt_loss: 0.0390 - sar_loss: 0.0882 - fus_loss: 0.0383 - loss: 0.1654 - val_opt_accuracy: 0.8884 - val_sar_accuracy: 0.8465 - val_fus_accuracy: 0.8889 - val_opt_loss: 0.0774 - val_sar_loss: 0.0873 - val_fus_loss: 0.0738 - val_loss: 0.2384
2022-01-18 17:51:11,655:INFO:train:
2022-01-18 17:51:11,655:INFO:train:Epoch 00017: val_fus_loss did not improve from 0.06898
2022-01-18 17:51:11,670:INFO:train:Epoch 18/500
2022-01-18 17:51:38,685:INFO:train:184/184 - 27s - opt_accuracy: 0.9249 - sar_accuracy: 0.8562 - fus_accuracy: 0.9256 - opt_loss: 0.0377 - sar_loss: 0.0863 - fus_loss: 0.0369 - loss: 0.1609 - val_opt_accuracy: 0.8859 - val_sar_accuracy: 0.8120 - val_fus_accuracy: 0.8870 - val_opt_loss: 0.0826 - val_sar_loss: 0.1059 - val_fus_loss: 0.0778 - val_loss: 0.2664
2022-01-18 17:51:38,685:INFO:train:
2022-01-18 17:51:38,685:INFO:train:Epoch 00018: val_fus_loss did not improve from 0.06898
2022-01-18 17:51:38,700:INFO:train:Epoch 19/500
2022-01-18 17:52:05,684:INFO:train:184/184 - 27s - opt_accuracy: 0.9263 - sar_accuracy: 0.8554 - fus_accuracy: 0.9269 - opt_loss: 0.0362 - sar_loss: 0.0865 - fus_loss: 0.0355 - loss: 0.1581 - val_opt_accuracy: 0.8801 - val_sar_accuracy: 0.8512 - val_fus_accuracy: 0.8801 - val_opt_loss: 0.1009 - val_sar_loss: 0.0833 - val_fus_loss: 0.0977 - val_loss: 0.2819
2022-01-18 17:52:05,684:INFO:train:
2022-01-18 17:52:05,684:INFO:train:Epoch 00019: val_fus_loss did not improve from 0.06898
2022-01-18 17:52:05,699:INFO:train:Epoch 20/500
2022-01-18 17:52:32,667:INFO:train:184/184 - 27s - opt_accuracy: 0.9291 - sar_accuracy: 0.8607 - fus_accuracy: 0.9299 - opt_loss: 0.0346 - sar_loss: 0.0832 - fus_loss: 0.0338 - loss: 0.1516 - val_opt_accuracy: 0.8773 - val_sar_accuracy: 0.8467 - val_fus_accuracy: 0.8791 - val_opt_loss: 0.1014 - val_sar_loss: 0.0913 - val_fus_loss: 0.0982 - val_loss: 0.2908
2022-01-18 17:52:32,667:INFO:train:
2022-01-18 17:52:32,667:INFO:train:Epoch 00020: val_fus_loss did not improve from 0.06898
2022-01-18 17:52:32,667:INFO:train:Epoch 00020: early stopping
2022-01-18 17:52:39,791:INFO:train:Training Experiment 3 time: 3
2022-01-18 17:52:39,791:INFO:train:Training Conditions: Concat_ResUNET_FUS_n_n
2022-01-18 17:52:46,635:INFO:train:Image stack:
2022-01-18 17:52:46,635:INFO:train:(17730, 9203, 30)
2022-01-18 17:52:47,072:INFO:train:Labels stack:
2022-01-18 17:52:47,072:INFO:train:(17730, 9203)
2022-01-18 17:53:08,951:INFO:train:Model: "concat__res_unet"
2022-01-18 17:53:08,951:INFO:train:_________________________________________________________________
2022-01-18 17:53:08,951:INFO:train:Layer (type)                 Output Shape              Param #
2022-01-18 17:53:08,951:INFO:train:=================================================================
2022-01-18 17:53:08,951:INFO:train:opt_encoder (ResUNET_Encoder multiple                  1066944
2022-01-18 17:53:08,951:INFO:train:_________________________________________________________________
2022-01-18 17:53:08,951:INFO:train:sar_encoder (ResUNET_Encoder multiple                  1054272
2022-01-18 17:53:08,951:INFO:train:_________________________________________________________________
2022-01-18 17:53:08,951:INFO:train:opt_decoder (ResUNET_Decoder multiple                  221408
2022-01-18 17:53:08,951:INFO:train:_________________________________________________________________
2022-01-18 17:53:08,951:INFO:train:sar_decoder (ResUNET_Decoder multiple                  221408
2022-01-18 17:53:08,951:INFO:train:_________________________________________________________________
2022-01-18 17:53:08,951:INFO:train:fus_concat (FusionLayer)     multiple                  0
2022-01-18 17:53:08,951:INFO:train:_________________________________________________________________
2022-01-18 17:53:08,951:INFO:train:opt_classifier (Classifier)  multiple                  195
2022-01-18 17:53:08,951:INFO:train:_________________________________________________________________
2022-01-18 17:53:08,951:INFO:train:sar_classifier (Classifier)  multiple                  195
2022-01-18 17:53:08,951:INFO:train:_________________________________________________________________
2022-01-18 17:53:08,951:INFO:train:fus_classifier (Classifier)  multiple                  387
2022-01-18 17:53:08,951:INFO:train:=================================================================
2022-01-18 17:53:08,951:INFO:train:Total params: 2,564,809
2022-01-18 17:53:08,951:INFO:train:Trainable params: 2,564,809
2022-01-18 17:53:08,951:INFO:train:Non-trainable params: 0
2022-01-18 17:53:08,951:INFO:train:_________________________________________________________________
2022-01-18 17:53:09,217:INFO:train:Epoch 1/10
2022-01-18 17:53:36,575:INFO:train:184/184 - 27s - opt_accuracy: 0.8495 - sar_accuracy: 0.7427 - fus_accuracy: 0.6179 - opt_loss: 0.0998 - sar_loss: 0.1601 - fus_loss: 0.2293 - loss: 0.4892 - val_opt_accuracy: 0.8582 - val_sar_accuracy: 0.8117 - val_fus_accuracy: 0.6798 - val_opt_loss: 0.0918 - val_sar_loss: 0.1171 - val_fus_loss: 0.1681 - val_loss: 0.3771
2022-01-18 17:53:36,590:INFO:train:Epoch 2/10
2022-01-18 17:53:54,449:INFO:train:184/184 - 18s - opt_accuracy: 0.8847 - sar_accuracy: 0.7639 - fus_accuracy: 0.6150 - opt_loss: 0.0740 - sar_loss: 0.1526 - fus_loss: 0.2255 - loss: 0.4521 - val_opt_accuracy: 0.8640 - val_sar_accuracy: 0.7948 - val_fus_accuracy: 0.6739 - val_opt_loss: 0.0839 - val_sar_loss: 0.1336 - val_fus_loss: 0.1714 - val_loss: 0.3889
2022-01-18 17:53:54,465:INFO:train:Epoch 3/10
2022-01-18 17:54:12,230:INFO:train:184/184 - 18s - opt_accuracy: 0.8906 - sar_accuracy: 0.7786 - fus_accuracy: 0.6221 - opt_loss: 0.0691 - sar_loss: 0.1430 - fus_loss: 0.2176 - loss: 0.4297 - val_opt_accuracy: 0.8645 - val_sar_accuracy: 0.8202 - val_fus_accuracy: 0.6862 - val_opt_loss: 0.0865 - val_sar_loss: 0.1136 - val_fus_loss: 0.1593 - val_loss: 0.3594
2022-01-18 17:54:12,245:INFO:train:Epoch 4/10
2022-01-18 17:54:30,010:INFO:train:184/184 - 18s - opt_accuracy: 0.8942 - sar_accuracy: 0.8167 - fus_accuracy: 0.6222 - opt_loss: 0.0667 - sar_loss: 0.1186 - fus_loss: 0.2228 - loss: 0.4082 - val_opt_accuracy: 0.8705 - val_sar_accuracy: 0.8233 - val_fus_accuracy: 0.6831 - val_opt_loss: 0.0774 - val_sar_loss: 0.1085 - val_fus_loss: 0.1653 - val_loss: 0.3513
2022-01-18 17:54:30,026:INFO:train:Epoch 5/10
2022-01-18 17:54:47,900:INFO:train:184/184 - 18s - opt_accuracy: 0.8959 - sar_accuracy: 0.8313 - fus_accuracy: 0.6221 - opt_loss: 0.0648 - sar_loss: 0.1070 - fus_loss: 0.2309 - loss: 0.4027 - val_opt_accuracy: 0.8695 - val_sar_accuracy: 0.8225 - val_fus_accuracy: 0.6867 - val_opt_loss: 0.0801 - val_sar_loss: 0.1070 - val_fus_loss: 0.1586 - val_loss: 0.3456
2022-01-18 17:54:47,915:INFO:train:Epoch 6/10
2022-01-18 17:55:05,743:INFO:train:184/184 - 18s - opt_accuracy: 0.8972 - sar_accuracy: 0.8333 - fus_accuracy: 0.6232 - opt_loss: 0.0637 - sar_loss: 0.1057 - fus_loss: 0.2311 - loss: 0.4006 - val_opt_accuracy: 0.8689 - val_sar_accuracy: 0.8222 - val_fus_accuracy: 0.6874 - val_opt_loss: 0.0848 - val_sar_loss: 0.1113 - val_fus_loss: 0.1618 - val_loss: 0.3578
2022-01-18 17:55:05,759:INFO:train:Epoch 7/10
2022-01-18 17:55:23,570:INFO:train:184/184 - 18s - opt_accuracy: 0.8990 - sar_accuracy: 0.8374 - fus_accuracy: 0.6227 - opt_loss: 0.0615 - sar_loss: 0.1022 - fus_loss: 0.2309 - loss: 0.3946 - val_opt_accuracy: 0.8705 - val_sar_accuracy: 0.8117 - val_fus_accuracy: 0.6808 - val_opt_loss: 0.0762 - val_sar_loss: 0.1185 - val_fus_loss: 0.1738 - val_loss: 0.3685
2022-01-18 17:55:23,586:INFO:train:Epoch 8/10
2022-01-18 17:55:41,398:INFO:train:184/184 - 18s - opt_accuracy: 0.8995 - sar_accuracy: 0.8361 - fus_accuracy: 0.6216 - opt_loss: 0.0613 - sar_loss: 0.1030 - fus_loss: 0.2334 - loss: 0.3977 - val_opt_accuracy: 0.8731 - val_sar_accuracy: 0.8146 - val_fus_accuracy: 0.6736 - val_opt_loss: 0.0709 - val_sar_loss: 0.1130 - val_fus_loss: 0.1777 - val_loss: 0.3616
2022-01-18 17:55:41,413:INFO:train:Epoch 9/10
2022-01-18 17:55:59,272:INFO:train:184/184 - 18s - opt_accuracy: 0.8994 - sar_accuracy: 0.8413 - fus_accuracy: 0.6202 - opt_loss: 0.0611 - sar_loss: 0.0984 - fus_loss: 0.2373 - loss: 0.3968 - val_opt_accuracy: 0.8721 - val_sar_accuracy: 0.8424 - val_fus_accuracy: 0.6832 - val_opt_loss: 0.0795 - val_sar_loss: 0.0918 - val_fus_loss: 0.1672 - val_loss: 0.3384
2022-01-18 17:55:59,287:INFO:train:Epoch 10/10
2022-01-18 17:56:17,146:INFO:train:184/184 - 18s - opt_accuracy: 0.9008 - sar_accuracy: 0.8426 - fus_accuracy: 0.6217 - opt_loss: 0.0595 - sar_loss: 0.0977 - fus_loss: 0.2343 - loss: 0.3914 - val_opt_accuracy: 0.8743 - val_sar_accuracy: 0.8171 - val_fus_accuracy: 0.6548 - val_opt_loss: 0.0713 - val_sar_loss: 0.1093 - val_fus_loss: 0.1949 - val_loss: 0.3754
2022-01-18 17:56:17,271:INFO:train:Epoch 1/500
2022-01-18 17:56:51,457:INFO:train:184/184 - 34s - opt_accuracy: 0.8806 - sar_accuracy: 0.7585 - fus_accuracy: 0.8745 - opt_loss: 0.0938 - sar_loss: 0.1604 - fus_loss: 0.0827 - loss: 0.3369 - val_opt_accuracy: 0.8619 - val_sar_accuracy: 0.8027 - val_fus_accuracy: 0.8577 - val_opt_loss: 0.0867 - val_sar_loss: 0.1260 - val_fus_loss: 0.1001 - val_loss: 0.3128
2022-01-18 17:56:51,457:INFO:train:
2022-01-18 17:56:51,457:INFO:train:Epoch 00001: val_fus_loss improved from inf to 0.10007, saving model to imgs\experiments\exp_3\models\Concat_ResUNET_3.h5
2022-01-18 17:56:51,551:INFO:train:Epoch 2/500
2022-01-18 17:57:19,596:INFO:train:184/184 - 28s - opt_accuracy: 0.8942 - sar_accuracy: 0.7992 - fus_accuracy: 0.8941 - opt_loss: 0.0677 - sar_loss: 0.1311 - fus_loss: 0.0672 - loss: 0.2660 - val_opt_accuracy: 0.8722 - val_sar_accuracy: 0.7809 - val_fus_accuracy: 0.8697 - val_opt_loss: 0.0712 - val_sar_loss: 0.1375 - val_fus_loss: 0.0792 - val_loss: 0.2880
2022-01-18 17:57:19,596:INFO:train:
2022-01-18 17:57:19,596:INFO:train:Epoch 00002: val_fus_loss improved from 0.10007 to 0.07922, saving model to imgs\experiments\exp_3\models\Concat_ResUNET_3.h5
2022-01-18 17:57:19,690:INFO:train:Epoch 3/500
2022-01-18 17:57:47,814:INFO:train:184/184 - 28s - opt_accuracy: 0.8978 - sar_accuracy: 0.8263 - fus_accuracy: 0.8984 - opt_loss: 0.0638 - sar_loss: 0.1121 - fus_loss: 0.0634 - loss: 0.2394 - val_opt_accuracy: 0.8745 - val_sar_accuracy: 0.8379 - val_fus_accuracy: 0.8782 - val_opt_loss: 0.0696 - val_sar_loss: 0.0973 - val_fus_loss: 0.0700 - val_loss: 0.2370
2022-01-18 17:57:47,814:INFO:train:
2022-01-18 17:57:47,814:INFO:train:Epoch 00003: val_fus_loss improved from 0.07922 to 0.06998, saving model to imgs\experiments\exp_3\models\Concat_ResUNET_3.h5
2022-01-18 17:57:47,908:INFO:train:Epoch 4/500
2022-01-18 17:58:16,141:INFO:train:184/184 - 28s - opt_accuracy: 0.8993 - sar_accuracy: 0.8268 - fus_accuracy: 0.9000 - opt_loss: 0.0620 - sar_loss: 0.1111 - fus_loss: 0.0614 - loss: 0.2346 - val_opt_accuracy: 0.8776 - val_sar_accuracy: 0.8383 - val_fus_accuracy: 0.8779 - val_opt_loss: 0.0669 - val_sar_loss: 0.0919 - val_fus_loss: 0.0660 - val_loss: 0.2248
2022-01-18 17:58:16,141:INFO:train:
2022-01-18 17:58:16,141:INFO:train:Epoch 00004: val_fus_loss improved from 0.06998 to 0.06604, saving model to imgs\experiments\exp_3\models\Concat_ResUNET_3.h5
2022-01-18 17:58:16,234:INFO:train:Epoch 5/500
2022-01-18 17:58:44,374:INFO:train:184/184 - 28s - opt_accuracy: 0.9008 - sar_accuracy: 0.8275 - fus_accuracy: 0.9016 - opt_loss: 0.0603 - sar_loss: 0.1114 - fus_loss: 0.0598 - loss: 0.2315 - val_opt_accuracy: 0.8783 - val_sar_accuracy: 0.8462 - val_fus_accuracy: 0.8805 - val_opt_loss: 0.0679 - val_sar_loss: 0.0852 - val_fus_loss: 0.0666 - val_loss: 0.2197
2022-01-18 17:58:44,374:INFO:train:
2022-01-18 17:58:44,374:INFO:train:Epoch 00005: val_fus_loss did not improve from 0.06604
2022-01-18 17:58:44,389:INFO:train:Epoch 6/500
2022-01-18 17:59:12,498:INFO:train:184/184 - 28s - opt_accuracy: 0.9023 - sar_accuracy: 0.8406 - fus_accuracy: 0.9029 - opt_loss: 0.0581 - sar_loss: 0.1003 - fus_loss: 0.0576 - loss: 0.2161 - val_opt_accuracy: 0.8801 - val_sar_accuracy: 0.8378 - val_fus_accuracy: 0.8816 - val_opt_loss: 0.0672 - val_sar_loss: 0.0894 - val_fus_loss: 0.0664 - val_loss: 0.2230
2022-01-18 17:59:12,498:INFO:train:
2022-01-18 17:59:12,498:INFO:train:Epoch 00006: val_fus_loss did not improve from 0.06604
2022-01-18 17:59:12,513:INFO:train:Epoch 7/500
2022-01-18 17:59:40,528:INFO:train:184/184 - 28s - opt_accuracy: 0.9027 - sar_accuracy: 0.8393 - fus_accuracy: 0.9034 - opt_loss: 0.0576 - sar_loss: 0.1017 - fus_loss: 0.0570 - loss: 0.2164 - val_opt_accuracy: 0.8793 - val_sar_accuracy: 0.8225 - val_fus_accuracy: 0.8824 - val_opt_loss: 0.0672 - val_sar_loss: 0.1121 - val_fus_loss: 0.0661 - val_loss: 0.2454
2022-01-18 17:59:40,528:INFO:train:
2022-01-18 17:59:40,528:INFO:train:Epoch 00007: val_fus_loss did not improve from 0.06604
2022-01-18 17:59:40,543:INFO:train:Epoch 8/500
2022-01-18 18:00:08,816:INFO:train:184/184 - 28s - opt_accuracy: 0.9046 - sar_accuracy: 0.8389 - fus_accuracy: 0.9055 - opt_loss: 0.0561 - sar_loss: 0.1019 - fus_loss: 0.0554 - loss: 0.2135 - val_opt_accuracy: 0.8830 - val_sar_accuracy: 0.8464 - val_fus_accuracy: 0.8852 - val_opt_loss: 0.0645 - val_sar_loss: 0.0877 - val_fus_loss: 0.0622 - val_loss: 0.2143
2022-01-18 18:00:08,816:INFO:train:
2022-01-18 18:00:08,816:INFO:train:Epoch 00008: val_fus_loss improved from 0.06604 to 0.06221, saving model to imgs\experiments\exp_3\models\Concat_ResUNET_3.h5
2022-01-18 18:00:08,909:INFO:train:Epoch 9/500
2022-01-18 18:00:36,986:INFO:train:184/184 - 28s - opt_accuracy: 0.9064 - sar_accuracy: 0.8437 - fus_accuracy: 0.9075 - opt_loss: 0.0543 - sar_loss: 0.0985 - fus_loss: 0.0535 - loss: 0.2062 - val_opt_accuracy: 0.8858 - val_sar_accuracy: 0.8319 - val_fus_accuracy: 0.8864 - val_opt_loss: 0.0671 - val_sar_loss: 0.1032 - val_fus_loss: 0.0653 - val_loss: 0.2356
2022-01-18 18:00:36,986:INFO:train:
2022-01-18 18:00:36,986:INFO:train:Epoch 00009: val_fus_loss did not improve from 0.06221
2022-01-18 18:00:37,002:INFO:train:Epoch 10/500
2022-01-18 18:01:05,110:INFO:train:184/184 - 28s - opt_accuracy: 0.9076 - sar_accuracy: 0.8446 - fus_accuracy: 0.9085 - opt_loss: 0.0532 - sar_loss: 0.0981 - fus_loss: 0.0524 - loss: 0.2038 - val_opt_accuracy: 0.8785 - val_sar_accuracy: 0.8286 - val_fus_accuracy: 0.8806 - val_opt_loss: 0.0726 - val_sar_loss: 0.1073 - val_fus_loss: 0.0716 - val_loss: 0.2515
2022-01-18 18:01:05,110:INFO:train:
2022-01-18 18:01:05,110:INFO:train:Epoch 00010: val_fus_loss did not improve from 0.06221
2022-01-18 18:01:05,126:INFO:train:Epoch 11/500
2022-01-18 18:01:33,156:INFO:train:184/184 - 28s - opt_accuracy: 0.9086 - sar_accuracy: 0.8470 - fus_accuracy: 0.9097 - opt_loss: 0.0514 - sar_loss: 0.0953 - fus_loss: 0.0506 - loss: 0.1973 - val_opt_accuracy: 0.8822 - val_sar_accuracy: 0.8469 - val_fus_accuracy: 0.8840 - val_opt_loss: 0.0723 - val_sar_loss: 0.0848 - val_fus_loss: 0.0688 - val_loss: 0.2260
2022-01-18 18:01:33,156:INFO:train:
2022-01-18 18:01:33,156:INFO:train:Epoch 00011: val_fus_loss did not improve from 0.06221
2022-01-18 18:01:33,171:INFO:train:Epoch 12/500
2022-01-18 18:02:01,216:INFO:train:184/184 - 28s - opt_accuracy: 0.9096 - sar_accuracy: 0.8476 - fus_accuracy: 0.9107 - opt_loss: 0.0504 - sar_loss: 0.0946 - fus_loss: 0.0496 - loss: 0.1946 - val_opt_accuracy: 0.8870 - val_sar_accuracy: 0.8476 - val_fus_accuracy: 0.8882 - val_opt_loss: 0.0684 - val_sar_loss: 0.0914 - val_fus_loss: 0.0668 - val_loss: 0.2266
2022-01-18 18:02:01,216:INFO:train:
2022-01-18 18:02:01,216:INFO:train:Epoch 00012: val_fus_loss did not improve from 0.06221
2022-01-18 18:02:01,231:INFO:train:Epoch 13/500
2022-01-18 18:02:29,402:INFO:train:184/184 - 28s - opt_accuracy: 0.9115 - sar_accuracy: 0.8494 - fus_accuracy: 0.9126 - opt_loss: 0.0491 - sar_loss: 0.0930 - fus_loss: 0.0481 - loss: 0.1902 - val_opt_accuracy: 0.8846 - val_sar_accuracy: 0.8280 - val_fus_accuracy: 0.8847 - val_opt_loss: 0.0663 - val_sar_loss: 0.1050 - val_fus_loss: 0.0644 - val_loss: 0.2358
2022-01-18 18:02:29,402:INFO:train:
2022-01-18 18:02:29,402:INFO:train:Epoch 00013: val_fus_loss did not improve from 0.06221
2022-01-18 18:02:29,418:INFO:train:Epoch 14/500
2022-01-18 18:02:57,604:INFO:train:184/184 - 28s - opt_accuracy: 0.9134 - sar_accuracy: 0.8509 - fus_accuracy: 0.9146 - opt_loss: 0.0477 - sar_loss: 0.0916 - fus_loss: 0.0466 - loss: 0.1859 - val_opt_accuracy: 0.8797 - val_sar_accuracy: 0.8449 - val_fus_accuracy: 0.8797 - val_opt_loss: 0.0718 - val_sar_loss: 0.0831 - val_fus_loss: 0.0703 - val_loss: 0.2252
2022-01-18 18:02:57,604:INFO:train:
2022-01-18 18:02:57,604:INFO:train:Epoch 00014: val_fus_loss did not improve from 0.06221
2022-01-18 18:02:57,620:INFO:train:Epoch 15/500
2022-01-18 18:03:25,743:INFO:train:184/184 - 28s - opt_accuracy: 0.9135 - sar_accuracy: 0.8516 - fus_accuracy: 0.9145 - opt_loss: 0.0473 - sar_loss: 0.0912 - fus_loss: 0.0462 - loss: 0.1847 - val_opt_accuracy: 0.8863 - val_sar_accuracy: 0.8448 - val_fus_accuracy: 0.8885 - val_opt_loss: 0.0719 - val_sar_loss: 0.0894 - val_fus_loss: 0.0690 - val_loss: 0.2303
2022-01-18 18:03:25,743:INFO:train:
2022-01-18 18:03:25,743:INFO:train:Epoch 00015: val_fus_loss did not improve from 0.06221
2022-01-18 18:03:25,759:INFO:train:Epoch 16/500
2022-01-18 18:03:53,836:INFO:train:184/184 - 28s - opt_accuracy: 0.9173 - sar_accuracy: 0.8558 - fus_accuracy: 0.9186 - opt_loss: 0.0442 - sar_loss: 0.0886 - fus_loss: 0.0429 - loss: 0.1757 - val_opt_accuracy: 0.8814 - val_sar_accuracy: 0.8496 - val_fus_accuracy: 0.8856 - val_opt_loss: 0.0722 - val_sar_loss: 0.0833 - val_fus_loss: 0.0688 - val_loss: 0.2243
2022-01-18 18:03:53,836:INFO:train:
2022-01-18 18:03:53,836:INFO:train:Epoch 00016: val_fus_loss did not improve from 0.06221
2022-01-18 18:03:53,852:INFO:train:Epoch 17/500
2022-01-18 18:04:22,035:INFO:train:184/184 - 28s - opt_accuracy: 0.9167 - sar_accuracy: 0.8545 - fus_accuracy: 0.9181 - opt_loss: 0.0439 - sar_loss: 0.0892 - fus_loss: 0.0426 - loss: 0.1757 - val_opt_accuracy: 0.8816 - val_sar_accuracy: 0.8435 - val_fus_accuracy: 0.8840 - val_opt_loss: 0.0684 - val_sar_loss: 0.0955 - val_fus_loss: 0.0651 - val_loss: 0.2289
2022-01-18 18:04:22,035:INFO:train:
2022-01-18 18:04:22,035:INFO:train:Epoch 00017: val_fus_loss did not improve from 0.06221
2022-01-18 18:04:22,050:INFO:train:Epoch 18/500
2022-01-18 18:04:50,269:INFO:train:184/184 - 28s - opt_accuracy: 0.9192 - sar_accuracy: 0.8574 - fus_accuracy: 0.9205 - opt_loss: 0.0426 - sar_loss: 0.0865 - fus_loss: 0.0411 - loss: 0.1701 - val_opt_accuracy: 0.8808 - val_sar_accuracy: 0.8572 - val_fus_accuracy: 0.8842 - val_opt_loss: 0.0800 - val_sar_loss: 0.0792 - val_fus_loss: 0.0756 - val_loss: 0.2348
2022-01-18 18:04:50,269:INFO:train:
2022-01-18 18:04:50,269:INFO:train:Epoch 00018: val_fus_loss did not improve from 0.06221
2022-01-18 18:04:50,285:INFO:train:Epoch 19/500
2022-01-18 18:05:18,627:INFO:train:184/184 - 28s - opt_accuracy: 0.9201 - sar_accuracy: 0.8594 - fus_accuracy: 0.9213 - opt_loss: 0.0413 - sar_loss: 0.0847 - fus_loss: 0.0401 - loss: 0.1660 - val_opt_accuracy: 0.8875 - val_sar_accuracy: 0.8401 - val_fus_accuracy: 0.8894 - val_opt_loss: 0.0701 - val_sar_loss: 0.0938 - val_fus_loss: 0.0677 - val_loss: 0.2315
2022-01-18 18:05:18,627:INFO:train:
2022-01-18 18:05:18,627:INFO:train:Epoch 00019: val_fus_loss did not improve from 0.06221
2022-01-18 18:05:18,643:INFO:train:Epoch 20/500
2022-01-18 18:05:47,032:INFO:train:184/184 - 28s - opt_accuracy: 0.9236 - sar_accuracy: 0.8574 - fus_accuracy: 0.9247 - opt_loss: 0.0387 - sar_loss: 0.0867 - fus_loss: 0.0376 - loss: 0.1630 - val_opt_accuracy: 0.8834 - val_sar_accuracy: 0.8426 - val_fus_accuracy: 0.8844 - val_opt_loss: 0.0755 - val_sar_loss: 0.0959 - val_fus_loss: 0.0721 - val_loss: 0.2435
2022-01-18 18:05:47,032:INFO:train:
2022-01-18 18:05:47,032:INFO:train:Epoch 00020: val_fus_loss did not improve from 0.06221
2022-01-18 18:05:47,048:INFO:train:Epoch 21/500
2022-01-18 18:06:15,562:INFO:train:184/184 - 29s - opt_accuracy: 0.9178 - sar_accuracy: 0.8584 - fus_accuracy: 0.9198 - opt_loss: 0.0444 - sar_loss: 0.0867 - fus_loss: 0.0421 - loss: 0.1732 - val_opt_accuracy: 0.8855 - val_sar_accuracy: 0.8381 - val_fus_accuracy: 0.8865 - val_opt_loss: 0.0695 - val_sar_loss: 0.0969 - val_fus_loss: 0.0674 - val_loss: 0.2338
2022-01-18 18:06:15,562:INFO:train:
2022-01-18 18:06:15,562:INFO:train:Epoch 00021: val_fus_loss did not improve from 0.06221
2022-01-18 18:06:15,593:INFO:train:Epoch 22/500
2022-01-18 18:06:43,905:INFO:train:184/184 - 28s - opt_accuracy: 0.9233 - sar_accuracy: 0.8613 - fus_accuracy: 0.9251 - opt_loss: 0.0391 - sar_loss: 0.0828 - fus_loss: 0.0373 - loss: 0.1592 - val_opt_accuracy: 0.8871 - val_sar_accuracy: 0.8472 - val_fus_accuracy: 0.8861 - val_opt_loss: 0.0717 - val_sar_loss: 0.0864 - val_fus_loss: 0.0695 - val_loss: 0.2275
2022-01-18 18:06:43,905:INFO:train:
2022-01-18 18:06:43,905:INFO:train:Epoch 00022: val_fus_loss did not improve from 0.06221
2022-01-18 18:06:43,920:INFO:train:Epoch 23/500
2022-01-18 18:07:12,200:INFO:train:184/184 - 28s - opt_accuracy: 0.9267 - sar_accuracy: 0.8647 - fus_accuracy: 0.9280 - opt_loss: 0.0361 - sar_loss: 0.0802 - fus_loss: 0.0347 - loss: 0.1509 - val_opt_accuracy: 0.8882 - val_sar_accuracy: 0.8443 - val_fus_accuracy: 0.8878 - val_opt_loss: 0.0765 - val_sar_loss: 0.1007 - val_fus_loss: 0.0736 - val_loss: 0.2509
2022-01-18 18:07:12,200:INFO:train:
2022-01-18 18:07:12,200:INFO:train:Epoch 00023: val_fus_loss did not improve from 0.06221
2022-01-18 18:07:12,200:INFO:train:Epoch 00023: early stopping
2022-01-18 18:07:19,419:INFO:train:Training Experiment 3 time: 4
2022-01-18 18:07:19,419:INFO:train:Training Conditions: Concat_ResUNET_FUS_n_n
2022-01-18 18:07:26,465:INFO:train:Image stack:
2022-01-18 18:07:26,465:INFO:train:(17730, 9203, 30)
2022-01-18 18:07:26,918:INFO:train:Labels stack:
2022-01-18 18:07:26,918:INFO:train:(17730, 9203)
2022-01-18 18:07:49,464:INFO:train:Model: "concat__res_unet"
2022-01-18 18:07:49,464:INFO:train:_________________________________________________________________
2022-01-18 18:07:49,464:INFO:train:Layer (type)                 Output Shape              Param #
2022-01-18 18:07:49,464:INFO:train:=================================================================
2022-01-18 18:07:49,464:INFO:train:opt_encoder (ResUNET_Encoder multiple                  1066944
2022-01-18 18:07:49,464:INFO:train:_________________________________________________________________
2022-01-18 18:07:49,464:INFO:train:sar_encoder (ResUNET_Encoder multiple                  1054272
2022-01-18 18:07:49,464:INFO:train:_________________________________________________________________
2022-01-18 18:07:49,464:INFO:train:opt_decoder (ResUNET_Decoder multiple                  221408
2022-01-18 18:07:49,464:INFO:train:_________________________________________________________________
2022-01-18 18:07:49,464:INFO:train:sar_decoder (ResUNET_Decoder multiple                  221408
2022-01-18 18:07:49,464:INFO:train:_________________________________________________________________
2022-01-18 18:07:49,464:INFO:train:fus_concat (FusionLayer)     multiple                  0
2022-01-18 18:07:49,464:INFO:train:_________________________________________________________________
2022-01-18 18:07:49,464:INFO:train:opt_classifier (Classifier)  multiple                  195
2022-01-18 18:07:49,464:INFO:train:_________________________________________________________________
2022-01-18 18:07:49,464:INFO:train:sar_classifier (Classifier)  multiple                  195
2022-01-18 18:07:49,464:INFO:train:_________________________________________________________________
2022-01-18 18:07:49,464:INFO:train:fus_classifier (Classifier)  multiple                  387
2022-01-18 18:07:49,464:INFO:train:=================================================================
2022-01-18 18:07:49,464:INFO:train:Total params: 2,564,809
2022-01-18 18:07:49,464:INFO:train:Trainable params: 2,564,809
2022-01-18 18:07:49,464:INFO:train:Non-trainable params: 0
2022-01-18 18:07:49,464:INFO:train:_________________________________________________________________
2022-01-18 18:07:49,761:INFO:train:Epoch 1/10
2022-01-18 18:08:17,760:INFO:train:184/184 - 28s - opt_accuracy: 0.8583 - sar_accuracy: 0.7412 - fus_accuracy: 0.4818 - opt_loss: 0.0925 - sar_loss: 0.1603 - fus_loss: 0.3459 - loss: 0.5987 - val_opt_accuracy: 0.8690 - val_sar_accuracy: 0.7867 - val_fus_accuracy: 0.4957 - val_opt_loss: 0.0806 - val_sar_loss: 0.1328 - val_fus_loss: 0.3106 - val_loss: 0.5240
2022-01-18 18:08:17,776:INFO:train:Epoch 2/10
2022-01-18 18:08:36,040:INFO:train:184/184 - 18s - opt_accuracy: 0.8862 - sar_accuracy: 0.7632 - fus_accuracy: 0.4793 - opt_loss: 0.0719 - sar_loss: 0.1535 - fus_loss: 0.3217 - loss: 0.5472 - val_opt_accuracy: 0.8791 - val_sar_accuracy: 0.7916 - val_fus_accuracy: 0.5163 - val_opt_loss: 0.0735 - val_sar_loss: 0.1354 - val_fus_loss: 0.2763 - val_loss: 0.4852
2022-01-18 18:08:36,056:INFO:train:Epoch 3/10
2022-01-18 18:08:54,321:INFO:train:184/184 - 18s - opt_accuracy: 0.8915 - sar_accuracy: 0.7770 - fus_accuracy: 0.5257 - opt_loss: 0.0685 - sar_loss: 0.1446 - fus_loss: 0.2959 - loss: 0.5090 - val_opt_accuracy: 0.8852 - val_sar_accuracy: 0.8094 - val_fus_accuracy: 0.5472 - val_opt_loss: 0.0678 - val_sar_loss: 0.1193 - val_fus_loss: 0.2673 - val_loss: 0.4544
2022-01-18 18:08:54,336:INFO:train:Epoch 4/10
2022-01-18 18:09:12,617:INFO:train:184/184 - 18s - opt_accuracy: 0.8940 - sar_accuracy: 0.8130 - fus_accuracy: 0.5272 - opt_loss: 0.0661 - sar_loss: 0.1225 - fus_loss: 0.3130 - loss: 0.5016 - val_opt_accuracy: 0.8831 - val_sar_accuracy: 0.8136 - val_fus_accuracy: 0.4767 - val_opt_loss: 0.0680 - val_sar_loss: 0.1237 - val_fus_loss: 0.3165 - val_loss: 0.5082
2022-01-18 18:09:12,633:INFO:train:Epoch 5/10
2022-01-18 18:09:31,007:INFO:train:184/184 - 18s - opt_accuracy: 0.8954 - sar_accuracy: 0.8290 - fus_accuracy: 0.5059 - opt_loss: 0.0644 - sar_loss: 0.1101 - fus_loss: 0.3292 - loss: 0.5037 - val_opt_accuracy: 0.8797 - val_sar_accuracy: 0.8241 - val_fus_accuracy: 0.4894 - val_opt_loss: 0.0708 - val_sar_loss: 0.0977 - val_fus_loss: 0.2984 - val_loss: 0.4669
2022-01-18 18:09:31,022:INFO:train:Epoch 6/10
2022-01-18 18:09:49,272:INFO:train:184/184 - 18s - opt_accuracy: 0.8975 - sar_accuracy: 0.8341 - fus_accuracy: 0.4945 - opt_loss: 0.0631 - sar_loss: 0.1048 - fus_loss: 0.3394 - loss: 0.5073 - val_opt_accuracy: 0.8806 - val_sar_accuracy: 0.7994 - val_fus_accuracy: 0.4534 - val_opt_loss: 0.0699 - val_sar_loss: 0.0996 - val_fus_loss: 0.3219 - val_loss: 0.4914
2022-01-18 18:09:49,303:INFO:train:Epoch 7/10
2022-01-18 18:10:07,646:INFO:train:184/184 - 18s - opt_accuracy: 0.8993 - sar_accuracy: 0.8385 - fus_accuracy: 0.4864 - opt_loss: 0.0617 - sar_loss: 0.1017 - fus_loss: 0.3477 - loss: 0.5111 - val_opt_accuracy: 0.8810 - val_sar_accuracy: 0.8268 - val_fus_accuracy: 0.4463 - val_opt_loss: 0.0656 - val_sar_loss: 0.0900 - val_fus_loss: 0.3327 - val_loss: 0.4883
2022-01-18 18:10:07,661:INFO:train:Epoch 8/10
2022-01-18 18:10:25,989:INFO:train:184/184 - 18s - opt_accuracy: 0.9001 - sar_accuracy: 0.8381 - fus_accuracy: 0.4785 - opt_loss: 0.0602 - sar_loss: 0.1019 - fus_loss: 0.3545 - loss: 0.5166 - val_opt_accuracy: 0.8758 - val_sar_accuracy: 0.8235 - val_fus_accuracy: 0.4640 - val_opt_loss: 0.0705 - val_sar_loss: 0.0914 - val_fus_loss: 0.3178 - val_loss: 0.4797
2022-01-18 18:10:26,004:INFO:train:Epoch 9/10
2022-01-18 18:10:44,379:INFO:train:184/184 - 18s - opt_accuracy: 0.9013 - sar_accuracy: 0.8406 - fus_accuracy: 0.4795 - opt_loss: 0.0591 - sar_loss: 0.0998 - fus_loss: 0.3644 - loss: 0.5233 - val_opt_accuracy: 0.8767 - val_sar_accuracy: 0.8221 - val_fus_accuracy: 0.4312 - val_opt_loss: 0.0698 - val_sar_loss: 0.0903 - val_fus_loss: 0.3851 - val_loss: 0.5452
2022-01-18 18:10:44,394:INFO:train:Epoch 10/10
2022-01-18 18:11:02,721:INFO:train:184/184 - 18s - opt_accuracy: 0.9021 - sar_accuracy: 0.8396 - fus_accuracy: 0.4764 - opt_loss: 0.0578 - sar_loss: 0.0999 - fus_loss: 0.3783 - loss: 0.5360 - val_opt_accuracy: 0.8742 - val_sar_accuracy: 0.8100 - val_fus_accuracy: 0.4420 - val_opt_loss: 0.0735 - val_sar_loss: 0.0941 - val_fus_loss: 0.3458 - val_loss: 0.5134
2022-01-18 18:11:02,862:INFO:train:Epoch 1/500
2022-01-18 18:11:37,673:INFO:train:184/184 - 35s - opt_accuracy: 0.8916 - sar_accuracy: 0.8019 - fus_accuracy: 0.8822 - opt_loss: 0.0713 - sar_loss: 0.1289 - fus_loss: 0.0743 - loss: 0.2746 - val_opt_accuracy: 0.8643 - val_sar_accuracy: 0.7873 - val_fus_accuracy: 0.8644 - val_opt_loss: 0.0850 - val_sar_loss: 0.1034 - val_fus_loss: 0.0839 - val_loss: 0.2723
2022-01-18 18:11:37,673:INFO:train:
2022-01-18 18:11:37,673:INFO:train:Epoch 00001: val_fus_loss improved from inf to 0.08392, saving model to imgs\experiments\exp_3\models\Concat_ResUNET_4.h5
2022-01-18 18:11:37,767:INFO:train:Epoch 2/500
2022-01-18 18:12:26,421:INFO:train:184/184 - 49s - opt_accuracy: 0.8990 - sar_accuracy: 0.8269 - fus_accuracy: 0.8996 - opt_loss: 0.0623 - sar_loss: 0.1112 - fus_loss: 0.0617 - loss: 0.2352 - val_opt_accuracy: 0.8813 - val_sar_accuracy: 0.8335 - val_fus_accuracy: 0.8818 - val_opt_loss: 0.0683 - val_sar_loss: 0.0897 - val_fus_loss: 0.0658 - val_loss: 0.2238
2022-01-18 18:12:26,421:INFO:train:
2022-01-18 18:12:26,421:INFO:train:Epoch 00002: val_fus_loss improved from 0.08392 to 0.06580, saving model to imgs\experiments\exp_3\models\Concat_ResUNET_4.h5
2022-01-18 18:12:26,515:INFO:train:Epoch 3/500
2022-01-18 18:12:55,357:INFO:train:184/184 - 29s - opt_accuracy: 0.9010 - sar_accuracy: 0.8293 - fus_accuracy: 0.9016 - opt_loss: 0.0601 - sar_loss: 0.1099 - fus_loss: 0.0597 - loss: 0.2298 - val_opt_accuracy: 0.8728 - val_sar_accuracy: 0.8376 - val_fus_accuracy: 0.8745 - val_opt_loss: 0.0782 - val_sar_loss: 0.0905 - val_fus_loss: 0.0768 - val_loss: 0.2456
2022-01-18 18:12:55,357:INFO:train:
2022-01-18 18:12:55,357:INFO:train:Epoch 00003: val_fus_loss did not improve from 0.06580
2022-01-18 18:12:55,373:INFO:train:Epoch 4/500
2022-01-18 18:13:24,105:INFO:train:184/184 - 29s - opt_accuracy: 0.9025 - sar_accuracy: 0.8356 - fus_accuracy: 0.9031 - opt_loss: 0.0580 - sar_loss: 0.1043 - fus_loss: 0.0575 - loss: 0.2198 - val_opt_accuracy: 0.8804 - val_sar_accuracy: 0.8316 - val_fus_accuracy: 0.8801 - val_opt_loss: 0.0706 - val_sar_loss: 0.0907 - val_fus_loss: 0.0683 - val_loss: 0.2296
2022-01-18 18:13:24,105:INFO:train:
2022-01-18 18:13:24,105:INFO:train:Epoch 00004: val_fus_loss did not improve from 0.06580
2022-01-18 18:13:24,121:INFO:train:Epoch 5/500
2022-01-18 18:13:52,838:INFO:train:184/184 - 29s - opt_accuracy: 0.9043 - sar_accuracy: 0.8357 - fus_accuracy: 0.9049 - opt_loss: 0.0563 - sar_loss: 0.1040 - fus_loss: 0.0558 - loss: 0.2161 - val_opt_accuracy: 0.8777 - val_sar_accuracy: 0.8427 - val_fus_accuracy: 0.8816 - val_opt_loss: 0.0695 - val_sar_loss: 0.0857 - val_fus_loss: 0.0672 - val_loss: 0.2224
2022-01-18 18:13:52,838:INFO:train:
2022-01-18 18:13:52,838:INFO:train:Epoch 00005: val_fus_loss did not improve from 0.06580
2022-01-18 18:13:52,854:INFO:train:Epoch 6/500
2022-01-18 18:14:21,446:INFO:train:184/184 - 29s - opt_accuracy: 0.9064 - sar_accuracy: 0.8416 - fus_accuracy: 0.9071 - opt_loss: 0.0546 - sar_loss: 0.0995 - fus_loss: 0.0541 - loss: 0.2081 - val_opt_accuracy: 0.8843 - val_sar_accuracy: 0.8315 - val_fus_accuracy: 0.8845 - val_opt_loss: 0.0635 - val_sar_loss: 0.1052 - val_fus_loss: 0.0623 - val_loss: 0.2311
2022-01-18 18:14:21,446:INFO:train:
2022-01-18 18:14:21,446:INFO:train:Epoch 00006: val_fus_loss improved from 0.06580 to 0.06229, saving model to imgs\experiments\exp_3\models\Concat_ResUNET_4.h5
2022-01-18 18:14:21,555:INFO:train:Epoch 7/500
2022-01-18 18:14:50,210:INFO:train:184/184 - 29s - opt_accuracy: 0.9078 - sar_accuracy: 0.8382 - fus_accuracy: 0.9082 - opt_loss: 0.0526 - sar_loss: 0.1023 - fus_loss: 0.0521 - loss: 0.2070 - val_opt_accuracy: 0.8773 - val_sar_accuracy: 0.8395 - val_fus_accuracy: 0.8817 - val_opt_loss: 0.0732 - val_sar_loss: 0.0896 - val_fus_loss: 0.0713 - val_loss: 0.2341
2022-01-18 18:14:50,225:INFO:train:
2022-01-18 18:14:50,225:INFO:train:Epoch 00007: val_fus_loss did not improve from 0.06229
2022-01-18 18:14:50,241:INFO:train:Epoch 8/500
2022-01-18 18:15:18,771:INFO:train:184/184 - 29s - opt_accuracy: 0.9104 - sar_accuracy: 0.8403 - fus_accuracy: 0.9111 - opt_loss: 0.0505 - sar_loss: 0.1002 - fus_loss: 0.0499 - loss: 0.2006 - val_opt_accuracy: 0.8823 - val_sar_accuracy: 0.8444 - val_fus_accuracy: 0.8834 - val_opt_loss: 0.0731 - val_sar_loss: 0.0901 - val_fus_loss: 0.0714 - val_loss: 0.2346
2022-01-18 18:15:18,771:INFO:train:
2022-01-18 18:15:18,771:INFO:train:Epoch 00008: val_fus_loss did not improve from 0.06229
2022-01-18 18:15:18,786:INFO:train:Epoch 9/500
2022-01-18 18:15:47,425:INFO:train:184/184 - 29s - opt_accuracy: 0.9128 - sar_accuracy: 0.8427 - fus_accuracy: 0.9136 - opt_loss: 0.0488 - sar_loss: 0.0976 - fus_loss: 0.0481 - loss: 0.1945 - val_opt_accuracy: 0.8825 - val_sar_accuracy: 0.8501 - val_fus_accuracy: 0.8840 - val_opt_loss: 0.0710 - val_sar_loss: 0.0844 - val_fus_loss: 0.0682 - val_loss: 0.2237
2022-01-18 18:15:47,425:INFO:train:
2022-01-18 18:15:47,425:INFO:train:Epoch 00009: val_fus_loss did not improve from 0.06229
2022-01-18 18:15:47,441:INFO:train:Epoch 10/500
2022-01-18 18:16:15,970:INFO:train:184/184 - 29s - opt_accuracy: 0.9140 - sar_accuracy: 0.8434 - fus_accuracy: 0.9147 - opt_loss: 0.0474 - sar_loss: 0.0983 - fus_loss: 0.0468 - loss: 0.1925 - val_opt_accuracy: 0.8850 - val_sar_accuracy: 0.8463 - val_fus_accuracy: 0.8850 - val_opt_loss: 0.0710 - val_sar_loss: 0.0823 - val_fus_loss: 0.0694 - val_loss: 0.2227
2022-01-18 18:16:15,986:INFO:train:
2022-01-18 18:16:15,986:INFO:train:Epoch 00010: val_fus_loss did not improve from 0.06229
2022-01-18 18:16:16,001:INFO:train:Epoch 11/500
2022-01-18 18:16:44,515:INFO:train:184/184 - 29s - opt_accuracy: 0.9159 - sar_accuracy: 0.8489 - fus_accuracy: 0.9166 - opt_loss: 0.0458 - sar_loss: 0.0926 - fus_loss: 0.0450 - loss: 0.1835 - val_opt_accuracy: 0.8845 - val_sar_accuracy: 0.8329 - val_fus_accuracy: 0.8872 - val_opt_loss: 0.0714 - val_sar_loss: 0.0893 - val_fus_loss: 0.0706 - val_loss: 0.2314
2022-01-18 18:16:44,515:INFO:train:
2022-01-18 18:16:44,515:INFO:train:Epoch 00011: val_fus_loss did not improve from 0.06229
2022-01-18 18:16:44,531:INFO:train:Epoch 12/500
2022-01-18 18:17:13,076:INFO:train:184/184 - 29s - opt_accuracy: 0.9162 - sar_accuracy: 0.8446 - fus_accuracy: 0.9170 - opt_loss: 0.0458 - sar_loss: 0.0966 - fus_loss: 0.0451 - loss: 0.1875 - val_opt_accuracy: 0.8854 - val_sar_accuracy: 0.8453 - val_fus_accuracy: 0.8863 - val_opt_loss: 0.0708 - val_sar_loss: 0.0887 - val_fus_loss: 0.0679 - val_loss: 0.2273
2022-01-18 18:17:13,076:INFO:train:
2022-01-18 18:17:13,076:INFO:train:Epoch 00012: val_fus_loss did not improve from 0.06229
2022-01-18 18:17:13,092:INFO:train:Epoch 13/500
2022-01-18 18:17:41,668:INFO:train:184/184 - 29s - opt_accuracy: 0.9197 - sar_accuracy: 0.8500 - fus_accuracy: 0.9206 - opt_loss: 0.0426 - sar_loss: 0.0909 - fus_loss: 0.0417 - loss: 0.1752 - val_opt_accuracy: 0.8781 - val_sar_accuracy: 0.8524 - val_fus_accuracy: 0.8828 - val_opt_loss: 0.0726 - val_sar_loss: 0.0832 - val_fus_loss: 0.0692 - val_loss: 0.2250
2022-01-18 18:17:41,668:INFO:train:
2022-01-18 18:17:41,668:INFO:train:Epoch 00013: val_fus_loss did not improve from 0.06229
2022-01-18 18:17:41,684:INFO:train:Epoch 14/500
2022-01-18 18:18:10,495:INFO:train:184/184 - 29s - opt_accuracy: 0.9209 - sar_accuracy: 0.8545 - fus_accuracy: 0.9219 - opt_loss: 0.0411 - sar_loss: 0.0875 - fus_loss: 0.0400 - loss: 0.1686 - val_opt_accuracy: 0.8875 - val_sar_accuracy: 0.8533 - val_fus_accuracy: 0.8886 - val_opt_loss: 0.0720 - val_sar_loss: 0.0804 - val_fus_loss: 0.0700 - val_loss: 0.2224
2022-01-18 18:18:10,495:INFO:train:
2022-01-18 18:18:10,495:INFO:train:Epoch 00014: val_fus_loss did not improve from 0.06229
2022-01-18 18:18:10,510:INFO:train:Epoch 15/500
2022-01-18 18:18:39,196:INFO:train:184/184 - 29s - opt_accuracy: 0.9228 - sar_accuracy: 0.8551 - fus_accuracy: 0.9240 - opt_loss: 0.0397 - sar_loss: 0.0874 - fus_loss: 0.0386 - loss: 0.1657 - val_opt_accuracy: 0.8856 - val_sar_accuracy: 0.8352 - val_fus_accuracy: 0.8894 - val_opt_loss: 0.0776 - val_sar_loss: 0.1030 - val_fus_loss: 0.0741 - val_loss: 0.2547
2022-01-18 18:18:39,196:INFO:train:
2022-01-18 18:18:39,196:INFO:train:Epoch 00015: val_fus_loss did not improve from 0.06229
2022-01-18 18:18:39,212:INFO:train:Epoch 16/500
2022-01-18 18:19:07,835:INFO:train:184/184 - 29s - opt_accuracy: 0.9212 - sar_accuracy: 0.8534 - fus_accuracy: 0.9227 - opt_loss: 0.0421 - sar_loss: 0.0886 - fus_loss: 0.0403 - loss: 0.1711 - val_opt_accuracy: 0.8824 - val_sar_accuracy: 0.8377 - val_fus_accuracy: 0.8825 - val_opt_loss: 0.0721 - val_sar_loss: 0.0886 - val_fus_loss: 0.0711 - val_loss: 0.2319
2022-01-18 18:19:07,835:INFO:train:
2022-01-18 18:19:07,835:INFO:train:Epoch 00016: val_fus_loss did not improve from 0.06229
2022-01-18 18:19:07,851:INFO:train:Epoch 17/500
2022-01-18 18:19:36,568:INFO:train:184/184 - 29s - opt_accuracy: 0.9242 - sar_accuracy: 0.8568 - fus_accuracy: 0.9256 - opt_loss: 0.0386 - sar_loss: 0.0849 - fus_loss: 0.0372 - loss: 0.1607 - val_opt_accuracy: 0.8824 - val_sar_accuracy: 0.8539 - val_fus_accuracy: 0.8856 - val_opt_loss: 0.0740 - val_sar_loss: 0.0824 - val_fus_loss: 0.0701 - val_loss: 0.2265
2022-01-18 18:19:36,568:INFO:train:
2022-01-18 18:19:36,568:INFO:train:Epoch 00017: val_fus_loss did not improve from 0.06229
2022-01-18 18:19:36,583:INFO:train:Epoch 18/500
2022-01-18 18:20:05,347:INFO:train:184/184 - 29s - opt_accuracy: 0.9272 - sar_accuracy: 0.8595 - fus_accuracy: 0.9285 - opt_loss: 0.0363 - sar_loss: 0.0830 - fus_loss: 0.0349 - loss: 0.1542 - val_opt_accuracy: 0.8859 - val_sar_accuracy: 0.8547 - val_fus_accuracy: 0.8863 - val_opt_loss: 0.0711 - val_sar_loss: 0.0824 - val_fus_loss: 0.0680 - val_loss: 0.2215
2022-01-18 18:20:05,347:INFO:train:
2022-01-18 18:20:05,347:INFO:train:Epoch 00018: val_fus_loss did not improve from 0.06229
2022-01-18 18:20:05,363:INFO:train:Epoch 19/500
2022-01-18 18:20:34,049:INFO:train:184/184 - 29s - opt_accuracy: 0.9281 - sar_accuracy: 0.8601 - fus_accuracy: 0.9293 - opt_loss: 0.0358 - sar_loss: 0.0836 - fus_loss: 0.0345 - loss: 0.1539 - val_opt_accuracy: 0.8895 - val_sar_accuracy: 0.8458 - val_fus_accuracy: 0.8905 - val_opt_loss: 0.0763 - val_sar_loss: 0.0909 - val_fus_loss: 0.0733 - val_loss: 0.2405
2022-01-18 18:20:34,064:INFO:train:
2022-01-18 18:20:34,064:INFO:train:Epoch 00019: val_fus_loss did not improve from 0.06229
2022-01-18 18:20:34,080:INFO:train:Epoch 20/500
2022-01-18 18:21:02,781:INFO:train:184/184 - 29s - opt_accuracy: 0.9301 - sar_accuracy: 0.8631 - fus_accuracy: 0.9315 - opt_loss: 0.0339 - sar_loss: 0.0800 - fus_loss: 0.0325 - loss: 0.1464 - val_opt_accuracy: 0.8834 - val_sar_accuracy: 0.8495 - val_fus_accuracy: 0.8843 - val_opt_loss: 0.0770 - val_sar_loss: 0.0879 - val_fus_loss: 0.0743 - val_loss: 0.2392
2022-01-18 18:21:02,797:INFO:train:
2022-01-18 18:21:02,797:INFO:train:Epoch 00020: val_fus_loss did not improve from 0.06229
2022-01-18 18:21:02,813:INFO:train:Epoch 21/500
2022-01-18 18:21:31,545:INFO:train:184/184 - 29s - opt_accuracy: 0.9317 - sar_accuracy: 0.8653 - fus_accuracy: 0.9331 - opt_loss: 0.0325 - sar_loss: 0.0782 - fus_loss: 0.0312 - loss: 0.1419 - val_opt_accuracy: 0.8844 - val_sar_accuracy: 0.8461 - val_fus_accuracy: 0.8863 - val_opt_loss: 0.0796 - val_sar_loss: 0.0915 - val_fus_loss: 0.0749 - val_loss: 0.2460
2022-01-18 18:21:31,545:INFO:train:
2022-01-18 18:21:31,545:INFO:train:Epoch 00021: val_fus_loss did not improve from 0.06229
2022-01-18 18:21:31,545:INFO:train:Epoch 00021: early stopping
