2022-01-18 23:17:56,549:INFO:train:Training Experiment 8 time: 0
2022-01-18 23:17:56,549:INFO:train:Training Conditions: CrossFusion_ResUNET_FUS_n_n
2022-01-18 23:18:03,408:INFO:train:Image stack:
2022-01-18 23:18:03,408:INFO:train:(17730, 9203, 30)
2022-01-18 23:18:03,830:INFO:train:Labels stack:
2022-01-18 23:18:03,830:INFO:train:(17730, 9203)
2022-01-18 23:18:27,720:INFO:train:Model: "cross_fusion__res_unet"
2022-01-18 23:18:27,735:INFO:train:_________________________________________________________________
2022-01-18 23:18:27,735:INFO:train:Layer (type)                 Output Shape              Param #
2022-01-18 23:18:27,735:INFO:train:=================================================================
2022-01-18 23:18:27,735:INFO:train:opt_encoder (ResUNET_Encoder multiple                  1066944
2022-01-18 23:18:27,735:INFO:train:_________________________________________________________________
2022-01-18 23:18:27,735:INFO:train:sar_encoder (ResUNET_Encoder multiple                  1054272
2022-01-18 23:18:27,735:INFO:train:_________________________________________________________________
2022-01-18 23:18:27,735:INFO:train:opt_decoder (ResUNET_Decoder multiple                  221408
2022-01-18 23:18:27,735:INFO:train:_________________________________________________________________
2022-01-18 23:18:27,735:INFO:train:sar_decoder (ResUNET_Decoder multiple                  221408
2022-01-18 23:18:27,735:INFO:train:_________________________________________________________________
2022-01-18 23:18:27,735:INFO:train:fus_cross (CrossFusion)      multiple                  518531
2022-01-18 23:18:27,735:INFO:train:_________________________________________________________________
2022-01-18 23:18:27,735:INFO:train:opt_classifier (Classifier)  multiple                  195
2022-01-18 23:18:27,735:INFO:train:_________________________________________________________________
2022-01-18 23:18:27,735:INFO:train:sar_classifier (Classifier)  multiple                  195
2022-01-18 23:18:27,735:INFO:train:=================================================================
2022-01-18 23:18:27,735:INFO:train:Total params: 3,082,953
2022-01-18 23:18:27,735:INFO:train:Trainable params: 3,082,057
2022-01-18 23:18:27,735:INFO:train:Non-trainable params: 896
2022-01-18 23:18:27,735:INFO:train:_________________________________________________________________
2022-01-18 23:18:28,001:INFO:train:Epoch 1/10
2022-01-18 23:19:07,077:INFO:train:184/184 - 39s - opt_accuracy: 0.8327 - sar_accuracy: 0.7448 - fus_accuracy: 0.5890 - opt_loss: 0.1047 - sar_loss: 0.1594 - fus_loss: 0.2721 - loss: 0.5362 - val_opt_accuracy: 0.8647 - val_sar_accuracy: 0.7803 - val_fus_accuracy: 0.5949 - val_opt_loss: 0.0847 - val_sar_loss: 0.1327 - val_fus_loss: 0.2648 - val_loss: 0.4822
2022-01-18 23:19:07,093:INFO:train:Epoch 2/10
2022-01-18 23:19:35,638:INFO:train:184/184 - 29s - opt_accuracy: 0.8846 - sar_accuracy: 0.7712 - fus_accuracy: 0.6020 - opt_loss: 0.0743 - sar_loss: 0.1485 - fus_loss: 0.2623 - loss: 0.4851 - val_opt_accuracy: 0.8752 - val_sar_accuracy: 0.7832 - val_fus_accuracy: 0.5898 - val_opt_loss: 0.0742 - val_sar_loss: 0.1353 - val_fus_loss: 0.2750 - val_loss: 0.4846
2022-01-18 23:19:35,654:INFO:train:Epoch 3/10
2022-01-18 23:20:04,325:INFO:train:184/184 - 29s - opt_accuracy: 0.8892 - sar_accuracy: 0.7919 - fus_accuracy: 0.5960 - opt_loss: 0.0697 - sar_loss: 0.1345 - fus_loss: 0.2605 - loss: 0.4648 - val_opt_accuracy: 0.8795 - val_sar_accuracy: 0.7818 - val_fus_accuracy: 0.5493 - val_opt_loss: 0.0837 - val_sar_loss: 0.1368 - val_fus_loss: 0.2936 - val_loss: 0.5141
2022-01-18 23:20:04,340:INFO:train:Epoch 4/10
2022-01-18 23:20:33,011:INFO:train:184/184 - 29s - opt_accuracy: 0.8925 - sar_accuracy: 0.8207 - fus_accuracy: 0.5875 - opt_loss: 0.0673 - sar_loss: 0.1162 - fus_loss: 0.2619 - loss: 0.4455 - val_opt_accuracy: 0.8826 - val_sar_accuracy: 0.8348 - val_fus_accuracy: 0.5699 - val_opt_loss: 0.0740 - val_sar_loss: 0.1027 - val_fus_loss: 0.2825 - val_loss: 0.4592
2022-01-18 23:20:33,026:INFO:train:Epoch 5/10
2022-01-18 23:21:01,744:INFO:train:184/184 - 29s - opt_accuracy: 0.8947 - sar_accuracy: 0.8298 - fus_accuracy: 0.5830 - opt_loss: 0.0652 - sar_loss: 0.1100 - fus_loss: 0.2625 - loss: 0.4378 - val_opt_accuracy: 0.8813 - val_sar_accuracy: 0.8305 - val_fus_accuracy: 0.6407 - val_opt_loss: 0.0722 - val_sar_loss: 0.1050 - val_fus_loss: 0.2500 - val_loss: 0.4272
2022-01-18 23:21:01,759:INFO:train:Epoch 6/10
2022-01-18 23:21:30,305:INFO:train:184/184 - 29s - opt_accuracy: 0.8963 - sar_accuracy: 0.8336 - fus_accuracy: 0.5803 - opt_loss: 0.0640 - sar_loss: 0.1070 - fus_loss: 0.2629 - loss: 0.4338 - val_opt_accuracy: 0.8843 - val_sar_accuracy: 0.8357 - val_fus_accuracy: 0.5593 - val_opt_loss: 0.0711 - val_sar_loss: 0.1013 - val_fus_loss: 0.2884 - val_loss: 0.4608
2022-01-18 23:21:30,321:INFO:train:Epoch 7/10
2022-01-18 23:21:59,054:INFO:train:184/184 - 29s - opt_accuracy: 0.8975 - sar_accuracy: 0.8381 - fus_accuracy: 0.5800 - opt_loss: 0.0630 - sar_loss: 0.1030 - fus_loss: 0.2632 - loss: 0.4292 - val_opt_accuracy: 0.8835 - val_sar_accuracy: 0.8449 - val_fus_accuracy: 0.6024 - val_opt_loss: 0.0674 - val_sar_loss: 0.0912 - val_fus_loss: 0.2527 - val_loss: 0.4113
2022-01-18 23:21:59,069:INFO:train:Epoch 8/10
2022-01-18 23:22:27,834:INFO:train:184/184 - 29s - opt_accuracy: 0.8989 - sar_accuracy: 0.8392 - fus_accuracy: 0.5813 - opt_loss: 0.0615 - sar_loss: 0.1019 - fus_loss: 0.2620 - loss: 0.4254 - val_opt_accuracy: 0.8855 - val_sar_accuracy: 0.8413 - val_fus_accuracy: 0.5822 - val_opt_loss: 0.0692 - val_sar_loss: 0.0944 - val_fus_loss: 0.2701 - val_loss: 0.4337
2022-01-18 23:22:27,849:INFO:train:Epoch 9/10
2022-01-18 23:22:56,489:INFO:train:184/184 - 29s - opt_accuracy: 0.9002 - sar_accuracy: 0.8405 - fus_accuracy: 0.5820 - opt_loss: 0.0604 - sar_loss: 0.1008 - fus_loss: 0.2622 - loss: 0.4234 - val_opt_accuracy: 0.8856 - val_sar_accuracy: 0.8415 - val_fus_accuracy: 0.6173 - val_opt_loss: 0.0677 - val_sar_loss: 0.0957 - val_fus_loss: 0.2536 - val_loss: 0.4170
2022-01-18 23:22:56,504:INFO:train:Epoch 10/10
2022-01-18 23:23:25,128:INFO:train:184/184 - 29s - opt_accuracy: 0.9017 - sar_accuracy: 0.8419 - fus_accuracy: 0.5868 - opt_loss: 0.0585 - sar_loss: 0.0998 - fus_loss: 0.2611 - loss: 0.4194 - val_opt_accuracy: 0.8839 - val_sar_accuracy: 0.8313 - val_fus_accuracy: 0.5896 - val_opt_loss: 0.0680 - val_sar_loss: 0.1032 - val_fus_loss: 0.2676 - val_loss: 0.4388
2022-01-18 23:23:25,269:INFO:train:Epoch 1/500
2022-01-18 23:24:33,797:INFO:train:184/184 - 69s - opt_accuracy: 0.8919 - sar_accuracy: 0.7839 - fus_accuracy: 0.8876 - opt_loss: 0.0690 - sar_loss: 0.1532 - fus_loss: 0.1105 - loss: 0.3327 - val_opt_accuracy: 0.8757 - val_sar_accuracy: 0.8199 - val_fus_accuracy: 0.8801 - val_opt_loss: 0.0767 - val_sar_loss: 0.1096 - val_fus_loss: 0.1081 - val_loss: 0.2944
2022-01-18 23:24:33,797:INFO:train:
2022-01-18 23:24:33,797:INFO:train:Epoch 00001: val_fus_loss improved from inf to 0.10805, saving model to imgs\experiments\exp_8\models\CrossFusion_ResUNET_0.h5
2022-01-18 23:24:33,906:INFO:train:Epoch 2/500
2022-01-18 23:25:33,716:INFO:train:184/184 - 60s - opt_accuracy: 0.8966 - sar_accuracy: 0.8020 - fus_accuracy: 0.8959 - opt_loss: 0.0660 - sar_loss: 0.1293 - fus_loss: 0.0936 - loss: 0.2889 - val_opt_accuracy: 0.8863 - val_sar_accuracy: 0.8029 - val_fus_accuracy: 0.8682 - val_opt_loss: 0.0690 - val_sar_loss: 0.1304 - val_fus_loss: 0.1104 - val_loss: 0.3098
2022-01-18 23:25:33,716:INFO:train:
2022-01-18 23:25:33,716:INFO:train:Epoch 00002: val_fus_loss did not improve from 0.10805
2022-01-18 23:25:33,732:INFO:train:Epoch 3/500
2022-01-18 23:26:33,510:INFO:train:184/184 - 60s - opt_accuracy: 0.9005 - sar_accuracy: 0.8210 - fus_accuracy: 0.9002 - opt_loss: 0.0624 - sar_loss: 0.1172 - fus_loss: 0.0824 - loss: 0.2619 - val_opt_accuracy: 0.8724 - val_sar_accuracy: 0.8234 - val_fus_accuracy: 0.8672 - val_opt_loss: 0.0807 - val_sar_loss: 0.1117 - val_fus_loss: 0.1062 - val_loss: 0.2986
2022-01-18 23:26:33,510:INFO:train:
2022-01-18 23:26:33,510:INFO:train:Epoch 00003: val_fus_loss improved from 0.10805 to 0.10619, saving model to imgs\experiments\exp_8\models\CrossFusion_ResUNET_0.h5
2022-01-18 23:26:33,619:INFO:train:Epoch 4/500
2022-01-18 23:27:33,414:INFO:train:184/184 - 60s - opt_accuracy: 0.9032 - sar_accuracy: 0.8301 - fus_accuracy: 0.9026 - opt_loss: 0.0588 - sar_loss: 0.1102 - fus_loss: 0.0741 - loss: 0.2431 - val_opt_accuracy: 0.8663 - val_sar_accuracy: 0.8262 - val_fus_accuracy: 0.8668 - val_opt_loss: 0.0875 - val_sar_loss: 0.1044 - val_fus_loss: 0.1036 - val_loss: 0.2955
2022-01-18 23:27:33,414:INFO:train:
2022-01-18 23:27:33,414:INFO:train:Epoch 00004: val_fus_loss improved from 0.10619 to 0.10357, saving model to imgs\experiments\exp_8\models\CrossFusion_ResUNET_0.h5
2022-01-18 23:27:33,617:INFO:train:Epoch 5/500
2022-01-18 23:28:33,552:INFO:train:184/184 - 60s - opt_accuracy: 0.9049 - sar_accuracy: 0.8334 - fus_accuracy: 0.9053 - opt_loss: 0.0561 - sar_loss: 0.1069 - fus_loss: 0.0672 - loss: 0.2302 - val_opt_accuracy: 0.8817 - val_sar_accuracy: 0.8349 - val_fus_accuracy: 0.8809 - val_opt_loss: 0.0781 - val_sar_loss: 0.1001 - val_fus_loss: 0.0877 - val_loss: 0.2659
2022-01-18 23:28:33,552:INFO:train:
2022-01-18 23:28:33,552:INFO:train:Epoch 00005: val_fus_loss improved from 0.10357 to 0.08774, saving model to imgs\experiments\exp_8\models\CrossFusion_ResUNET_0.h5
2022-01-18 23:28:33,661:INFO:train:Epoch 6/500
2022-01-18 23:29:33,502:INFO:train:184/184 - 60s - opt_accuracy: 0.9052 - sar_accuracy: 0.8331 - fus_accuracy: 0.9054 - opt_loss: 0.0558 - sar_loss: 0.1078 - fus_loss: 0.0641 - loss: 0.2277 - val_opt_accuracy: 0.8874 - val_sar_accuracy: 0.8441 - val_fus_accuracy: 0.8887 - val_opt_loss: 0.0654 - val_sar_loss: 0.0906 - val_fus_loss: 0.0764 - val_loss: 0.2324
2022-01-18 23:29:33,502:INFO:train:
2022-01-18 23:29:33,502:INFO:train:Epoch 00006: val_fus_loss improved from 0.08774 to 0.07645, saving model to imgs\experiments\exp_8\models\CrossFusion_ResUNET_0.h5
2022-01-18 23:29:33,596:INFO:train:Epoch 7/500
2022-01-18 23:30:33,562:INFO:train:184/184 - 60s - opt_accuracy: 0.9073 - sar_accuracy: 0.8384 - fus_accuracy: 0.9080 - opt_loss: 0.0533 - sar_loss: 0.1025 - fus_loss: 0.0599 - loss: 0.2157 - val_opt_accuracy: 0.8813 - val_sar_accuracy: 0.8449 - val_fus_accuracy: 0.8837 - val_opt_loss: 0.0682 - val_sar_loss: 0.0879 - val_fus_loss: 0.0731 - val_loss: 0.2292
2022-01-18 23:30:33,562:INFO:train:
2022-01-18 23:30:33,562:INFO:train:Epoch 00007: val_fus_loss improved from 0.07645 to 0.07311, saving model to imgs\experiments\exp_8\models\CrossFusion_ResUNET_0.h5
2022-01-18 23:30:33,655:INFO:train:Epoch 8/500
2022-01-18 23:31:33,481:INFO:train:184/184 - 60s - opt_accuracy: 0.9101 - sar_accuracy: 0.8406 - fus_accuracy: 0.9108 - opt_loss: 0.0507 - sar_loss: 0.1011 - fus_loss: 0.0564 - loss: 0.2083 - val_opt_accuracy: 0.8803 - val_sar_accuracy: 0.8367 - val_fus_accuracy: 0.8703 - val_opt_loss: 0.0713 - val_sar_loss: 0.0945 - val_fus_loss: 0.0849 - val_loss: 0.2507
2022-01-18 23:31:33,481:INFO:train:
2022-01-18 23:31:33,481:INFO:train:Epoch 00008: val_fus_loss did not improve from 0.07311
2022-01-18 23:31:33,497:INFO:train:Epoch 9/500
2022-01-18 23:32:33,244:INFO:train:184/184 - 60s - opt_accuracy: 0.9117 - sar_accuracy: 0.8403 - fus_accuracy: 0.9120 - opt_loss: 0.0495 - sar_loss: 0.1001 - fus_loss: 0.0542 - loss: 0.2038 - val_opt_accuracy: 0.8905 - val_sar_accuracy: 0.8352 - val_fus_accuracy: 0.8812 - val_opt_loss: 0.0661 - val_sar_loss: 0.0968 - val_fus_loss: 0.0753 - val_loss: 0.2383
2022-01-18 23:32:33,244:INFO:train:
2022-01-18 23:32:33,244:INFO:train:Epoch 00009: val_fus_loss did not improve from 0.07311
2022-01-18 23:32:33,259:INFO:train:Epoch 10/500
2022-01-18 23:33:33,100:INFO:train:184/184 - 60s - opt_accuracy: 0.9122 - sar_accuracy: 0.8368 - fus_accuracy: 0.9119 - opt_loss: 0.0487 - sar_loss: 0.1026 - fus_loss: 0.0530 - loss: 0.2043 - val_opt_accuracy: 0.8872 - val_sar_accuracy: 0.8233 - val_fus_accuracy: 0.8796 - val_opt_loss: 0.0664 - val_sar_loss: 0.0953 - val_fus_loss: 0.0779 - val_loss: 0.2396
2022-01-18 23:33:33,100:INFO:train:
2022-01-18 23:33:33,100:INFO:train:Epoch 00010: val_fus_loss did not improve from 0.07311
2022-01-18 23:33:33,116:INFO:train:Epoch 11/500
2022-01-18 23:34:32,926:INFO:train:184/184 - 60s - opt_accuracy: 0.9140 - sar_accuracy: 0.8431 - fus_accuracy: 0.9140 - opt_loss: 0.0467 - sar_loss: 0.0980 - fus_loss: 0.0504 - loss: 0.1951 - val_opt_accuracy: 0.8865 - val_sar_accuracy: 0.8442 - val_fus_accuracy: 0.8729 - val_opt_loss: 0.0691 - val_sar_loss: 0.0857 - val_fus_loss: 0.0790 - val_loss: 0.2338
2022-01-18 23:34:32,926:INFO:train:
2022-01-18 23:34:32,926:INFO:train:Epoch 00011: val_fus_loss did not improve from 0.07311
2022-01-18 23:34:32,942:INFO:train:Epoch 12/500
2022-01-18 23:35:32,689:INFO:train:184/184 - 60s - opt_accuracy: 0.9177 - sar_accuracy: 0.8436 - fus_accuracy: 0.9184 - opt_loss: 0.0437 - sar_loss: 0.0979 - fus_loss: 0.0466 - loss: 0.1882 - val_opt_accuracy: 0.8855 - val_sar_accuracy: 0.7632 - val_fus_accuracy: 0.8738 - val_opt_loss: 0.0722 - val_sar_loss: 0.1279 - val_fus_loss: 0.0814 - val_loss: 0.2815
2022-01-18 23:35:32,689:INFO:train:
2022-01-18 23:35:32,689:INFO:train:Epoch 00012: val_fus_loss did not improve from 0.07311
2022-01-18 23:35:32,705:INFO:train:Epoch 13/500
2022-01-18 23:36:32,639:INFO:train:184/184 - 60s - opt_accuracy: 0.9201 - sar_accuracy: 0.8472 - fus_accuracy: 0.9208 - opt_loss: 0.0416 - sar_loss: 0.0947 - fus_loss: 0.0439 - loss: 0.1802 - val_opt_accuracy: 0.8814 - val_sar_accuracy: 0.8321 - val_fus_accuracy: 0.8634 - val_opt_loss: 0.0720 - val_sar_loss: 0.0895 - val_fus_loss: 0.0751 - val_loss: 0.2366
2022-01-18 23:36:32,639:INFO:train:
2022-01-18 23:36:32,639:INFO:train:Epoch 00013: val_fus_loss did not improve from 0.07311
2022-01-18 23:36:32,655:INFO:train:Epoch 14/500
2022-01-18 23:37:32,574:INFO:train:184/184 - 60s - opt_accuracy: 0.9200 - sar_accuracy: 0.8465 - fus_accuracy: 0.9209 - opt_loss: 0.0419 - sar_loss: 0.0943 - fus_loss: 0.0437 - loss: 0.1799 - val_opt_accuracy: 0.8843 - val_sar_accuracy: 0.8430 - val_fus_accuracy: 0.8746 - val_opt_loss: 0.0689 - val_sar_loss: 0.0870 - val_fus_loss: 0.0767 - val_loss: 0.2326
2022-01-18 23:37:32,574:INFO:train:
2022-01-18 23:37:32,574:INFO:train:Epoch 00014: val_fus_loss did not improve from 0.07311
2022-01-18 23:37:32,590:INFO:train:Epoch 15/500
2022-01-18 23:38:32,400:INFO:train:184/184 - 60s - opt_accuracy: 0.9231 - sar_accuracy: 0.8515 - fus_accuracy: 0.9244 - opt_loss: 0.0391 - sar_loss: 0.0909 - fus_loss: 0.0407 - loss: 0.1707 - val_opt_accuracy: 0.8849 - val_sar_accuracy: 0.8433 - val_fus_accuracy: 0.8773 - val_opt_loss: 0.0705 - val_sar_loss: 0.0899 - val_fus_loss: 0.0782 - val_loss: 0.2387
2022-01-18 23:38:32,400:INFO:train:
2022-01-18 23:38:32,400:INFO:train:Epoch 00015: val_fus_loss did not improve from 0.07311
2022-01-18 23:38:32,415:INFO:train:Epoch 16/500
2022-01-18 23:39:32,350:INFO:train:184/184 - 60s - opt_accuracy: 0.9227 - sar_accuracy: 0.8473 - fus_accuracy: 0.9236 - opt_loss: 0.0393 - sar_loss: 0.0930 - fus_loss: 0.0409 - loss: 0.1733 - val_opt_accuracy: 0.8845 - val_sar_accuracy: 0.8476 - val_fus_accuracy: 0.8760 - val_opt_loss: 0.0756 - val_sar_loss: 0.0861 - val_fus_loss: 0.0745 - val_loss: 0.2362
2022-01-18 23:39:32,350:INFO:train:
2022-01-18 23:39:32,350:INFO:train:Epoch 00016: val_fus_loss did not improve from 0.07311
2022-01-18 23:39:32,366:INFO:train:Epoch 17/500
2022-01-18 23:40:32,175:INFO:train:184/184 - 60s - opt_accuracy: 0.9256 - sar_accuracy: 0.8545 - fus_accuracy: 0.9268 - opt_loss: 0.0370 - sar_loss: 0.0881 - fus_loss: 0.0381 - loss: 0.1631 - val_opt_accuracy: 0.8856 - val_sar_accuracy: 0.8314 - val_fus_accuracy: 0.8796 - val_opt_loss: 0.0682 - val_sar_loss: 0.1019 - val_fus_loss: 0.0803 - val_loss: 0.2503
2022-01-18 23:40:32,175:INFO:train:
2022-01-18 23:40:32,175:INFO:train:Epoch 00017: val_fus_loss did not improve from 0.07311
2022-01-18 23:40:32,191:INFO:train:Epoch 18/500
2022-01-18 23:41:31,936:INFO:train:184/184 - 60s - opt_accuracy: 0.9270 - sar_accuracy: 0.8539 - fus_accuracy: 0.9278 - opt_loss: 0.0357 - sar_loss: 0.0892 - fus_loss: 0.0371 - loss: 0.1621 - val_opt_accuracy: 0.8809 - val_sar_accuracy: 0.8474 - val_fus_accuracy: 0.8658 - val_opt_loss: 0.0779 - val_sar_loss: 0.0856 - val_fus_loss: 0.0797 - val_loss: 0.2432
2022-01-18 23:41:31,936:INFO:train:
2022-01-18 23:41:31,936:INFO:train:Epoch 00018: val_fus_loss did not improve from 0.07311
2022-01-18 23:41:31,951:INFO:train:Epoch 19/500
2022-01-18 23:42:31,746:INFO:train:184/184 - 60s - opt_accuracy: 0.9292 - sar_accuracy: 0.8567 - fus_accuracy: 0.9304 - opt_loss: 0.0336 - sar_loss: 0.0866 - fus_loss: 0.0347 - loss: 0.1550 - val_opt_accuracy: 0.8819 - val_sar_accuracy: 0.8467 - val_fus_accuracy: 0.8744 - val_opt_loss: 0.0821 - val_sar_loss: 0.0903 - val_fus_loss: 0.0772 - val_loss: 0.2495
2022-01-18 23:42:31,746:INFO:train:
2022-01-18 23:42:31,746:INFO:train:Epoch 00019: val_fus_loss did not improve from 0.07311
2022-01-18 23:42:31,761:INFO:train:Epoch 20/500
2022-01-18 23:43:31,665:INFO:train:184/184 - 60s - opt_accuracy: 0.9309 - sar_accuracy: 0.8599 - fus_accuracy: 0.9323 - opt_loss: 0.0326 - sar_loss: 0.0839 - fus_loss: 0.0332 - loss: 0.1497 - val_opt_accuracy: 0.8800 - val_sar_accuracy: 0.8445 - val_fus_accuracy: 0.8693 - val_opt_loss: 0.0789 - val_sar_loss: 0.0870 - val_fus_loss: 0.0771 - val_loss: 0.2430
2022-01-18 23:43:31,665:INFO:train:
2022-01-18 23:43:31,665:INFO:train:Epoch 00020: val_fus_loss did not improve from 0.07311
2022-01-18 23:43:31,680:INFO:train:Epoch 21/500
2022-01-18 23:44:31,412:INFO:train:184/184 - 60s - opt_accuracy: 0.9317 - sar_accuracy: 0.8592 - fus_accuracy: 0.9332 - opt_loss: 0.0320 - sar_loss: 0.0842 - fus_loss: 0.0326 - loss: 0.1488 - val_opt_accuracy: 0.8763 - val_sar_accuracy: 0.8463 - val_fus_accuracy: 0.8656 - val_opt_loss: 0.0869 - val_sar_loss: 0.0849 - val_fus_loss: 0.0835 - val_loss: 0.2553
2022-01-18 23:44:31,412:INFO:train:
2022-01-18 23:44:31,412:INFO:train:Epoch 00021: val_fus_loss did not improve from 0.07311
2022-01-18 23:44:31,428:INFO:train:Epoch 22/500
2022-01-18 23:45:31,230:INFO:train:184/184 - 60s - opt_accuracy: 0.9329 - sar_accuracy: 0.8612 - fus_accuracy: 0.9340 - opt_loss: 0.0308 - sar_loss: 0.0823 - fus_loss: 0.0313 - loss: 0.1445 - val_opt_accuracy: 0.8792 - val_sar_accuracy: 0.8492 - val_fus_accuracy: 0.8737 - val_opt_loss: 0.0868 - val_sar_loss: 0.0845 - val_fus_loss: 0.0767 - val_loss: 0.2479
2022-01-18 23:45:31,230:INFO:train:
2022-01-18 23:45:31,230:INFO:train:Epoch 00022: val_fus_loss did not improve from 0.07311
2022-01-18 23:45:31,230:INFO:train:Epoch 00022: early stopping
2022-01-18 23:45:38,729:INFO:train:Training Experiment 8 time: 1
2022-01-18 23:45:38,729:INFO:train:Training Conditions: CrossFusion_ResUNET_FUS_n_n
2022-01-18 23:45:45,604:INFO:train:Image stack:
2022-01-18 23:45:45,604:INFO:train:(17730, 9203, 30)
2022-01-18 23:45:46,010:INFO:train:Labels stack:
2022-01-18 23:45:46,010:INFO:train:(17730, 9203)
2022-01-18 23:46:08,478:INFO:train:Model: "cross_fusion__res_unet"
2022-01-18 23:46:08,478:INFO:train:_________________________________________________________________
2022-01-18 23:46:08,478:INFO:train:Layer (type)                 Output Shape              Param #
2022-01-18 23:46:08,478:INFO:train:=================================================================
2022-01-18 23:46:08,478:INFO:train:opt_encoder (ResUNET_Encoder multiple                  1066944
2022-01-18 23:46:08,478:INFO:train:_________________________________________________________________
2022-01-18 23:46:08,478:INFO:train:sar_encoder (ResUNET_Encoder multiple                  1054272
2022-01-18 23:46:08,478:INFO:train:_________________________________________________________________
2022-01-18 23:46:08,478:INFO:train:opt_decoder (ResUNET_Decoder multiple                  221408
2022-01-18 23:46:08,478:INFO:train:_________________________________________________________________
2022-01-18 23:46:08,478:INFO:train:sar_decoder (ResUNET_Decoder multiple                  221408
2022-01-18 23:46:08,478:INFO:train:_________________________________________________________________
2022-01-18 23:46:08,478:INFO:train:fus_cross (CrossFusion)      multiple                  518531
2022-01-18 23:46:08,478:INFO:train:_________________________________________________________________
2022-01-18 23:46:08,478:INFO:train:opt_classifier (Classifier)  multiple                  195
2022-01-18 23:46:08,478:INFO:train:_________________________________________________________________
2022-01-18 23:46:08,478:INFO:train:sar_classifier (Classifier)  multiple                  195
2022-01-18 23:46:08,478:INFO:train:=================================================================
2022-01-18 23:46:08,494:INFO:train:Total params: 3,082,953
2022-01-18 23:46:08,494:INFO:train:Trainable params: 3,082,057
2022-01-18 23:46:08,494:INFO:train:Non-trainable params: 896
2022-01-18 23:46:08,494:INFO:train:_________________________________________________________________
2022-01-18 23:46:08,744:INFO:train:Epoch 1/10
2022-01-18 23:46:47,961:INFO:train:184/184 - 39s - opt_accuracy: 0.8458 - sar_accuracy: 0.7446 - fus_accuracy: 0.6147 - opt_loss: 0.0992 - sar_loss: 0.1597 - fus_loss: 0.2660 - loss: 0.5249 - val_opt_accuracy: 0.8589 - val_sar_accuracy: 0.7815 - val_fus_accuracy: 0.6555 - val_opt_loss: 0.0929 - val_sar_loss: 0.1330 - val_fus_loss: 0.2471 - val_loss: 0.4730
2022-01-18 23:46:47,976:INFO:train:Epoch 2/10
2022-01-18 23:47:16,725:INFO:train:184/184 - 29s - opt_accuracy: 0.8857 - sar_accuracy: 0.7610 - fus_accuracy: 0.6048 - opt_loss: 0.0734 - sar_loss: 0.1539 - fus_loss: 0.2680 - loss: 0.4952 - val_opt_accuracy: 0.8650 - val_sar_accuracy: 0.7880 - val_fus_accuracy: 0.6063 - val_opt_loss: 0.1003 - val_sar_loss: 0.1327 - val_fus_loss: 0.2584 - val_loss: 0.4914
2022-01-18 23:47:16,741:INFO:train:Epoch 3/10
2022-01-18 23:47:45,489:INFO:train:184/184 - 29s - opt_accuracy: 0.8907 - sar_accuracy: 0.7707 - fus_accuracy: 0.5936 - opt_loss: 0.0698 - sar_loss: 0.1461 - fus_loss: 0.2707 - loss: 0.4865 - val_opt_accuracy: 0.8724 - val_sar_accuracy: 0.7799 - val_fus_accuracy: 0.5692 - val_opt_loss: 0.0850 - val_sar_loss: 0.1304 - val_fus_loss: 0.2614 - val_loss: 0.4768
2022-01-18 23:47:45,505:INFO:train:Epoch 4/10
2022-01-18 23:48:14,269:INFO:train:184/184 - 29s - opt_accuracy: 0.8944 - sar_accuracy: 0.8030 - fus_accuracy: 0.5796 - opt_loss: 0.0672 - sar_loss: 0.1266 - fus_loss: 0.2850 - loss: 0.4787 - val_opt_accuracy: 0.8756 - val_sar_accuracy: 0.8201 - val_fus_accuracy: 0.5372 - val_opt_loss: 0.0793 - val_sar_loss: 0.1053 - val_fus_loss: 0.2773 - val_loss: 0.4620
2022-01-18 23:48:14,285:INFO:train:Epoch 5/10
2022-01-18 23:48:43,049:INFO:train:184/184 - 29s - opt_accuracy: 0.8966 - sar_accuracy: 0.8250 - fus_accuracy: 0.5683 - opt_loss: 0.0649 - sar_loss: 0.1104 - fus_loss: 0.2976 - loss: 0.4729 - val_opt_accuracy: 0.8747 - val_sar_accuracy: 0.8159 - val_fus_accuracy: 0.5271 - val_opt_loss: 0.0777 - val_sar_loss: 0.1095 - val_fus_loss: 0.2878 - val_loss: 0.4750
2022-01-18 23:48:43,065:INFO:train:Epoch 6/10
2022-01-18 23:49:11,876:INFO:train:184/184 - 29s - opt_accuracy: 0.8977 - sar_accuracy: 0.8324 - fus_accuracy: 0.5628 - opt_loss: 0.0638 - sar_loss: 0.1043 - fus_loss: 0.2976 - loss: 0.4656 - val_opt_accuracy: 0.8737 - val_sar_accuracy: 0.8199 - val_fus_accuracy: 0.5413 - val_opt_loss: 0.0765 - val_sar_loss: 0.1052 - val_fus_loss: 0.3144 - val_loss: 0.4961
2022-01-18 23:49:11,892:INFO:train:Epoch 7/10
2022-01-18 23:49:40,672:INFO:train:184/184 - 29s - opt_accuracy: 0.8986 - sar_accuracy: 0.8340 - fus_accuracy: 0.5579 - opt_loss: 0.0629 - sar_loss: 0.1031 - fus_loss: 0.2975 - loss: 0.4635 - val_opt_accuracy: 0.8730 - val_sar_accuracy: 0.8254 - val_fus_accuracy: 0.5318 - val_opt_loss: 0.0765 - val_sar_loss: 0.1058 - val_fus_loss: 0.2937 - val_loss: 0.4761
2022-01-18 23:49:40,687:INFO:train:Epoch 8/10
2022-01-18 23:50:09,436:INFO:train:184/184 - 29s - opt_accuracy: 0.9001 - sar_accuracy: 0.8373 - fus_accuracy: 0.5539 - opt_loss: 0.0613 - sar_loss: 0.1008 - fus_loss: 0.2970 - loss: 0.4591 - val_opt_accuracy: 0.8777 - val_sar_accuracy: 0.8294 - val_fus_accuracy: 0.5024 - val_opt_loss: 0.0729 - val_sar_loss: 0.1007 - val_fus_loss: 0.2741 - val_loss: 0.4476
2022-01-18 23:50:09,452:INFO:train:Epoch 9/10
2022-01-18 23:50:38,154:INFO:train:184/184 - 29s - opt_accuracy: 0.9015 - sar_accuracy: 0.8385 - fus_accuracy: 0.5542 - opt_loss: 0.0599 - sar_loss: 0.1000 - fus_loss: 0.2953 - loss: 0.4552 - val_opt_accuracy: 0.8784 - val_sar_accuracy: 0.8380 - val_fus_accuracy: 0.5078 - val_opt_loss: 0.0714 - val_sar_loss: 0.0936 - val_fus_loss: 0.2801 - val_loss: 0.4451
2022-01-18 23:50:38,169:INFO:train:Epoch 10/10
2022-01-18 23:51:06,965:INFO:train:184/184 - 29s - opt_accuracy: 0.9021 - sar_accuracy: 0.8403 - fus_accuracy: 0.5534 - opt_loss: 0.0587 - sar_loss: 0.0988 - fus_loss: 0.2954 - loss: 0.4528 - val_opt_accuracy: 0.8750 - val_sar_accuracy: 0.7948 - val_fus_accuracy: 0.5092 - val_opt_loss: 0.0752 - val_sar_loss: 0.1253 - val_fus_loss: 0.2979 - val_loss: 0.4985
2022-01-18 23:51:07,105:INFO:train:Epoch 1/500
2022-01-18 23:52:15,634:INFO:train:184/184 - 69s - opt_accuracy: 0.8891 - sar_accuracy: 0.7628 - fus_accuracy: 0.8869 - opt_loss: 0.0720 - sar_loss: 0.1505 - fus_loss: 0.1140 - loss: 0.3365 - val_opt_accuracy: 0.8794 - val_sar_accuracy: 0.8191 - val_fus_accuracy: 0.8847 - val_opt_loss: 0.0706 - val_sar_loss: 0.1117 - val_fus_loss: 0.1141 - val_loss: 0.2964
2022-01-18 23:52:15,634:INFO:train:
2022-01-18 23:52:15,634:INFO:train:Epoch 00001: val_fus_loss improved from inf to 0.11408, saving model to imgs\experiments\exp_8\models\CrossFusion_ResUNET_1.h5
2022-01-18 23:52:15,727:INFO:train:Epoch 2/500
2022-01-18 23:53:15,959:INFO:train:184/184 - 60s - opt_accuracy: 0.8958 - sar_accuracy: 0.7986 - fus_accuracy: 0.8961 - opt_loss: 0.0651 - sar_loss: 0.1306 - fus_loss: 0.0974 - loss: 0.2932 - val_opt_accuracy: 0.8806 - val_sar_accuracy: 0.7998 - val_fus_accuracy: 0.8814 - val_opt_loss: 0.0680 - val_sar_loss: 0.1214 - val_fus_loss: 0.1034 - val_loss: 0.2928
2022-01-18 23:53:15,959:INFO:train:
2022-01-18 23:53:15,959:INFO:train:Epoch 00002: val_fus_loss improved from 0.11408 to 0.10336, saving model to imgs\experiments\exp_8\models\CrossFusion_ResUNET_1.h5
2022-01-18 23:53:16,068:INFO:train:Epoch 3/500
2022-01-18 23:54:16,175:INFO:train:184/184 - 60s - opt_accuracy: 0.8994 - sar_accuracy: 0.8181 - fus_accuracy: 0.8995 - opt_loss: 0.0621 - sar_loss: 0.1168 - fus_loss: 0.0875 - loss: 0.2665 - val_opt_accuracy: 0.8739 - val_sar_accuracy: 0.8251 - val_fus_accuracy: 0.8803 - val_opt_loss: 0.0665 - val_sar_loss: 0.1039 - val_fus_loss: 0.0929 - val_loss: 0.2634
2022-01-18 23:54:16,175:INFO:train:
2022-01-18 23:54:16,175:INFO:train:Epoch 00003: val_fus_loss improved from 0.10336 to 0.09295, saving model to imgs\experiments\exp_8\models\CrossFusion_ResUNET_1.h5
2022-01-18 23:54:16,300:INFO:train:Epoch 4/500
2022-01-18 23:55:16,610:INFO:train:184/184 - 60s - opt_accuracy: 0.9016 - sar_accuracy: 0.8278 - fus_accuracy: 0.9022 - opt_loss: 0.0595 - sar_loss: 0.1092 - fus_loss: 0.0796 - loss: 0.2482 - val_opt_accuracy: 0.8805 - val_sar_accuracy: 0.8101 - val_fus_accuracy: 0.8847 - val_opt_loss: 0.0693 - val_sar_loss: 0.1219 - val_fus_loss: 0.0892 - val_loss: 0.2804
2022-01-18 23:55:16,610:INFO:train:
2022-01-18 23:55:16,610:INFO:train:Epoch 00004: val_fus_loss improved from 0.09295 to 0.08920, saving model to imgs\experiments\exp_8\models\CrossFusion_ResUNET_1.h5
2022-01-18 23:55:16,719:INFO:train:Epoch 5/500
2022-01-18 23:56:16,982:INFO:train:184/184 - 60s - opt_accuracy: 0.9023 - sar_accuracy: 0.8279 - fus_accuracy: 0.9025 - opt_loss: 0.0584 - sar_loss: 0.1103 - fus_loss: 0.0752 - loss: 0.2439 - val_opt_accuracy: 0.8833 - val_sar_accuracy: 0.8345 - val_fus_accuracy: 0.8816 - val_opt_loss: 0.0635 - val_sar_loss: 0.0965 - val_fus_loss: 0.0808 - val_loss: 0.2409
2022-01-18 23:56:16,982:INFO:train:
2022-01-18 23:56:16,982:INFO:train:Epoch 00005: val_fus_loss improved from 0.08920 to 0.08084, saving model to imgs\experiments\exp_8\models\CrossFusion_ResUNET_1.h5
2022-01-18 23:56:17,091:INFO:train:Epoch 6/500
2022-01-18 23:57:17,229:INFO:train:184/184 - 60s - opt_accuracy: 0.9060 - sar_accuracy: 0.8307 - fus_accuracy: 0.9064 - opt_loss: 0.0553 - sar_loss: 0.1073 - fus_loss: 0.0686 - loss: 0.2312 - val_opt_accuracy: 0.8785 - val_sar_accuracy: 0.7592 - val_fus_accuracy: 0.8826 - val_opt_loss: 0.0662 - val_sar_loss: 0.1470 - val_fus_loss: 0.0842 - val_loss: 0.2974
2022-01-18 23:57:17,229:INFO:train:
2022-01-18 23:57:17,229:INFO:train:Epoch 00006: val_fus_loss did not improve from 0.08084
2022-01-18 23:57:17,245:INFO:train:Epoch 7/500
2022-01-18 23:58:17,528:INFO:train:184/184 - 60s - opt_accuracy: 0.9068 - sar_accuracy: 0.8318 - fus_accuracy: 0.9070 - opt_loss: 0.0536 - sar_loss: 0.1067 - fus_loss: 0.0643 - loss: 0.2246 - val_opt_accuracy: 0.8815 - val_sar_accuracy: 0.8340 - val_fus_accuracy: 0.8811 - val_opt_loss: 0.0695 - val_sar_loss: 0.0999 - val_fus_loss: 0.0829 - val_loss: 0.2524
2022-01-18 23:58:17,528:INFO:train:
2022-01-18 23:58:17,528:INFO:train:Epoch 00007: val_fus_loss did not improve from 0.08084
2022-01-18 23:58:17,559:INFO:train:Epoch 8/500
2022-01-18 23:59:17,869:INFO:train:184/184 - 60s - opt_accuracy: 0.9088 - sar_accuracy: 0.8373 - fus_accuracy: 0.9094 - opt_loss: 0.0521 - sar_loss: 0.1023 - fus_loss: 0.0610 - loss: 0.2154 - val_opt_accuracy: 0.8760 - val_sar_accuracy: 0.8435 - val_fus_accuracy: 0.8749 - val_opt_loss: 0.0754 - val_sar_loss: 0.0893 - val_fus_loss: 0.0847 - val_loss: 0.2494
2022-01-18 23:59:17,869:INFO:train:
2022-01-18 23:59:17,869:INFO:train:Epoch 00008: val_fus_loss did not improve from 0.08084
2022-01-18 23:59:17,885:INFO:train:Epoch 9/500
2022-01-19 00:00:17,945:INFO:train:184/184 - 60s - opt_accuracy: 0.9105 - sar_accuracy: 0.8373 - fus_accuracy: 0.9104 - opt_loss: 0.0504 - sar_loss: 0.1032 - fus_loss: 0.0582 - loss: 0.2118 - val_opt_accuracy: 0.8793 - val_sar_accuracy: 0.8372 - val_fus_accuracy: 0.8790 - val_opt_loss: 0.0689 - val_sar_loss: 0.0931 - val_fus_loss: 0.0749 - val_loss: 0.2369
2022-01-19 00:00:17,945:INFO:train:
2022-01-19 00:00:17,945:INFO:train:Epoch 00009: val_fus_loss improved from 0.08084 to 0.07495, saving model to imgs\experiments\exp_8\models\CrossFusion_ResUNET_1.h5
2022-01-19 00:00:18,054:INFO:train:Epoch 10/500
2022-01-19 00:01:18,259:INFO:train:184/184 - 60s - opt_accuracy: 0.9132 - sar_accuracy: 0.8395 - fus_accuracy: 0.9133 - opt_loss: 0.0486 - sar_loss: 0.1004 - fus_loss: 0.0547 - loss: 0.2037 - val_opt_accuracy: 0.8765 - val_sar_accuracy: 0.8404 - val_fus_accuracy: 0.8799 - val_opt_loss: 0.0701 - val_sar_loss: 0.0934 - val_fus_loss: 0.0808 - val_loss: 0.2443
2022-01-19 00:01:18,259:INFO:train:
2022-01-19 00:01:18,259:INFO:train:Epoch 00010: val_fus_loss did not improve from 0.07495
2022-01-19 00:01:18,275:INFO:train:Epoch 11/500
2022-01-19 00:02:18,553:INFO:train:184/184 - 60s - opt_accuracy: 0.9131 - sar_accuracy: 0.8387 - fus_accuracy: 0.9135 - opt_loss: 0.0480 - sar_loss: 0.1012 - fus_loss: 0.0530 - loss: 0.2023 - val_opt_accuracy: 0.8788 - val_sar_accuracy: 0.8176 - val_fus_accuracy: 0.8725 - val_opt_loss: 0.0789 - val_sar_loss: 0.1159 - val_fus_loss: 0.0960 - val_loss: 0.2908
2022-01-19 00:02:18,553:INFO:train:
2022-01-19 00:02:18,553:INFO:train:Epoch 00011: val_fus_loss did not improve from 0.07495
2022-01-19 00:02:18,569:INFO:train:Epoch 12/500
2022-01-19 00:03:18,723:INFO:train:184/184 - 60s - opt_accuracy: 0.9151 - sar_accuracy: 0.8425 - fus_accuracy: 0.9153 - opt_loss: 0.0471 - sar_loss: 0.0982 - fus_loss: 0.0517 - loss: 0.1969 - val_opt_accuracy: 0.8801 - val_sar_accuracy: 0.8198 - val_fus_accuracy: 0.8788 - val_opt_loss: 0.0720 - val_sar_loss: 0.1069 - val_fus_loss: 0.0796 - val_loss: 0.2585
2022-01-19 00:03:18,723:INFO:train:
2022-01-19 00:03:18,723:INFO:train:Epoch 00012: val_fus_loss did not improve from 0.07495
2022-01-19 00:03:18,738:INFO:train:Epoch 13/500
2022-01-19 00:04:19,032:INFO:train:184/184 - 60s - opt_accuracy: 0.9179 - sar_accuracy: 0.8450 - fus_accuracy: 0.9183 - opt_loss: 0.0442 - sar_loss: 0.0966 - fus_loss: 0.0481 - loss: 0.1889 - val_opt_accuracy: 0.8791 - val_sar_accuracy: 0.8282 - val_fus_accuracy: 0.8774 - val_opt_loss: 0.0764 - val_sar_loss: 0.1085 - val_fus_loss: 0.0828 - val_loss: 0.2676
2022-01-19 00:04:19,032:INFO:train:
2022-01-19 00:04:19,032:INFO:train:Epoch 00013: val_fus_loss did not improve from 0.07495
2022-01-19 00:04:19,048:INFO:train:Epoch 14/500
2022-01-19 00:05:19,090:INFO:train:184/184 - 60s - opt_accuracy: 0.9198 - sar_accuracy: 0.8480 - fus_accuracy: 0.9203 - opt_loss: 0.0432 - sar_loss: 0.0944 - fus_loss: 0.0465 - loss: 0.1841 - val_opt_accuracy: 0.8763 - val_sar_accuracy: 0.8447 - val_fus_accuracy: 0.8751 - val_opt_loss: 0.0903 - val_sar_loss: 0.0878 - val_fus_loss: 0.0856 - val_loss: 0.2636
2022-01-19 00:05:19,090:INFO:train:
2022-01-19 00:05:19,090:INFO:train:Epoch 00014: val_fus_loss did not improve from 0.07495
2022-01-19 00:05:19,105:INFO:train:Epoch 15/500
2022-01-19 00:06:18,899:INFO:train:184/184 - 60s - opt_accuracy: 0.9208 - sar_accuracy: 0.8468 - fus_accuracy: 0.9215 - opt_loss: 0.0416 - sar_loss: 0.0953 - fus_loss: 0.0442 - loss: 0.1811 - val_opt_accuracy: 0.8783 - val_sar_accuracy: 0.8329 - val_fus_accuracy: 0.8711 - val_opt_loss: 0.0818 - val_sar_loss: 0.0993 - val_fus_loss: 0.0870 - val_loss: 0.2682
2022-01-19 00:06:18,899:INFO:train:
2022-01-19 00:06:18,899:INFO:train:Epoch 00015: val_fus_loss did not improve from 0.07495
2022-01-19 00:06:18,915:INFO:train:Epoch 16/500
2022-01-19 00:07:18,850:INFO:train:184/184 - 60s - opt_accuracy: 0.9239 - sar_accuracy: 0.8517 - fus_accuracy: 0.9248 - opt_loss: 0.0391 - sar_loss: 0.0915 - fus_loss: 0.0413 - loss: 0.1719 - val_opt_accuracy: 0.8773 - val_sar_accuracy: 0.8411 - val_fus_accuracy: 0.8756 - val_opt_loss: 0.0799 - val_sar_loss: 0.0898 - val_fus_loss: 0.0826 - val_loss: 0.2523
2022-01-19 00:07:18,850:INFO:train:
2022-01-19 00:07:18,850:INFO:train:Epoch 00016: val_fus_loss did not improve from 0.07495
2022-01-19 00:07:18,866:INFO:train:Epoch 17/500
2022-01-19 00:08:18,707:INFO:train:184/184 - 60s - opt_accuracy: 0.9254 - sar_accuracy: 0.8542 - fus_accuracy: 0.9260 - opt_loss: 0.0382 - sar_loss: 0.0889 - fus_loss: 0.0402 - loss: 0.1673 - val_opt_accuracy: 0.8791 - val_sar_accuracy: 0.8331 - val_fus_accuracy: 0.8760 - val_opt_loss: 0.0839 - val_sar_loss: 0.1000 - val_fus_loss: 0.0911 - val_loss: 0.2751
2022-01-19 00:08:18,707:INFO:train:
2022-01-19 00:08:18,707:INFO:train:Epoch 00017: val_fus_loss did not improve from 0.07495
2022-01-19 00:08:18,722:INFO:train:Epoch 18/500
2022-01-19 00:09:18,626:INFO:train:184/184 - 60s - opt_accuracy: 0.9273 - sar_accuracy: 0.8559 - fus_accuracy: 0.9282 - opt_loss: 0.0361 - sar_loss: 0.0879 - fus_loss: 0.0378 - loss: 0.1617 - val_opt_accuracy: 0.8839 - val_sar_accuracy: 0.8446 - val_fus_accuracy: 0.8800 - val_opt_loss: 0.0856 - val_sar_loss: 0.0892 - val_fus_loss: 0.0888 - val_loss: 0.2636
2022-01-19 00:09:18,626:INFO:train:
2022-01-19 00:09:18,626:INFO:train:Epoch 00018: val_fus_loss did not improve from 0.07495
2022-01-19 00:09:18,641:INFO:train:Epoch 19/500
2022-01-19 00:10:18,607:INFO:train:184/184 - 60s - opt_accuracy: 0.9279 - sar_accuracy: 0.8573 - fus_accuracy: 0.9285 - opt_loss: 0.0358 - sar_loss: 0.0864 - fus_loss: 0.0371 - loss: 0.1593 - val_opt_accuracy: 0.8772 - val_sar_accuracy: 0.8462 - val_fus_accuracy: 0.8780 - val_opt_loss: 0.0848 - val_sar_loss: 0.0871 - val_fus_loss: 0.0790 - val_loss: 0.2509
2022-01-19 00:10:18,607:INFO:train:
2022-01-19 00:10:18,607:INFO:train:Epoch 00019: val_fus_loss did not improve from 0.07495
2022-01-19 00:10:18,623:INFO:train:Epoch 20/500
2022-01-19 00:11:18,605:INFO:train:184/184 - 60s - opt_accuracy: 0.9298 - sar_accuracy: 0.8599 - fus_accuracy: 0.9310 - opt_loss: 0.0343 - sar_loss: 0.0839 - fus_loss: 0.0352 - loss: 0.1534 - val_opt_accuracy: 0.8734 - val_sar_accuracy: 0.8443 - val_fus_accuracy: 0.8733 - val_opt_loss: 0.0886 - val_sar_loss: 0.0886 - val_fus_loss: 0.0864 - val_loss: 0.2636
2022-01-19 00:11:18,605:INFO:train:
2022-01-19 00:11:18,605:INFO:train:Epoch 00020: val_fus_loss did not improve from 0.07495
2022-01-19 00:11:18,620:INFO:train:Epoch 21/500
2022-01-19 00:12:18,493:INFO:train:184/184 - 60s - opt_accuracy: 0.9311 - sar_accuracy: 0.8606 - fus_accuracy: 0.9319 - opt_loss: 0.0333 - sar_loss: 0.0837 - fus_loss: 0.0344 - loss: 0.1514 - val_opt_accuracy: 0.8789 - val_sar_accuracy: 0.8243 - val_fus_accuracy: 0.8772 - val_opt_loss: 0.0793 - val_sar_loss: 0.1075 - val_fus_loss: 0.0900 - val_loss: 0.2768
2022-01-19 00:12:18,493:INFO:train:
2022-01-19 00:12:18,493:INFO:train:Epoch 00021: val_fus_loss did not improve from 0.07495
2022-01-19 00:12:18,508:INFO:train:Epoch 22/500
2022-01-19 00:13:18,396:INFO:train:184/184 - 60s - opt_accuracy: 0.9327 - sar_accuracy: 0.8617 - fus_accuracy: 0.9337 - opt_loss: 0.0320 - sar_loss: 0.0831 - fus_loss: 0.0327 - loss: 0.1478 - val_opt_accuracy: 0.8804 - val_sar_accuracy: 0.8339 - val_fus_accuracy: 0.8823 - val_opt_loss: 0.0882 - val_sar_loss: 0.0995 - val_fus_loss: 0.0914 - val_loss: 0.2791
2022-01-19 00:13:18,396:INFO:train:
2022-01-19 00:13:18,396:INFO:train:Epoch 00022: val_fus_loss did not improve from 0.07495
2022-01-19 00:13:18,412:INFO:train:Epoch 23/500
2022-01-19 00:14:18,331:INFO:train:184/184 - 60s - opt_accuracy: 0.9342 - sar_accuracy: 0.8650 - fus_accuracy: 0.9354 - opt_loss: 0.0306 - sar_loss: 0.0800 - fus_loss: 0.0310 - loss: 0.1417 - val_opt_accuracy: 0.8786 - val_sar_accuracy: 0.8505 - val_fus_accuracy: 0.8760 - val_opt_loss: 0.0832 - val_sar_loss: 0.0851 - val_fus_loss: 0.0835 - val_loss: 0.2518
2022-01-19 00:14:18,331:INFO:train:
2022-01-19 00:14:18,331:INFO:train:Epoch 00023: val_fus_loss did not improve from 0.07495
2022-01-19 00:14:18,347:INFO:train:Epoch 24/500
2022-01-19 00:15:18,188:INFO:train:184/184 - 60s - opt_accuracy: 0.9350 - sar_accuracy: 0.8646 - fus_accuracy: 0.9363 - opt_loss: 0.0301 - sar_loss: 0.0802 - fus_loss: 0.0305 - loss: 0.1408 - val_opt_accuracy: 0.8794 - val_sar_accuracy: 0.8462 - val_fus_accuracy: 0.8746 - val_opt_loss: 0.0933 - val_sar_loss: 0.0913 - val_fus_loss: 0.0993 - val_loss: 0.2839
2022-01-19 00:15:18,188:INFO:train:
2022-01-19 00:15:18,188:INFO:train:Epoch 00024: val_fus_loss did not improve from 0.07495
2022-01-19 00:15:18,188:INFO:train:Epoch 00024: early stopping
2022-01-19 00:15:26,297:INFO:train:Training Experiment 8 time: 2
2022-01-19 00:15:26,297:INFO:train:Training Conditions: CrossFusion_ResUNET_FUS_n_n
2022-01-19 00:15:33,484:INFO:train:Image stack:
2022-01-19 00:15:33,484:INFO:train:(17730, 9203, 30)
2022-01-19 00:15:33,922:INFO:train:Labels stack:
2022-01-19 00:15:33,922:INFO:train:(17730, 9203)
2022-01-19 00:15:56,795:INFO:train:Model: "cross_fusion__res_unet"
2022-01-19 00:15:56,795:INFO:train:_________________________________________________________________
2022-01-19 00:15:56,795:INFO:train:Layer (type)                 Output Shape              Param #
2022-01-19 00:15:56,795:INFO:train:=================================================================
2022-01-19 00:15:56,795:INFO:train:opt_encoder (ResUNET_Encoder multiple                  1066944
2022-01-19 00:15:56,795:INFO:train:_________________________________________________________________
2022-01-19 00:15:56,795:INFO:train:sar_encoder (ResUNET_Encoder multiple                  1054272
2022-01-19 00:15:56,795:INFO:train:_________________________________________________________________
2022-01-19 00:15:56,795:INFO:train:opt_decoder (ResUNET_Decoder multiple                  221408
2022-01-19 00:15:56,795:INFO:train:_________________________________________________________________
2022-01-19 00:15:56,795:INFO:train:sar_decoder (ResUNET_Decoder multiple                  221408
2022-01-19 00:15:56,795:INFO:train:_________________________________________________________________
2022-01-19 00:15:56,795:INFO:train:fus_cross (CrossFusion)      multiple                  518531
2022-01-19 00:15:56,795:INFO:train:_________________________________________________________________
2022-01-19 00:15:56,795:INFO:train:opt_classifier (Classifier)  multiple                  195
2022-01-19 00:15:56,795:INFO:train:_________________________________________________________________
2022-01-19 00:15:56,795:INFO:train:sar_classifier (Classifier)  multiple                  195
2022-01-19 00:15:56,795:INFO:train:=================================================================
2022-01-19 00:15:56,795:INFO:train:Total params: 3,082,953
2022-01-19 00:15:56,795:INFO:train:Trainable params: 3,082,057
2022-01-19 00:15:56,795:INFO:train:Non-trainable params: 896
2022-01-19 00:15:56,795:INFO:train:_________________________________________________________________
2022-01-19 00:15:57,061:INFO:train:Epoch 1/10
2022-01-19 00:16:36,075:INFO:train:184/184 - 39s - opt_accuracy: 0.8537 - sar_accuracy: 0.7471 - fus_accuracy: 0.6476 - opt_loss: 0.0972 - sar_loss: 0.1588 - fus_loss: 0.2311 - loss: 0.4871 - val_opt_accuracy: 0.8656 - val_sar_accuracy: 0.8015 - val_fus_accuracy: 0.7018 - val_opt_loss: 0.0814 - val_sar_loss: 0.1290 - val_fus_loss: 0.1735 - val_loss: 0.3839
2022-01-19 00:16:36,091:INFO:train:Epoch 2/10
2022-01-19 00:17:04,464:INFO:train:184/184 - 28s - opt_accuracy: 0.8860 - sar_accuracy: 0.7650 - fus_accuracy: 0.6526 - opt_loss: 0.0725 - sar_loss: 0.1530 - fus_loss: 0.2339 - loss: 0.4594 - val_opt_accuracy: 0.8758 - val_sar_accuracy: 0.7875 - val_fus_accuracy: 0.7305 - val_opt_loss: 0.0737 - val_sar_loss: 0.1340 - val_fus_loss: 0.1668 - val_loss: 0.3745
2022-01-19 00:17:04,480:INFO:train:Epoch 3/10
2022-01-19 00:17:32,932:INFO:train:184/184 - 28s - opt_accuracy: 0.8906 - sar_accuracy: 0.7773 - fus_accuracy: 0.6601 - opt_loss: 0.0685 - sar_loss: 0.1434 - fus_loss: 0.2393 - loss: 0.4512 - val_opt_accuracy: 0.8794 - val_sar_accuracy: 0.7865 - val_fus_accuracy: 0.7503 - val_opt_loss: 0.0719 - val_sar_loss: 0.1324 - val_fus_loss: 0.1710 - val_loss: 0.3753
2022-01-19 00:17:32,947:INFO:train:Epoch 4/10
2022-01-19 00:18:01,415:INFO:train:184/184 - 28s - opt_accuracy: 0.8927 - sar_accuracy: 0.8109 - fus_accuracy: 0.6655 - opt_loss: 0.0669 - sar_loss: 0.1233 - fus_loss: 0.2503 - loss: 0.4406 - val_opt_accuracy: 0.8777 - val_sar_accuracy: 0.8246 - val_fus_accuracy: 0.7535 - val_opt_loss: 0.0742 - val_sar_loss: 0.1120 - val_fus_loss: 0.1726 - val_loss: 0.3588
2022-01-19 00:18:01,431:INFO:train:Epoch 5/10
2022-01-19 00:18:30,007:INFO:train:184/184 - 29s - opt_accuracy: 0.8957 - sar_accuracy: 0.8261 - fus_accuracy: 0.6642 - opt_loss: 0.0643 - sar_loss: 0.1111 - fus_loss: 0.2561 - loss: 0.4314 - val_opt_accuracy: 0.8804 - val_sar_accuracy: 0.8363 - val_fus_accuracy: 0.7435 - val_opt_loss: 0.0692 - val_sar_loss: 0.0983 - val_fus_loss: 0.1710 - val_loss: 0.3384
2022-01-19 00:18:30,023:INFO:train:Epoch 6/10
2022-01-19 00:18:58,584:INFO:train:184/184 - 29s - opt_accuracy: 0.8973 - sar_accuracy: 0.8316 - fus_accuracy: 0.6607 - opt_loss: 0.0634 - sar_loss: 0.1071 - fus_loss: 0.2563 - loss: 0.4268 - val_opt_accuracy: 0.8753 - val_sar_accuracy: 0.8334 - val_fus_accuracy: 0.7380 - val_opt_loss: 0.0732 - val_sar_loss: 0.1020 - val_fus_loss: 0.1734 - val_loss: 0.3486
2022-01-19 00:18:58,600:INFO:train:Epoch 7/10
2022-01-19 00:19:27,192:INFO:train:184/184 - 29s - opt_accuracy: 0.8979 - sar_accuracy: 0.8354 - fus_accuracy: 0.6576 - opt_loss: 0.0622 - sar_loss: 0.1038 - fus_loss: 0.2589 - loss: 0.4248 - val_opt_accuracy: 0.8810 - val_sar_accuracy: 0.8319 - val_fus_accuracy: 0.7621 - val_opt_loss: 0.0677 - val_sar_loss: 0.1038 - val_fus_loss: 0.1673 - val_loss: 0.3387
2022-01-19 00:19:27,208:INFO:train:Epoch 8/10
2022-01-19 00:19:55,988:INFO:train:184/184 - 29s - opt_accuracy: 0.8989 - sar_accuracy: 0.8385 - fus_accuracy: 0.6584 - opt_loss: 0.0612 - sar_loss: 0.1016 - fus_loss: 0.2571 - loss: 0.4199 - val_opt_accuracy: 0.8758 - val_sar_accuracy: 0.8217 - val_fus_accuracy: 0.7369 - val_opt_loss: 0.0731 - val_sar_loss: 0.1127 - val_fus_loss: 0.1759 - val_loss: 0.3617
2022-01-19 00:19:56,004:INFO:train:Epoch 9/10
2022-01-19 00:20:24,737:INFO:train:184/184 - 29s - opt_accuracy: 0.8997 - sar_accuracy: 0.8397 - fus_accuracy: 0.6558 - opt_loss: 0.0601 - sar_loss: 0.1006 - fus_loss: 0.2570 - loss: 0.4177 - val_opt_accuracy: 0.8827 - val_sar_accuracy: 0.8317 - val_fus_accuracy: 0.7440 - val_opt_loss: 0.0676 - val_sar_loss: 0.1030 - val_fus_loss: 0.1685 - val_loss: 0.3390
2022-01-19 00:20:24,752:INFO:train:Epoch 10/10
2022-01-19 00:20:53,423:INFO:train:184/184 - 29s - opt_accuracy: 0.9008 - sar_accuracy: 0.8410 - fus_accuracy: 0.6556 - opt_loss: 0.0592 - sar_loss: 0.0994 - fus_loss: 0.2592 - loss: 0.4178 - val_opt_accuracy: 0.8836 - val_sar_accuracy: 0.8404 - val_fus_accuracy: 0.7475 - val_opt_loss: 0.0661 - val_sar_loss: 0.0963 - val_fus_loss: 0.1637 - val_loss: 0.3261
2022-01-19 00:20:53,548:INFO:train:Epoch 1/500
2022-01-19 00:22:01,467:INFO:train:184/184 - 68s - opt_accuracy: 0.8909 - sar_accuracy: 0.7789 - fus_accuracy: 0.8855 - opt_loss: 0.0708 - sar_loss: 0.1521 - fus_loss: 0.1125 - loss: 0.3353 - val_opt_accuracy: 0.8753 - val_sar_accuracy: 0.8297 - val_fus_accuracy: 0.8651 - val_opt_loss: 0.0729 - val_sar_loss: 0.1000 - val_fus_loss: 0.1158 - val_loss: 0.2887
2022-01-19 00:22:01,467:INFO:train:
2022-01-19 00:22:01,467:INFO:train:Epoch 00001: val_fus_loss improved from inf to 0.11578, saving model to imgs\experiments\exp_8\models\CrossFusion_ResUNET_2.h5
2022-01-19 00:22:01,576:INFO:train:Epoch 2/500
2022-01-19 00:23:00,902:INFO:train:184/184 - 59s - opt_accuracy: 0.8978 - sar_accuracy: 0.8113 - fus_accuracy: 0.8972 - opt_loss: 0.0638 - sar_loss: 0.1232 - fus_loss: 0.0954 - loss: 0.2825 - val_opt_accuracy: 0.8802 - val_sar_accuracy: 0.8265 - val_fus_accuracy: 0.8778 - val_opt_loss: 0.0675 - val_sar_loss: 0.1058 - val_fus_loss: 0.1009 - val_loss: 0.2742
2022-01-19 00:23:00,902:INFO:train:
2022-01-19 00:23:00,902:INFO:train:Epoch 00002: val_fus_loss improved from 0.11578 to 0.10086, saving model to imgs\experiments\exp_8\models\CrossFusion_ResUNET_2.h5
2022-01-19 00:23:00,995:INFO:train:Epoch 3/500
2022-01-19 00:24:00,118:INFO:train:184/184 - 59s - opt_accuracy: 0.8996 - sar_accuracy: 0.8121 - fus_accuracy: 0.8990 - opt_loss: 0.0622 - sar_loss: 0.1211 - fus_loss: 0.0867 - loss: 0.2700 - val_opt_accuracy: 0.8784 - val_sar_accuracy: 0.8220 - val_fus_accuracy: 0.8790 - val_opt_loss: 0.0673 - val_sar_loss: 0.1063 - val_fus_loss: 0.0875 - val_loss: 0.2610
2022-01-19 00:24:00,118:INFO:train:
2022-01-19 00:24:00,118:INFO:train:Epoch 00003: val_fus_loss improved from 0.10086 to 0.08753, saving model to imgs\experiments\exp_8\models\CrossFusion_ResUNET_2.h5
2022-01-19 00:24:00,211:INFO:train:Epoch 4/500
2022-01-19 00:24:59,552:INFO:train:184/184 - 59s - opt_accuracy: 0.9026 - sar_accuracy: 0.8209 - fus_accuracy: 0.9024 - opt_loss: 0.0587 - sar_loss: 0.1161 - fus_loss: 0.0779 - loss: 0.2526 - val_opt_accuracy: 0.8776 - val_sar_accuracy: 0.7781 - val_fus_accuracy: 0.8684 - val_opt_loss: 0.0662 - val_sar_loss: 0.1257 - val_fus_loss: 0.1000 - val_loss: 0.2919
2022-01-19 00:24:59,552:INFO:train:
2022-01-19 00:24:59,552:INFO:train:Epoch 00004: val_fus_loss did not improve from 0.08753
2022-01-19 00:24:59,568:INFO:train:Epoch 5/500
2022-01-19 00:25:58,753:INFO:train:184/184 - 59s - opt_accuracy: 0.9039 - sar_accuracy: 0.8271 - fus_accuracy: 0.9045 - opt_loss: 0.0570 - sar_loss: 0.1113 - fus_loss: 0.0717 - loss: 0.2401 - val_opt_accuracy: 0.8810 - val_sar_accuracy: 0.8363 - val_fus_accuracy: 0.8859 - val_opt_loss: 0.0682 - val_sar_loss: 0.0927 - val_fus_loss: 0.0858 - val_loss: 0.2468
2022-01-19 00:25:58,753:INFO:train:
2022-01-19 00:25:58,753:INFO:train:Epoch 00005: val_fus_loss improved from 0.08753 to 0.08582, saving model to imgs\experiments\exp_8\models\CrossFusion_ResUNET_2.h5
2022-01-19 00:25:58,862:INFO:train:Epoch 6/500
2022-01-19 00:26:57,969:INFO:train:184/184 - 59s - opt_accuracy: 0.9055 - sar_accuracy: 0.8310 - fus_accuracy: 0.9058 - opt_loss: 0.0555 - sar_loss: 0.1086 - fus_loss: 0.0670 - loss: 0.2311 - val_opt_accuracy: 0.8771 - val_sar_accuracy: 0.8286 - val_fus_accuracy: 0.8799 - val_opt_loss: 0.0683 - val_sar_loss: 0.1041 - val_fus_loss: 0.0822 - val_loss: 0.2547
2022-01-19 00:26:57,969:INFO:train:
2022-01-19 00:26:57,969:INFO:train:Epoch 00006: val_fus_loss improved from 0.08582 to 0.08223, saving model to imgs\experiments\exp_8\models\CrossFusion_ResUNET_2.h5
2022-01-19 00:26:58,078:INFO:train:Epoch 7/500
2022-01-19 00:27:57,295:INFO:train:184/184 - 59s - opt_accuracy: 0.9074 - sar_accuracy: 0.8318 - fus_accuracy: 0.9081 - opt_loss: 0.0530 - sar_loss: 0.1069 - fus_loss: 0.0624 - loss: 0.2223 - val_opt_accuracy: 0.8742 - val_sar_accuracy: 0.8325 - val_fus_accuracy: 0.8755 - val_opt_loss: 0.0713 - val_sar_loss: 0.0944 - val_fus_loss: 0.0820 - val_loss: 0.2477
2022-01-19 00:27:57,295:INFO:train:
2022-01-19 00:27:57,295:INFO:train:Epoch 00007: val_fus_loss improved from 0.08223 to 0.08205, saving model to imgs\experiments\exp_8\models\CrossFusion_ResUNET_2.h5
2022-01-19 00:27:57,404:INFO:train:Epoch 8/500
2022-01-19 00:28:56,526:INFO:train:184/184 - 59s - opt_accuracy: 0.9059 - sar_accuracy: 0.8308 - fus_accuracy: 0.9055 - opt_loss: 0.0551 - sar_loss: 0.1081 - fus_loss: 0.0630 - loss: 0.2262 - val_opt_accuracy: 0.8833 - val_sar_accuracy: 0.8214 - val_fus_accuracy: 0.8876 - val_opt_loss: 0.0674 - val_sar_loss: 0.0977 - val_fus_loss: 0.0784 - val_loss: 0.2436
2022-01-19 00:28:56,526:INFO:train:
2022-01-19 00:28:56,526:INFO:train:Epoch 00008: val_fus_loss improved from 0.08205 to 0.07838, saving model to imgs\experiments\exp_8\models\CrossFusion_ResUNET_2.h5
2022-01-19 00:28:56,636:INFO:train:Epoch 9/500
2022-01-19 00:29:55,742:INFO:train:184/184 - 59s - opt_accuracy: 0.9085 - sar_accuracy: 0.8381 - fus_accuracy: 0.9085 - opt_loss: 0.0517 - sar_loss: 0.1024 - fus_loss: 0.0580 - loss: 0.2121 - val_opt_accuracy: 0.8824 - val_sar_accuracy: 0.8335 - val_fus_accuracy: 0.8806 - val_opt_loss: 0.0672 - val_sar_loss: 0.0991 - val_fus_loss: 0.0743 - val_loss: 0.2406
2022-01-19 00:29:55,742:INFO:train:
2022-01-19 00:29:55,742:INFO:train:Epoch 00009: val_fus_loss improved from 0.07838 to 0.07426, saving model to imgs\experiments\exp_8\models\CrossFusion_ResUNET_2.h5
2022-01-19 00:29:55,852:INFO:train:Epoch 10/500
2022-01-19 00:30:54,990:INFO:train:184/184 - 59s - opt_accuracy: 0.9118 - sar_accuracy: 0.8365 - fus_accuracy: 0.9120 - opt_loss: 0.0490 - sar_loss: 0.1045 - fus_loss: 0.0547 - loss: 0.2082 - val_opt_accuracy: 0.8769 - val_sar_accuracy: 0.8318 - val_fus_accuracy: 0.8786 - val_opt_loss: 0.0745 - val_sar_loss: 0.1011 - val_fus_loss: 0.0865 - val_loss: 0.2621
2022-01-19 00:30:54,990:INFO:train:
2022-01-19 00:30:54,990:INFO:train:Epoch 00010: val_fus_loss did not improve from 0.07426
2022-01-19 00:30:55,005:INFO:train:Epoch 11/500
2022-01-19 00:31:54,050:INFO:train:184/184 - 59s - opt_accuracy: 0.9133 - sar_accuracy: 0.8336 - fus_accuracy: 0.9140 - opt_loss: 0.0475 - sar_loss: 0.1046 - fus_loss: 0.0520 - loss: 0.2040 - val_opt_accuracy: 0.8821 - val_sar_accuracy: 0.8269 - val_fus_accuracy: 0.8801 - val_opt_loss: 0.0715 - val_sar_loss: 0.1043 - val_fus_loss: 0.0787 - val_loss: 0.2545
2022-01-19 00:31:54,050:INFO:train:
2022-01-19 00:31:54,050:INFO:train:Epoch 00011: val_fus_loss did not improve from 0.07426
2022-01-19 00:31:54,065:INFO:train:Epoch 12/500
2022-01-19 00:32:53,094:INFO:train:184/184 - 59s - opt_accuracy: 0.9157 - sar_accuracy: 0.8394 - fus_accuracy: 0.9160 - opt_loss: 0.0457 - sar_loss: 0.1005 - fus_loss: 0.0495 - loss: 0.1957 - val_opt_accuracy: 0.8827 - val_sar_accuracy: 0.8377 - val_fus_accuracy: 0.8762 - val_opt_loss: 0.0720 - val_sar_loss: 0.0897 - val_fus_loss: 0.0753 - val_loss: 0.2370
2022-01-19 00:32:53,094:INFO:train:
2022-01-19 00:32:53,094:INFO:train:Epoch 00012: val_fus_loss did not improve from 0.07426
2022-01-19 00:32:53,109:INFO:train:Epoch 13/500
2022-01-19 00:33:52,372:INFO:train:184/184 - 59s - opt_accuracy: 0.9178 - sar_accuracy: 0.8436 - fus_accuracy: 0.9178 - opt_loss: 0.0437 - sar_loss: 0.0972 - fus_loss: 0.0471 - loss: 0.1881 - val_opt_accuracy: 0.8730 - val_sar_accuracy: 0.8432 - val_fus_accuracy: 0.8736 - val_opt_loss: 0.0808 - val_sar_loss: 0.0885 - val_fus_loss: 0.0877 - val_loss: 0.2570
2022-01-19 00:33:52,372:INFO:train:
2022-01-19 00:33:52,372:INFO:train:Epoch 00013: val_fus_loss did not improve from 0.07426
2022-01-19 00:33:52,388:INFO:train:Epoch 14/500
2022-01-19 00:34:51,486:INFO:train:184/184 - 59s - opt_accuracy: 0.9197 - sar_accuracy: 0.8425 - fus_accuracy: 0.9200 - opt_loss: 0.0423 - sar_loss: 0.0974 - fus_loss: 0.0449 - loss: 0.1846 - val_opt_accuracy: 0.8757 - val_sar_accuracy: 0.8399 - val_fus_accuracy: 0.8627 - val_opt_loss: 0.0805 - val_sar_loss: 0.0919 - val_fus_loss: 0.0926 - val_loss: 0.2650
2022-01-19 00:34:51,486:INFO:train:
2022-01-19 00:34:51,486:INFO:train:Epoch 00014: val_fus_loss did not improve from 0.07426
2022-01-19 00:34:51,501:INFO:train:Epoch 15/500
2022-01-19 00:35:50,467:INFO:train:184/184 - 59s - opt_accuracy: 0.9213 - sar_accuracy: 0.8423 - fus_accuracy: 0.9218 - opt_loss: 0.0409 - sar_loss: 0.0979 - fus_loss: 0.0433 - loss: 0.1821 - val_opt_accuracy: 0.8801 - val_sar_accuracy: 0.8334 - val_fus_accuracy: 0.8837 - val_opt_loss: 0.0798 - val_sar_loss: 0.0991 - val_fus_loss: 0.0780 - val_loss: 0.2568
2022-01-19 00:35:50,467:INFO:train:
2022-01-19 00:35:50,467:INFO:train:Epoch 00015: val_fus_loss did not improve from 0.07426
2022-01-19 00:35:50,483:INFO:train:Epoch 16/500
2022-01-19 00:36:49,496:INFO:train:184/184 - 59s - opt_accuracy: 0.9227 - sar_accuracy: 0.8482 - fus_accuracy: 0.9231 - opt_loss: 0.0393 - sar_loss: 0.0931 - fus_loss: 0.0414 - loss: 0.1739 - val_opt_accuracy: 0.8788 - val_sar_accuracy: 0.8383 - val_fus_accuracy: 0.8780 - val_opt_loss: 0.0781 - val_sar_loss: 0.0915 - val_fus_loss: 0.0764 - val_loss: 0.2460
2022-01-19 00:36:49,496:INFO:train:
2022-01-19 00:36:49,496:INFO:train:Epoch 00016: val_fus_loss did not improve from 0.07426
2022-01-19 00:36:49,512:INFO:train:Epoch 17/500
2022-01-19 00:37:48,525:INFO:train:184/184 - 59s - opt_accuracy: 0.9229 - sar_accuracy: 0.8486 - fus_accuracy: 0.9230 - opt_loss: 0.0393 - sar_loss: 0.0924 - fus_loss: 0.0413 - loss: 0.1730 - val_opt_accuracy: 0.8826 - val_sar_accuracy: 0.8342 - val_fus_accuracy: 0.8786 - val_opt_loss: 0.0788 - val_sar_loss: 0.0959 - val_fus_loss: 0.0802 - val_loss: 0.2548
2022-01-19 00:37:48,525:INFO:train:
2022-01-19 00:37:48,525:INFO:train:Epoch 00017: val_fus_loss did not improve from 0.07426
2022-01-19 00:37:48,540:INFO:train:Epoch 18/500
2022-01-19 00:38:47,569:INFO:train:184/184 - 59s - opt_accuracy: 0.9267 - sar_accuracy: 0.8509 - fus_accuracy: 0.9271 - opt_loss: 0.0358 - sar_loss: 0.0907 - fus_loss: 0.0375 - loss: 0.1640 - val_opt_accuracy: 0.8776 - val_sar_accuracy: 0.8369 - val_fus_accuracy: 0.8761 - val_opt_loss: 0.0846 - val_sar_loss: 0.0952 - val_fus_loss: 0.0835 - val_loss: 0.2633
2022-01-19 00:38:47,569:INFO:train:
2022-01-19 00:38:47,569:INFO:train:Epoch 00018: val_fus_loss did not improve from 0.07426
2022-01-19 00:38:47,584:INFO:train:Epoch 19/500
2022-01-19 00:39:46,551:INFO:train:184/184 - 59s - opt_accuracy: 0.9282 - sar_accuracy: 0.8517 - fus_accuracy: 0.9291 - opt_loss: 0.0343 - sar_loss: 0.0899 - fus_loss: 0.0357 - loss: 0.1600 - val_opt_accuracy: 0.8742 - val_sar_accuracy: 0.8438 - val_fus_accuracy: 0.8714 - val_opt_loss: 0.0866 - val_sar_loss: 0.0868 - val_fus_loss: 0.0881 - val_loss: 0.2615
2022-01-19 00:39:46,551:INFO:train:
2022-01-19 00:39:46,551:INFO:train:Epoch 00019: val_fus_loss did not improve from 0.07426
2022-01-19 00:39:46,566:INFO:train:Epoch 20/500
2022-01-19 00:40:45,735:INFO:train:184/184 - 59s - opt_accuracy: 0.9284 - sar_accuracy: 0.8525 - fus_accuracy: 0.9293 - opt_loss: 0.0346 - sar_loss: 0.0888 - fus_loss: 0.0358 - loss: 0.1592 - val_opt_accuracy: 0.8785 - val_sar_accuracy: 0.8423 - val_fus_accuracy: 0.8787 - val_opt_loss: 0.0810 - val_sar_loss: 0.0905 - val_fus_loss: 0.0800 - val_loss: 0.2514
2022-01-19 00:40:45,735:INFO:train:
2022-01-19 00:40:45,735:INFO:train:Epoch 00020: val_fus_loss did not improve from 0.07426
2022-01-19 00:40:45,751:INFO:train:Epoch 21/500
2022-01-19 00:41:44,780:INFO:train:184/184 - 59s - opt_accuracy: 0.9305 - sar_accuracy: 0.8542 - fus_accuracy: 0.9312 - opt_loss: 0.0326 - sar_loss: 0.0876 - fus_loss: 0.0336 - loss: 0.1538 - val_opt_accuracy: 0.8730 - val_sar_accuracy: 0.8464 - val_fus_accuracy: 0.8687 - val_opt_loss: 0.0934 - val_sar_loss: 0.0860 - val_fus_loss: 0.0915 - val_loss: 0.2709
2022-01-19 00:41:44,780:INFO:train:
2022-01-19 00:41:44,780:INFO:train:Epoch 00021: val_fus_loss did not improve from 0.07426
2022-01-19 00:41:44,795:INFO:train:Epoch 22/500
2022-01-19 00:42:43,918:INFO:train:184/184 - 59s - opt_accuracy: 0.9325 - sar_accuracy: 0.8549 - fus_accuracy: 0.9334 - opt_loss: 0.0311 - sar_loss: 0.0872 - fus_loss: 0.0321 - loss: 0.1505 - val_opt_accuracy: 0.8781 - val_sar_accuracy: 0.8502 - val_fus_accuracy: 0.8788 - val_opt_loss: 0.0905 - val_sar_loss: 0.0834 - val_fus_loss: 0.0786 - val_loss: 0.2524
2022-01-19 00:42:43,918:INFO:train:
2022-01-19 00:42:43,918:INFO:train:Epoch 00022: val_fus_loss did not improve from 0.07426
2022-01-19 00:42:43,933:INFO:train:Epoch 23/500
2022-01-19 00:43:42,978:INFO:train:184/184 - 59s - opt_accuracy: 0.9319 - sar_accuracy: 0.8528 - fus_accuracy: 0.9323 - opt_loss: 0.0320 - sar_loss: 0.0886 - fus_loss: 0.0332 - loss: 0.1537 - val_opt_accuracy: 0.8744 - val_sar_accuracy: 0.8340 - val_fus_accuracy: 0.8623 - val_opt_loss: 0.0831 - val_sar_loss: 0.0987 - val_fus_loss: 0.0949 - val_loss: 0.2767
2022-01-19 00:43:42,978:INFO:train:
2022-01-19 00:43:42,978:INFO:train:Epoch 00023: val_fus_loss did not improve from 0.07426
2022-01-19 00:43:42,993:INFO:train:Epoch 24/500
2022-01-19 00:44:42,147:INFO:train:184/184 - 59s - opt_accuracy: 0.9347 - sar_accuracy: 0.8574 - fus_accuracy: 0.9358 - opt_loss: 0.0296 - sar_loss: 0.0848 - fus_loss: 0.0305 - loss: 0.1448 - val_opt_accuracy: 0.8746 - val_sar_accuracy: 0.8354 - val_fus_accuracy: 0.8689 - val_opt_loss: 0.0938 - val_sar_loss: 0.0971 - val_fus_loss: 0.0878 - val_loss: 0.2787
2022-01-19 00:44:42,147:INFO:train:
2022-01-19 00:44:42,147:INFO:train:Epoch 00024: val_fus_loss did not improve from 0.07426
2022-01-19 00:44:42,147:INFO:train:Epoch 00024: early stopping
2022-01-19 00:44:50,115:INFO:train:Training Experiment 8 time: 3
2022-01-19 00:44:50,115:INFO:train:Training Conditions: CrossFusion_ResUNET_FUS_n_n
2022-01-19 00:44:57,584:INFO:train:Image stack:
2022-01-19 00:44:57,584:INFO:train:(17730, 9203, 30)
2022-01-19 00:44:58,052:INFO:train:Labels stack:
2022-01-19 00:44:58,052:INFO:train:(17730, 9203)
2022-01-19 00:45:20,629:INFO:train:Model: "cross_fusion__res_unet"
2022-01-19 00:45:20,629:INFO:train:_________________________________________________________________
2022-01-19 00:45:20,629:INFO:train:Layer (type)                 Output Shape              Param #
2022-01-19 00:45:20,629:INFO:train:=================================================================
2022-01-19 00:45:20,629:INFO:train:opt_encoder (ResUNET_Encoder multiple                  1066944
2022-01-19 00:45:20,629:INFO:train:_________________________________________________________________
2022-01-19 00:45:20,629:INFO:train:sar_encoder (ResUNET_Encoder multiple                  1054272
2022-01-19 00:45:20,629:INFO:train:_________________________________________________________________
2022-01-19 00:45:20,629:INFO:train:opt_decoder (ResUNET_Decoder multiple                  221408
2022-01-19 00:45:20,629:INFO:train:_________________________________________________________________
2022-01-19 00:45:20,629:INFO:train:sar_decoder (ResUNET_Decoder multiple                  221408
2022-01-19 00:45:20,629:INFO:train:_________________________________________________________________
2022-01-19 00:45:20,645:INFO:train:fus_cross (CrossFusion)      multiple                  518531
2022-01-19 00:45:20,645:INFO:train:_________________________________________________________________
2022-01-19 00:45:20,645:INFO:train:opt_classifier (Classifier)  multiple                  195
2022-01-19 00:45:20,645:INFO:train:_________________________________________________________________
2022-01-19 00:45:20,645:INFO:train:sar_classifier (Classifier)  multiple                  195
2022-01-19 00:45:20,645:INFO:train:=================================================================
2022-01-19 00:45:20,645:INFO:train:Total params: 3,082,953
2022-01-19 00:45:20,645:INFO:train:Trainable params: 3,082,057
2022-01-19 00:45:20,645:INFO:train:Non-trainable params: 896
2022-01-19 00:45:20,645:INFO:train:_________________________________________________________________
2022-01-19 00:45:20,895:INFO:train:Epoch 1/10
2022-01-19 00:46:00,643:INFO:train:184/184 - 40s - opt_accuracy: 0.8548 - sar_accuracy: 0.7413 - fus_accuracy: 0.6111 - opt_loss: 0.0971 - sar_loss: 0.1612 - fus_loss: 0.2176 - loss: 0.4759 - val_opt_accuracy: 0.8652 - val_sar_accuracy: 0.7674 - val_fus_accuracy: 0.6293 - val_opt_loss: 0.0796 - val_sar_loss: 0.1377 - val_fus_loss: 0.1642 - val_loss: 0.3815
2022-01-19 00:46:00,659:INFO:train:Epoch 2/10
2022-01-19 00:46:29,501:INFO:train:184/184 - 29s - opt_accuracy: 0.8865 - sar_accuracy: 0.7642 - fus_accuracy: 0.6021 - opt_loss: 0.0727 - sar_loss: 0.1518 - fus_loss: 0.2175 - loss: 0.4419 - val_opt_accuracy: 0.8677 - val_sar_accuracy: 0.7668 - val_fus_accuracy: 0.5911 - val_opt_loss: 0.0842 - val_sar_loss: 0.1364 - val_fus_loss: 0.1778 - val_loss: 0.3984
2022-01-19 00:46:29,517:INFO:train:Epoch 3/10
2022-01-19 00:46:58,360:INFO:train:184/184 - 29s - opt_accuracy: 0.8913 - sar_accuracy: 0.7816 - fus_accuracy: 0.5960 - opt_loss: 0.0693 - sar_loss: 0.1404 - fus_loss: 0.2230 - loss: 0.4327 - val_opt_accuracy: 0.8677 - val_sar_accuracy: 0.7672 - val_fus_accuracy: 0.5812 - val_opt_loss: 0.0819 - val_sar_loss: 0.1395 - val_fus_loss: 0.1759 - val_loss: 0.3972
2022-01-19 00:46:58,375:INFO:train:Epoch 4/10
2022-01-19 00:47:27,233:INFO:train:184/184 - 29s - opt_accuracy: 0.8941 - sar_accuracy: 0.8093 - fus_accuracy: 0.5903 - opt_loss: 0.0662 - sar_loss: 0.1245 - fus_loss: 0.2289 - loss: 0.4195 - val_opt_accuracy: 0.8746 - val_sar_accuracy: 0.7378 - val_fus_accuracy: 0.5735 - val_opt_loss: 0.0765 - val_sar_loss: 0.1503 - val_fus_loss: 0.1715 - val_loss: 0.3983
2022-01-19 00:47:27,249:INFO:train:Epoch 5/10
2022-01-19 00:47:56,185:INFO:train:184/184 - 29s - opt_accuracy: 0.8959 - sar_accuracy: 0.8225 - fus_accuracy: 0.5874 - opt_loss: 0.0646 - sar_loss: 0.1128 - fus_loss: 0.2291 - loss: 0.4065 - val_opt_accuracy: 0.8751 - val_sar_accuracy: 0.7974 - val_fus_accuracy: 0.6109 - val_opt_loss: 0.0746 - val_sar_loss: 0.1314 - val_fus_loss: 0.1694 - val_loss: 0.3753
2022-01-19 00:47:56,201:INFO:train:Epoch 6/10
2022-01-19 00:48:25,190:INFO:train:184/184 - 29s - opt_accuracy: 0.8970 - sar_accuracy: 0.8282 - fus_accuracy: 0.5925 - opt_loss: 0.0645 - sar_loss: 0.1079 - fus_loss: 0.2318 - loss: 0.4042 - val_opt_accuracy: 0.8731 - val_sar_accuracy: 0.8211 - val_fus_accuracy: 0.6542 - val_opt_loss: 0.0774 - val_sar_loss: 0.1076 - val_fus_loss: 0.1617 - val_loss: 0.3467
2022-01-19 00:48:25,206:INFO:train:Epoch 7/10
2022-01-19 00:48:54,095:INFO:train:184/184 - 29s - opt_accuracy: 0.8985 - sar_accuracy: 0.8301 - fus_accuracy: 0.6044 - opt_loss: 0.0620 - sar_loss: 0.1067 - fus_loss: 0.2331 - loss: 0.4017 - val_opt_accuracy: 0.8771 - val_sar_accuracy: 0.8198 - val_fus_accuracy: 0.6129 - val_opt_loss: 0.0765 - val_sar_loss: 0.1107 - val_fus_loss: 0.1654 - val_loss: 0.3526
2022-01-19 00:48:54,111:INFO:train:Epoch 8/10
2022-01-19 00:49:22,938:INFO:train:184/184 - 29s - opt_accuracy: 0.8998 - sar_accuracy: 0.8371 - fus_accuracy: 0.6065 - opt_loss: 0.0608 - sar_loss: 0.1011 - fus_loss: 0.2360 - loss: 0.3979 - val_opt_accuracy: 0.8763 - val_sar_accuracy: 0.8035 - val_fus_accuracy: 0.5706 - val_opt_loss: 0.0747 - val_sar_loss: 0.1181 - val_fus_loss: 0.1711 - val_loss: 0.3639
2022-01-19 00:49:22,953:INFO:train:Epoch 9/10
2022-01-19 00:49:51,827:INFO:train:184/184 - 29s - opt_accuracy: 0.9004 - sar_accuracy: 0.8373 - fus_accuracy: 0.6111 - opt_loss: 0.0605 - sar_loss: 0.1009 - fus_loss: 0.2355 - loss: 0.3969 - val_opt_accuracy: 0.8776 - val_sar_accuracy: 0.8114 - val_fus_accuracy: 0.6134 - val_opt_loss: 0.0716 - val_sar_loss: 0.1116 - val_fus_loss: 0.1658 - val_loss: 0.3490
2022-01-19 00:49:51,843:INFO:train:Epoch 10/10
2022-01-19 00:50:20,763:INFO:train:184/184 - 29s - opt_accuracy: 0.9014 - sar_accuracy: 0.8398 - fus_accuracy: 0.6098 - opt_loss: 0.0599 - sar_loss: 0.0991 - fus_loss: 0.2364 - loss: 0.3954 - val_opt_accuracy: 0.8800 - val_sar_accuracy: 0.7972 - val_fus_accuracy: 0.6632 - val_opt_loss: 0.0699 - val_sar_loss: 0.1307 - val_fus_loss: 0.1598 - val_loss: 0.3604
2022-01-19 00:50:20,904:INFO:train:Epoch 1/500
2022-01-19 00:51:29,307:INFO:train:184/184 - 68s - opt_accuracy: 0.8888 - sar_accuracy: 0.7707 - fus_accuracy: 0.8867 - opt_loss: 0.0734 - sar_loss: 0.1446 - fus_loss: 0.1125 - loss: 0.3305 - val_opt_accuracy: 0.8734 - val_sar_accuracy: 0.8098 - val_fus_accuracy: 0.8738 - val_opt_loss: 0.0820 - val_sar_loss: 0.1181 - val_fus_loss: 0.1223 - val_loss: 0.3224
2022-01-19 00:51:29,307:INFO:train:
2022-01-19 00:51:29,307:INFO:train:Epoch 00001: val_fus_loss improved from inf to 0.12235, saving model to imgs\experiments\exp_8\models\CrossFusion_ResUNET_3.h5
2022-01-19 00:51:29,448:INFO:train:Epoch 2/500
2022-01-19 00:52:29,258:INFO:train:184/184 - 60s - opt_accuracy: 0.8963 - sar_accuracy: 0.8030 - fus_accuracy: 0.8957 - opt_loss: 0.0654 - sar_loss: 0.1267 - fus_loss: 0.0956 - loss: 0.2878 - val_opt_accuracy: 0.8683 - val_sar_accuracy: 0.8268 - val_fus_accuracy: 0.8741 - val_opt_loss: 0.0771 - val_sar_loss: 0.1035 - val_fus_loss: 0.1083 - val_loss: 0.2889
2022-01-19 00:52:29,258:INFO:train:
2022-01-19 00:52:29,258:INFO:train:Epoch 00002: val_fus_loss improved from 0.12235 to 0.10835, saving model to imgs\experiments\exp_8\models\CrossFusion_ResUNET_3.h5
2022-01-19 00:52:29,367:INFO:train:Epoch 3/500
2022-01-19 00:53:29,255:INFO:train:184/184 - 60s - opt_accuracy: 0.8991 - sar_accuracy: 0.8184 - fus_accuracy: 0.8990 - opt_loss: 0.0623 - sar_loss: 0.1159 - fus_loss: 0.0853 - loss: 0.2635 - val_opt_accuracy: 0.8838 - val_sar_accuracy: 0.8335 - val_fus_accuracy: 0.8877 - val_opt_loss: 0.0639 - val_sar_loss: 0.0969 - val_fus_loss: 0.0875 - val_loss: 0.2482
2022-01-19 00:53:29,255:INFO:train:
2022-01-19 00:53:29,255:INFO:train:Epoch 00003: val_fus_loss improved from 0.10835 to 0.08749, saving model to imgs\experiments\exp_8\models\CrossFusion_ResUNET_3.h5
2022-01-19 00:53:29,364:INFO:train:Epoch 4/500
2022-01-19 00:54:29,174:INFO:train:184/184 - 60s - opt_accuracy: 0.9007 - sar_accuracy: 0.8248 - fus_accuracy: 0.9013 - opt_loss: 0.0609 - sar_loss: 0.1109 - fus_loss: 0.0783 - loss: 0.2501 - val_opt_accuracy: 0.8838 - val_sar_accuracy: 0.8350 - val_fus_accuracy: 0.8844 - val_opt_loss: 0.0647 - val_sar_loss: 0.0926 - val_fus_loss: 0.0817 - val_loss: 0.2390
2022-01-19 00:54:29,174:INFO:train:
2022-01-19 00:54:29,174:INFO:train:Epoch 00004: val_fus_loss improved from 0.08749 to 0.08166, saving model to imgs\experiments\exp_8\models\CrossFusion_ResUNET_3.h5
2022-01-19 00:54:29,268:INFO:train:Epoch 5/500
2022-01-19 00:55:29,093:INFO:train:184/184 - 60s - opt_accuracy: 0.9038 - sar_accuracy: 0.8252 - fus_accuracy: 0.9039 - opt_loss: 0.0576 - sar_loss: 0.1107 - fus_loss: 0.0718 - loss: 0.2401 - val_opt_accuracy: 0.8712 - val_sar_accuracy: 0.8292 - val_fus_accuracy: 0.8757 - val_opt_loss: 0.0788 - val_sar_loss: 0.1027 - val_fus_loss: 0.0915 - val_loss: 0.2731
2022-01-19 00:55:29,093:INFO:train:
2022-01-19 00:55:29,093:INFO:train:Epoch 00005: val_fus_loss did not improve from 0.08166
2022-01-19 00:55:29,109:INFO:train:Epoch 6/500
2022-01-19 00:56:28,981:INFO:train:184/184 - 60s - opt_accuracy: 0.9031 - sar_accuracy: 0.8258 - fus_accuracy: 0.9038 - opt_loss: 0.0584 - sar_loss: 0.1117 - fus_loss: 0.0694 - loss: 0.2395 - val_opt_accuracy: 0.8797 - val_sar_accuracy: 0.7956 - val_fus_accuracy: 0.8848 - val_opt_loss: 0.0697 - val_sar_loss: 0.1275 - val_fus_loss: 0.0810 - val_loss: 0.2782
2022-01-19 00:56:28,981:INFO:train:
2022-01-19 00:56:28,981:INFO:train:Epoch 00006: val_fus_loss improved from 0.08166 to 0.08096, saving model to imgs\experiments\exp_8\models\CrossFusion_ResUNET_3.h5
2022-01-19 00:56:29,091:INFO:train:Epoch 7/500
2022-01-19 00:57:28,878:INFO:train:184/184 - 60s - opt_accuracy: 0.9064 - sar_accuracy: 0.8244 - fus_accuracy: 0.9069 - opt_loss: 0.0539 - sar_loss: 0.1120 - fus_loss: 0.0633 - loss: 0.2291 - val_opt_accuracy: 0.8835 - val_sar_accuracy: 0.8314 - val_fus_accuracy: 0.8864 - val_opt_loss: 0.0652 - val_sar_loss: 0.0996 - val_fus_loss: 0.0758 - val_loss: 0.2406
2022-01-19 00:57:28,878:INFO:train:
2022-01-19 00:57:28,878:INFO:train:Epoch 00007: val_fus_loss improved from 0.08096 to 0.07578, saving model to imgs\experiments\exp_8\models\CrossFusion_ResUNET_3.h5
2022-01-19 00:57:28,987:INFO:train:Epoch 8/500
2022-01-19 00:58:28,688:INFO:train:184/184 - 60s - opt_accuracy: 0.9080 - sar_accuracy: 0.8373 - fus_accuracy: 0.9088 - opt_loss: 0.0525 - sar_loss: 0.1011 - fus_loss: 0.0596 - loss: 0.2132 - val_opt_accuracy: 0.8832 - val_sar_accuracy: 0.8381 - val_fus_accuracy: 0.8848 - val_opt_loss: 0.0673 - val_sar_loss: 0.0894 - val_fus_loss: 0.0748 - val_loss: 0.2315
2022-01-19 00:58:28,688:INFO:train:
2022-01-19 00:58:28,688:INFO:train:Epoch 00008: val_fus_loss improved from 0.07578 to 0.07477, saving model to imgs\experiments\exp_8\models\CrossFusion_ResUNET_3.h5
2022-01-19 00:58:28,797:INFO:train:Epoch 9/500
2022-01-19 00:59:28,591:INFO:train:184/184 - 60s - opt_accuracy: 0.9095 - sar_accuracy: 0.8361 - fus_accuracy: 0.9103 - opt_loss: 0.0509 - sar_loss: 0.1014 - fus_loss: 0.0569 - loss: 0.2091 - val_opt_accuracy: 0.8787 - val_sar_accuracy: 0.8373 - val_fus_accuracy: 0.8799 - val_opt_loss: 0.0686 - val_sar_loss: 0.0915 - val_fus_loss: 0.0756 - val_loss: 0.2357
2022-01-19 00:59:28,591:INFO:train:
2022-01-19 00:59:28,591:INFO:train:Epoch 00009: val_fus_loss did not improve from 0.07477
2022-01-19 00:59:28,607:INFO:train:Epoch 10/500
2022-01-19 01:00:28,370:INFO:train:184/184 - 60s - opt_accuracy: 0.9120 - sar_accuracy: 0.8349 - fus_accuracy: 0.9129 - opt_loss: 0.0489 - sar_loss: 0.1031 - fus_loss: 0.0540 - loss: 0.2060 - val_opt_accuracy: 0.8767 - val_sar_accuracy: 0.8274 - val_fus_accuracy: 0.8753 - val_opt_loss: 0.0729 - val_sar_loss: 0.1007 - val_fus_loss: 0.0823 - val_loss: 0.2559
2022-01-19 01:00:28,370:INFO:train:
2022-01-19 01:00:28,370:INFO:train:Epoch 00010: val_fus_loss did not improve from 0.07477
2022-01-19 01:00:28,386:INFO:train:Epoch 11/500
2022-01-19 01:01:28,117:INFO:train:184/184 - 60s - opt_accuracy: 0.9115 - sar_accuracy: 0.8103 - fus_accuracy: 0.9122 - opt_loss: 0.0501 - sar_loss: 0.1237 - fus_loss: 0.0547 - loss: 0.2286 - val_opt_accuracy: 0.8724 - val_sar_accuracy: 0.8353 - val_fus_accuracy: 0.8769 - val_opt_loss: 0.0749 - val_sar_loss: 0.0935 - val_fus_loss: 0.0770 - val_loss: 0.2454
2022-01-19 01:01:28,117:INFO:train:
2022-01-19 01:01:28,117:INFO:train:Epoch 00011: val_fus_loss did not improve from 0.07477
2022-01-19 01:01:28,133:INFO:train:Epoch 12/500
2022-01-19 01:02:27,740:INFO:train:184/184 - 60s - opt_accuracy: 0.9139 - sar_accuracy: 0.8376 - fus_accuracy: 0.9147 - opt_loss: 0.0474 - sar_loss: 0.1011 - fus_loss: 0.0511 - loss: 0.1996 - val_opt_accuracy: 0.8795 - val_sar_accuracy: 0.8366 - val_fus_accuracy: 0.8761 - val_opt_loss: 0.0830 - val_sar_loss: 0.0950 - val_fus_loss: 0.0918 - val_loss: 0.2698
2022-01-19 01:02:27,740:INFO:train:
2022-01-19 01:02:27,740:INFO:train:Epoch 00012: val_fus_loss did not improve from 0.07477
2022-01-19 01:02:27,755:INFO:train:Epoch 13/500
2022-01-19 01:03:27,409:INFO:train:184/184 - 60s - opt_accuracy: 0.9166 - sar_accuracy: 0.8375 - fus_accuracy: 0.9179 - opt_loss: 0.0450 - sar_loss: 0.1014 - fus_loss: 0.0479 - loss: 0.1943 - val_opt_accuracy: 0.8820 - val_sar_accuracy: 0.8280 - val_fus_accuracy: 0.8797 - val_opt_loss: 0.0838 - val_sar_loss: 0.1002 - val_fus_loss: 0.0907 - val_loss: 0.2747
2022-01-19 01:03:27,409:INFO:train:
2022-01-19 01:03:27,425:INFO:train:Epoch 00013: val_fus_loss did not improve from 0.07477
2022-01-19 01:03:27,440:INFO:train:Epoch 14/500
2022-01-19 01:04:27,125:INFO:train:184/184 - 60s - opt_accuracy: 0.9179 - sar_accuracy: 0.8421 - fus_accuracy: 0.9192 - opt_loss: 0.0435 - sar_loss: 0.0970 - fus_loss: 0.0459 - loss: 0.1864 - val_opt_accuracy: 0.8818 - val_sar_accuracy: 0.8159 - val_fus_accuracy: 0.8759 - val_opt_loss: 0.0775 - val_sar_loss: 0.1161 - val_fus_loss: 0.0882 - val_loss: 0.2818
2022-01-19 01:04:27,125:INFO:train:
2022-01-19 01:04:27,125:INFO:train:Epoch 00014: val_fus_loss did not improve from 0.07477
2022-01-19 01:04:27,141:INFO:train:Epoch 15/500
2022-01-19 01:05:26,917:INFO:train:184/184 - 60s - opt_accuracy: 0.9200 - sar_accuracy: 0.8429 - fus_accuracy: 0.9208 - opt_loss: 0.0419 - sar_loss: 0.0956 - fus_loss: 0.0444 - loss: 0.1820 - val_opt_accuracy: 0.8767 - val_sar_accuracy: 0.8342 - val_fus_accuracy: 0.8773 - val_opt_loss: 0.0735 - val_sar_loss: 0.0970 - val_fus_loss: 0.0777 - val_loss: 0.2482
2022-01-19 01:05:26,917:INFO:train:
2022-01-19 01:05:26,917:INFO:train:Epoch 00015: val_fus_loss did not improve from 0.07477
2022-01-19 01:05:26,932:INFO:train:Epoch 16/500
2022-01-19 01:06:26,836:INFO:train:184/184 - 60s - opt_accuracy: 0.9227 - sar_accuracy: 0.8428 - fus_accuracy: 0.9231 - opt_loss: 0.0401 - sar_loss: 0.0959 - fus_loss: 0.0420 - loss: 0.1780 - val_opt_accuracy: 0.8764 - val_sar_accuracy: 0.8450 - val_fus_accuracy: 0.8746 - val_opt_loss: 0.0771 - val_sar_loss: 0.0899 - val_fus_loss: 0.0795 - val_loss: 0.2465
2022-01-19 01:06:26,836:INFO:train:
2022-01-19 01:06:26,836:INFO:train:Epoch 00016: val_fus_loss did not improve from 0.07477
2022-01-19 01:06:26,852:INFO:train:Epoch 17/500
2022-01-19 01:07:26,896:INFO:train:184/184 - 60s - opt_accuracy: 0.9247 - sar_accuracy: 0.8469 - fus_accuracy: 0.9255 - opt_loss: 0.0382 - sar_loss: 0.0935 - fus_loss: 0.0397 - loss: 0.1714 - val_opt_accuracy: 0.8754 - val_sar_accuracy: 0.8377 - val_fus_accuracy: 0.8742 - val_opt_loss: 0.0812 - val_sar_loss: 0.0938 - val_fus_loss: 0.0782 - val_loss: 0.2531
2022-01-19 01:07:26,896:INFO:train:
2022-01-19 01:07:26,896:INFO:train:Epoch 00017: val_fus_loss did not improve from 0.07477
2022-01-19 01:07:26,911:INFO:train:Epoch 18/500
2022-01-19 01:08:26,784:INFO:train:184/184 - 60s - opt_accuracy: 0.9263 - sar_accuracy: 0.8493 - fus_accuracy: 0.9270 - opt_loss: 0.0371 - sar_loss: 0.0906 - fus_loss: 0.0385 - loss: 0.1661 - val_opt_accuracy: 0.8717 - val_sar_accuracy: 0.8391 - val_fus_accuracy: 0.8693 - val_opt_loss: 0.0846 - val_sar_loss: 0.0929 - val_fus_loss: 0.0838 - val_loss: 0.2613
2022-01-19 01:08:26,784:INFO:train:
2022-01-19 01:08:26,784:INFO:train:Epoch 00018: val_fus_loss did not improve from 0.07477
2022-01-19 01:08:26,799:INFO:train:Epoch 19/500
2022-01-19 01:09:26,750:INFO:train:184/184 - 60s - opt_accuracy: 0.9287 - sar_accuracy: 0.8518 - fus_accuracy: 0.9297 - opt_loss: 0.0346 - sar_loss: 0.0886 - fus_loss: 0.0358 - loss: 0.1591 - val_opt_accuracy: 0.8688 - val_sar_accuracy: 0.8395 - val_fus_accuracy: 0.8721 - val_opt_loss: 0.0857 - val_sar_loss: 0.0870 - val_fus_loss: 0.0802 - val_loss: 0.2529
2022-01-19 01:09:26,750:INFO:train:
2022-01-19 01:09:26,750:INFO:train:Epoch 00019: val_fus_loss did not improve from 0.07477
2022-01-19 01:09:26,766:INFO:train:Epoch 20/500
2022-01-19 01:10:26,785:INFO:train:184/184 - 60s - opt_accuracy: 0.9307 - sar_accuracy: 0.8520 - fus_accuracy: 0.9316 - opt_loss: 0.0335 - sar_loss: 0.0891 - fus_loss: 0.0344 - loss: 0.1570 - val_opt_accuracy: 0.8678 - val_sar_accuracy: 0.8454 - val_fus_accuracy: 0.8686 - val_opt_loss: 0.0933 - val_sar_loss: 0.0861 - val_fus_loss: 0.0882 - val_loss: 0.2676
2022-01-19 01:10:26,785:INFO:train:
2022-01-19 01:10:26,785:INFO:train:Epoch 00020: val_fus_loss did not improve from 0.07477
2022-01-19 01:10:26,801:INFO:train:Epoch 21/500
2022-01-19 01:11:26,783:INFO:train:184/184 - 60s - opt_accuracy: 0.9329 - sar_accuracy: 0.8550 - fus_accuracy: 0.9338 - opt_loss: 0.0317 - sar_loss: 0.0864 - fus_loss: 0.0325 - loss: 0.1506 - val_opt_accuracy: 0.8679 - val_sar_accuracy: 0.8459 - val_fus_accuracy: 0.8665 - val_opt_loss: 0.0904 - val_sar_loss: 0.0857 - val_fus_loss: 0.0885 - val_loss: 0.2646
2022-01-19 01:11:26,783:INFO:train:
2022-01-19 01:11:26,783:INFO:train:Epoch 00021: val_fus_loss did not improve from 0.07477
2022-01-19 01:11:26,798:INFO:train:Epoch 22/500
2022-01-19 01:12:26,952:INFO:train:184/184 - 60s - opt_accuracy: 0.9335 - sar_accuracy: 0.8558 - fus_accuracy: 0.9342 - opt_loss: 0.0310 - sar_loss: 0.0860 - fus_loss: 0.0319 - loss: 0.1489 - val_opt_accuracy: 0.8641 - val_sar_accuracy: 0.8361 - val_fus_accuracy: 0.8669 - val_opt_loss: 0.1002 - val_sar_loss: 0.0985 - val_fus_loss: 0.0914 - val_loss: 0.2902
2022-01-19 01:12:26,952:INFO:train:
2022-01-19 01:12:26,952:INFO:train:Epoch 00022: val_fus_loss did not improve from 0.07477
2022-01-19 01:12:26,967:INFO:train:Epoch 23/500
2022-01-19 01:13:26,965:INFO:train:184/184 - 60s - opt_accuracy: 0.9346 - sar_accuracy: 0.8568 - fus_accuracy: 0.9353 - opt_loss: 0.0308 - sar_loss: 0.0846 - fus_loss: 0.0316 - loss: 0.1470 - val_opt_accuracy: 0.8614 - val_sar_accuracy: 0.8490 - val_fus_accuracy: 0.8639 - val_opt_loss: 0.1063 - val_sar_loss: 0.0844 - val_fus_loss: 0.0985 - val_loss: 0.2892
2022-01-19 01:13:26,965:INFO:train:
2022-01-19 01:13:26,965:INFO:train:Epoch 00023: val_fus_loss did not improve from 0.07477
2022-01-19 01:13:26,965:INFO:train:Epoch 00023: early stopping
2022-01-19 01:13:34,746:INFO:train:Training Experiment 8 time: 4
2022-01-19 01:13:34,746:INFO:train:Training Conditions: CrossFusion_ResUNET_FUS_n_n
2022-01-19 01:13:41,573:INFO:train:Image stack:
2022-01-19 01:13:41,573:INFO:train:(17730, 9203, 30)
2022-01-19 01:13:41,995:INFO:train:Labels stack:
2022-01-19 01:13:41,995:INFO:train:(17730, 9203)
2022-01-19 01:14:04,385:INFO:train:Model: "cross_fusion__res_unet"
2022-01-19 01:14:04,385:INFO:train:_________________________________________________________________
2022-01-19 01:14:04,385:INFO:train:Layer (type)                 Output Shape              Param #
2022-01-19 01:14:04,385:INFO:train:=================================================================
2022-01-19 01:14:04,385:INFO:train:opt_encoder (ResUNET_Encoder multiple                  1066944
2022-01-19 01:14:04,385:INFO:train:_________________________________________________________________
2022-01-19 01:14:04,385:INFO:train:sar_encoder (ResUNET_Encoder multiple                  1054272
2022-01-19 01:14:04,385:INFO:train:_________________________________________________________________
2022-01-19 01:14:04,385:INFO:train:opt_decoder (ResUNET_Decoder multiple                  221408
2022-01-19 01:14:04,385:INFO:train:_________________________________________________________________
2022-01-19 01:14:04,385:INFO:train:sar_decoder (ResUNET_Decoder multiple                  221408
2022-01-19 01:14:04,385:INFO:train:_________________________________________________________________
2022-01-19 01:14:04,385:INFO:train:fus_cross (CrossFusion)      multiple                  518531
2022-01-19 01:14:04,385:INFO:train:_________________________________________________________________
2022-01-19 01:14:04,385:INFO:train:opt_classifier (Classifier)  multiple                  195
2022-01-19 01:14:04,385:INFO:train:_________________________________________________________________
2022-01-19 01:14:04,385:INFO:train:sar_classifier (Classifier)  multiple                  195
2022-01-19 01:14:04,385:INFO:train:=================================================================
2022-01-19 01:14:04,385:INFO:train:Total params: 3,082,953
2022-01-19 01:14:04,385:INFO:train:Trainable params: 3,082,057
2022-01-19 01:14:04,385:INFO:train:Non-trainable params: 896
2022-01-19 01:14:04,385:INFO:train:_________________________________________________________________
2022-01-19 01:14:04,650:INFO:train:Epoch 1/10
2022-01-19 01:14:43,868:INFO:train:184/184 - 39s - opt_accuracy: 0.8562 - sar_accuracy: 0.7398 - fus_accuracy: 0.6350 - opt_loss: 0.0973 - sar_loss: 0.1605 - fus_loss: 0.2184 - loss: 0.4763 - val_opt_accuracy: 0.8647 - val_sar_accuracy: 0.7616 - val_fus_accuracy: 0.6273 - val_opt_loss: 0.0803 - val_sar_loss: 0.1362 - val_fus_loss: 0.2071 - val_loss: 0.4235
2022-01-19 01:14:43,883:INFO:train:Epoch 2/10
2022-01-19 01:15:12,601:INFO:train:184/184 - 29s - opt_accuracy: 0.8852 - sar_accuracy: 0.7598 - fus_accuracy: 0.6436 - opt_loss: 0.0736 - sar_loss: 0.1535 - fus_loss: 0.2126 - loss: 0.4397 - val_opt_accuracy: 0.8770 - val_sar_accuracy: 0.7668 - val_fus_accuracy: 0.6516 - val_opt_loss: 0.0708 - val_sar_loss: 0.1353 - val_fus_loss: 0.2034 - val_loss: 0.4095
2022-01-19 01:15:12,616:INFO:train:Epoch 3/10
2022-01-19 01:15:41,396:INFO:train:184/184 - 29s - opt_accuracy: 0.8916 - sar_accuracy: 0.7737 - fus_accuracy: 0.6325 - opt_loss: 0.0688 - sar_loss: 0.1441 - fus_loss: 0.2123 - loss: 0.4252 - val_opt_accuracy: 0.8805 - val_sar_accuracy: 0.7868 - val_fus_accuracy: 0.6446 - val_opt_loss: 0.0711 - val_sar_loss: 0.1254 - val_fus_loss: 0.2099 - val_loss: 0.4064
2022-01-19 01:15:41,412:INFO:train:Epoch 4/10
2022-01-19 01:16:10,239:INFO:train:184/184 - 29s - opt_accuracy: 0.8946 - sar_accuracy: 0.8100 - fus_accuracy: 0.6398 - opt_loss: 0.0659 - sar_loss: 0.1226 - fus_loss: 0.2089 - loss: 0.3974 - val_opt_accuracy: 0.8782 - val_sar_accuracy: 0.8281 - val_fus_accuracy: 0.6093 - val_opt_loss: 0.0715 - val_sar_loss: 0.1006 - val_fus_loss: 0.2227 - val_loss: 0.3948
2022-01-19 01:16:10,254:INFO:train:Epoch 5/10
2022-01-19 01:16:39,144:INFO:train:184/184 - 29s - opt_accuracy: 0.8962 - sar_accuracy: 0.8250 - fus_accuracy: 0.6368 - opt_loss: 0.0641 - sar_loss: 0.1117 - fus_loss: 0.2078 - loss: 0.3836 - val_opt_accuracy: 0.8794 - val_sar_accuracy: 0.8322 - val_fus_accuracy: 0.5737 - val_opt_loss: 0.0704 - val_sar_loss: 0.0997 - val_fus_loss: 0.2107 - val_loss: 0.3808
2022-01-19 01:16:39,159:INFO:train:Epoch 6/10
2022-01-19 01:17:08,002:INFO:train:184/184 - 29s - opt_accuracy: 0.8981 - sar_accuracy: 0.8321 - fus_accuracy: 0.6316 - opt_loss: 0.0623 - sar_loss: 0.1056 - fus_loss: 0.2070 - loss: 0.3749 - val_opt_accuracy: 0.8730 - val_sar_accuracy: 0.8283 - val_fus_accuracy: 0.5710 - val_opt_loss: 0.0757 - val_sar_loss: 0.1031 - val_fus_loss: 0.2224 - val_loss: 0.4012
2022-01-19 01:17:08,017:INFO:train:Epoch 7/10
2022-01-19 01:17:36,844:INFO:train:184/184 - 29s - opt_accuracy: 0.8994 - sar_accuracy: 0.8350 - fus_accuracy: 0.6293 - opt_loss: 0.0609 - sar_loss: 0.1030 - fus_loss: 0.2073 - loss: 0.3713 - val_opt_accuracy: 0.8774 - val_sar_accuracy: 0.8130 - val_fus_accuracy: 0.5831 - val_opt_loss: 0.0724 - val_sar_loss: 0.1150 - val_fus_loss: 0.2191 - val_loss: 0.4065
2022-01-19 01:17:36,860:INFO:train:Epoch 8/10
2022-01-19 01:18:05,749:INFO:train:184/184 - 29s - opt_accuracy: 0.9007 - sar_accuracy: 0.8364 - fus_accuracy: 0.6326 - opt_loss: 0.0599 - sar_loss: 0.1024 - fus_loss: 0.2055 - loss: 0.3678 - val_opt_accuracy: 0.8752 - val_sar_accuracy: 0.8305 - val_fus_accuracy: 0.6115 - val_opt_loss: 0.0720 - val_sar_loss: 0.0997 - val_fus_loss: 0.2111 - val_loss: 0.3827
2022-01-19 01:18:05,765:INFO:train:Epoch 9/10
2022-01-19 01:18:34,623:INFO:train:184/184 - 29s - opt_accuracy: 0.9022 - sar_accuracy: 0.8391 - fus_accuracy: 0.6326 - opt_loss: 0.0582 - sar_loss: 0.1000 - fus_loss: 0.2054 - loss: 0.3636 - val_opt_accuracy: 0.8778 - val_sar_accuracy: 0.8351 - val_fus_accuracy: 0.5899 - val_opt_loss: 0.0687 - val_sar_loss: 0.0944 - val_fus_loss: 0.2235 - val_loss: 0.3865
2022-01-19 01:18:34,639:INFO:train:Epoch 10/10
2022-01-19 01:19:03,528:INFO:train:184/184 - 29s - opt_accuracy: 0.9030 - sar_accuracy: 0.8423 - fus_accuracy: 0.6343 - opt_loss: 0.0571 - sar_loss: 0.0981 - fus_loss: 0.2052 - loss: 0.3604 - val_opt_accuracy: 0.8796 - val_sar_accuracy: 0.8370 - val_fus_accuracy: 0.6195 - val_opt_loss: 0.0708 - val_sar_loss: 0.0953 - val_fus_loss: 0.2126 - val_loss: 0.3787
2022-01-19 01:19:03,653:INFO:train:Epoch 1/500
2022-01-19 01:20:12,228:INFO:train:184/184 - 69s - opt_accuracy: 0.8895 - sar_accuracy: 0.7714 - fus_accuracy: 0.8875 - opt_loss: 0.0731 - sar_loss: 0.1550 - fus_loss: 0.1115 - loss: 0.3396 - val_opt_accuracy: 0.8838 - val_sar_accuracy: 0.8139 - val_fus_accuracy: 0.8791 - val_opt_loss: 0.0680 - val_sar_loss: 0.1178 - val_fus_loss: 0.1156 - val_loss: 0.3013
2022-01-19 01:20:12,228:INFO:train:
2022-01-19 01:20:12,228:INFO:train:Epoch 00001: val_fus_loss improved from inf to 0.11558, saving model to imgs\experiments\exp_8\models\CrossFusion_ResUNET_4.h5
2022-01-19 01:20:12,322:INFO:train:Epoch 2/500
2022-01-19 01:21:12,663:INFO:train:184/184 - 60s - opt_accuracy: 0.8982 - sar_accuracy: 0.7962 - fus_accuracy: 0.8971 - opt_loss: 0.0640 - sar_loss: 0.1321 - fus_loss: 0.0934 - loss: 0.2895 - val_opt_accuracy: 0.8805 - val_sar_accuracy: 0.8315 - val_fus_accuracy: 0.8825 - val_opt_loss: 0.0670 - val_sar_loss: 0.1008 - val_fus_loss: 0.0976 - val_loss: 0.2654
2022-01-19 01:21:12,663:INFO:train:
2022-01-19 01:21:12,663:INFO:train:Epoch 00002: val_fus_loss improved from 0.11558 to 0.09760, saving model to imgs\experiments\exp_8\models\CrossFusion_ResUNET_4.h5
2022-01-19 01:21:12,757:INFO:train:Epoch 3/500
2022-01-19 01:22:13,051:INFO:train:184/184 - 60s - opt_accuracy: 0.9001 - sar_accuracy: 0.8161 - fus_accuracy: 0.8990 - opt_loss: 0.0615 - sar_loss: 0.1204 - fus_loss: 0.0845 - loss: 0.2665 - val_opt_accuracy: 0.8861 - val_sar_accuracy: 0.8122 - val_fus_accuracy: 0.8812 - val_opt_loss: 0.0654 - val_sar_loss: 0.1073 - val_fus_loss: 0.0959 - val_loss: 0.2686
2022-01-19 01:22:13,051:INFO:train:
2022-01-19 01:22:13,051:INFO:train:Epoch 00003: val_fus_loss improved from 0.09760 to 0.09589, saving model to imgs\experiments\exp_8\models\CrossFusion_ResUNET_4.h5
2022-01-19 01:22:13,160:INFO:train:Epoch 4/500
2022-01-19 01:23:13,486:INFO:train:184/184 - 60s - opt_accuracy: 0.9020 - sar_accuracy: 0.8183 - fus_accuracy: 0.9013 - opt_loss: 0.0610 - sar_loss: 0.1180 - fus_loss: 0.0780 - loss: 0.2571 - val_opt_accuracy: 0.8858 - val_sar_accuracy: 0.8280 - val_fus_accuracy: 0.8881 - val_opt_loss: 0.0689 - val_sar_loss: 0.1006 - val_fus_loss: 0.0873 - val_loss: 0.2568
2022-01-19 01:23:13,486:INFO:train:
2022-01-19 01:23:13,486:INFO:train:Epoch 00004: val_fus_loss improved from 0.09589 to 0.08733, saving model to imgs\experiments\exp_8\models\CrossFusion_ResUNET_4.h5
2022-01-19 01:23:13,595:INFO:train:Epoch 5/500
2022-01-19 01:24:13,967:INFO:train:184/184 - 60s - opt_accuracy: 0.9048 - sar_accuracy: 0.8163 - fus_accuracy: 0.9049 - opt_loss: 0.0569 - sar_loss: 0.1196 - fus_loss: 0.0700 - loss: 0.2465 - val_opt_accuracy: 0.8853 - val_sar_accuracy: 0.8292 - val_fus_accuracy: 0.8843 - val_opt_loss: 0.0651 - val_sar_loss: 0.1052 - val_fus_loss: 0.0811 - val_loss: 0.2514
2022-01-19 01:24:13,967:INFO:train:
2022-01-19 01:24:13,967:INFO:train:Epoch 00005: val_fus_loss improved from 0.08733 to 0.08106, saving model to imgs\experiments\exp_8\models\CrossFusion_ResUNET_4.h5
2022-01-19 01:24:14,077:INFO:train:Epoch 6/500
2022-01-19 01:25:14,308:INFO:train:184/184 - 60s - opt_accuracy: 0.9066 - sar_accuracy: 0.8289 - fus_accuracy: 0.9063 - opt_loss: 0.0549 - sar_loss: 0.1096 - fus_loss: 0.0658 - loss: 0.2302 - val_opt_accuracy: 0.8804 - val_sar_accuracy: 0.8327 - val_fus_accuracy: 0.8848 - val_opt_loss: 0.0700 - val_sar_loss: 0.1009 - val_fus_loss: 0.0809 - val_loss: 0.2518
2022-01-19 01:25:14,308:INFO:train:
2022-01-19 01:25:14,308:INFO:train:Epoch 00006: val_fus_loss improved from 0.08106 to 0.08093, saving model to imgs\experiments\exp_8\models\CrossFusion_ResUNET_4.h5
2022-01-19 01:25:14,418:INFO:train:Epoch 7/500
2022-01-19 01:26:14,728:INFO:train:184/184 - 60s - opt_accuracy: 0.9084 - sar_accuracy: 0.8341 - fus_accuracy: 0.9088 - opt_loss: 0.0527 - sar_loss: 0.1058 - fus_loss: 0.0609 - loss: 0.2194 - val_opt_accuracy: 0.8766 - val_sar_accuracy: 0.8406 - val_fus_accuracy: 0.8762 - val_opt_loss: 0.0703 - val_sar_loss: 0.0901 - val_fus_loss: 0.0869 - val_loss: 0.2472
2022-01-19 01:26:14,728:INFO:train:
2022-01-19 01:26:14,728:INFO:train:Epoch 00007: val_fus_loss did not improve from 0.08093
2022-01-19 01:26:14,743:INFO:train:Epoch 8/500
2022-01-19 01:27:15,069:INFO:train:184/184 - 60s - opt_accuracy: 0.9086 - sar_accuracy: 0.8378 - fus_accuracy: 0.9091 - opt_loss: 0.0524 - sar_loss: 0.1034 - fus_loss: 0.0586 - loss: 0.2144 - val_opt_accuracy: 0.8840 - val_sar_accuracy: 0.8390 - val_fus_accuracy: 0.8876 - val_opt_loss: 0.0650 - val_sar_loss: 0.0948 - val_fus_loss: 0.0728 - val_loss: 0.2325
2022-01-19 01:27:15,069:INFO:train:
2022-01-19 01:27:15,069:INFO:train:Epoch 00008: val_fus_loss improved from 0.08093 to 0.07276, saving model to imgs\experiments\exp_8\models\CrossFusion_ResUNET_4.h5
2022-01-19 01:27:15,178:INFO:train:Epoch 9/500
2022-01-19 01:28:15,535:INFO:train:184/184 - 60s - opt_accuracy: 0.9128 - sar_accuracy: 0.8361 - fus_accuracy: 0.9132 - opt_loss: 0.0491 - sar_loss: 0.1046 - fus_loss: 0.0547 - loss: 0.2084 - val_opt_accuracy: 0.8800 - val_sar_accuracy: 0.8334 - val_fus_accuracy: 0.8743 - val_opt_loss: 0.0780 - val_sar_loss: 0.1024 - val_fus_loss: 0.0967 - val_loss: 0.2771
2022-01-19 01:28:15,535:INFO:train:
2022-01-19 01:28:15,535:INFO:train:Epoch 00009: val_fus_loss did not improve from 0.07276
2022-01-19 01:28:15,550:INFO:train:Epoch 10/500
2022-01-19 01:29:15,876:INFO:train:184/184 - 60s - opt_accuracy: 0.9133 - sar_accuracy: 0.8398 - fus_accuracy: 0.9137 - opt_loss: 0.0484 - sar_loss: 0.1003 - fus_loss: 0.0528 - loss: 0.2015 - val_opt_accuracy: 0.8828 - val_sar_accuracy: 0.8348 - val_fus_accuracy: 0.8775 - val_opt_loss: 0.0676 - val_sar_loss: 0.0959 - val_fus_loss: 0.0841 - val_loss: 0.2475
2022-01-19 01:29:15,876:INFO:train:
2022-01-19 01:29:15,876:INFO:train:Epoch 00010: val_fus_loss did not improve from 0.07276
2022-01-19 01:29:15,891:INFO:train:Epoch 11/500
2022-01-19 01:30:16,264:INFO:train:184/184 - 60s - opt_accuracy: 0.9151 - sar_accuracy: 0.8413 - fus_accuracy: 0.9157 - opt_loss: 0.0467 - sar_loss: 0.0991 - fus_loss: 0.0504 - loss: 0.1962 - val_opt_accuracy: 0.8767 - val_sar_accuracy: 0.8394 - val_fus_accuracy: 0.8721 - val_opt_loss: 0.0695 - val_sar_loss: 0.0872 - val_fus_loss: 0.0787 - val_loss: 0.2355
2022-01-19 01:30:16,264:INFO:train:
2022-01-19 01:30:16,264:INFO:train:Epoch 00011: val_fus_loss did not improve from 0.07276
2022-01-19 01:30:16,279:INFO:train:Epoch 12/500
2022-01-19 01:31:16,636:INFO:train:184/184 - 60s - opt_accuracy: 0.9180 - sar_accuracy: 0.8420 - fus_accuracy: 0.9190 - opt_loss: 0.0442 - sar_loss: 0.0991 - fus_loss: 0.0472 - loss: 0.1905 - val_opt_accuracy: 0.8806 - val_sar_accuracy: 0.8467 - val_fus_accuracy: 0.8762 - val_opt_loss: 0.0705 - val_sar_loss: 0.0882 - val_fus_loss: 0.0781 - val_loss: 0.2369
2022-01-19 01:31:16,636:INFO:train:
2022-01-19 01:31:16,636:INFO:train:Epoch 00012: val_fus_loss did not improve from 0.07276
2022-01-19 01:31:16,652:INFO:train:Epoch 13/500
2022-01-19 01:32:16,961:INFO:train:184/184 - 60s - opt_accuracy: 0.9204 - sar_accuracy: 0.8411 - fus_accuracy: 0.9211 - opt_loss: 0.0421 - sar_loss: 0.1000 - fus_loss: 0.0445 - loss: 0.1866 - val_opt_accuracy: 0.8802 - val_sar_accuracy: 0.8423 - val_fus_accuracy: 0.8746 - val_opt_loss: 0.0765 - val_sar_loss: 0.0901 - val_fus_loss: 0.0840 - val_loss: 0.2506
2022-01-19 01:32:16,961:INFO:train:
2022-01-19 01:32:16,961:INFO:train:Epoch 00013: val_fus_loss did not improve from 0.07276
2022-01-19 01:32:16,977:INFO:train:Epoch 14/500
2022-01-19 01:33:17,274:INFO:train:184/184 - 60s - opt_accuracy: 0.9220 - sar_accuracy: 0.8473 - fus_accuracy: 0.9224 - opt_loss: 0.0410 - sar_loss: 0.0951 - fus_loss: 0.0433 - loss: 0.1794 - val_opt_accuracy: 0.8841 - val_sar_accuracy: 0.8394 - val_fus_accuracy: 0.8823 - val_opt_loss: 0.0677 - val_sar_loss: 0.0897 - val_fus_loss: 0.0769 - val_loss: 0.2344
2022-01-19 01:33:17,274:INFO:train:
2022-01-19 01:33:17,274:INFO:train:Epoch 00014: val_fus_loss did not improve from 0.07276
2022-01-19 01:33:17,290:INFO:train:Epoch 15/500
2022-01-19 01:34:17,568:INFO:train:184/184 - 60s - opt_accuracy: 0.9227 - sar_accuracy: 0.8439 - fus_accuracy: 0.9235 - opt_loss: 0.0404 - sar_loss: 0.0964 - fus_loss: 0.0422 - loss: 0.1790 - val_opt_accuracy: 0.8803 - val_sar_accuracy: 0.8337 - val_fus_accuracy: 0.8753 - val_opt_loss: 0.0751 - val_sar_loss: 0.0976 - val_fus_loss: 0.0888 - val_loss: 0.2614
2022-01-19 01:34:17,568:INFO:train:
2022-01-19 01:34:17,568:INFO:train:Epoch 00015: val_fus_loss did not improve from 0.07276
2022-01-19 01:34:17,584:INFO:train:Epoch 16/500
2022-01-19 01:35:17,891:INFO:train:184/184 - 60s - opt_accuracy: 0.9256 - sar_accuracy: 0.8515 - fus_accuracy: 0.9262 - opt_loss: 0.0377 - sar_loss: 0.0914 - fus_loss: 0.0391 - loss: 0.1681 - val_opt_accuracy: 0.8814 - val_sar_accuracy: 0.8460 - val_fus_accuracy: 0.8789 - val_opt_loss: 0.0734 - val_sar_loss: 0.0860 - val_fus_loss: 0.0754 - val_loss: 0.2348
2022-01-19 01:35:17,891:INFO:train:
2022-01-19 01:35:17,891:INFO:train:Epoch 00016: val_fus_loss did not improve from 0.07276
2022-01-19 01:35:17,907:INFO:train:Epoch 17/500
2022-01-19 01:36:18,217:INFO:train:184/184 - 60s - opt_accuracy: 0.9283 - sar_accuracy: 0.8547 - fus_accuracy: 0.9291 - opt_loss: 0.0356 - sar_loss: 0.0890 - fus_loss: 0.0367 - loss: 0.1614 - val_opt_accuracy: 0.8731 - val_sar_accuracy: 0.8433 - val_fus_accuracy: 0.8734 - val_opt_loss: 0.0802 - val_sar_loss: 0.0869 - val_fus_loss: 0.0854 - val_loss: 0.2525
2022-01-19 01:36:18,217:INFO:train:
2022-01-19 01:36:18,217:INFO:train:Epoch 00017: val_fus_loss did not improve from 0.07276
2022-01-19 01:36:18,232:INFO:train:Epoch 18/500
2022-01-19 01:37:18,542:INFO:train:184/184 - 60s - opt_accuracy: 0.9292 - sar_accuracy: 0.8549 - fus_accuracy: 0.9303 - opt_loss: 0.0349 - sar_loss: 0.0881 - fus_loss: 0.0359 - loss: 0.1589 - val_opt_accuracy: 0.8769 - val_sar_accuracy: 0.8428 - val_fus_accuracy: 0.8739 - val_opt_loss: 0.0872 - val_sar_loss: 0.0897 - val_fus_loss: 0.0877 - val_loss: 0.2646
2022-01-19 01:37:18,542:INFO:train:
2022-01-19 01:37:18,542:INFO:train:Epoch 00018: val_fus_loss did not improve from 0.07276
2022-01-19 01:37:18,558:INFO:train:Epoch 19/500
2022-01-19 01:38:18,852:INFO:train:184/184 - 60s - opt_accuracy: 0.9306 - sar_accuracy: 0.8580 - fus_accuracy: 0.9317 - opt_loss: 0.0336 - sar_loss: 0.0857 - fus_loss: 0.0342 - loss: 0.1535 - val_opt_accuracy: 0.8760 - val_sar_accuracy: 0.8457 - val_fus_accuracy: 0.8691 - val_opt_loss: 0.0840 - val_sar_loss: 0.0881 - val_fus_loss: 0.1012 - val_loss: 0.2733
2022-01-19 01:38:18,852:INFO:train:
2022-01-19 01:38:18,852:INFO:train:Epoch 00019: val_fus_loss did not improve from 0.07276
2022-01-19 01:38:18,868:INFO:train:Epoch 20/500
2022-01-19 01:39:19,162:INFO:train:184/184 - 60s - opt_accuracy: 0.9280 - sar_accuracy: 0.8517 - fus_accuracy: 0.9271 - opt_loss: 0.0368 - sar_loss: 0.0910 - fus_loss: 0.0383 - loss: 0.1661 - val_opt_accuracy: 0.8770 - val_sar_accuracy: 0.8426 - val_fus_accuracy: 0.8698 - val_opt_loss: 0.0757 - val_sar_loss: 0.0914 - val_fus_loss: 0.1140 - val_loss: 0.2810
2022-01-19 01:39:19,162:INFO:train:
2022-01-19 01:39:19,162:INFO:train:Epoch 00020: val_fus_loss did not improve from 0.07276
2022-01-19 01:39:19,177:INFO:train:Epoch 21/500
2022-01-19 01:40:19,378:INFO:train:184/184 - 60s - opt_accuracy: 0.9318 - sar_accuracy: 0.8593 - fus_accuracy: 0.9323 - opt_loss: 0.0333 - sar_loss: 0.0847 - fus_loss: 0.0346 - loss: 0.1527 - val_opt_accuracy: 0.8746 - val_sar_accuracy: 0.8456 - val_fus_accuracy: 0.8761 - val_opt_loss: 0.0847 - val_sar_loss: 0.0897 - val_fus_loss: 0.0885 - val_loss: 0.2628
2022-01-19 01:40:19,378:INFO:train:
2022-01-19 01:40:19,378:INFO:train:Epoch 00021: val_fus_loss did not improve from 0.07276
2022-01-19 01:40:19,393:INFO:train:Epoch 22/500
2022-01-19 01:41:19,610:INFO:train:184/184 - 60s - opt_accuracy: 0.9340 - sar_accuracy: 0.8601 - fus_accuracy: 0.9350 - opt_loss: 0.0311 - sar_loss: 0.0845 - fus_loss: 0.0320 - loss: 0.1476 - val_opt_accuracy: 0.8780 - val_sar_accuracy: 0.8489 - val_fus_accuracy: 0.8742 - val_opt_loss: 0.0830 - val_sar_loss: 0.0847 - val_fus_loss: 0.0888 - val_loss: 0.2564
2022-01-19 01:41:19,610:INFO:train:
2022-01-19 01:41:19,610:INFO:train:Epoch 00022: val_fus_loss did not improve from 0.07276
2022-01-19 01:41:19,625:INFO:train:Epoch 23/500
2022-01-19 01:42:19,935:INFO:train:184/184 - 60s - opt_accuracy: 0.9357 - sar_accuracy: 0.8632 - fus_accuracy: 0.9367 - opt_loss: 0.0298 - sar_loss: 0.0818 - fus_loss: 0.0303 - loss: 0.1420 - val_opt_accuracy: 0.8776 - val_sar_accuracy: 0.8506 - val_fus_accuracy: 0.8779 - val_opt_loss: 0.0855 - val_sar_loss: 0.0858 - val_fus_loss: 0.0788 - val_loss: 0.2502
2022-01-19 01:42:19,935:INFO:train:
2022-01-19 01:42:19,935:INFO:train:Epoch 00023: val_fus_loss did not improve from 0.07276
2022-01-19 01:42:19,935:INFO:train:Epoch 00023: early stopping
