2022-01-18 21:20:16,095:INFO:train:Training Experiment 5 time: 0
2022-01-18 21:20:16,095:INFO:train:Training Conditions: ResUNET_OPT_n_n
2022-01-18 21:20:22,970:INFO:train:Image stack:
2022-01-18 21:20:22,970:INFO:train:(17730, 9203, 26)
2022-01-18 21:20:23,407:INFO:train:Labels stack:
2022-01-18 21:20:23,407:INFO:train:(17730, 9203)
2022-01-18 21:20:44,703:INFO:train:Model: "res_unet"
2022-01-18 21:20:44,703:INFO:train:_________________________________________________________________
2022-01-18 21:20:44,703:INFO:train:Layer (type)                 Output Shape              Param #
2022-01-18 21:20:44,703:INFO:train:=================================================================
2022-01-18 21:20:44,703:INFO:train:resunet_encoder (ResUNET_Enc multiple                  1066944
2022-01-18 21:20:44,703:INFO:train:_________________________________________________________________
2022-01-18 21:20:44,703:INFO:train:resunet_decoder (ResUNET_Dec multiple                  221408
2022-01-18 21:20:44,703:INFO:train:_________________________________________________________________
2022-01-18 21:20:44,703:INFO:train:classifier (Classifier)      multiple                  195
2022-01-18 21:20:44,703:INFO:train:=================================================================
2022-01-18 21:20:44,703:INFO:train:Total params: 1,288,547
2022-01-18 21:20:44,703:INFO:train:Trainable params: 1,288,547
2022-01-18 21:20:44,703:INFO:train:Non-trainable params: 0
2022-01-18 21:20:44,703:INFO:train:_________________________________________________________________
2022-01-18 21:20:44,922:INFO:train:Epoch 1/500
2022-01-18 21:21:01,093:INFO:train:184/184 - 16s - loss: 0.0886 - accuracy: 0.8654 - val_loss: 0.0770 - val_accuracy: 0.8786
2022-01-18 21:21:01,093:INFO:train:
2022-01-18 21:21:01,093:INFO:train:Epoch 00001: val_loss improved from inf to 0.07702, saving model to imgs\experiments\exp_5\models\ResUNET_0.h5
2022-01-18 21:21:01,140:INFO:train:Epoch 2/500
2022-01-18 21:21:10,936:INFO:train:184/184 - 10s - loss: 0.0689 - accuracy: 0.8919 - val_loss: 0.0875 - val_accuracy: 0.8685
2022-01-18 21:21:10,952:INFO:train:
2022-01-18 21:21:10,952:INFO:train:Epoch 00002: val_loss did not improve from 0.07702
2022-01-18 21:21:10,952:INFO:train:Epoch 3/500
2022-01-18 21:21:20,748:INFO:train:184/184 - 10s - loss: 0.0653 - accuracy: 0.8952 - val_loss: 0.0717 - val_accuracy: 0.8786
2022-01-18 21:21:20,748:INFO:train:
2022-01-18 21:21:20,748:INFO:train:Epoch 00003: val_loss improved from 0.07702 to 0.07175, saving model to imgs\experiments\exp_5\models\ResUNET_0.h5
2022-01-18 21:21:20,795:INFO:train:Epoch 4/500
2022-01-18 21:21:30,638:INFO:train:184/184 - 10s - loss: 0.0634 - accuracy: 0.8978 - val_loss: 0.0687 - val_accuracy: 0.8818
2022-01-18 21:21:30,638:INFO:train:
2022-01-18 21:21:30,638:INFO:train:Epoch 00004: val_loss improved from 0.07175 to 0.06870, saving model to imgs\experiments\exp_5\models\ResUNET_0.h5
2022-01-18 21:21:30,685:INFO:train:Epoch 5/500
2022-01-18 21:21:40,528:INFO:train:184/184 - 10s - loss: 0.0613 - accuracy: 0.8995 - val_loss: 0.0738 - val_accuracy: 0.8784
2022-01-18 21:21:40,528:INFO:train:
2022-01-18 21:21:40,528:INFO:train:Epoch 00005: val_loss did not improve from 0.06870
2022-01-18 21:21:40,528:INFO:train:Epoch 6/500
2022-01-18 21:21:50,325:INFO:train:184/184 - 10s - loss: 0.0584 - accuracy: 0.9017 - val_loss: 0.0732 - val_accuracy: 0.8763
2022-01-18 21:21:50,325:INFO:train:
2022-01-18 21:21:50,325:INFO:train:Epoch 00006: val_loss did not improve from 0.06870
2022-01-18 21:21:50,340:INFO:train:Epoch 7/500
2022-01-18 21:22:00,090:INFO:train:184/184 - 10s - loss: 0.0575 - accuracy: 0.9035 - val_loss: 0.0745 - val_accuracy: 0.8760
2022-01-18 21:22:00,090:INFO:train:
2022-01-18 21:22:00,090:INFO:train:Epoch 00007: val_loss did not improve from 0.06870
2022-01-18 21:22:00,106:INFO:train:Epoch 8/500
2022-01-18 21:22:09,886:INFO:train:184/184 - 10s - loss: 0.0562 - accuracy: 0.9043 - val_loss: 0.0671 - val_accuracy: 0.8814
2022-01-18 21:22:09,886:INFO:train:
2022-01-18 21:22:09,886:INFO:train:Epoch 00008: val_loss improved from 0.06870 to 0.06706, saving model to imgs\experiments\exp_5\models\ResUNET_0.h5
2022-01-18 21:22:09,933:INFO:train:Epoch 9/500
2022-01-18 21:22:19,839:INFO:train:184/184 - 10s - loss: 0.0536 - accuracy: 0.9071 - val_loss: 0.0747 - val_accuracy: 0.8785
2022-01-18 21:22:19,839:INFO:train:
2022-01-18 21:22:19,839:INFO:train:Epoch 00009: val_loss did not improve from 0.06706
2022-01-18 21:22:19,855:INFO:train:Epoch 10/500
2022-01-18 21:22:29,667:INFO:train:184/184 - 10s - loss: 0.0525 - accuracy: 0.9080 - val_loss: 0.0718 - val_accuracy: 0.8835
2022-01-18 21:22:29,667:INFO:train:
2022-01-18 21:22:29,667:INFO:train:Epoch 00010: val_loss did not improve from 0.06706
2022-01-18 21:22:29,667:INFO:train:Epoch 11/500
2022-01-18 21:22:39,541:INFO:train:184/184 - 10s - loss: 0.0513 - accuracy: 0.9092 - val_loss: 0.0734 - val_accuracy: 0.8790
2022-01-18 21:22:39,541:INFO:train:
2022-01-18 21:22:39,541:INFO:train:Epoch 00011: val_loss did not improve from 0.06706
2022-01-18 21:22:39,541:INFO:train:Epoch 12/500
2022-01-18 21:22:49,385:INFO:train:184/184 - 10s - loss: 0.0499 - accuracy: 0.9111 - val_loss: 0.0722 - val_accuracy: 0.8828
2022-01-18 21:22:49,385:INFO:train:
2022-01-18 21:22:49,385:INFO:train:Epoch 00012: val_loss did not improve from 0.06706
2022-01-18 21:22:49,400:INFO:train:Epoch 13/500
2022-01-18 21:22:59,259:INFO:train:184/184 - 10s - loss: 0.0479 - accuracy: 0.9130 - val_loss: 0.0707 - val_accuracy: 0.8826
2022-01-18 21:22:59,259:INFO:train:
2022-01-18 21:22:59,259:INFO:train:Epoch 00013: val_loss did not improve from 0.06706
2022-01-18 21:22:59,275:INFO:train:Epoch 14/500
2022-01-18 21:23:09,071:INFO:train:184/184 - 10s - loss: 0.0469 - accuracy: 0.9143 - val_loss: 0.0740 - val_accuracy: 0.8833
2022-01-18 21:23:09,071:INFO:train:
2022-01-18 21:23:09,071:INFO:train:Epoch 00014: val_loss did not improve from 0.06706
2022-01-18 21:23:09,087:INFO:train:Epoch 15/500
2022-01-18 21:23:18,930:INFO:train:184/184 - 10s - loss: 0.0459 - accuracy: 0.9154 - val_loss: 0.0679 - val_accuracy: 0.8831
2022-01-18 21:23:18,930:INFO:train:
2022-01-18 21:23:18,930:INFO:train:Epoch 00015: val_loss did not improve from 0.06706
2022-01-18 21:23:18,946:INFO:train:Epoch 16/500
2022-01-18 21:23:28,820:INFO:train:184/184 - 10s - loss: 0.0466 - accuracy: 0.9144 - val_loss: 0.0761 - val_accuracy: 0.8867
2022-01-18 21:23:28,820:INFO:train:
2022-01-18 21:23:28,820:INFO:train:Epoch 00016: val_loss did not improve from 0.06706
2022-01-18 21:23:28,836:INFO:train:Epoch 17/500
2022-01-18 21:23:38,617:INFO:train:184/184 - 10s - loss: 0.0425 - accuracy: 0.9192 - val_loss: 0.0746 - val_accuracy: 0.8825
2022-01-18 21:23:38,617:INFO:train:
2022-01-18 21:23:38,617:INFO:train:Epoch 00017: val_loss did not improve from 0.06706
2022-01-18 21:23:38,632:INFO:train:Epoch 18/500
2022-01-18 21:23:48,429:INFO:train:184/184 - 10s - loss: 0.0427 - accuracy: 0.9194 - val_loss: 0.0878 - val_accuracy: 0.8842
2022-01-18 21:23:48,429:INFO:train:
2022-01-18 21:23:48,429:INFO:train:Epoch 00018: val_loss did not improve from 0.06706
2022-01-18 21:23:48,444:INFO:train:Epoch 19/500
2022-01-18 21:23:58,303:INFO:train:184/184 - 10s - loss: 0.0392 - accuracy: 0.9229 - val_loss: 0.0956 - val_accuracy: 0.8764
2022-01-18 21:23:58,303:INFO:train:
2022-01-18 21:23:58,303:INFO:train:Epoch 00019: val_loss did not improve from 0.06706
2022-01-18 21:23:58,319:INFO:train:Epoch 20/500
2022-01-18 21:24:08,240:INFO:train:184/184 - 10s - loss: 0.0380 - accuracy: 0.9243 - val_loss: 0.1035 - val_accuracy: 0.8800
2022-01-18 21:24:08,240:INFO:train:
2022-01-18 21:24:08,240:INFO:train:Epoch 00020: val_loss did not improve from 0.06706
2022-01-18 21:24:08,268:INFO:train:Epoch 21/500
2022-01-18 21:24:18,102:INFO:train:184/184 - 10s - loss: 0.0370 - accuracy: 0.9255 - val_loss: 0.0953 - val_accuracy: 0.8810
2022-01-18 21:24:18,102:INFO:train:
2022-01-18 21:24:18,102:INFO:train:Epoch 00021: val_loss did not improve from 0.06706
2022-01-18 21:24:18,118:INFO:train:Epoch 22/500
2022-01-18 21:24:28,008:INFO:train:184/184 - 10s - loss: 0.0357 - accuracy: 0.9275 - val_loss: 0.0857 - val_accuracy: 0.8830
2022-01-18 21:24:28,008:INFO:train:
2022-01-18 21:24:28,008:INFO:train:Epoch 00022: val_loss did not improve from 0.06706
2022-01-18 21:24:28,023:INFO:train:Epoch 23/500
2022-01-18 21:24:37,820:INFO:train:184/184 - 10s - loss: 0.0356 - accuracy: 0.9278 - val_loss: 0.0879 - val_accuracy: 0.8848
2022-01-18 21:24:37,820:INFO:train:
2022-01-18 21:24:37,820:INFO:train:Epoch 00023: val_loss did not improve from 0.06706
2022-01-18 21:24:37,820:INFO:train:Epoch 00023: early stopping
2022-01-18 21:24:44,757:INFO:train:Training Experiment 5 time: 1
2022-01-18 21:24:44,757:INFO:train:Training Conditions: ResUNET_OPT_n_n
2022-01-18 21:24:51,663:INFO:train:Image stack:
2022-01-18 21:24:51,663:INFO:train:(17730, 9203, 26)
2022-01-18 21:24:52,116:INFO:train:Labels stack:
2022-01-18 21:24:52,116:INFO:train:(17730, 9203)
2022-01-18 21:25:13,396:INFO:train:Model: "res_unet"
2022-01-18 21:25:13,396:INFO:train:_________________________________________________________________
2022-01-18 21:25:13,396:INFO:train:Layer (type)                 Output Shape              Param #
2022-01-18 21:25:13,396:INFO:train:=================================================================
2022-01-18 21:25:13,396:INFO:train:resunet_encoder (ResUNET_Enc multiple                  1066944
2022-01-18 21:25:13,396:INFO:train:_________________________________________________________________
2022-01-18 21:25:13,396:INFO:train:resunet_decoder (ResUNET_Dec multiple                  221408
2022-01-18 21:25:13,396:INFO:train:_________________________________________________________________
2022-01-18 21:25:13,396:INFO:train:classifier (Classifier)      multiple                  195
2022-01-18 21:25:13,396:INFO:train:=================================================================
2022-01-18 21:25:13,396:INFO:train:Total params: 1,288,547
2022-01-18 21:25:13,396:INFO:train:Trainable params: 1,288,547
2022-01-18 21:25:13,396:INFO:train:Non-trainable params: 0
2022-01-18 21:25:13,396:INFO:train:_________________________________________________________________
2022-01-18 21:25:13,615:INFO:train:Epoch 1/500
2022-01-18 21:25:29,786:INFO:train:184/184 - 16s - loss: 0.0859 - accuracy: 0.8684 - val_loss: 0.0768 - val_accuracy: 0.8745
2022-01-18 21:25:29,786:INFO:train:
2022-01-18 21:25:29,786:INFO:train:Epoch 00001: val_loss improved from inf to 0.07682, saving model to imgs\experiments\exp_5\models\ResUNET_1.h5
2022-01-18 21:25:29,833:INFO:train:Epoch 2/500
2022-01-18 21:25:39,489:INFO:train:184/184 - 10s - loss: 0.0691 - accuracy: 0.8907 - val_loss: 0.0705 - val_accuracy: 0.8805
2022-01-18 21:25:39,489:INFO:train:
2022-01-18 21:25:39,489:INFO:train:Epoch 00002: val_loss improved from 0.07682 to 0.07053, saving model to imgs\experiments\exp_5\models\ResUNET_1.h5
2022-01-18 21:25:39,536:INFO:train:Epoch 3/500
2022-01-18 21:25:49,238:INFO:train:184/184 - 10s - loss: 0.0651 - accuracy: 0.8949 - val_loss: 0.0677 - val_accuracy: 0.8825
2022-01-18 21:25:49,238:INFO:train:
2022-01-18 21:25:49,238:INFO:train:Epoch 00003: val_loss improved from 0.07053 to 0.06767, saving model to imgs\experiments\exp_5\models\ResUNET_1.h5
2022-01-18 21:25:49,285:INFO:train:Epoch 4/500
2022-01-18 21:25:58,956:INFO:train:184/184 - 10s - loss: 0.0627 - accuracy: 0.8973 - val_loss: 0.0660 - val_accuracy: 0.8821
2022-01-18 21:25:58,956:INFO:train:
2022-01-18 21:25:58,956:INFO:train:Epoch 00004: val_loss improved from 0.06767 to 0.06603, saving model to imgs\experiments\exp_5\models\ResUNET_1.h5
2022-01-18 21:25:59,003:INFO:train:Epoch 5/500
2022-01-18 21:26:08,690:INFO:train:184/184 - 10s - loss: 0.0606 - accuracy: 0.9001 - val_loss: 0.0650 - val_accuracy: 0.8835
2022-01-18 21:26:08,690:INFO:train:
2022-01-18 21:26:08,690:INFO:train:Epoch 00005: val_loss improved from 0.06603 to 0.06496, saving model to imgs\experiments\exp_5\models\ResUNET_1.h5
2022-01-18 21:26:08,737:INFO:train:Epoch 6/500
2022-01-18 21:26:18,424:INFO:train:184/184 - 10s - loss: 0.0597 - accuracy: 0.9009 - val_loss: 0.0640 - val_accuracy: 0.8840
2022-01-18 21:26:18,424:INFO:train:
2022-01-18 21:26:18,424:INFO:train:Epoch 00006: val_loss improved from 0.06496 to 0.06404, saving model to imgs\experiments\exp_5\models\ResUNET_1.h5
2022-01-18 21:26:18,471:INFO:train:Epoch 7/500
2022-01-18 21:26:28,096:INFO:train:184/184 - 10s - loss: 0.0580 - accuracy: 0.9029 - val_loss: 0.0698 - val_accuracy: 0.8788
2022-01-18 21:26:28,096:INFO:train:
2022-01-18 21:26:28,096:INFO:train:Epoch 00007: val_loss did not improve from 0.06404
2022-01-18 21:26:28,111:INFO:train:Epoch 8/500
2022-01-18 21:26:37,830:INFO:train:184/184 - 10s - loss: 0.0561 - accuracy: 0.9048 - val_loss: 0.0723 - val_accuracy: 0.8825
2022-01-18 21:26:37,830:INFO:train:
2022-01-18 21:26:37,830:INFO:train:Epoch 00008: val_loss did not improve from 0.06404
2022-01-18 21:26:37,830:INFO:train:Epoch 9/500
2022-01-18 21:26:47,657:INFO:train:184/184 - 10s - loss: 0.0565 - accuracy: 0.9045 - val_loss: 0.0737 - val_accuracy: 0.8774
2022-01-18 21:26:47,657:INFO:train:
2022-01-18 21:26:47,657:INFO:train:Epoch 00009: val_loss did not improve from 0.06404
2022-01-18 21:26:47,673:INFO:train:Epoch 10/500
2022-01-18 21:26:57,329:INFO:train:184/184 - 10s - loss: 0.0542 - accuracy: 0.9067 - val_loss: 0.0837 - val_accuracy: 0.8753
2022-01-18 21:26:57,329:INFO:train:
2022-01-18 21:26:57,329:INFO:train:Epoch 00010: val_loss did not improve from 0.06404
2022-01-18 21:26:57,344:INFO:train:Epoch 11/500
2022-01-18 21:27:07,094:INFO:train:184/184 - 10s - loss: 0.0520 - accuracy: 0.9086 - val_loss: 0.0715 - val_accuracy: 0.8786
2022-01-18 21:27:07,094:INFO:train:
2022-01-18 21:27:07,094:INFO:train:Epoch 00011: val_loss did not improve from 0.06404
2022-01-18 21:27:07,109:INFO:train:Epoch 12/500
2022-01-18 21:27:16,875:INFO:train:184/184 - 10s - loss: 0.0511 - accuracy: 0.9097 - val_loss: 0.0756 - val_accuracy: 0.8802
2022-01-18 21:27:16,875:INFO:train:
2022-01-18 21:27:16,875:INFO:train:Epoch 00012: val_loss did not improve from 0.06404
2022-01-18 21:27:16,890:INFO:train:Epoch 13/500
2022-01-18 21:27:26,749:INFO:train:184/184 - 10s - loss: 0.0490 - accuracy: 0.9113 - val_loss: 0.0728 - val_accuracy: 0.8816
2022-01-18 21:27:26,749:INFO:train:
2022-01-18 21:27:26,749:INFO:train:Epoch 00013: val_loss did not improve from 0.06404
2022-01-18 21:27:26,765:INFO:train:Epoch 14/500
2022-01-18 21:27:36,608:INFO:train:184/184 - 10s - loss: 0.0475 - accuracy: 0.9135 - val_loss: 0.0886 - val_accuracy: 0.8821
2022-01-18 21:27:36,608:INFO:train:
2022-01-18 21:27:36,608:INFO:train:Epoch 00014: val_loss did not improve from 0.06404
2022-01-18 21:27:36,624:INFO:train:Epoch 15/500
2022-01-18 21:27:46,483:INFO:train:184/184 - 10s - loss: 0.0461 - accuracy: 0.9146 - val_loss: 0.0769 - val_accuracy: 0.8802
2022-01-18 21:27:46,483:INFO:train:
2022-01-18 21:27:46,483:INFO:train:Epoch 00015: val_loss did not improve from 0.06404
2022-01-18 21:27:46,498:INFO:train:Epoch 16/500
2022-01-18 21:27:56,435:INFO:train:184/184 - 10s - loss: 0.0452 - accuracy: 0.9158 - val_loss: 0.0819 - val_accuracy: 0.8820
2022-01-18 21:27:56,435:INFO:train:
2022-01-18 21:27:56,435:INFO:train:Epoch 00016: val_loss did not improve from 0.06404
2022-01-18 21:27:56,451:INFO:train:Epoch 17/500
2022-01-18 21:28:06,497:INFO:train:184/184 - 10s - loss: 0.0429 - accuracy: 0.9184 - val_loss: 0.0858 - val_accuracy: 0.8841
2022-01-18 21:28:06,497:INFO:train:
2022-01-18 21:28:06,497:INFO:train:Epoch 00017: val_loss did not improve from 0.06404
2022-01-18 21:28:06,497:INFO:train:Epoch 18/500
2022-01-18 21:28:16,466:INFO:train:184/184 - 10s - loss: 0.0440 - accuracy: 0.9167 - val_loss: 0.0819 - val_accuracy: 0.8804
2022-01-18 21:28:16,466:INFO:train:
2022-01-18 21:28:16,466:INFO:train:Epoch 00018: val_loss did not improve from 0.06404
2022-01-18 21:28:16,481:INFO:train:Epoch 19/500
2022-01-18 21:28:26,262:INFO:train:184/184 - 10s - loss: 0.0413 - accuracy: 0.9202 - val_loss: 0.0886 - val_accuracy: 0.8821
2022-01-18 21:28:26,262:INFO:train:
2022-01-18 21:28:26,262:INFO:train:Epoch 00019: val_loss did not improve from 0.06404
2022-01-18 21:28:26,278:INFO:train:Epoch 20/500
2022-01-18 21:28:36,105:INFO:train:184/184 - 10s - loss: 0.0394 - accuracy: 0.9223 - val_loss: 0.0815 - val_accuracy: 0.8833
2022-01-18 21:28:36,105:INFO:train:
2022-01-18 21:28:36,105:INFO:train:Epoch 00020: val_loss did not improve from 0.06404
2022-01-18 21:28:36,121:INFO:train:Epoch 21/500
2022-01-18 21:28:45,855:INFO:train:184/184 - 10s - loss: 0.0396 - accuracy: 0.9219 - val_loss: 0.0868 - val_accuracy: 0.8785
2022-01-18 21:28:45,855:INFO:train:
2022-01-18 21:28:45,855:INFO:train:Epoch 00021: val_loss did not improve from 0.06404
2022-01-18 21:28:45,855:INFO:train:Epoch 00021: early stopping
2022-01-18 21:28:52,776:INFO:train:Training Experiment 5 time: 2
2022-01-18 21:28:52,776:INFO:train:Training Conditions: ResUNET_OPT_n_n
2022-01-18 21:28:59,870:INFO:train:Image stack:
2022-01-18 21:28:59,870:INFO:train:(17730, 9203, 26)
2022-01-18 21:29:00,307:INFO:train:Labels stack:
2022-01-18 21:29:00,307:INFO:train:(17730, 9203)
2022-01-18 21:29:21,150:INFO:train:Model: "res_unet"
2022-01-18 21:29:21,150:INFO:train:_________________________________________________________________
2022-01-18 21:29:21,150:INFO:train:Layer (type)                 Output Shape              Param #
2022-01-18 21:29:21,150:INFO:train:=================================================================
2022-01-18 21:29:21,166:INFO:train:resunet_encoder (ResUNET_Enc multiple                  1066944
2022-01-18 21:29:21,166:INFO:train:_________________________________________________________________
2022-01-18 21:29:21,166:INFO:train:resunet_decoder (ResUNET_Dec multiple                  221408
2022-01-18 21:29:21,166:INFO:train:_________________________________________________________________
2022-01-18 21:29:21,166:INFO:train:classifier (Classifier)      multiple                  195
2022-01-18 21:29:21,166:INFO:train:=================================================================
2022-01-18 21:29:21,166:INFO:train:Total params: 1,288,547
2022-01-18 21:29:21,166:INFO:train:Trainable params: 1,288,547
2022-01-18 21:29:21,166:INFO:train:Non-trainable params: 0
2022-01-18 21:29:21,166:INFO:train:_________________________________________________________________
2022-01-18 21:29:21,384:INFO:train:Epoch 1/500
2022-01-18 21:29:37,509:INFO:train:184/184 - 16s - loss: 0.0903 - accuracy: 0.8665 - val_loss: 0.0801 - val_accuracy: 0.8714
2022-01-18 21:29:37,509:INFO:train:
2022-01-18 21:29:37,509:INFO:train:Epoch 00001: val_loss improved from inf to 0.08006, saving model to imgs\experiments\exp_5\models\ResUNET_2.h5
2022-01-18 21:29:37,555:INFO:train:Epoch 2/500
2022-01-18 21:29:47,321:INFO:train:184/184 - 10s - loss: 0.0699 - accuracy: 0.8898 - val_loss: 0.0911 - val_accuracy: 0.8643
2022-01-18 21:29:47,321:INFO:train:
2022-01-18 21:29:47,321:INFO:train:Epoch 00002: val_loss did not improve from 0.08006
2022-01-18 21:29:47,336:INFO:train:Epoch 3/500
2022-01-18 21:29:57,086:INFO:train:184/184 - 10s - loss: 0.0671 - accuracy: 0.8931 - val_loss: 0.0799 - val_accuracy: 0.8740
2022-01-18 21:29:57,086:INFO:train:
2022-01-18 21:29:57,086:INFO:train:Epoch 00003: val_loss improved from 0.08006 to 0.07985, saving model to imgs\experiments\exp_5\models\ResUNET_2.h5
2022-01-18 21:29:57,133:INFO:train:Epoch 4/500
2022-01-18 21:30:06,788:INFO:train:184/184 - 10s - loss: 0.0638 - accuracy: 0.8967 - val_loss: 0.0713 - val_accuracy: 0.8819
2022-01-18 21:30:06,788:INFO:train:
2022-01-18 21:30:06,788:INFO:train:Epoch 00004: val_loss improved from 0.07985 to 0.07131, saving model to imgs\experiments\exp_5\models\ResUNET_2.h5
2022-01-18 21:30:06,835:INFO:train:Epoch 5/500
2022-01-18 21:30:16,522:INFO:train:184/184 - 10s - loss: 0.0615 - accuracy: 0.8991 - val_loss: 0.0756 - val_accuracy: 0.8765
2022-01-18 21:30:16,522:INFO:train:
2022-01-18 21:30:16,522:INFO:train:Epoch 00005: val_loss did not improve from 0.07131
2022-01-18 21:30:16,522:INFO:train:Epoch 6/500
2022-01-18 21:30:26,256:INFO:train:184/184 - 10s - loss: 0.0601 - accuracy: 0.9006 - val_loss: 0.0735 - val_accuracy: 0.8751
2022-01-18 21:30:26,256:INFO:train:
2022-01-18 21:30:26,256:INFO:train:Epoch 00006: val_loss did not improve from 0.07131
2022-01-18 21:30:26,272:INFO:train:Epoch 7/500
2022-01-18 21:30:35,896:INFO:train:184/184 - 10s - loss: 0.0588 - accuracy: 0.9019 - val_loss: 0.0716 - val_accuracy: 0.8826
2022-01-18 21:30:35,896:INFO:train:
2022-01-18 21:30:35,896:INFO:train:Epoch 00007: val_loss did not improve from 0.07131
2022-01-18 21:30:35,896:INFO:train:Epoch 8/500
2022-01-18 21:30:45,615:INFO:train:184/184 - 10s - loss: 0.0563 - accuracy: 0.9045 - val_loss: 0.0683 - val_accuracy: 0.8837
2022-01-18 21:30:45,615:INFO:train:
2022-01-18 21:30:45,615:INFO:train:Epoch 00008: val_loss improved from 0.07131 to 0.06831, saving model to imgs\experiments\exp_5\models\ResUNET_2.h5
2022-01-18 21:30:45,662:INFO:train:Epoch 9/500
2022-01-18 21:30:55,442:INFO:train:184/184 - 10s - loss: 0.0559 - accuracy: 0.9049 - val_loss: 0.0671 - val_accuracy: 0.8860
2022-01-18 21:30:55,442:INFO:train:
2022-01-18 21:30:55,442:INFO:train:Epoch 00009: val_loss improved from 0.06831 to 0.06715, saving model to imgs\experiments\exp_5\models\ResUNET_2.h5
2022-01-18 21:30:55,489:INFO:train:Epoch 10/500
2022-01-18 21:31:05,223:INFO:train:184/184 - 10s - loss: 0.0540 - accuracy: 0.9067 - val_loss: 0.0653 - val_accuracy: 0.8832
2022-01-18 21:31:05,223:INFO:train:
2022-01-18 21:31:05,223:INFO:train:Epoch 00010: val_loss improved from 0.06715 to 0.06528, saving model to imgs\experiments\exp_5\models\ResUNET_2.h5
2022-01-18 21:31:05,270:INFO:train:Epoch 11/500
2022-01-18 21:31:14,988:INFO:train:184/184 - 10s - loss: 0.0523 - accuracy: 0.9084 - val_loss: 0.0658 - val_accuracy: 0.8849
2022-01-18 21:31:14,988:INFO:train:
2022-01-18 21:31:14,988:INFO:train:Epoch 00011: val_loss did not improve from 0.06528
2022-01-18 21:31:15,004:INFO:train:Epoch 12/500
2022-01-18 21:31:24,738:INFO:train:184/184 - 10s - loss: 0.0506 - accuracy: 0.9100 - val_loss: 0.0682 - val_accuracy: 0.8842
2022-01-18 21:31:24,738:INFO:train:
2022-01-18 21:31:24,738:INFO:train:Epoch 00012: val_loss did not improve from 0.06528
2022-01-18 21:31:24,754:INFO:train:Epoch 13/500
2022-01-18 21:31:34,409:INFO:train:184/184 - 10s - loss: 0.0495 - accuracy: 0.9111 - val_loss: 0.0709 - val_accuracy: 0.8784
2022-01-18 21:31:34,425:INFO:train:
2022-01-18 21:31:34,425:INFO:train:Epoch 00013: val_loss did not improve from 0.06528
2022-01-18 21:31:34,425:INFO:train:Epoch 14/500
2022-01-18 21:31:44,128:INFO:train:184/184 - 10s - loss: 0.0488 - accuracy: 0.9122 - val_loss: 0.0641 - val_accuracy: 0.8872
2022-01-18 21:31:44,128:INFO:train:
2022-01-18 21:31:44,128:INFO:train:Epoch 00014: val_loss improved from 0.06528 to 0.06409, saving model to imgs\experiments\exp_5\models\ResUNET_2.h5
2022-01-18 21:31:44,174:INFO:train:Epoch 15/500
2022-01-18 21:31:53,846:INFO:train:184/184 - 10s - loss: 0.0475 - accuracy: 0.9126 - val_loss: 0.0687 - val_accuracy: 0.8839
2022-01-18 21:31:53,846:INFO:train:
2022-01-18 21:31:53,846:INFO:train:Epoch 00015: val_loss did not improve from 0.06409
2022-01-18 21:31:53,862:INFO:train:Epoch 16/500
2022-01-18 21:32:03,580:INFO:train:184/184 - 10s - loss: 0.0444 - accuracy: 0.9163 - val_loss: 0.0667 - val_accuracy: 0.8875
2022-01-18 21:32:03,580:INFO:train:
2022-01-18 21:32:03,580:INFO:train:Epoch 00016: val_loss did not improve from 0.06409
2022-01-18 21:32:03,595:INFO:train:Epoch 17/500
2022-01-18 21:32:13,314:INFO:train:184/184 - 10s - loss: 0.0449 - accuracy: 0.9163 - val_loss: 0.0669 - val_accuracy: 0.8913
2022-01-18 21:32:13,314:INFO:train:
2022-01-18 21:32:13,314:INFO:train:Epoch 00017: val_loss did not improve from 0.06409
2022-01-18 21:32:13,314:INFO:train:Epoch 18/500
2022-01-18 21:32:23,001:INFO:train:184/184 - 10s - loss: 0.0433 - accuracy: 0.9178 - val_loss: 0.0678 - val_accuracy: 0.8863
2022-01-18 21:32:23,001:INFO:train:
2022-01-18 21:32:23,001:INFO:train:Epoch 00018: val_loss did not improve from 0.06409
2022-01-18 21:32:23,016:INFO:train:Epoch 19/500
2022-01-18 21:32:32,797:INFO:train:184/184 - 10s - loss: 0.0413 - accuracy: 0.9203 - val_loss: 0.0728 - val_accuracy: 0.8917
2022-01-18 21:32:32,813:INFO:train:
2022-01-18 21:32:32,813:INFO:train:Epoch 00019: val_loss did not improve from 0.06409
2022-01-18 21:32:32,813:INFO:train:Epoch 20/500
2022-01-18 21:32:42,640:INFO:train:184/184 - 10s - loss: 0.0400 - accuracy: 0.9222 - val_loss: 0.0734 - val_accuracy: 0.8868
2022-01-18 21:32:42,640:INFO:train:
2022-01-18 21:32:42,640:INFO:train:Epoch 00020: val_loss did not improve from 0.06409
2022-01-18 21:32:42,656:INFO:train:Epoch 21/500
2022-01-18 21:32:52,343:INFO:train:184/184 - 10s - loss: 0.0394 - accuracy: 0.9226 - val_loss: 0.0702 - val_accuracy: 0.8908
2022-01-18 21:32:52,343:INFO:train:
2022-01-18 21:32:52,343:INFO:train:Epoch 00021: val_loss did not improve from 0.06409
2022-01-18 21:32:52,374:INFO:train:Epoch 22/500
2022-01-18 21:33:02,452:INFO:train:184/184 - 10s - loss: 0.0381 - accuracy: 0.9247 - val_loss: 0.0716 - val_accuracy: 0.8865
2022-01-18 21:33:02,452:INFO:train:
2022-01-18 21:33:02,452:INFO:train:Epoch 00022: val_loss did not improve from 0.06409
2022-01-18 21:33:02,468:INFO:train:Epoch 23/500
2022-01-18 21:33:12,373:INFO:train:184/184 - 10s - loss: 0.0372 - accuracy: 0.9255 - val_loss: 0.0727 - val_accuracy: 0.8883
2022-01-18 21:33:12,373:INFO:train:
2022-01-18 21:33:12,373:INFO:train:Epoch 00023: val_loss did not improve from 0.06409
2022-01-18 21:33:12,389:INFO:train:Epoch 24/500
2022-01-18 21:33:22,107:INFO:train:184/184 - 10s - loss: 0.0355 - accuracy: 0.9268 - val_loss: 0.0739 - val_accuracy: 0.8895
2022-01-18 21:33:22,107:INFO:train:
2022-01-18 21:33:22,107:INFO:train:Epoch 00024: val_loss did not improve from 0.06409
2022-01-18 21:33:22,123:INFO:train:Epoch 25/500
2022-01-18 21:33:31,826:INFO:train:184/184 - 10s - loss: 0.0360 - accuracy: 0.9272 - val_loss: 0.0898 - val_accuracy: 0.8890
2022-01-18 21:33:31,826:INFO:train:
2022-01-18 21:33:31,826:INFO:train:Epoch 00025: val_loss did not improve from 0.06409
2022-01-18 21:33:31,841:INFO:train:Epoch 26/500
2022-01-18 21:33:41,763:INFO:train:184/184 - 10s - loss: 0.0362 - accuracy: 0.9270 - val_loss: 0.0776 - val_accuracy: 0.8892
2022-01-18 21:33:41,763:INFO:train:
2022-01-18 21:33:41,763:INFO:train:Epoch 00026: val_loss did not improve from 0.06409
2022-01-18 21:33:41,763:INFO:train:Epoch 27/500
2022-01-18 21:33:51,575:INFO:train:184/184 - 10s - loss: 0.0328 - accuracy: 0.9304 - val_loss: 0.0804 - val_accuracy: 0.8864
2022-01-18 21:33:51,575:INFO:train:
2022-01-18 21:33:51,575:INFO:train:Epoch 00027: val_loss did not improve from 0.06409
2022-01-18 21:33:51,590:INFO:train:Epoch 28/500
2022-01-18 21:34:01,449:INFO:train:184/184 - 10s - loss: 0.0319 - accuracy: 0.9314 - val_loss: 0.0828 - val_accuracy: 0.8897
2022-01-18 21:34:01,465:INFO:train:
2022-01-18 21:34:01,465:INFO:train:Epoch 00028: val_loss did not improve from 0.06409
2022-01-18 21:34:01,465:INFO:train:Epoch 29/500
2022-01-18 21:34:11,355:INFO:train:184/184 - 10s - loss: 0.0310 - accuracy: 0.9326 - val_loss: 0.0844 - val_accuracy: 0.8861
2022-01-18 21:34:11,355:INFO:train:
2022-01-18 21:34:11,355:INFO:train:Epoch 00029: val_loss did not improve from 0.06409
2022-01-18 21:34:11,355:INFO:train:Epoch 00029: early stopping
2022-01-18 21:34:18,323:INFO:train:Training Experiment 5 time: 3
2022-01-18 21:34:18,323:INFO:train:Training Conditions: ResUNET_OPT_n_n
2022-01-18 21:34:25,214:INFO:train:Image stack:
2022-01-18 21:34:25,214:INFO:train:(17730, 9203, 26)
2022-01-18 21:34:25,636:INFO:train:Labels stack:
2022-01-18 21:34:25,636:INFO:train:(17730, 9203)
2022-01-18 21:34:46,713:INFO:train:Model: "res_unet"
2022-01-18 21:34:46,713:INFO:train:_________________________________________________________________
2022-01-18 21:34:46,713:INFO:train:Layer (type)                 Output Shape              Param #
2022-01-18 21:34:46,713:INFO:train:=================================================================
2022-01-18 21:34:46,728:INFO:train:resunet_encoder (ResUNET_Enc multiple                  1066944
2022-01-18 21:34:46,728:INFO:train:_________________________________________________________________
2022-01-18 21:34:46,728:INFO:train:resunet_decoder (ResUNET_Dec multiple                  221408
2022-01-18 21:34:46,728:INFO:train:_________________________________________________________________
2022-01-18 21:34:46,728:INFO:train:classifier (Classifier)      multiple                  195
2022-01-18 21:34:46,728:INFO:train:=================================================================
2022-01-18 21:34:46,728:INFO:train:Total params: 1,288,547
2022-01-18 21:34:46,728:INFO:train:Trainable params: 1,288,547
2022-01-18 21:34:46,728:INFO:train:Non-trainable params: 0
2022-01-18 21:34:46,728:INFO:train:_________________________________________________________________
2022-01-18 21:34:46,947:INFO:train:Epoch 1/500
2022-01-18 21:35:03,009:INFO:train:184/184 - 16s - loss: 0.0889 - accuracy: 0.8657 - val_loss: 0.0723 - val_accuracy: 0.8813
2022-01-18 21:35:03,009:INFO:train:
2022-01-18 21:35:03,009:INFO:train:Epoch 00001: val_loss improved from inf to 0.07228, saving model to imgs\experiments\exp_5\models\ResUNET_3.h5
2022-01-18 21:35:03,056:INFO:train:Epoch 2/500
2022-01-18 21:35:12,837:INFO:train:184/184 - 10s - loss: 0.0704 - accuracy: 0.8895 - val_loss: 0.0772 - val_accuracy: 0.8766
2022-01-18 21:35:12,837:INFO:train:
2022-01-18 21:35:12,837:INFO:train:Epoch 00002: val_loss did not improve from 0.07228
2022-01-18 21:35:12,852:INFO:train:Epoch 3/500
2022-01-18 21:35:22,570:INFO:train:184/184 - 10s - loss: 0.0663 - accuracy: 0.8944 - val_loss: 0.0737 - val_accuracy: 0.8776
2022-01-18 21:35:22,570:INFO:train:
2022-01-18 21:35:22,570:INFO:train:Epoch 00003: val_loss did not improve from 0.07228
2022-01-18 21:35:22,586:INFO:train:Epoch 4/500
2022-01-18 21:35:32,257:INFO:train:184/184 - 10s - loss: 0.0634 - accuracy: 0.8978 - val_loss: 0.0704 - val_accuracy: 0.8787
2022-01-18 21:35:32,257:INFO:train:
2022-01-18 21:35:32,257:INFO:train:Epoch 00004: val_loss improved from 0.07228 to 0.07042, saving model to imgs\experiments\exp_5\models\ResUNET_3.h5
2022-01-18 21:35:32,320:INFO:train:Epoch 5/500
2022-01-18 21:35:41,960:INFO:train:184/184 - 10s - loss: 0.0613 - accuracy: 0.8996 - val_loss: 0.0663 - val_accuracy: 0.8775
2022-01-18 21:35:41,960:INFO:train:
2022-01-18 21:35:41,960:INFO:train:Epoch 00005: val_loss improved from 0.07042 to 0.06628, saving model to imgs\experiments\exp_5\models\ResUNET_3.h5
2022-01-18 21:35:42,007:INFO:train:Epoch 6/500
2022-01-18 21:35:51,710:INFO:train:184/184 - 10s - loss: 0.0595 - accuracy: 0.9019 - val_loss: 0.0692 - val_accuracy: 0.8779
2022-01-18 21:35:51,710:INFO:train:
2022-01-18 21:35:51,710:INFO:train:Epoch 00006: val_loss did not improve from 0.06628
2022-01-18 21:35:51,725:INFO:train:Epoch 7/500
2022-01-18 21:36:01,444:INFO:train:184/184 - 10s - loss: 0.0582 - accuracy: 0.9027 - val_loss: 0.0702 - val_accuracy: 0.8773
2022-01-18 21:36:01,444:INFO:train:
2022-01-18 21:36:01,444:INFO:train:Epoch 00007: val_loss did not improve from 0.06628
2022-01-18 21:36:01,459:INFO:train:Epoch 8/500
2022-01-18 21:36:11,209:INFO:train:184/184 - 10s - loss: 0.0570 - accuracy: 0.9038 - val_loss: 0.0695 - val_accuracy: 0.8767
2022-01-18 21:36:11,209:INFO:train:
2022-01-18 21:36:11,209:INFO:train:Epoch 00008: val_loss did not improve from 0.06628
2022-01-18 21:36:11,224:INFO:train:Epoch 9/500
2022-01-18 21:36:20,943:INFO:train:184/184 - 10s - loss: 0.0553 - accuracy: 0.9056 - val_loss: 0.0931 - val_accuracy: 0.8730
2022-01-18 21:36:20,943:INFO:train:
2022-01-18 21:36:20,943:INFO:train:Epoch 00009: val_loss did not improve from 0.06628
2022-01-18 21:36:20,958:INFO:train:Epoch 10/500
2022-01-18 21:36:30,583:INFO:train:184/184 - 10s - loss: 0.0555 - accuracy: 0.9061 - val_loss: 0.0713 - val_accuracy: 0.8778
2022-01-18 21:36:30,583:INFO:train:
2022-01-18 21:36:30,583:INFO:train:Epoch 00010: val_loss did not improve from 0.06628
2022-01-18 21:36:30,583:INFO:train:Epoch 11/500
2022-01-18 21:36:40,301:INFO:train:184/184 - 10s - loss: 0.0532 - accuracy: 0.9074 - val_loss: 0.0750 - val_accuracy: 0.8817
2022-01-18 21:36:40,301:INFO:train:
2022-01-18 21:36:40,301:INFO:train:Epoch 00011: val_loss did not improve from 0.06628
2022-01-18 21:36:40,301:INFO:train:Epoch 12/500
2022-01-18 21:36:49,973:INFO:train:184/184 - 10s - loss: 0.0509 - accuracy: 0.9098 - val_loss: 0.0812 - val_accuracy: 0.8757
2022-01-18 21:36:49,973:INFO:train:
2022-01-18 21:36:49,973:INFO:train:Epoch 00012: val_loss did not improve from 0.06628
2022-01-18 21:36:49,988:INFO:train:Epoch 13/500
2022-01-18 21:36:59,769:INFO:train:184/184 - 10s - loss: 0.0509 - accuracy: 0.9104 - val_loss: 0.0931 - val_accuracy: 0.8796
2022-01-18 21:36:59,769:INFO:train:
2022-01-18 21:36:59,769:INFO:train:Epoch 00013: val_loss did not improve from 0.06628
2022-01-18 21:36:59,785:INFO:train:Epoch 14/500
2022-01-18 21:37:09,472:INFO:train:184/184 - 10s - loss: 0.0497 - accuracy: 0.9119 - val_loss: 0.0750 - val_accuracy: 0.8814
2022-01-18 21:37:09,472:INFO:train:
2022-01-18 21:37:09,472:INFO:train:Epoch 00014: val_loss did not improve from 0.06628
2022-01-18 21:37:09,487:INFO:train:Epoch 15/500
2022-01-18 21:37:19,127:INFO:train:184/184 - 10s - loss: 0.0481 - accuracy: 0.9132 - val_loss: 0.0972 - val_accuracy: 0.8790
2022-01-18 21:37:19,127:INFO:train:
2022-01-18 21:37:19,127:INFO:train:Epoch 00015: val_loss did not improve from 0.06628
2022-01-18 21:37:19,143:INFO:train:Epoch 16/500
2022-01-18 21:37:28,861:INFO:train:184/184 - 10s - loss: 0.0472 - accuracy: 0.9144 - val_loss: 0.0958 - val_accuracy: 0.8768
2022-01-18 21:37:28,861:INFO:train:
2022-01-18 21:37:28,861:INFO:train:Epoch 00016: val_loss did not improve from 0.06628
2022-01-18 21:37:28,877:INFO:train:Epoch 17/500
2022-01-18 21:37:38,627:INFO:train:184/184 - 10s - loss: 0.0472 - accuracy: 0.9144 - val_loss: 0.0986 - val_accuracy: 0.8811
2022-01-18 21:37:38,627:INFO:train:
2022-01-18 21:37:38,627:INFO:train:Epoch 00017: val_loss did not improve from 0.06628
2022-01-18 21:37:38,642:INFO:train:Epoch 18/500
2022-01-18 21:37:48,329:INFO:train:184/184 - 10s - loss: 0.0444 - accuracy: 0.9169 - val_loss: 0.0812 - val_accuracy: 0.8857
2022-01-18 21:37:48,329:INFO:train:
2022-01-18 21:37:48,329:INFO:train:Epoch 00018: val_loss did not improve from 0.06628
2022-01-18 21:37:48,329:INFO:train:Epoch 19/500
2022-01-18 21:37:58,141:INFO:train:184/184 - 10s - loss: 0.0428 - accuracy: 0.9198 - val_loss: 0.1102 - val_accuracy: 0.8772
2022-01-18 21:37:58,141:INFO:train:
2022-01-18 21:37:58,141:INFO:train:Epoch 00019: val_loss did not improve from 0.06628
2022-01-18 21:37:58,157:INFO:train:Epoch 20/500
2022-01-18 21:38:08,109:INFO:train:184/184 - 10s - loss: 0.0424 - accuracy: 0.9198 - val_loss: 0.1167 - val_accuracy: 0.8804
2022-01-18 21:38:08,109:INFO:train:
2022-01-18 21:38:08,109:INFO:train:Epoch 00020: val_loss did not improve from 0.06628
2022-01-18 21:38:08,109:INFO:train:Epoch 00020: early stopping
2022-01-18 21:38:15,015:INFO:train:Training Experiment 5 time: 4
2022-01-18 21:38:15,015:INFO:train:Training Conditions: ResUNET_OPT_n_n
2022-01-18 21:38:21,765:INFO:train:Image stack:
2022-01-18 21:38:21,765:INFO:train:(17730, 9203, 26)
2022-01-18 21:38:22,203:INFO:train:Labels stack:
2022-01-18 21:38:22,203:INFO:train:(17730, 9203)
2022-01-18 21:38:43,858:INFO:train:Model: "res_unet"
2022-01-18 21:38:43,858:INFO:train:_________________________________________________________________
2022-01-18 21:38:43,858:INFO:train:Layer (type)                 Output Shape              Param #
2022-01-18 21:38:43,858:INFO:train:=================================================================
2022-01-18 21:38:43,858:INFO:train:resunet_encoder (ResUNET_Enc multiple                  1066944
2022-01-18 21:38:43,858:INFO:train:_________________________________________________________________
2022-01-18 21:38:43,858:INFO:train:resunet_decoder (ResUNET_Dec multiple                  221408
2022-01-18 21:38:43,858:INFO:train:_________________________________________________________________
2022-01-18 21:38:43,858:INFO:train:classifier (Classifier)      multiple                  195
2022-01-18 21:38:43,858:INFO:train:=================================================================
2022-01-18 21:38:43,858:INFO:train:Total params: 1,288,547
2022-01-18 21:38:43,858:INFO:train:Trainable params: 1,288,547
2022-01-18 21:38:43,858:INFO:train:Non-trainable params: 0
2022-01-18 21:38:43,858:INFO:train:_________________________________________________________________
2022-01-18 21:38:44,077:INFO:train:Epoch 1/500
2022-01-18 21:39:00,060:INFO:train:184/184 - 16s - loss: 0.0906 - accuracy: 0.8637 - val_loss: 0.0730 - val_accuracy: 0.8838
2022-01-18 21:39:00,060:INFO:train:
2022-01-18 21:39:00,060:INFO:train:Epoch 00001: val_loss improved from inf to 0.07295, saving model to imgs\experiments\exp_5\models\ResUNET_4.h5
2022-01-18 21:39:00,373:INFO:train:Epoch 2/500
2022-01-18 21:39:10,138:INFO:train:184/184 - 10s - loss: 0.0703 - accuracy: 0.8905 - val_loss: 0.0708 - val_accuracy: 0.8833
2022-01-18 21:39:10,138:INFO:train:
2022-01-18 21:39:10,138:INFO:train:Epoch 00002: val_loss improved from 0.07295 to 0.07085, saving model to imgs\experiments\exp_5\models\ResUNET_4.h5
2022-01-18 21:39:10,200:INFO:train:Epoch 3/500
2022-01-18 21:39:19,934:INFO:train:184/184 - 10s - loss: 0.0655 - accuracy: 0.8964 - val_loss: 0.0703 - val_accuracy: 0.8818
2022-01-18 21:39:19,934:INFO:train:
2022-01-18 21:39:19,934:INFO:train:Epoch 00003: val_loss improved from 0.07085 to 0.07031, saving model to imgs\experiments\exp_5\models\ResUNET_4.h5
2022-01-18 21:39:19,997:INFO:train:Epoch 4/500
2022-01-18 21:39:29,762:INFO:train:184/184 - 10s - loss: 0.0633 - accuracy: 0.8982 - val_loss: 0.0723 - val_accuracy: 0.8788
2022-01-18 21:39:29,762:INFO:train:
2022-01-18 21:39:29,762:INFO:train:Epoch 00004: val_loss did not improve from 0.07031
2022-01-18 21:39:29,762:INFO:train:Epoch 5/500
2022-01-18 21:39:39,590:INFO:train:184/184 - 10s - loss: 0.0610 - accuracy: 0.8999 - val_loss: 0.0702 - val_accuracy: 0.8792
2022-01-18 21:39:39,590:INFO:train:
2022-01-18 21:39:39,590:INFO:train:Epoch 00005: val_loss improved from 0.07031 to 0.07019, saving model to imgs\experiments\exp_5\models\ResUNET_4.h5
2022-01-18 21:39:39,636:INFO:train:Epoch 6/500
2022-01-18 21:39:49,480:INFO:train:184/184 - 10s - loss: 0.0596 - accuracy: 0.9010 - val_loss: 0.0738 - val_accuracy: 0.8710
2022-01-18 21:39:49,480:INFO:train:
2022-01-18 21:39:49,480:INFO:train:Epoch 00006: val_loss did not improve from 0.07019
2022-01-18 21:39:49,495:INFO:train:Epoch 7/500
2022-01-18 21:39:59,229:INFO:train:184/184 - 10s - loss: 0.0583 - accuracy: 0.9024 - val_loss: 0.0711 - val_accuracy: 0.8763
2022-01-18 21:39:59,229:INFO:train:
2022-01-18 21:39:59,229:INFO:train:Epoch 00007: val_loss did not improve from 0.07019
2022-01-18 21:39:59,245:INFO:train:Epoch 8/500
2022-01-18 21:40:09,119:INFO:train:184/184 - 10s - loss: 0.0562 - accuracy: 0.9041 - val_loss: 0.0746 - val_accuracy: 0.8777
2022-01-18 21:40:09,119:INFO:train:
2022-01-18 21:40:09,119:INFO:train:Epoch 00008: val_loss did not improve from 0.07019
2022-01-18 21:40:09,135:INFO:train:Epoch 9/500
2022-01-18 21:40:18,994:INFO:train:184/184 - 10s - loss: 0.0562 - accuracy: 0.9042 - val_loss: 0.0766 - val_accuracy: 0.8749
2022-01-18 21:40:18,994:INFO:train:
2022-01-18 21:40:18,994:INFO:train:Epoch 00009: val_loss did not improve from 0.07019
2022-01-18 21:40:19,010:INFO:train:Epoch 10/500
2022-01-18 21:40:28,759:INFO:train:184/184 - 10s - loss: 0.0536 - accuracy: 0.9068 - val_loss: 0.0856 - val_accuracy: 0.8797
2022-01-18 21:40:28,759:INFO:train:
2022-01-18 21:40:28,759:INFO:train:Epoch 00010: val_loss did not improve from 0.07019
2022-01-18 21:40:28,775:INFO:train:Epoch 11/500
2022-01-18 21:40:38,509:INFO:train:184/184 - 10s - loss: 0.0522 - accuracy: 0.9082 - val_loss: 0.1006 - val_accuracy: 0.8684
2022-01-18 21:40:38,509:INFO:train:
2022-01-18 21:40:38,509:INFO:train:Epoch 00011: val_loss did not improve from 0.07019
2022-01-18 21:40:38,524:INFO:train:Epoch 12/500
2022-01-18 21:40:48,368:INFO:train:184/184 - 10s - loss: 0.0509 - accuracy: 0.9096 - val_loss: 0.1244 - val_accuracy: 0.8723
2022-01-18 21:40:48,368:INFO:train:
2022-01-18 21:40:48,368:INFO:train:Epoch 00012: val_loss did not improve from 0.07019
2022-01-18 21:40:48,383:INFO:train:Epoch 13/500
2022-01-18 21:40:58,258:INFO:train:184/184 - 10s - loss: 0.0495 - accuracy: 0.9109 - val_loss: 0.1090 - val_accuracy: 0.8737
2022-01-18 21:40:58,258:INFO:train:
2022-01-18 21:40:58,258:INFO:train:Epoch 00013: val_loss did not improve from 0.07019
2022-01-18 21:40:58,273:INFO:train:Epoch 14/500
2022-01-18 21:41:08,132:INFO:train:184/184 - 10s - loss: 0.0493 - accuracy: 0.9115 - val_loss: 0.1350 - val_accuracy: 0.8757
2022-01-18 21:41:08,132:INFO:train:
2022-01-18 21:41:08,132:INFO:train:Epoch 00014: val_loss did not improve from 0.07019
2022-01-18 21:41:08,148:INFO:train:Epoch 15/500
2022-01-18 21:41:17,929:INFO:train:184/184 - 10s - loss: 0.0472 - accuracy: 0.9136 - val_loss: 0.1233 - val_accuracy: 0.8729
2022-01-18 21:41:17,929:INFO:train:
2022-01-18 21:41:17,929:INFO:train:Epoch 00015: val_loss did not improve from 0.07019
2022-01-18 21:41:17,944:INFO:train:Epoch 16/500
2022-01-18 21:41:27,678:INFO:train:184/184 - 10s - loss: 0.0455 - accuracy: 0.9157 - val_loss: 0.1248 - val_accuracy: 0.8703
2022-01-18 21:41:27,678:INFO:train:
2022-01-18 21:41:27,678:INFO:train:Epoch 00016: val_loss did not improve from 0.07019
2022-01-18 21:41:27,694:INFO:train:Epoch 17/500
2022-01-18 21:41:37,443:INFO:train:184/184 - 10s - loss: 0.0441 - accuracy: 0.9172 - val_loss: 0.1181 - val_accuracy: 0.8774
2022-01-18 21:41:37,443:INFO:train:
2022-01-18 21:41:37,443:INFO:train:Epoch 00017: val_loss did not improve from 0.07019
2022-01-18 21:41:37,459:INFO:train:Epoch 18/500
2022-01-18 21:41:47,271:INFO:train:184/184 - 10s - loss: 0.0428 - accuracy: 0.9187 - val_loss: 0.1324 - val_accuracy: 0.8717
2022-01-18 21:41:47,271:INFO:train:
2022-01-18 21:41:47,271:INFO:train:Epoch 00018: val_loss did not improve from 0.07019
2022-01-18 21:41:47,287:INFO:train:Epoch 19/500
2022-01-18 21:41:56,974:INFO:train:184/184 - 10s - loss: 0.0411 - accuracy: 0.9205 - val_loss: 0.1416 - val_accuracy: 0.8703
2022-01-18 21:41:56,974:INFO:train:
2022-01-18 21:41:56,974:INFO:train:Epoch 00019: val_loss did not improve from 0.07019
2022-01-18 21:41:56,989:INFO:train:Epoch 20/500
2022-01-18 21:42:06,817:INFO:train:184/184 - 10s - loss: 0.0413 - accuracy: 0.9204 - val_loss: 0.1503 - val_accuracy: 0.8695
2022-01-18 21:42:06,817:INFO:train:
2022-01-18 21:42:06,817:INFO:train:Epoch 00020: val_loss did not improve from 0.07019
2022-01-18 21:42:06,817:INFO:train:Epoch 00020: early stopping
