2022-01-18 22:07:58,495:INFO:train:Training Experiment 7 time: 0
2022-01-18 22:07:58,495:INFO:train:Training Conditions: Concat_ResUNET_FUS_n_n
2022-01-18 22:08:05,604:INFO:train:Image stack:
2022-01-18 22:08:05,604:INFO:train:(17730, 9203, 30)
2022-01-18 22:08:06,073:INFO:train:Labels stack:
2022-01-18 22:08:06,073:INFO:train:(17730, 9203)
2022-01-18 22:08:28,462:INFO:train:Model: "concat__res_unet"
2022-01-18 22:08:28,462:INFO:train:_________________________________________________________________
2022-01-18 22:08:28,462:INFO:train:Layer (type)                 Output Shape              Param #
2022-01-18 22:08:28,462:INFO:train:=================================================================
2022-01-18 22:08:28,462:INFO:train:opt_encoder (ResUNET_Encoder multiple                  1066944
2022-01-18 22:08:28,462:INFO:train:_________________________________________________________________
2022-01-18 22:08:28,462:INFO:train:sar_encoder (ResUNET_Encoder multiple                  1054272
2022-01-18 22:08:28,462:INFO:train:_________________________________________________________________
2022-01-18 22:08:28,462:INFO:train:opt_decoder (ResUNET_Decoder multiple                  221408
2022-01-18 22:08:28,462:INFO:train:_________________________________________________________________
2022-01-18 22:08:28,462:INFO:train:sar_decoder (ResUNET_Decoder multiple                  221408
2022-01-18 22:08:28,462:INFO:train:_________________________________________________________________
2022-01-18 22:08:28,462:INFO:train:fus_concat (FusionLayer)     multiple                  0
2022-01-18 22:08:28,462:INFO:train:_________________________________________________________________
2022-01-18 22:08:28,462:INFO:train:opt_classifier (Classifier)  multiple                  195
2022-01-18 22:08:28,462:INFO:train:_________________________________________________________________
2022-01-18 22:08:28,462:INFO:train:sar_classifier (Classifier)  multiple                  195
2022-01-18 22:08:28,462:INFO:train:_________________________________________________________________
2022-01-18 22:08:28,462:INFO:train:fus_classifier (Classifier)  multiple                  387
2022-01-18 22:08:28,462:INFO:train:=================================================================
2022-01-18 22:08:28,462:INFO:train:Total params: 2,564,809
2022-01-18 22:08:28,462:INFO:train:Trainable params: 2,564,809
2022-01-18 22:08:28,462:INFO:train:Non-trainable params: 0
2022-01-18 22:08:28,462:INFO:train:_________________________________________________________________
2022-01-18 22:08:28,728:INFO:train:Epoch 1/10
2022-01-18 22:08:56,789:INFO:train:184/184 - 28s - opt_accuracy: 0.8166 - sar_accuracy: 0.7371 - fus_accuracy: 0.6899 - opt_loss: 0.1091 - sar_loss: 0.1607 - fus_loss: 0.1821 - loss: 0.4520 - val_opt_accuracy: 0.8581 - val_sar_accuracy: 0.7759 - val_fus_accuracy: 0.7079 - val_opt_loss: 0.1050 - val_sar_loss: 0.1326 - val_fus_loss: 0.1781 - val_loss: 0.4157
2022-01-18 22:08:56,805:INFO:train:Epoch 2/10
2022-01-18 22:09:15,023:INFO:train:184/184 - 18s - opt_accuracy: 0.8845 - sar_accuracy: 0.7584 - fus_accuracy: 0.6067 - opt_loss: 0.0742 - sar_loss: 0.1530 - fus_loss: 0.1982 - loss: 0.4254 - val_opt_accuracy: 0.8674 - val_sar_accuracy: 0.7708 - val_fus_accuracy: 0.6120 - val_opt_loss: 0.0875 - val_sar_loss: 0.1354 - val_fus_loss: 0.2031 - val_loss: 0.4260
2022-01-18 22:09:15,038:INFO:train:Epoch 3/10
2022-01-18 22:09:33,350:INFO:train:184/184 - 18s - opt_accuracy: 0.8898 - sar_accuracy: 0.7731 - fus_accuracy: 0.5638 - opt_loss: 0.0697 - sar_loss: 0.1442 - fus_loss: 0.2209 - loss: 0.4348 - val_opt_accuracy: 0.8779 - val_sar_accuracy: 0.8137 - val_fus_accuracy: 0.5680 - val_opt_loss: 0.0745 - val_sar_loss: 0.1110 - val_fus_loss: 0.2104 - val_loss: 0.3960
2022-01-18 22:09:33,366:INFO:train:Epoch 4/10
2022-01-18 22:09:51,630:INFO:train:184/184 - 18s - opt_accuracy: 0.8941 - sar_accuracy: 0.8018 - fus_accuracy: 0.5548 - opt_loss: 0.0667 - sar_loss: 0.1294 - fus_loss: 0.2228 - loss: 0.4189 - val_opt_accuracy: 0.8799 - val_sar_accuracy: 0.8212 - val_fus_accuracy: 0.5431 - val_opt_loss: 0.0721 - val_sar_loss: 0.1122 - val_fus_loss: 0.2304 - val_loss: 0.4147
2022-01-18 22:09:51,646:INFO:train:Epoch 5/10
2022-01-18 22:10:09,911:INFO:train:184/184 - 18s - opt_accuracy: 0.8954 - sar_accuracy: 0.8154 - fus_accuracy: 0.5420 - opt_loss: 0.0653 - sar_loss: 0.1187 - fus_loss: 0.2269 - loss: 0.4109 - val_opt_accuracy: 0.8766 - val_sar_accuracy: 0.8322 - val_fus_accuracy: 0.5284 - val_opt_loss: 0.0726 - val_sar_loss: 0.0972 - val_fus_loss: 0.2280 - val_loss: 0.3978
2022-01-18 22:10:09,926:INFO:train:Epoch 6/10
2022-01-18 22:10:28,160:INFO:train:184/184 - 18s - opt_accuracy: 0.8970 - sar_accuracy: 0.8289 - fus_accuracy: 0.5496 - opt_loss: 0.0636 - sar_loss: 0.1081 - fus_loss: 0.2206 - loss: 0.3923 - val_opt_accuracy: 0.8749 - val_sar_accuracy: 0.8380 - val_fus_accuracy: 0.5543 - val_opt_loss: 0.0716 - val_sar_loss: 0.0954 - val_fus_loss: 0.2054 - val_loss: 0.3725
2022-01-18 22:10:28,176:INFO:train:Epoch 7/10
2022-01-18 22:10:46,456:INFO:train:184/184 - 18s - opt_accuracy: 0.8979 - sar_accuracy: 0.8316 - fus_accuracy: 0.5438 - opt_loss: 0.0631 - sar_loss: 0.1066 - fus_loss: 0.2259 - loss: 0.3956 - val_opt_accuracy: 0.8684 - val_sar_accuracy: 0.8389 - val_fus_accuracy: 0.5523 - val_opt_loss: 0.0781 - val_sar_loss: 0.0966 - val_fus_loss: 0.2019 - val_loss: 0.3766
2022-01-18 22:10:46,472:INFO:train:Epoch 8/10
2022-01-18 22:11:04,768:INFO:train:184/184 - 18s - opt_accuracy: 0.8989 - sar_accuracy: 0.8361 - fus_accuracy: 0.5341 - opt_loss: 0.0623 - sar_loss: 0.1025 - fus_loss: 0.2303 - loss: 0.3951 - val_opt_accuracy: 0.8735 - val_sar_accuracy: 0.8418 - val_fus_accuracy: 0.5933 - val_opt_loss: 0.0767 - val_sar_loss: 0.0902 - val_fus_loss: 0.1845 - val_loss: 0.3514
2022-01-18 22:11:04,783:INFO:train:Epoch 9/10
2022-01-18 22:11:22,985:INFO:train:184/184 - 18s - opt_accuracy: 0.9006 - sar_accuracy: 0.8378 - fus_accuracy: 0.5371 - opt_loss: 0.0601 - sar_loss: 0.1013 - fus_loss: 0.2311 - loss: 0.3925 - val_opt_accuracy: 0.8708 - val_sar_accuracy: 0.8437 - val_fus_accuracy: 0.5543 - val_opt_loss: 0.0744 - val_sar_loss: 0.0921 - val_fus_loss: 0.1984 - val_loss: 0.3648
2022-01-18 22:11:23,001:INFO:train:Epoch 10/10
2022-01-18 22:11:41,328:INFO:train:184/184 - 18s - opt_accuracy: 0.9024 - sar_accuracy: 0.8357 - fus_accuracy: 0.5361 - opt_loss: 0.0588 - sar_loss: 0.1020 - fus_loss: 0.2347 - loss: 0.3955 - val_opt_accuracy: 0.8735 - val_sar_accuracy: 0.8392 - val_fus_accuracy: 0.5327 - val_opt_loss: 0.0741 - val_sar_loss: 0.0948 - val_fus_loss: 0.2088 - val_loss: 0.3778
2022-01-18 22:11:41,469:INFO:train:Epoch 1/500
2022-01-18 22:12:16,124:INFO:train:184/184 - 35s - opt_accuracy: 0.8881 - sar_accuracy: 0.7850 - fus_accuracy: 0.8844 - opt_loss: 0.0727 - sar_loss: 0.1345 - fus_loss: 0.0735 - loss: 0.2808 - val_opt_accuracy: 0.8751 - val_sar_accuracy: 0.8197 - val_fus_accuracy: 0.8748 - val_opt_loss: 0.0737 - val_sar_loss: 0.1073 - val_fus_loss: 0.0721 - val_loss: 0.2531
2022-01-18 22:12:16,124:INFO:train:
2022-01-18 22:12:16,124:INFO:train:Epoch 00001: val_fus_loss improved from inf to 0.07213, saving model to imgs\experiments\exp_7\models\Concat_ResUNET_0.h5
2022-01-18 22:12:16,217:INFO:train:Epoch 2/500
2022-01-18 22:12:44,732:INFO:train:184/184 - 29s - opt_accuracy: 0.8966 - sar_accuracy: 0.8228 - fus_accuracy: 0.8971 - opt_loss: 0.0643 - sar_loss: 0.1140 - fus_loss: 0.0637 - loss: 0.2420 - val_opt_accuracy: 0.8764 - val_sar_accuracy: 0.8140 - val_fus_accuracy: 0.8769 - val_opt_loss: 0.0731 - val_sar_loss: 0.1143 - val_fus_loss: 0.0719 - val_loss: 0.2594
2022-01-18 22:12:44,732:INFO:train:
2022-01-18 22:12:44,732:INFO:train:Epoch 00002: val_fus_loss improved from 0.07213 to 0.07194, saving model to imgs\experiments\exp_7\models\Concat_ResUNET_0.h5
2022-01-18 22:12:44,810:INFO:train:Epoch 3/500
2022-01-18 22:13:13,277:INFO:train:184/184 - 28s - opt_accuracy: 0.9000 - sar_accuracy: 0.8237 - fus_accuracy: 0.9000 - opt_loss: 0.0614 - sar_loss: 0.1129 - fus_loss: 0.0610 - loss: 0.2353 - val_opt_accuracy: 0.8750 - val_sar_accuracy: 0.8380 - val_fus_accuracy: 0.8794 - val_opt_loss: 0.0735 - val_sar_loss: 0.0888 - val_fus_loss: 0.0681 - val_loss: 0.2304
2022-01-18 22:13:13,277:INFO:train:
2022-01-18 22:13:13,277:INFO:train:Epoch 00003: val_fus_loss improved from 0.07194 to 0.06812, saving model to imgs\experiments\exp_7\models\Concat_ResUNET_0.h5
2022-01-18 22:13:13,371:INFO:train:Epoch 4/500
2022-01-18 22:13:41,917:INFO:train:184/184 - 29s - opt_accuracy: 0.9003 - sar_accuracy: 0.8298 - fus_accuracy: 0.9010 - opt_loss: 0.0606 - sar_loss: 0.1084 - fus_loss: 0.0600 - loss: 0.2290 - val_opt_accuracy: 0.8756 - val_sar_accuracy: 0.8289 - val_fus_accuracy: 0.8760 - val_opt_loss: 0.0754 - val_sar_loss: 0.0981 - val_fus_loss: 0.0774 - val_loss: 0.2509
2022-01-18 22:13:41,917:INFO:train:
2022-01-18 22:13:41,917:INFO:train:Epoch 00004: val_fus_loss did not improve from 0.06812
2022-01-18 22:13:41,932:INFO:train:Epoch 5/500
2022-01-18 22:14:10,478:INFO:train:184/184 - 29s - opt_accuracy: 0.9022 - sar_accuracy: 0.8248 - fus_accuracy: 0.9031 - opt_loss: 0.0582 - sar_loss: 0.1109 - fus_loss: 0.0577 - loss: 0.2267 - val_opt_accuracy: 0.8721 - val_sar_accuracy: 0.8304 - val_fus_accuracy: 0.8715 - val_opt_loss: 0.0723 - val_sar_loss: 0.0903 - val_fus_loss: 0.0735 - val_loss: 0.2362
2022-01-18 22:14:10,478:INFO:train:
2022-01-18 22:14:10,478:INFO:train:Epoch 00005: val_fus_loss did not improve from 0.06812
2022-01-18 22:14:10,493:INFO:train:Epoch 6/500
2022-01-18 22:14:38,929:INFO:train:184/184 - 28s - opt_accuracy: 0.9042 - sar_accuracy: 0.8390 - fus_accuracy: 0.9050 - opt_loss: 0.0561 - sar_loss: 0.1006 - fus_loss: 0.0556 - loss: 0.2123 - val_opt_accuracy: 0.8711 - val_sar_accuracy: 0.8428 - val_fus_accuracy: 0.8718 - val_opt_loss: 0.0793 - val_sar_loss: 0.0889 - val_fus_loss: 0.0822 - val_loss: 0.2503
2022-01-18 22:14:38,929:INFO:train:
2022-01-18 22:14:38,929:INFO:train:Epoch 00006: val_fus_loss did not improve from 0.06812
2022-01-18 22:14:38,945:INFO:train:Epoch 7/500
2022-01-18 22:15:07,350:INFO:train:184/184 - 28s - opt_accuracy: 0.9064 - sar_accuracy: 0.8404 - fus_accuracy: 0.9071 - opt_loss: 0.0539 - sar_loss: 0.0994 - fus_loss: 0.0535 - loss: 0.2069 - val_opt_accuracy: 0.8780 - val_sar_accuracy: 0.8430 - val_fus_accuracy: 0.8807 - val_opt_loss: 0.0769 - val_sar_loss: 0.0880 - val_fus_loss: 0.0739 - val_loss: 0.2389
2022-01-18 22:15:07,350:INFO:train:
2022-01-18 22:15:07,350:INFO:train:Epoch 00007: val_fus_loss did not improve from 0.06812
2022-01-18 22:15:07,366:INFO:train:Epoch 8/500
2022-01-18 22:15:35,849:INFO:train:184/184 - 28s - opt_accuracy: 0.9080 - sar_accuracy: 0.8396 - fus_accuracy: 0.9087 - opt_loss: 0.0529 - sar_loss: 0.1000 - fus_loss: 0.0525 - loss: 0.2054 - val_opt_accuracy: 0.8735 - val_sar_accuracy: 0.8364 - val_fus_accuracy: 0.8744 - val_opt_loss: 0.0858 - val_sar_loss: 0.0854 - val_fus_loss: 0.0873 - val_loss: 0.2585
2022-01-18 22:15:35,849:INFO:train:
2022-01-18 22:15:35,849:INFO:train:Epoch 00008: val_fus_loss did not improve from 0.06812
2022-01-18 22:15:35,864:INFO:train:Epoch 9/500
2022-01-18 22:16:04,426:INFO:train:184/184 - 29s - opt_accuracy: 0.9098 - sar_accuracy: 0.8437 - fus_accuracy: 0.9107 - opt_loss: 0.0509 - sar_loss: 0.0972 - fus_loss: 0.0504 - loss: 0.1986 - val_opt_accuracy: 0.8741 - val_sar_accuracy: 0.8394 - val_fus_accuracy: 0.8746 - val_opt_loss: 0.0836 - val_sar_loss: 0.0902 - val_fus_loss: 0.0879 - val_loss: 0.2617
2022-01-18 22:16:04,426:INFO:train:
2022-01-18 22:16:04,426:INFO:train:Epoch 00009: val_fus_loss did not improve from 0.06812
2022-01-18 22:16:04,441:INFO:train:Epoch 10/500
2022-01-18 22:16:32,784:INFO:train:184/184 - 28s - opt_accuracy: 0.9123 - sar_accuracy: 0.8445 - fus_accuracy: 0.9132 - opt_loss: 0.0488 - sar_loss: 0.0959 - fus_loss: 0.0482 - loss: 0.1930 - val_opt_accuracy: 0.8812 - val_sar_accuracy: 0.8455 - val_fus_accuracy: 0.8830 - val_opt_loss: 0.0714 - val_sar_loss: 0.0830 - val_fus_loss: 0.0734 - val_loss: 0.2278
2022-01-18 22:16:32,784:INFO:train:
2022-01-18 22:16:32,784:INFO:train:Epoch 00010: val_fus_loss did not improve from 0.06812
2022-01-18 22:16:32,799:INFO:train:Epoch 11/500
2022-01-18 22:17:01,220:INFO:train:184/184 - 28s - opt_accuracy: 0.9138 - sar_accuracy: 0.8426 - fus_accuracy: 0.9148 - opt_loss: 0.0478 - sar_loss: 0.0981 - fus_loss: 0.0471 - loss: 0.1930 - val_opt_accuracy: 0.8776 - val_sar_accuracy: 0.8403 - val_fus_accuracy: 0.8806 - val_opt_loss: 0.0774 - val_sar_loss: 0.0861 - val_fus_loss: 0.0773 - val_loss: 0.2407
2022-01-18 22:17:01,220:INFO:train:
2022-01-18 22:17:01,220:INFO:train:Epoch 00011: val_fus_loss did not improve from 0.06812
2022-01-18 22:17:01,235:INFO:train:Epoch 12/500
2022-01-18 22:17:29,625:INFO:train:184/184 - 28s - opt_accuracy: 0.9147 - sar_accuracy: 0.8468 - fus_accuracy: 0.9156 - opt_loss: 0.0467 - sar_loss: 0.0947 - fus_loss: 0.0460 - loss: 0.1874 - val_opt_accuracy: 0.8780 - val_sar_accuracy: 0.8427 - val_fus_accuracy: 0.8802 - val_opt_loss: 0.0883 - val_sar_loss: 0.0866 - val_fus_loss: 0.0914 - val_loss: 0.2664
2022-01-18 22:17:29,625:INFO:train:
2022-01-18 22:17:29,625:INFO:train:Epoch 00012: val_fus_loss did not improve from 0.06812
2022-01-18 22:17:29,640:INFO:train:Epoch 13/500
2022-01-18 22:17:58,186:INFO:train:184/184 - 29s - opt_accuracy: 0.9172 - sar_accuracy: 0.8474 - fus_accuracy: 0.9181 - opt_loss: 0.0443 - sar_loss: 0.0934 - fus_loss: 0.0436 - loss: 0.1812 - val_opt_accuracy: 0.8787 - val_sar_accuracy: 0.8317 - val_fus_accuracy: 0.8810 - val_opt_loss: 0.0837 - val_sar_loss: 0.0975 - val_fus_loss: 0.0854 - val_loss: 0.2667
2022-01-18 22:17:58,186:INFO:train:
2022-01-18 22:17:58,186:INFO:train:Epoch 00013: val_fus_loss did not improve from 0.06812
2022-01-18 22:17:58,202:INFO:train:Epoch 14/500
2022-01-18 22:18:26,591:INFO:train:184/184 - 28s - opt_accuracy: 0.9190 - sar_accuracy: 0.8488 - fus_accuracy: 0.9199 - opt_loss: 0.0427 - sar_loss: 0.0930 - fus_loss: 0.0421 - loss: 0.1778 - val_opt_accuracy: 0.8799 - val_sar_accuracy: 0.8455 - val_fus_accuracy: 0.8816 - val_opt_loss: 0.0765 - val_sar_loss: 0.0845 - val_fus_loss: 0.0763 - val_loss: 0.2373
2022-01-18 22:18:26,591:INFO:train:
2022-01-18 22:18:26,591:INFO:train:Epoch 00014: val_fus_loss did not improve from 0.06812
2022-01-18 22:18:26,606:INFO:train:Epoch 15/500
2022-01-18 22:18:55,027:INFO:train:184/184 - 28s - opt_accuracy: 0.9205 - sar_accuracy: 0.8495 - fus_accuracy: 0.9216 - opt_loss: 0.0416 - sar_loss: 0.0929 - fus_loss: 0.0408 - loss: 0.1753 - val_opt_accuracy: 0.8820 - val_sar_accuracy: 0.8315 - val_fus_accuracy: 0.8839 - val_opt_loss: 0.0785 - val_sar_loss: 0.1021 - val_fus_loss: 0.0765 - val_loss: 0.2570
2022-01-18 22:18:55,027:INFO:train:
2022-01-18 22:18:55,027:INFO:train:Epoch 00015: val_fus_loss did not improve from 0.06812
2022-01-18 22:18:55,043:INFO:train:Epoch 16/500
2022-01-18 22:19:23,448:INFO:train:184/184 - 28s - opt_accuracy: 0.9232 - sar_accuracy: 0.8547 - fus_accuracy: 0.9242 - opt_loss: 0.0388 - sar_loss: 0.0883 - fus_loss: 0.0381 - loss: 0.1652 - val_opt_accuracy: 0.8805 - val_sar_accuracy: 0.8436 - val_fus_accuracy: 0.8822 - val_opt_loss: 0.0854 - val_sar_loss: 0.0866 - val_fus_loss: 0.0831 - val_loss: 0.2551
2022-01-18 22:19:23,448:INFO:train:
2022-01-18 22:19:23,448:INFO:train:Epoch 00016: val_fus_loss did not improve from 0.06812
2022-01-18 22:19:23,463:INFO:train:Epoch 17/500
2022-01-18 22:19:51,946:INFO:train:184/184 - 28s - opt_accuracy: 0.9256 - sar_accuracy: 0.8541 - fus_accuracy: 0.9266 - opt_loss: 0.0372 - sar_loss: 0.0898 - fus_loss: 0.0365 - loss: 0.1635 - val_opt_accuracy: 0.8729 - val_sar_accuracy: 0.8462 - val_fus_accuracy: 0.8758 - val_opt_loss: 0.0912 - val_sar_loss: 0.0864 - val_fus_loss: 0.0915 - val_loss: 0.2691
2022-01-18 22:19:51,946:INFO:train:
2022-01-18 22:19:51,946:INFO:train:Epoch 00017: val_fus_loss did not improve from 0.06812
2022-01-18 22:19:51,962:INFO:train:Epoch 18/500
2022-01-18 22:20:20,507:INFO:train:184/184 - 29s - opt_accuracy: 0.9261 - sar_accuracy: 0.8554 - fus_accuracy: 0.9272 - opt_loss: 0.0366 - sar_loss: 0.0871 - fus_loss: 0.0358 - loss: 0.1595 - val_opt_accuracy: 0.8802 - val_sar_accuracy: 0.8296 - val_fus_accuracy: 0.8812 - val_opt_loss: 0.0878 - val_sar_loss: 0.1054 - val_fus_loss: 0.0875 - val_loss: 0.2808
2022-01-18 22:20:20,523:INFO:train:
2022-01-18 22:20:20,523:INFO:train:Epoch 00018: val_fus_loss did not improve from 0.06812
2022-01-18 22:20:20,523:INFO:train:Epoch 00018: early stopping
2022-01-18 22:20:27,820:INFO:train:Training Experiment 7 time: 1
2022-01-18 22:20:27,820:INFO:train:Training Conditions: Concat_ResUNET_FUS_n_n
2022-01-18 22:20:34,835:INFO:train:Image stack:
2022-01-18 22:20:34,835:INFO:train:(17730, 9203, 30)
2022-01-18 22:20:35,288:INFO:train:Labels stack:
2022-01-18 22:20:35,288:INFO:train:(17730, 9203)
2022-01-18 22:20:58,615:INFO:train:Model: "concat__res_unet"
2022-01-18 22:20:58,615:INFO:train:_________________________________________________________________
2022-01-18 22:20:58,615:INFO:train:Layer (type)                 Output Shape              Param #
2022-01-18 22:20:58,615:INFO:train:=================================================================
2022-01-18 22:20:58,615:INFO:train:opt_encoder (ResUNET_Encoder multiple                  1066944
2022-01-18 22:20:58,615:INFO:train:_________________________________________________________________
2022-01-18 22:20:58,615:INFO:train:sar_encoder (ResUNET_Encoder multiple                  1054272
2022-01-18 22:20:58,615:INFO:train:_________________________________________________________________
2022-01-18 22:20:58,615:INFO:train:opt_decoder (ResUNET_Decoder multiple                  221408
2022-01-18 22:20:58,615:INFO:train:_________________________________________________________________
2022-01-18 22:20:58,615:INFO:train:sar_decoder (ResUNET_Decoder multiple                  221408
2022-01-18 22:20:58,615:INFO:train:_________________________________________________________________
2022-01-18 22:20:58,615:INFO:train:fus_concat (FusionLayer)     multiple                  0
2022-01-18 22:20:58,615:INFO:train:_________________________________________________________________
2022-01-18 22:20:58,615:INFO:train:opt_classifier (Classifier)  multiple                  195
2022-01-18 22:20:58,615:INFO:train:_________________________________________________________________
2022-01-18 22:20:58,615:INFO:train:sar_classifier (Classifier)  multiple                  195
2022-01-18 22:20:58,615:INFO:train:_________________________________________________________________
2022-01-18 22:20:58,615:INFO:train:fus_classifier (Classifier)  multiple                  387
2022-01-18 22:20:58,615:INFO:train:=================================================================
2022-01-18 22:20:58,631:INFO:train:Total params: 2,564,809
2022-01-18 22:20:58,631:INFO:train:Trainable params: 2,564,809
2022-01-18 22:20:58,631:INFO:train:Non-trainable params: 0
2022-01-18 22:20:58,631:INFO:train:_________________________________________________________________
2022-01-18 22:20:58,881:INFO:train:Epoch 1/10
2022-01-18 22:21:26,348:INFO:train:184/184 - 27s - opt_accuracy: 0.8441 - sar_accuracy: 0.7463 - fus_accuracy: 0.5536 - opt_loss: 0.1015 - sar_loss: 0.1600 - fus_loss: 0.1861 - loss: 0.4476 - val_opt_accuracy: 0.8634 - val_sar_accuracy: 0.7578 - val_fus_accuracy: 0.5371 - val_opt_loss: 0.0953 - val_sar_loss: 0.1435 - val_fus_loss: 0.1441 - val_loss: 0.3829
2022-01-18 22:21:26,364:INFO:train:Epoch 2/10
2022-01-18 22:21:44,066:INFO:train:184/184 - 18s - opt_accuracy: 0.8851 - sar_accuracy: 0.7606 - fus_accuracy: 0.5148 - opt_loss: 0.0741 - sar_loss: 0.1525 - fus_loss: 0.1810 - loss: 0.4077 - val_opt_accuracy: 0.8708 - val_sar_accuracy: 0.8073 - val_fus_accuracy: 0.4892 - val_opt_loss: 0.0810 - val_sar_loss: 0.1185 - val_fus_loss: 0.1604 - val_loss: 0.3598
2022-01-18 22:21:44,082:INFO:train:Epoch 3/10
2022-01-18 22:22:01,878:INFO:train:184/184 - 18s - opt_accuracy: 0.8904 - sar_accuracy: 0.7807 - fus_accuracy: 0.4960 - opt_loss: 0.0702 - sar_loss: 0.1419 - fus_loss: 0.1825 - loss: 0.3947 - val_opt_accuracy: 0.8623 - val_sar_accuracy: 0.8054 - val_fus_accuracy: 0.4867 - val_opt_loss: 0.0914 - val_sar_loss: 0.1244 - val_fus_loss: 0.1499 - val_loss: 0.3657
2022-01-18 22:22:01,893:INFO:train:Epoch 4/10
2022-01-18 22:22:19,658:INFO:train:184/184 - 18s - opt_accuracy: 0.8937 - sar_accuracy: 0.8082 - fus_accuracy: 0.4842 - opt_loss: 0.0668 - sar_loss: 0.1252 - fus_loss: 0.1816 - loss: 0.3736 - val_opt_accuracy: 0.8729 - val_sar_accuracy: 0.8300 - val_fus_accuracy: 0.4582 - val_opt_loss: 0.0792 - val_sar_loss: 0.1006 - val_fus_loss: 0.1652 - val_loss: 0.3450
2022-01-18 22:22:19,674:INFO:train:Epoch 5/10
2022-01-18 22:22:37,423:INFO:train:184/184 - 18s - opt_accuracy: 0.8956 - sar_accuracy: 0.8260 - fus_accuracy: 0.4713 - opt_loss: 0.0651 - sar_loss: 0.1108 - fus_loss: 0.1840 - loss: 0.3599 - val_opt_accuracy: 0.8715 - val_sar_accuracy: 0.8366 - val_fus_accuracy: 0.4651 - val_opt_loss: 0.0748 - val_sar_loss: 0.0944 - val_fus_loss: 0.1563 - val_loss: 0.3255
2022-01-18 22:22:37,439:INFO:train:Epoch 6/10
2022-01-18 22:22:55,235:INFO:train:184/184 - 18s - opt_accuracy: 0.8978 - sar_accuracy: 0.8315 - fus_accuracy: 0.4625 - opt_loss: 0.0627 - sar_loss: 0.1064 - fus_loss: 0.1887 - loss: 0.3578 - val_opt_accuracy: 0.8690 - val_sar_accuracy: 0.8283 - val_fus_accuracy: 0.4672 - val_opt_loss: 0.0789 - val_sar_loss: 0.1020 - val_fus_loss: 0.1742 - val_loss: 0.3551
2022-01-18 22:22:55,250:INFO:train:Epoch 7/10
2022-01-18 22:23:13,078:INFO:train:184/184 - 18s - opt_accuracy: 0.8984 - sar_accuracy: 0.8342 - fus_accuracy: 0.4564 - opt_loss: 0.0624 - sar_loss: 0.1041 - fus_loss: 0.1925 - loss: 0.3590 - val_opt_accuracy: 0.8709 - val_sar_accuracy: 0.8409 - val_fus_accuracy: 0.4614 - val_opt_loss: 0.0759 - val_sar_loss: 0.0938 - val_fus_loss: 0.1531 - val_loss: 0.3227
2022-01-18 22:23:13,093:INFO:train:Epoch 8/10
2022-01-18 22:23:30,889:INFO:train:184/184 - 18s - opt_accuracy: 0.9006 - sar_accuracy: 0.8361 - fus_accuracy: 0.4530 - opt_loss: 0.0600 - sar_loss: 0.1025 - fus_loss: 0.1951 - loss: 0.3576 - val_opt_accuracy: 0.8716 - val_sar_accuracy: 0.8405 - val_fus_accuracy: 0.4537 - val_opt_loss: 0.0749 - val_sar_loss: 0.0876 - val_fus_loss: 0.1673 - val_loss: 0.3298
2022-01-18 22:23:30,905:INFO:train:Epoch 9/10
2022-01-18 22:23:48,701:INFO:train:184/184 - 18s - opt_accuracy: 0.9008 - sar_accuracy: 0.8368 - fus_accuracy: 0.4526 - opt_loss: 0.0599 - sar_loss: 0.1022 - fus_loss: 0.1970 - loss: 0.3591 - val_opt_accuracy: 0.8795 - val_sar_accuracy: 0.8385 - val_fus_accuracy: 0.4527 - val_opt_loss: 0.0684 - val_sar_loss: 0.0925 - val_fus_loss: 0.1636 - val_loss: 0.3246
2022-01-18 22:23:48,717:INFO:train:Epoch 10/10
2022-01-18 22:24:06,716:INFO:train:184/184 - 18s - opt_accuracy: 0.9011 - sar_accuracy: 0.8401 - fus_accuracy: 0.4482 - opt_loss: 0.0591 - sar_loss: 0.0993 - fus_loss: 0.2022 - loss: 0.3606 - val_opt_accuracy: 0.8738 - val_sar_accuracy: 0.8432 - val_fus_accuracy: 0.4464 - val_opt_loss: 0.0746 - val_sar_loss: 0.0847 - val_fus_loss: 0.1927 - val_loss: 0.3520
2022-01-18 22:24:06,856:INFO:train:Epoch 1/500
2022-01-18 22:24:40,839:INFO:train:184/184 - 34s - opt_accuracy: 0.8759 - sar_accuracy: 0.7900 - fus_accuracy: 0.8709 - opt_loss: 0.0855 - sar_loss: 0.1356 - fus_loss: 0.0834 - loss: 0.3045 - val_opt_accuracy: 0.8712 - val_sar_accuracy: 0.8113 - val_fus_accuracy: 0.8707 - val_opt_loss: 0.0743 - val_sar_loss: 0.1051 - val_fus_loss: 0.0790 - val_loss: 0.2584
2022-01-18 22:24:40,839:INFO:train:
2022-01-18 22:24:40,839:INFO:train:Epoch 00001: val_fus_loss improved from inf to 0.07900, saving model to imgs\experiments\exp_7\models\Concat_ResUNET_1.h5
2022-01-18 22:24:40,933:INFO:train:Epoch 2/500
2022-01-18 22:25:08,541:INFO:train:184/184 - 28s - opt_accuracy: 0.8954 - sar_accuracy: 0.8137 - fus_accuracy: 0.8958 - opt_loss: 0.0663 - sar_loss: 0.1201 - fus_loss: 0.0658 - loss: 0.2521 - val_opt_accuracy: 0.8690 - val_sar_accuracy: 0.8201 - val_fus_accuracy: 0.8734 - val_opt_loss: 0.0719 - val_sar_loss: 0.1120 - val_fus_loss: 0.0725 - val_loss: 0.2564
2022-01-18 22:25:08,541:INFO:train:
2022-01-18 22:25:08,541:INFO:train:Epoch 00002: val_fus_loss improved from 0.07900 to 0.07248, saving model to imgs\experiments\exp_7\models\Concat_ResUNET_1.h5
2022-01-18 22:25:08,650:INFO:train:Epoch 3/500
2022-01-18 22:25:36,368:INFO:train:184/184 - 28s - opt_accuracy: 0.8981 - sar_accuracy: 0.8246 - fus_accuracy: 0.8987 - opt_loss: 0.0630 - sar_loss: 0.1127 - fus_loss: 0.0625 - loss: 0.2383 - val_opt_accuracy: 0.8699 - val_sar_accuracy: 0.8376 - val_fus_accuracy: 0.8704 - val_opt_loss: 0.0774 - val_sar_loss: 0.0901 - val_fus_loss: 0.0805 - val_loss: 0.2480
2022-01-18 22:25:36,368:INFO:train:
2022-01-18 22:25:36,368:INFO:train:Epoch 00003: val_fus_loss did not improve from 0.07248
2022-01-18 22:25:36,383:INFO:train:Epoch 4/500
2022-01-18 22:26:04,070:INFO:train:184/184 - 28s - opt_accuracy: 0.9006 - sar_accuracy: 0.8303 - fus_accuracy: 0.9011 - opt_loss: 0.0613 - sar_loss: 0.1075 - fus_loss: 0.0607 - loss: 0.2295 - val_opt_accuracy: 0.8843 - val_sar_accuracy: 0.8423 - val_fus_accuracy: 0.8854 - val_opt_loss: 0.0662 - val_sar_loss: 0.0879 - val_fus_loss: 0.0660 - val_loss: 0.2201
2022-01-18 22:26:04,070:INFO:train:
2022-01-18 22:26:04,070:INFO:train:Epoch 00004: val_fus_loss improved from 0.07248 to 0.06596, saving model to imgs\experiments\exp_7\models\Concat_ResUNET_1.h5
2022-01-18 22:26:04,163:INFO:train:Epoch 5/500
2022-01-18 22:26:31,850:INFO:train:184/184 - 28s - opt_accuracy: 0.9021 - sar_accuracy: 0.8328 - fus_accuracy: 0.9027 - opt_loss: 0.0597 - sar_loss: 0.1057 - fus_loss: 0.0591 - loss: 0.2244 - val_opt_accuracy: 0.8757 - val_sar_accuracy: 0.8321 - val_fus_accuracy: 0.8759 - val_opt_loss: 0.0680 - val_sar_loss: 0.0966 - val_fus_loss: 0.0694 - val_loss: 0.2340
2022-01-18 22:26:31,850:INFO:train:
2022-01-18 22:26:31,850:INFO:train:Epoch 00005: val_fus_loss did not improve from 0.06596
2022-01-18 22:26:31,865:INFO:train:Epoch 6/500
2022-01-18 22:26:59,458:INFO:train:184/184 - 28s - opt_accuracy: 0.9043 - sar_accuracy: 0.8336 - fus_accuracy: 0.9050 - opt_loss: 0.0571 - sar_loss: 0.1059 - fus_loss: 0.0565 - loss: 0.2195 - val_opt_accuracy: 0.8774 - val_sar_accuracy: 0.8393 - val_fus_accuracy: 0.8778 - val_opt_loss: 0.0666 - val_sar_loss: 0.0887 - val_fus_loss: 0.0689 - val_loss: 0.2242
2022-01-18 22:26:59,458:INFO:train:
2022-01-18 22:26:59,458:INFO:train:Epoch 00006: val_fus_loss did not improve from 0.06596
2022-01-18 22:26:59,473:INFO:train:Epoch 7/500
2022-01-18 22:27:27,019:INFO:train:184/184 - 28s - opt_accuracy: 0.9049 - sar_accuracy: 0.8382 - fus_accuracy: 0.9057 - opt_loss: 0.0563 - sar_loss: 0.1010 - fus_loss: 0.0555 - loss: 0.2129 - val_opt_accuracy: 0.8814 - val_sar_accuracy: 0.8429 - val_fus_accuracy: 0.8814 - val_opt_loss: 0.0670 - val_sar_loss: 0.0896 - val_fus_loss: 0.0662 - val_loss: 0.2228
2022-01-18 22:27:27,019:INFO:train:
2022-01-18 22:27:27,019:INFO:train:Epoch 00007: val_fus_loss did not improve from 0.06596
2022-01-18 22:27:27,035:INFO:train:Epoch 8/500
2022-01-18 22:27:54,627:INFO:train:184/184 - 28s - opt_accuracy: 0.9070 - sar_accuracy: 0.8424 - fus_accuracy: 0.9078 - opt_loss: 0.0537 - sar_loss: 0.0989 - fus_loss: 0.0530 - loss: 0.2056 - val_opt_accuracy: 0.8788 - val_sar_accuracy: 0.8277 - val_fus_accuracy: 0.8796 - val_opt_loss: 0.0700 - val_sar_loss: 0.1005 - val_fus_loss: 0.0706 - val_loss: 0.2411
2022-01-18 22:27:54,627:INFO:train:
2022-01-18 22:27:54,627:INFO:train:Epoch 00008: val_fus_loss did not improve from 0.06596
2022-01-18 22:27:54,643:INFO:train:Epoch 9/500
2022-01-18 22:28:22,110:INFO:train:184/184 - 27s - opt_accuracy: 0.9085 - sar_accuracy: 0.8447 - fus_accuracy: 0.9094 - opt_loss: 0.0524 - sar_loss: 0.0969 - fus_loss: 0.0518 - loss: 0.2011 - val_opt_accuracy: 0.8791 - val_sar_accuracy: 0.8508 - val_fus_accuracy: 0.8778 - val_opt_loss: 0.0667 - val_sar_loss: 0.0849 - val_fus_loss: 0.0665 - val_loss: 0.2181
2022-01-18 22:28:22,110:INFO:train:
2022-01-18 22:28:22,110:INFO:train:Epoch 00009: val_fus_loss did not improve from 0.06596
2022-01-18 22:28:22,126:INFO:train:Epoch 10/500
2022-01-18 22:28:49,671:INFO:train:184/184 - 28s - opt_accuracy: 0.9095 - sar_accuracy: 0.8473 - fus_accuracy: 0.9106 - opt_loss: 0.0516 - sar_loss: 0.0951 - fus_loss: 0.0507 - loss: 0.1974 - val_opt_accuracy: 0.8842 - val_sar_accuracy: 0.8455 - val_fus_accuracy: 0.8837 - val_opt_loss: 0.0663 - val_sar_loss: 0.0838 - val_fus_loss: 0.0661 - val_loss: 0.2163
2022-01-18 22:28:49,671:INFO:train:
2022-01-18 22:28:49,671:INFO:train:Epoch 00010: val_fus_loss did not improve from 0.06596
2022-01-18 22:28:49,687:INFO:train:Epoch 11/500
2022-01-18 22:29:17,457:INFO:train:184/184 - 28s - opt_accuracy: 0.9104 - sar_accuracy: 0.8412 - fus_accuracy: 0.9113 - opt_loss: 0.0509 - sar_loss: 0.0999 - fus_loss: 0.0502 - loss: 0.2010 - val_opt_accuracy: 0.8854 - val_sar_accuracy: 0.8207 - val_fus_accuracy: 0.8872 - val_opt_loss: 0.0650 - val_sar_loss: 0.1066 - val_fus_loss: 0.0638 - val_loss: 0.2354
2022-01-18 22:29:17,457:INFO:train:
2022-01-18 22:29:17,457:INFO:train:Epoch 00011: val_fus_loss improved from 0.06596 to 0.06376, saving model to imgs\experiments\exp_7\models\Concat_ResUNET_1.h5
2022-01-18 22:29:17,551:INFO:train:Epoch 12/500
2022-01-18 22:29:45,159:INFO:train:184/184 - 28s - opt_accuracy: 0.9133 - sar_accuracy: 0.8487 - fus_accuracy: 0.9144 - opt_loss: 0.0482 - sar_loss: 0.0939 - fus_loss: 0.0473 - loss: 0.1894 - val_opt_accuracy: 0.8827 - val_sar_accuracy: 0.8426 - val_fus_accuracy: 0.8852 - val_opt_loss: 0.0654 - val_sar_loss: 0.0855 - val_fus_loss: 0.0641 - val_loss: 0.2150
2022-01-18 22:29:45,159:INFO:train:
2022-01-18 22:29:45,159:INFO:train:Epoch 00012: val_fus_loss did not improve from 0.06376
2022-01-18 22:29:45,174:INFO:train:Epoch 13/500
2022-01-18 22:30:12,736:INFO:train:184/184 - 28s - opt_accuracy: 0.9145 - sar_accuracy: 0.8494 - fus_accuracy: 0.9155 - opt_loss: 0.0473 - sar_loss: 0.0922 - fus_loss: 0.0464 - loss: 0.1858 - val_opt_accuracy: 0.8815 - val_sar_accuracy: 0.8322 - val_fus_accuracy: 0.8885 - val_opt_loss: 0.0678 - val_sar_loss: 0.0984 - val_fus_loss: 0.0641 - val_loss: 0.2304
2022-01-18 22:30:12,736:INFO:train:
2022-01-18 22:30:12,736:INFO:train:Epoch 00013: val_fus_loss did not improve from 0.06376
2022-01-18 22:30:12,751:INFO:train:Epoch 14/500
2022-01-18 22:30:40,359:INFO:train:184/184 - 28s - opt_accuracy: 0.9163 - sar_accuracy: 0.8505 - fus_accuracy: 0.9177 - opt_loss: 0.0452 - sar_loss: 0.0919 - fus_loss: 0.0440 - loss: 0.1812 - val_opt_accuracy: 0.8811 - val_sar_accuracy: 0.8445 - val_fus_accuracy: 0.8852 - val_opt_loss: 0.0681 - val_sar_loss: 0.0881 - val_fus_loss: 0.0656 - val_loss: 0.2218
2022-01-18 22:30:40,359:INFO:train:
2022-01-18 22:30:40,359:INFO:train:Epoch 00014: val_fus_loss did not improve from 0.06376
2022-01-18 22:30:40,375:INFO:train:Epoch 15/500
2022-01-18 22:31:07,967:INFO:train:184/184 - 28s - opt_accuracy: 0.9167 - sar_accuracy: 0.8504 - fus_accuracy: 0.9180 - opt_loss: 0.0445 - sar_loss: 0.0921 - fus_loss: 0.0435 - loss: 0.1801 - val_opt_accuracy: 0.8828 - val_sar_accuracy: 0.8520 - val_fus_accuracy: 0.8843 - val_opt_loss: 0.0687 - val_sar_loss: 0.0819 - val_fus_loss: 0.0655 - val_loss: 0.2160
2022-01-18 22:31:07,967:INFO:train:
2022-01-18 22:31:07,967:INFO:train:Epoch 00015: val_fus_loss did not improve from 0.06376
2022-01-18 22:31:07,983:INFO:train:Epoch 16/500
2022-01-18 22:31:35,482:INFO:train:184/184 - 27s - opt_accuracy: 0.9174 - sar_accuracy: 0.8545 - fus_accuracy: 0.9187 - opt_loss: 0.0447 - sar_loss: 0.0882 - fus_loss: 0.0432 - loss: 0.1761 - val_opt_accuracy: 0.8855 - val_sar_accuracy: 0.8399 - val_fus_accuracy: 0.8890 - val_opt_loss: 0.0660 - val_sar_loss: 0.0899 - val_fus_loss: 0.0634 - val_loss: 0.2193
2022-01-18 22:31:35,482:INFO:train:
2022-01-18 22:31:35,482:INFO:train:Epoch 00016: val_fus_loss improved from 0.06376 to 0.06337, saving model to imgs\experiments\exp_7\models\Concat_ResUNET_1.h5
2022-01-18 22:31:35,576:INFO:train:Epoch 17/500
2022-01-18 22:32:03,184:INFO:train:184/184 - 28s - opt_accuracy: 0.9201 - sar_accuracy: 0.8577 - fus_accuracy: 0.9216 - opt_loss: 0.0418 - sar_loss: 0.0864 - fus_loss: 0.0405 - loss: 0.1687 - val_opt_accuracy: 0.8830 - val_sar_accuracy: 0.8331 - val_fus_accuracy: 0.8878 - val_opt_loss: 0.0720 - val_sar_loss: 0.0985 - val_fus_loss: 0.0681 - val_loss: 0.2385
2022-01-18 22:32:03,184:INFO:train:
2022-01-18 22:32:03,184:INFO:train:Epoch 00017: val_fus_loss did not improve from 0.06337
2022-01-18 22:32:03,199:INFO:train:Epoch 18/500
2022-01-18 22:32:30,698:INFO:train:184/184 - 27s - opt_accuracy: 0.9208 - sar_accuracy: 0.8563 - fus_accuracy: 0.9225 - opt_loss: 0.0408 - sar_loss: 0.0865 - fus_loss: 0.0394 - loss: 0.1667 - val_opt_accuracy: 0.8856 - val_sar_accuracy: 0.8526 - val_fus_accuracy: 0.8892 - val_opt_loss: 0.0702 - val_sar_loss: 0.0825 - val_fus_loss: 0.0677 - val_loss: 0.2204
2022-01-18 22:32:30,698:INFO:train:
2022-01-18 22:32:30,698:INFO:train:Epoch 00018: val_fus_loss did not improve from 0.06337
2022-01-18 22:32:30,714:INFO:train:Epoch 19/500
2022-01-18 22:32:58,384:INFO:train:184/184 - 28s - opt_accuracy: 0.9218 - sar_accuracy: 0.8597 - fus_accuracy: 0.9237 - opt_loss: 0.0406 - sar_loss: 0.0843 - fus_loss: 0.0387 - loss: 0.1635 - val_opt_accuracy: 0.8829 - val_sar_accuracy: 0.8520 - val_fus_accuracy: 0.8866 - val_opt_loss: 0.0724 - val_sar_loss: 0.0811 - val_fus_loss: 0.0682 - val_loss: 0.2217
2022-01-18 22:32:58,384:INFO:train:
2022-01-18 22:32:58,384:INFO:train:Epoch 00019: val_fus_loss did not improve from 0.06337
2022-01-18 22:32:58,400:INFO:train:Epoch 20/500
2022-01-18 22:33:25,914:INFO:train:184/184 - 28s - opt_accuracy: 0.9253 - sar_accuracy: 0.8632 - fus_accuracy: 0.9269 - opt_loss: 0.0374 - sar_loss: 0.0811 - fus_loss: 0.0359 - loss: 0.1544 - val_opt_accuracy: 0.8842 - val_sar_accuracy: 0.8506 - val_fus_accuracy: 0.8882 - val_opt_loss: 0.0726 - val_sar_loss: 0.0860 - val_fus_loss: 0.0685 - val_loss: 0.2271
2022-01-18 22:33:25,914:INFO:train:
2022-01-18 22:33:25,914:INFO:train:Epoch 00020: val_fus_loss did not improve from 0.06337
2022-01-18 22:33:25,930:INFO:train:Epoch 21/500
2022-01-18 22:33:53,507:INFO:train:184/184 - 28s - opt_accuracy: 0.9257 - sar_accuracy: 0.8634 - fus_accuracy: 0.9276 - opt_loss: 0.0371 - sar_loss: 0.0806 - fus_loss: 0.0353 - loss: 0.1529 - val_opt_accuracy: 0.8817 - val_sar_accuracy: 0.8518 - val_fus_accuracy: 0.8857 - val_opt_loss: 0.0783 - val_sar_loss: 0.0830 - val_fus_loss: 0.0742 - val_loss: 0.2355
2022-01-18 22:33:53,507:INFO:train:
2022-01-18 22:33:53,507:INFO:train:Epoch 00021: val_fus_loss did not improve from 0.06337
2022-01-18 22:33:53,522:INFO:train:Epoch 22/500
2022-01-18 22:34:21,224:INFO:train:184/184 - 28s - opt_accuracy: 0.9278 - sar_accuracy: 0.8660 - fus_accuracy: 0.9293 - opt_loss: 0.0348 - sar_loss: 0.0786 - fus_loss: 0.0334 - loss: 0.1469 - val_opt_accuracy: 0.8804 - val_sar_accuracy: 0.8508 - val_fus_accuracy: 0.8838 - val_opt_loss: 0.0816 - val_sar_loss: 0.0851 - val_fus_loss: 0.0768 - val_loss: 0.2435
2022-01-18 22:34:21,224:INFO:train:
2022-01-18 22:34:21,224:INFO:train:Epoch 00022: val_fus_loss did not improve from 0.06337
2022-01-18 22:34:21,240:INFO:train:Epoch 23/500
2022-01-18 22:34:48,864:INFO:train:184/184 - 28s - opt_accuracy: 0.9294 - sar_accuracy: 0.8683 - fus_accuracy: 0.9312 - opt_loss: 0.0336 - sar_loss: 0.0769 - fus_loss: 0.0322 - loss: 0.1426 - val_opt_accuracy: 0.8809 - val_sar_accuracy: 0.8523 - val_fus_accuracy: 0.8849 - val_opt_loss: 0.0865 - val_sar_loss: 0.0834 - val_fus_loss: 0.0806 - val_loss: 0.2505
2022-01-18 22:34:48,864:INFO:train:
2022-01-18 22:34:48,864:INFO:train:Epoch 00023: val_fus_loss did not improve from 0.06337
2022-01-18 22:34:48,880:INFO:train:Epoch 24/500
2022-01-18 22:35:16,441:INFO:train:184/184 - 28s - opt_accuracy: 0.9309 - sar_accuracy: 0.8702 - fus_accuracy: 0.9325 - opt_loss: 0.0323 - sar_loss: 0.0753 - fus_loss: 0.0310 - loss: 0.1386 - val_opt_accuracy: 0.8797 - val_sar_accuracy: 0.8469 - val_fus_accuracy: 0.8820 - val_opt_loss: 0.0810 - val_sar_loss: 0.0925 - val_fus_loss: 0.0766 - val_loss: 0.2501
2022-01-18 22:35:16,441:INFO:train:
2022-01-18 22:35:16,441:INFO:train:Epoch 00024: val_fus_loss did not improve from 0.06337
2022-01-18 22:35:16,457:INFO:train:Epoch 25/500
2022-01-18 22:35:43,987:INFO:train:184/184 - 28s - opt_accuracy: 0.9312 - sar_accuracy: 0.8704 - fus_accuracy: 0.9332 - opt_loss: 0.0321 - sar_loss: 0.0753 - fus_loss: 0.0305 - loss: 0.1379 - val_opt_accuracy: 0.8791 - val_sar_accuracy: 0.8527 - val_fus_accuracy: 0.8824 - val_opt_loss: 0.0888 - val_sar_loss: 0.0839 - val_fus_loss: 0.0824 - val_loss: 0.2550
2022-01-18 22:35:43,987:INFO:train:
2022-01-18 22:35:43,987:INFO:train:Epoch 00025: val_fus_loss did not improve from 0.06337
2022-01-18 22:35:44,002:INFO:train:Epoch 26/500
2022-01-18 22:36:11,563:INFO:train:184/184 - 28s - opt_accuracy: 0.9319 - sar_accuracy: 0.8721 - fus_accuracy: 0.9340 - opt_loss: 0.0316 - sar_loss: 0.0735 - fus_loss: 0.0300 - loss: 0.1350 - val_opt_accuracy: 0.8850 - val_sar_accuracy: 0.8521 - val_fus_accuracy: 0.8866 - val_opt_loss: 0.0870 - val_sar_loss: 0.0871 - val_fus_loss: 0.0816 - val_loss: 0.2556
2022-01-18 22:36:11,563:INFO:train:
2022-01-18 22:36:11,563:INFO:train:Epoch 00026: val_fus_loss did not improve from 0.06337
2022-01-18 22:36:11,579:INFO:train:Epoch 27/500
2022-01-18 22:36:39,093:INFO:train:184/184 - 28s - opt_accuracy: 0.9339 - sar_accuracy: 0.8725 - fus_accuracy: 0.9358 - opt_loss: 0.0302 - sar_loss: 0.0729 - fus_loss: 0.0287 - loss: 0.1318 - val_opt_accuracy: 0.8853 - val_sar_accuracy: 0.8538 - val_fus_accuracy: 0.8870 - val_opt_loss: 0.0861 - val_sar_loss: 0.0846 - val_fus_loss: 0.0820 - val_loss: 0.2527
2022-01-18 22:36:39,093:INFO:train:
2022-01-18 22:36:39,093:INFO:train:Epoch 00027: val_fus_loss did not improve from 0.06337
2022-01-18 22:36:39,125:INFO:train:Epoch 28/500
2022-01-18 22:37:06,670:INFO:train:184/184 - 28s - opt_accuracy: 0.9351 - sar_accuracy: 0.8751 - fus_accuracy: 0.9370 - opt_loss: 0.0292 - sar_loss: 0.0711 - fus_loss: 0.0278 - loss: 0.1280 - val_opt_accuracy: 0.8795 - val_sar_accuracy: 0.8496 - val_fus_accuracy: 0.8822 - val_opt_loss: 0.0970 - val_sar_loss: 0.0884 - val_fus_loss: 0.0913 - val_loss: 0.2768
2022-01-18 22:37:06,670:INFO:train:
2022-01-18 22:37:06,670:INFO:train:Epoch 00028: val_fus_loss did not improve from 0.06337
2022-01-18 22:37:06,686:INFO:train:Epoch 29/500
2022-01-18 22:37:34,278:INFO:train:184/184 - 28s - opt_accuracy: 0.9353 - sar_accuracy: 0.8750 - fus_accuracy: 0.9372 - opt_loss: 0.0292 - sar_loss: 0.0712 - fus_loss: 0.0278 - loss: 0.1282 - val_opt_accuracy: 0.8831 - val_sar_accuracy: 0.8414 - val_fus_accuracy: 0.8844 - val_opt_loss: 0.0988 - val_sar_loss: 0.0966 - val_fus_loss: 0.0903 - val_loss: 0.2856
2022-01-18 22:37:34,278:INFO:train:
2022-01-18 22:37:34,278:INFO:train:Epoch 00029: val_fus_loss did not improve from 0.06337
2022-01-18 22:37:34,294:INFO:train:Epoch 30/500
2022-01-18 22:38:01,933:INFO:train:184/184 - 28s - opt_accuracy: 0.9368 - sar_accuracy: 0.8761 - fus_accuracy: 0.9388 - opt_loss: 0.0281 - sar_loss: 0.0698 - fus_loss: 0.0268 - loss: 0.1248 - val_opt_accuracy: 0.8832 - val_sar_accuracy: 0.8509 - val_fus_accuracy: 0.8840 - val_opt_loss: 0.0970 - val_sar_loss: 0.0900 - val_fus_loss: 0.0934 - val_loss: 0.2803
2022-01-18 22:38:01,949:INFO:train:
2022-01-18 22:38:01,949:INFO:train:Epoch 00030: val_fus_loss did not improve from 0.06337
2022-01-18 22:38:01,965:INFO:train:Epoch 31/500
2022-01-18 22:38:29,557:INFO:train:184/184 - 28s - opt_accuracy: 0.9379 - sar_accuracy: 0.8775 - fus_accuracy: 0.9399 - opt_loss: 0.0274 - sar_loss: 0.0687 - fus_loss: 0.0260 - loss: 0.1222 - val_opt_accuracy: 0.8811 - val_sar_accuracy: 0.8395 - val_fus_accuracy: 0.8818 - val_opt_loss: 0.0967 - val_sar_loss: 0.1031 - val_fus_loss: 0.0911 - val_loss: 0.2909
2022-01-18 22:38:29,557:INFO:train:
2022-01-18 22:38:29,557:INFO:train:Epoch 00031: val_fus_loss did not improve from 0.06337
2022-01-18 22:38:29,557:INFO:train:Epoch 00031: early stopping
2022-01-18 22:38:37,072:INFO:train:Training Experiment 7 time: 2
2022-01-18 22:38:37,072:INFO:train:Training Conditions: Concat_ResUNET_FUS_n_n
2022-01-18 22:38:44,135:INFO:train:Image stack:
2022-01-18 22:38:44,135:INFO:train:(17730, 9203, 30)
2022-01-18 22:38:44,588:INFO:train:Labels stack:
2022-01-18 22:38:44,588:INFO:train:(17730, 9203)
2022-01-18 22:39:07,321:INFO:train:Model: "concat__res_unet"
2022-01-18 22:39:07,321:INFO:train:_________________________________________________________________
2022-01-18 22:39:07,321:INFO:train:Layer (type)                 Output Shape              Param #
2022-01-18 22:39:07,321:INFO:train:=================================================================
2022-01-18 22:39:07,321:INFO:train:opt_encoder (ResUNET_Encoder multiple                  1066944
2022-01-18 22:39:07,321:INFO:train:_________________________________________________________________
2022-01-18 22:39:07,321:INFO:train:sar_encoder (ResUNET_Encoder multiple                  1054272
2022-01-18 22:39:07,321:INFO:train:_________________________________________________________________
2022-01-18 22:39:07,321:INFO:train:opt_decoder (ResUNET_Decoder multiple                  221408
2022-01-18 22:39:07,321:INFO:train:_________________________________________________________________
2022-01-18 22:39:07,321:INFO:train:sar_decoder (ResUNET_Decoder multiple                  221408
2022-01-18 22:39:07,321:INFO:train:_________________________________________________________________
2022-01-18 22:39:07,321:INFO:train:fus_concat (FusionLayer)     multiple                  0
2022-01-18 22:39:07,321:INFO:train:_________________________________________________________________
2022-01-18 22:39:07,321:INFO:train:opt_classifier (Classifier)  multiple                  195
2022-01-18 22:39:07,321:INFO:train:_________________________________________________________________
2022-01-18 22:39:07,321:INFO:train:sar_classifier (Classifier)  multiple                  195
2022-01-18 22:39:07,321:INFO:train:_________________________________________________________________
2022-01-18 22:39:07,321:INFO:train:fus_classifier (Classifier)  multiple                  387
2022-01-18 22:39:07,321:INFO:train:=================================================================
2022-01-18 22:39:07,321:INFO:train:Total params: 2,564,809
2022-01-18 22:39:07,321:INFO:train:Trainable params: 2,564,809
2022-01-18 22:39:07,321:INFO:train:Non-trainable params: 0
2022-01-18 22:39:07,321:INFO:train:_________________________________________________________________
2022-01-18 22:39:07,587:INFO:train:Epoch 1/10
2022-01-18 22:39:35,101:INFO:train:184/184 - 28s - opt_accuracy: 0.8534 - sar_accuracy: 0.7410 - fus_accuracy: 0.6585 - opt_loss: 0.0982 - sar_loss: 0.1603 - fus_loss: 0.1959 - loss: 0.4544 - val_opt_accuracy: 0.8593 - val_sar_accuracy: 0.7701 - val_fus_accuracy: 0.7711 - val_opt_loss: 0.1035 - val_sar_loss: 0.1344 - val_fus_loss: 0.1261 - val_loss: 0.3640
2022-01-18 22:39:35,132:INFO:train:Epoch 2/10
2022-01-18 22:39:52,944:INFO:train:184/184 - 18s - opt_accuracy: 0.8849 - sar_accuracy: 0.7634 - fus_accuracy: 0.6773 - opt_loss: 0.0736 - sar_loss: 0.1525 - fus_loss: 0.2013 - loss: 0.4275 - val_opt_accuracy: 0.8731 - val_sar_accuracy: 0.7827 - val_fus_accuracy: 0.7801 - val_opt_loss: 0.0840 - val_sar_loss: 0.1345 - val_fus_loss: 0.1212 - val_loss: 0.3398
2022-01-18 22:39:52,960:INFO:train:Epoch 3/10
2022-01-18 22:40:10,787:INFO:train:184/184 - 18s - opt_accuracy: 0.8902 - sar_accuracy: 0.7776 - fus_accuracy: 0.6862 - opt_loss: 0.0693 - sar_loss: 0.1436 - fus_loss: 0.2090 - loss: 0.4219 - val_opt_accuracy: 0.8798 - val_sar_accuracy: 0.8026 - val_fus_accuracy: 0.7924 - val_opt_loss: 0.0816 - val_sar_loss: 0.1236 - val_fus_loss: 0.1294 - val_loss: 0.3346
2022-01-18 22:40:10,802:INFO:train:Epoch 4/10
2022-01-18 22:40:28,583:INFO:train:184/184 - 18s - opt_accuracy: 0.8933 - sar_accuracy: 0.8117 - fus_accuracy: 0.7009 - opt_loss: 0.0668 - sar_loss: 0.1221 - fus_loss: 0.2290 - loss: 0.4179 - val_opt_accuracy: 0.8718 - val_sar_accuracy: 0.8163 - val_fus_accuracy: 0.8061 - val_opt_loss: 0.0831 - val_sar_loss: 0.1136 - val_fus_loss: 0.1356 - val_loss: 0.3323
2022-01-18 22:40:28,599:INFO:train:Epoch 5/10
2022-01-18 22:40:46,270:INFO:train:184/184 - 18s - opt_accuracy: 0.8946 - sar_accuracy: 0.8242 - fus_accuracy: 0.7095 - opt_loss: 0.0659 - sar_loss: 0.1129 - fus_loss: 0.2383 - loss: 0.4171 - val_opt_accuracy: 0.8739 - val_sar_accuracy: 0.8146 - val_fus_accuracy: 0.8097 - val_opt_loss: 0.0810 - val_sar_loss: 0.1162 - val_fus_loss: 0.1351 - val_loss: 0.3322
2022-01-18 22:40:46,285:INFO:train:Epoch 6/10
2022-01-18 22:41:04,144:INFO:train:184/184 - 18s - opt_accuracy: 0.8965 - sar_accuracy: 0.8281 - fus_accuracy: 0.7150 - opt_loss: 0.0638 - sar_loss: 0.1081 - fus_loss: 0.2384 - loss: 0.4103 - val_opt_accuracy: 0.8779 - val_sar_accuracy: 0.8154 - val_fus_accuracy: 0.8126 - val_opt_loss: 0.0753 - val_sar_loss: 0.1134 - val_fus_loss: 0.1286 - val_loss: 0.3174
2022-01-18 22:41:04,159:INFO:train:Epoch 7/10
2022-01-18 22:41:22,034:INFO:train:184/184 - 18s - opt_accuracy: 0.8973 - sar_accuracy: 0.8313 - fus_accuracy: 0.7106 - opt_loss: 0.0633 - sar_loss: 0.1058 - fus_loss: 0.2415 - loss: 0.4107 - val_opt_accuracy: 0.8725 - val_sar_accuracy: 0.8330 - val_fus_accuracy: 0.8073 - val_opt_loss: 0.0813 - val_sar_loss: 0.0983 - val_fus_loss: 0.1345 - val_loss: 0.3141
2022-01-18 22:41:22,049:INFO:train:Epoch 8/10
2022-01-18 22:41:39,939:INFO:train:184/184 - 18s - opt_accuracy: 0.8989 - sar_accuracy: 0.8365 - fus_accuracy: 0.7136 - opt_loss: 0.0621 - sar_loss: 0.1010 - fus_loss: 0.2428 - loss: 0.4058 - val_opt_accuracy: 0.8749 - val_sar_accuracy: 0.8186 - val_fus_accuracy: 0.8052 - val_opt_loss: 0.0740 - val_sar_loss: 0.1108 - val_fus_loss: 0.1349 - val_loss: 0.3196
2022-01-18 22:41:39,955:INFO:train:Epoch 9/10
2022-01-18 22:41:57,766:INFO:train:184/184 - 18s - opt_accuracy: 0.9006 - sar_accuracy: 0.8379 - fus_accuracy: 0.7139 - opt_loss: 0.0601 - sar_loss: 0.1001 - fus_loss: 0.2407 - loss: 0.4009 - val_opt_accuracy: 0.8689 - val_sar_accuracy: 0.8300 - val_fus_accuracy: 0.8040 - val_opt_loss: 0.0841 - val_sar_loss: 0.1001 - val_fus_loss: 0.1402 - val_loss: 0.3244
2022-01-18 22:41:57,782:INFO:train:Epoch 10/10
2022-01-18 22:42:15,640:INFO:train:184/184 - 18s - opt_accuracy: 0.9009 - sar_accuracy: 0.8391 - fus_accuracy: 0.7137 - opt_loss: 0.0597 - sar_loss: 0.0989 - fus_loss: 0.2445 - loss: 0.4031 - val_opt_accuracy: 0.8739 - val_sar_accuracy: 0.8088 - val_fus_accuracy: 0.8042 - val_opt_loss: 0.0723 - val_sar_loss: 0.1172 - val_fus_loss: 0.1270 - val_loss: 0.3165
2022-01-18 22:42:15,765:INFO:train:Epoch 1/500
2022-01-18 22:42:49,717:INFO:train:184/184 - 34s - opt_accuracy: 0.8862 - sar_accuracy: 0.7737 - fus_accuracy: 0.8805 - opt_loss: 0.0746 - sar_loss: 0.1454 - fus_loss: 0.0785 - loss: 0.2984 - val_opt_accuracy: 0.8737 - val_sar_accuracy: 0.8242 - val_fus_accuracy: 0.8691 - val_opt_loss: 0.0794 - val_sar_loss: 0.1072 - val_fus_loss: 0.0788 - val_loss: 0.2653
2022-01-18 22:42:49,717:INFO:train:
2022-01-18 22:42:49,717:INFO:train:Epoch 00001: val_fus_loss improved from inf to 0.07875, saving model to imgs\experiments\exp_7\models\Concat_ResUNET_2.h5
2022-01-18 22:42:49,811:INFO:train:Epoch 2/500
2022-01-18 22:43:17,606:INFO:train:184/184 - 28s - opt_accuracy: 0.8965 - sar_accuracy: 0.8170 - fus_accuracy: 0.8965 - opt_loss: 0.0656 - sar_loss: 0.1174 - fus_loss: 0.0655 - loss: 0.2486 - val_opt_accuracy: 0.8728 - val_sar_accuracy: 0.8355 - val_fus_accuracy: 0.8713 - val_opt_loss: 0.0824 - val_sar_loss: 0.0926 - val_fus_loss: 0.0794 - val_loss: 0.2544
2022-01-18 22:43:17,606:INFO:train:
2022-01-18 22:43:17,606:INFO:train:Epoch 00002: val_fus_loss did not improve from 0.07875
2022-01-18 22:43:17,622:INFO:train:Epoch 3/500
2022-01-18 22:43:45,308:INFO:train:184/184 - 28s - opt_accuracy: 0.8986 - sar_accuracy: 0.8198 - fus_accuracy: 0.8988 - opt_loss: 0.0625 - sar_loss: 0.1160 - fus_loss: 0.0623 - loss: 0.2409 - val_opt_accuracy: 0.8781 - val_sar_accuracy: 0.8275 - val_fus_accuracy: 0.8750 - val_opt_loss: 0.0727 - val_sar_loss: 0.0942 - val_fus_loss: 0.0717 - val_loss: 0.2386
2022-01-18 22:43:45,308:INFO:train:
2022-01-18 22:43:45,308:INFO:train:Epoch 00003: val_fus_loss improved from 0.07875 to 0.07171, saving model to imgs\experiments\exp_7\models\Concat_ResUNET_2.h5
2022-01-18 22:43:45,402:INFO:train:Epoch 4/500
2022-01-18 22:44:13,198:INFO:train:184/184 - 28s - opt_accuracy: 0.8999 - sar_accuracy: 0.8286 - fus_accuracy: 0.9004 - opt_loss: 0.0609 - sar_loss: 0.1097 - fus_loss: 0.0606 - loss: 0.2312 - val_opt_accuracy: 0.8808 - val_sar_accuracy: 0.8153 - val_fus_accuracy: 0.8789 - val_opt_loss: 0.0694 - val_sar_loss: 0.1069 - val_fus_loss: 0.0676 - val_loss: 0.2439
2022-01-18 22:44:13,198:INFO:train:
2022-01-18 22:44:13,198:INFO:train:Epoch 00004: val_fus_loss improved from 0.07171 to 0.06757, saving model to imgs\experiments\exp_7\models\Concat_ResUNET_2.h5
2022-01-18 22:44:13,307:INFO:train:Epoch 5/500
2022-01-18 22:44:40,978:INFO:train:184/184 - 28s - opt_accuracy: 0.9025 - sar_accuracy: 0.8362 - fus_accuracy: 0.9029 - opt_loss: 0.0577 - sar_loss: 0.1026 - fus_loss: 0.0574 - loss: 0.2177 - val_opt_accuracy: 0.8765 - val_sar_accuracy: 0.8420 - val_fus_accuracy: 0.8763 - val_opt_loss: 0.0733 - val_sar_loss: 0.0870 - val_fus_loss: 0.0687 - val_loss: 0.2290
2022-01-18 22:44:40,978:INFO:train:
2022-01-18 22:44:40,978:INFO:train:Epoch 00005: val_fus_loss did not improve from 0.06757
2022-01-18 22:44:40,993:INFO:train:Epoch 6/500
2022-01-18 22:45:08,617:INFO:train:184/184 - 28s - opt_accuracy: 0.9040 - sar_accuracy: 0.8376 - fus_accuracy: 0.9043 - opt_loss: 0.0571 - sar_loss: 0.1022 - fus_loss: 0.0566 - loss: 0.2159 - val_opt_accuracy: 0.8843 - val_sar_accuracy: 0.8267 - val_fus_accuracy: 0.8802 - val_opt_loss: 0.0674 - val_sar_loss: 0.0983 - val_fus_loss: 0.0657 - val_loss: 0.2314
2022-01-18 22:45:08,617:INFO:train:
2022-01-18 22:45:08,617:INFO:train:Epoch 00006: val_fus_loss improved from 0.06757 to 0.06566, saving model to imgs\experiments\exp_7\models\Concat_ResUNET_2.h5
2022-01-18 22:45:08,711:INFO:train:Epoch 7/500
2022-01-18 22:45:36,397:INFO:train:184/184 - 28s - opt_accuracy: 0.9061 - sar_accuracy: 0.8353 - fus_accuracy: 0.9065 - opt_loss: 0.0544 - sar_loss: 0.1045 - fus_loss: 0.0540 - loss: 0.2128 - val_opt_accuracy: 0.8808 - val_sar_accuracy: 0.8296 - val_fus_accuracy: 0.8796 - val_opt_loss: 0.0716 - val_sar_loss: 0.0914 - val_fus_loss: 0.0702 - val_loss: 0.2333
2022-01-18 22:45:36,397:INFO:train:
2022-01-18 22:45:36,397:INFO:train:Epoch 00007: val_fus_loss did not improve from 0.06566
2022-01-18 22:45:36,413:INFO:train:Epoch 8/500
2022-01-18 22:46:04,068:INFO:train:184/184 - 28s - opt_accuracy: 0.9076 - sar_accuracy: 0.8406 - fus_accuracy: 0.9079 - opt_loss: 0.0540 - sar_loss: 0.0995 - fus_loss: 0.0536 - loss: 0.2071 - val_opt_accuracy: 0.8855 - val_sar_accuracy: 0.8414 - val_fus_accuracy: 0.8870 - val_opt_loss: 0.0658 - val_sar_loss: 0.0861 - val_fus_loss: 0.0629 - val_loss: 0.2149
2022-01-18 22:46:04,068:INFO:train:
2022-01-18 22:46:04,068:INFO:train:Epoch 00008: val_fus_loss improved from 0.06566 to 0.06294, saving model to imgs\experiments\exp_7\models\Concat_ResUNET_2.h5
2022-01-18 22:46:04,161:INFO:train:Epoch 9/500
2022-01-18 22:46:31,754:INFO:train:184/184 - 28s - opt_accuracy: 0.9104 - sar_accuracy: 0.8443 - fus_accuracy: 0.9112 - opt_loss: 0.0504 - sar_loss: 0.0976 - fus_loss: 0.0498 - loss: 0.1978 - val_opt_accuracy: 0.8844 - val_sar_accuracy: 0.8380 - val_fus_accuracy: 0.8852 - val_opt_loss: 0.0677 - val_sar_loss: 0.0881 - val_fus_loss: 0.0651 - val_loss: 0.2209
2022-01-18 22:46:31,769:INFO:train:
2022-01-18 22:46:31,769:INFO:train:Epoch 00009: val_fus_loss did not improve from 0.06294
2022-01-18 22:46:31,769:INFO:train:Epoch 10/500
2022-01-18 22:46:59,424:INFO:train:184/184 - 28s - opt_accuracy: 0.9111 - sar_accuracy: 0.8445 - fus_accuracy: 0.9117 - opt_loss: 0.0507 - sar_loss: 0.0977 - fus_loss: 0.0501 - loss: 0.1984 - val_opt_accuracy: 0.8839 - val_sar_accuracy: 0.8344 - val_fus_accuracy: 0.8829 - val_opt_loss: 0.0621 - val_sar_loss: 0.0892 - val_fus_loss: 0.0628 - val_loss: 0.2141
2022-01-18 22:46:59,424:INFO:train:
2022-01-18 22:46:59,424:INFO:train:Epoch 00010: val_fus_loss improved from 0.06294 to 0.06281, saving model to imgs\experiments\exp_7\models\Concat_ResUNET_2.h5
2022-01-18 22:46:59,502:INFO:train:Epoch 11/500
2022-01-18 22:47:27,142:INFO:train:184/184 - 28s - opt_accuracy: 0.9096 - sar_accuracy: 0.8468 - fus_accuracy: 0.9104 - opt_loss: 0.0515 - sar_loss: 0.0951 - fus_loss: 0.0506 - loss: 0.1972 - val_opt_accuracy: 0.8902 - val_sar_accuracy: 0.8480 - val_fus_accuracy: 0.8880 - val_opt_loss: 0.0651 - val_sar_loss: 0.0874 - val_fus_loss: 0.0633 - val_loss: 0.2158
2022-01-18 22:47:27,142:INFO:train:
2022-01-18 22:47:27,142:INFO:train:Epoch 00011: val_fus_loss did not improve from 0.06281
2022-01-18 22:47:27,157:INFO:train:Epoch 12/500
2022-01-18 22:47:54,672:INFO:train:184/184 - 28s - opt_accuracy: 0.9128 - sar_accuracy: 0.8496 - fus_accuracy: 0.9134 - opt_loss: 0.0486 - sar_loss: 0.0931 - fus_loss: 0.0477 - loss: 0.1894 - val_opt_accuracy: 0.8825 - val_sar_accuracy: 0.8480 - val_fus_accuracy: 0.8856 - val_opt_loss: 0.0725 - val_sar_loss: 0.0847 - val_fus_loss: 0.0681 - val_loss: 0.2253
2022-01-18 22:47:54,672:INFO:train:
2022-01-18 22:47:54,672:INFO:train:Epoch 00012: val_fus_loss did not improve from 0.06281
2022-01-18 22:47:54,687:INFO:train:Epoch 13/500
2022-01-18 22:48:22,421:INFO:train:184/184 - 28s - opt_accuracy: 0.9159 - sar_accuracy: 0.8502 - fus_accuracy: 0.9166 - opt_loss: 0.0455 - sar_loss: 0.0928 - fus_loss: 0.0447 - loss: 0.1830 - val_opt_accuracy: 0.8818 - val_sar_accuracy: 0.8446 - val_fus_accuracy: 0.8833 - val_opt_loss: 0.0756 - val_sar_loss: 0.0828 - val_fus_loss: 0.0716 - val_loss: 0.2300
2022-01-18 22:48:22,421:INFO:train:
2022-01-18 22:48:22,421:INFO:train:Epoch 00013: val_fus_loss did not improve from 0.06281
2022-01-18 22:48:22,436:INFO:train:Epoch 14/500
2022-01-18 22:48:50,185:INFO:train:184/184 - 28s - opt_accuracy: 0.9174 - sar_accuracy: 0.8532 - fus_accuracy: 0.9183 - opt_loss: 0.0440 - sar_loss: 0.0900 - fus_loss: 0.0431 - loss: 0.1770 - val_opt_accuracy: 0.8851 - val_sar_accuracy: 0.8383 - val_fus_accuracy: 0.8852 - val_opt_loss: 0.0667 - val_sar_loss: 0.0849 - val_fus_loss: 0.0647 - val_loss: 0.2163
2022-01-18 22:48:50,185:INFO:train:
2022-01-18 22:48:50,185:INFO:train:Epoch 00014: val_fus_loss did not improve from 0.06281
2022-01-18 22:48:50,201:INFO:train:Epoch 15/500
2022-01-18 22:49:17,923:INFO:train:184/184 - 28s - opt_accuracy: 0.9201 - sar_accuracy: 0.8552 - fus_accuracy: 0.9211 - opt_loss: 0.0418 - sar_loss: 0.0886 - fus_loss: 0.0408 - loss: 0.1712 - val_opt_accuracy: 0.8838 - val_sar_accuracy: 0.8380 - val_fus_accuracy: 0.8843 - val_opt_loss: 0.0682 - val_sar_loss: 0.0869 - val_fus_loss: 0.0661 - val_loss: 0.2211
2022-01-18 22:49:17,923:INFO:train:
2022-01-18 22:49:17,923:INFO:train:Epoch 00015: val_fus_loss did not improve from 0.06281
2022-01-18 22:49:17,939:INFO:train:Epoch 16/500
2022-01-18 22:49:45,563:INFO:train:184/184 - 28s - opt_accuracy: 0.9206 - sar_accuracy: 0.8550 - fus_accuracy: 0.9215 - opt_loss: 0.0418 - sar_loss: 0.0902 - fus_loss: 0.0409 - loss: 0.1729 - val_opt_accuracy: 0.8853 - val_sar_accuracy: 0.8515 - val_fus_accuracy: 0.8872 - val_opt_loss: 0.0747 - val_sar_loss: 0.0809 - val_fus_loss: 0.0716 - val_loss: 0.2271
2022-01-18 22:49:45,563:INFO:train:
2022-01-18 22:49:45,563:INFO:train:Epoch 00016: val_fus_loss did not improve from 0.06281
2022-01-18 22:49:45,578:INFO:train:Epoch 17/500
2022-01-18 22:50:13,171:INFO:train:184/184 - 28s - opt_accuracy: 0.9231 - sar_accuracy: 0.8598 - fus_accuracy: 0.9241 - opt_loss: 0.0393 - sar_loss: 0.0851 - fus_loss: 0.0382 - loss: 0.1626 - val_opt_accuracy: 0.8784 - val_sar_accuracy: 0.8526 - val_fus_accuracy: 0.8822 - val_opt_loss: 0.0742 - val_sar_loss: 0.0819 - val_fus_loss: 0.0700 - val_loss: 0.2261
2022-01-18 22:50:13,171:INFO:train:
2022-01-18 22:50:13,171:INFO:train:Epoch 00017: val_fus_loss did not improve from 0.06281
2022-01-18 22:50:13,186:INFO:train:Epoch 18/500
2022-01-18 22:50:40,763:INFO:train:184/184 - 28s - opt_accuracy: 0.9230 - sar_accuracy: 0.8596 - fus_accuracy: 0.9242 - opt_loss: 0.0397 - sar_loss: 0.0856 - fus_loss: 0.0383 - loss: 0.1637 - val_opt_accuracy: 0.8828 - val_sar_accuracy: 0.8528 - val_fus_accuracy: 0.8853 - val_opt_loss: 0.0734 - val_sar_loss: 0.0849 - val_fus_loss: 0.0708 - val_loss: 0.2291
2022-01-18 22:50:40,763:INFO:train:
2022-01-18 22:50:40,763:INFO:train:Epoch 00018: val_fus_loss did not improve from 0.06281
2022-01-18 22:50:40,779:INFO:train:Epoch 19/500
2022-01-18 22:51:08,309:INFO:train:184/184 - 28s - opt_accuracy: 0.9252 - sar_accuracy: 0.8590 - fus_accuracy: 0.9262 - opt_loss: 0.0378 - sar_loss: 0.0864 - fus_loss: 0.0367 - loss: 0.1609 - val_opt_accuracy: 0.8833 - val_sar_accuracy: 0.8499 - val_fus_accuracy: 0.8845 - val_opt_loss: 0.0742 - val_sar_loss: 0.0860 - val_fus_loss: 0.0712 - val_loss: 0.2315
2022-01-18 22:51:08,309:INFO:train:
2022-01-18 22:51:08,309:INFO:train:Epoch 00019: val_fus_loss did not improve from 0.06281
2022-01-18 22:51:08,325:INFO:train:Epoch 20/500
2022-01-18 22:51:35,948:INFO:train:184/184 - 28s - opt_accuracy: 0.9248 - sar_accuracy: 0.8640 - fus_accuracy: 0.9262 - opt_loss: 0.0376 - sar_loss: 0.0820 - fus_loss: 0.0364 - loss: 0.1560 - val_opt_accuracy: 0.8832 - val_sar_accuracy: 0.8514 - val_fus_accuracy: 0.8855 - val_opt_loss: 0.0780 - val_sar_loss: 0.0847 - val_fus_loss: 0.0746 - val_loss: 0.2372
2022-01-18 22:51:35,948:INFO:train:
2022-01-18 22:51:35,948:INFO:train:Epoch 00020: val_fus_loss did not improve from 0.06281
2022-01-18 22:51:35,964:INFO:train:Epoch 21/500
2022-01-18 22:52:03,556:INFO:train:184/184 - 28s - opt_accuracy: 0.9290 - sar_accuracy: 0.8664 - fus_accuracy: 0.9303 - opt_loss: 0.0341 - sar_loss: 0.0802 - fus_loss: 0.0330 - loss: 0.1473 - val_opt_accuracy: 0.8790 - val_sar_accuracy: 0.8471 - val_fus_accuracy: 0.8821 - val_opt_loss: 0.0767 - val_sar_loss: 0.0875 - val_fus_loss: 0.0726 - val_loss: 0.2369
2022-01-18 22:52:03,556:INFO:train:
2022-01-18 22:52:03,556:INFO:train:Epoch 00021: val_fus_loss did not improve from 0.06281
2022-01-18 22:52:03,572:INFO:train:Epoch 22/500
2022-01-18 22:52:31,196:INFO:train:184/184 - 28s - opt_accuracy: 0.9293 - sar_accuracy: 0.8667 - fus_accuracy: 0.9305 - opt_loss: 0.0346 - sar_loss: 0.0797 - fus_loss: 0.0334 - loss: 0.1478 - val_opt_accuracy: 0.8780 - val_sar_accuracy: 0.8506 - val_fus_accuracy: 0.8796 - val_opt_loss: 0.0802 - val_sar_loss: 0.0869 - val_fus_loss: 0.0773 - val_loss: 0.2445
2022-01-18 22:52:31,196:INFO:train:
2022-01-18 22:52:31,196:INFO:train:Epoch 00022: val_fus_loss did not improve from 0.06281
2022-01-18 22:52:31,211:INFO:train:Epoch 23/500
2022-01-18 22:52:58,851:INFO:train:184/184 - 28s - opt_accuracy: 0.9315 - sar_accuracy: 0.8692 - fus_accuracy: 0.9328 - opt_loss: 0.0321 - sar_loss: 0.0778 - fus_loss: 0.0311 - loss: 0.1411 - val_opt_accuracy: 0.8818 - val_sar_accuracy: 0.8519 - val_fus_accuracy: 0.8822 - val_opt_loss: 0.0801 - val_sar_loss: 0.0809 - val_fus_loss: 0.0761 - val_loss: 0.2371
2022-01-18 22:52:58,851:INFO:train:
2022-01-18 22:52:58,851:INFO:train:Epoch 00023: val_fus_loss did not improve from 0.06281
2022-01-18 22:52:58,866:INFO:train:Epoch 24/500
2022-01-18 22:53:26,365:INFO:train:184/184 - 27s - opt_accuracy: 0.9332 - sar_accuracy: 0.8707 - fus_accuracy: 0.9344 - opt_loss: 0.0312 - sar_loss: 0.0760 - fus_loss: 0.0300 - loss: 0.1372 - val_opt_accuracy: 0.8758 - val_sar_accuracy: 0.8509 - val_fus_accuracy: 0.8767 - val_opt_loss: 0.0855 - val_sar_loss: 0.0821 - val_fus_loss: 0.0825 - val_loss: 0.2501
2022-01-18 22:53:26,365:INFO:train:
2022-01-18 22:53:26,365:INFO:train:Epoch 00024: val_fus_loss did not improve from 0.06281
2022-01-18 22:53:26,381:INFO:train:Epoch 25/500
2022-01-18 22:53:54,036:INFO:train:184/184 - 28s - opt_accuracy: 0.9345 - sar_accuracy: 0.8710 - fus_accuracy: 0.9359 - opt_loss: 0.0301 - sar_loss: 0.0755 - fus_loss: 0.0290 - loss: 0.1345 - val_opt_accuracy: 0.8727 - val_sar_accuracy: 0.8540 - val_fus_accuracy: 0.8735 - val_opt_loss: 0.0926 - val_sar_loss: 0.0821 - val_fus_loss: 0.0892 - val_loss: 0.2640
2022-01-18 22:53:54,036:INFO:train:
2022-01-18 22:53:54,036:INFO:train:Epoch 00025: val_fus_loss did not improve from 0.06281
2022-01-18 22:53:54,036:INFO:train:Epoch 00025: early stopping
2022-01-18 22:54:01,692:INFO:train:Training Experiment 7 time: 3
2022-01-18 22:54:01,692:INFO:train:Training Conditions: Concat_ResUNET_FUS_n_n
2022-01-18 22:54:08,707:INFO:train:Image stack:
2022-01-18 22:54:08,707:INFO:train:(17730, 9203, 30)
2022-01-18 22:54:09,144:INFO:train:Labels stack:
2022-01-18 22:54:09,144:INFO:train:(17730, 9203)
2022-01-18 22:54:31,925:INFO:train:Model: "concat__res_unet"
2022-01-18 22:54:31,925:INFO:train:_________________________________________________________________
2022-01-18 22:54:31,925:INFO:train:Layer (type)                 Output Shape              Param #
2022-01-18 22:54:31,925:INFO:train:=================================================================
2022-01-18 22:54:31,925:INFO:train:opt_encoder (ResUNET_Encoder multiple                  1066944
2022-01-18 22:54:31,925:INFO:train:_________________________________________________________________
2022-01-18 22:54:31,940:INFO:train:sar_encoder (ResUNET_Encoder multiple                  1054272
2022-01-18 22:54:31,940:INFO:train:_________________________________________________________________
2022-01-18 22:54:31,940:INFO:train:opt_decoder (ResUNET_Decoder multiple                  221408
2022-01-18 22:54:31,940:INFO:train:_________________________________________________________________
2022-01-18 22:54:31,940:INFO:train:sar_decoder (ResUNET_Decoder multiple                  221408
2022-01-18 22:54:31,940:INFO:train:_________________________________________________________________
2022-01-18 22:54:31,940:INFO:train:fus_concat (FusionLayer)     multiple                  0
2022-01-18 22:54:31,940:INFO:train:_________________________________________________________________
2022-01-18 22:54:31,940:INFO:train:opt_classifier (Classifier)  multiple                  195
2022-01-18 22:54:31,940:INFO:train:_________________________________________________________________
2022-01-18 22:54:31,940:INFO:train:sar_classifier (Classifier)  multiple                  195
2022-01-18 22:54:31,940:INFO:train:_________________________________________________________________
2022-01-18 22:54:31,940:INFO:train:fus_classifier (Classifier)  multiple                  387
2022-01-18 22:54:31,940:INFO:train:=================================================================
2022-01-18 22:54:31,940:INFO:train:Total params: 2,564,809
2022-01-18 22:54:31,940:INFO:train:Trainable params: 2,564,809
2022-01-18 22:54:31,940:INFO:train:Non-trainable params: 0
2022-01-18 22:54:31,940:INFO:train:_________________________________________________________________
2022-01-18 22:54:32,206:INFO:train:Epoch 1/10
2022-01-18 22:54:59,845:INFO:train:184/184 - 28s - opt_accuracy: 0.8616 - sar_accuracy: 0.7331 - fus_accuracy: 0.7498 - opt_loss: 0.0920 - sar_loss: 0.1618 - fus_loss: 0.1650 - loss: 0.4188 - val_opt_accuracy: 0.8751 - val_sar_accuracy: 0.7663 - val_fus_accuracy: 0.7727 - val_opt_loss: 0.0759 - val_sar_loss: 0.1464 - val_fus_loss: 0.1529 - val_loss: 0.3752
2022-01-18 22:54:59,861:INFO:train:Epoch 2/10
2022-01-18 22:55:17,751:INFO:train:184/184 - 18s - opt_accuracy: 0.8875 - sar_accuracy: 0.7613 - fus_accuracy: 0.7177 - opt_loss: 0.0719 - sar_loss: 0.1516 - fus_loss: 0.1829 - loss: 0.4064 - val_opt_accuracy: 0.8736 - val_sar_accuracy: 0.7866 - val_fus_accuracy: 0.6775 - val_opt_loss: 0.0857 - val_sar_loss: 0.1174 - val_fus_loss: 0.1878 - val_loss: 0.3909
2022-01-18 22:55:17,766:INFO:train:Epoch 3/10
2022-01-18 22:55:35,640:INFO:train:184/184 - 18s - opt_accuracy: 0.8923 - sar_accuracy: 0.7957 - fus_accuracy: 0.6685 - opt_loss: 0.0680 - sar_loss: 0.1319 - fus_loss: 0.2161 - loss: 0.4159 - val_opt_accuracy: 0.8763 - val_sar_accuracy: 0.7777 - val_fus_accuracy: 0.6785 - val_opt_loss: 0.0788 - val_sar_loss: 0.1358 - val_fus_loss: 0.1972 - val_loss: 0.4118
2022-01-18 22:55:35,656:INFO:train:Epoch 4/10
2022-01-18 22:55:53,483:INFO:train:184/184 - 18s - opt_accuracy: 0.8954 - sar_accuracy: 0.8173 - fus_accuracy: 0.6163 - opt_loss: 0.0651 - sar_loss: 0.1163 - fus_loss: 0.2671 - loss: 0.4485 - val_opt_accuracy: 0.8745 - val_sar_accuracy: 0.7590 - val_fus_accuracy: 0.6511 - val_opt_loss: 0.0745 - val_sar_loss: 0.1410 - val_fus_loss: 0.2078 - val_loss: 0.4232
2022-01-18 22:55:53,499:INFO:train:Epoch 5/10
2022-01-18 22:56:11,404:INFO:train:184/184 - 18s - opt_accuracy: 0.8976 - sar_accuracy: 0.8267 - fus_accuracy: 0.5953 - opt_loss: 0.0630 - sar_loss: 0.1092 - fus_loss: 0.2938 - loss: 0.4659 - val_opt_accuracy: 0.8789 - val_sar_accuracy: 0.8252 - val_fus_accuracy: 0.5857 - val_opt_loss: 0.0718 - val_sar_loss: 0.1033 - val_fus_loss: 0.2749 - val_loss: 0.4500
2022-01-18 22:56:11,420:INFO:train:Epoch 6/10
2022-01-18 22:56:29,247:INFO:train:184/184 - 18s - opt_accuracy: 0.8985 - sar_accuracy: 0.8311 - fus_accuracy: 0.5962 - opt_loss: 0.0616 - sar_loss: 0.1062 - fus_loss: 0.2943 - loss: 0.4621 - val_opt_accuracy: 0.8737 - val_sar_accuracy: 0.8283 - val_fus_accuracy: 0.6006 - val_opt_loss: 0.0742 - val_sar_loss: 0.1041 - val_fus_loss: 0.2557 - val_loss: 0.4340
2022-01-18 22:56:29,263:INFO:train:Epoch 7/10
2022-01-18 22:56:47,137:INFO:train:184/184 - 18s - opt_accuracy: 0.9000 - sar_accuracy: 0.8341 - fus_accuracy: 0.5898 - opt_loss: 0.0606 - sar_loss: 0.1031 - fus_loss: 0.3039 - loss: 0.4676 - val_opt_accuracy: 0.8793 - val_sar_accuracy: 0.8191 - val_fus_accuracy: 0.6200 - val_opt_loss: 0.0694 - val_sar_loss: 0.1077 - val_fus_loss: 0.2351 - val_loss: 0.4122
2022-01-18 22:56:47,153:INFO:train:Epoch 8/10
2022-01-18 22:57:05,136:INFO:train:184/184 - 18s - opt_accuracy: 0.9018 - sar_accuracy: 0.8372 - fus_accuracy: 0.5855 - opt_loss: 0.0589 - sar_loss: 0.1009 - fus_loss: 0.3113 - loss: 0.4711 - val_opt_accuracy: 0.8793 - val_sar_accuracy: 0.8210 - val_fus_accuracy: 0.6046 - val_opt_loss: 0.0684 - val_sar_loss: 0.1076 - val_fus_loss: 0.2403 - val_loss: 0.4163
2022-01-18 22:57:05,168:INFO:train:Epoch 9/10
2022-01-18 22:57:23,011:INFO:train:184/184 - 18s - opt_accuracy: 0.9025 - sar_accuracy: 0.8395 - fus_accuracy: 0.5795 - opt_loss: 0.0578 - sar_loss: 0.0995 - fus_loss: 0.3200 - loss: 0.4773 - val_opt_accuracy: 0.8737 - val_sar_accuracy: 0.8385 - val_fus_accuracy: 0.5723 - val_opt_loss: 0.0708 - val_sar_loss: 0.0935 - val_fus_loss: 0.3110 - val_loss: 0.4753
2022-01-18 22:57:23,026:INFO:train:Epoch 10/10
2022-01-18 22:57:40,932:INFO:train:184/184 - 18s - opt_accuracy: 0.9031 - sar_accuracy: 0.8429 - fus_accuracy: 0.5762 - opt_loss: 0.0568 - sar_loss: 0.0965 - fus_loss: 0.3338 - loss: 0.4872 - val_opt_accuracy: 0.8777 - val_sar_accuracy: 0.8460 - val_fus_accuracy: 0.5637 - val_opt_loss: 0.0686 - val_sar_loss: 0.0871 - val_fus_loss: 0.3052 - val_loss: 0.4608
2022-01-18 22:57:41,072:INFO:train:Epoch 1/500
2022-01-18 22:58:15,024:INFO:train:184/184 - 34s - opt_accuracy: 0.8829 - sar_accuracy: 0.7903 - fus_accuracy: 0.8820 - opt_loss: 0.0763 - sar_loss: 0.1329 - fus_loss: 0.0767 - loss: 0.2859 - val_opt_accuracy: 0.8854 - val_sar_accuracy: 0.7907 - val_fus_accuracy: 0.8836 - val_opt_loss: 0.0660 - val_sar_loss: 0.1246 - val_fus_loss: 0.0683 - val_loss: 0.2589
2022-01-18 22:58:15,024:INFO:train:
2022-01-18 22:58:15,024:INFO:train:Epoch 00001: val_fus_loss improved from inf to 0.06830, saving model to imgs\experiments\exp_7\models\Concat_ResUNET_3.h5
2022-01-18 22:58:15,133:INFO:train:Epoch 2/500
2022-01-18 22:58:42,819:INFO:train:184/184 - 28s - opt_accuracy: 0.8960 - sar_accuracy: 0.8080 - fus_accuracy: 0.8970 - opt_loss: 0.0656 - sar_loss: 0.1247 - fus_loss: 0.0650 - loss: 0.2553 - val_opt_accuracy: 0.8822 - val_sar_accuracy: 0.8360 - val_fus_accuracy: 0.8777 - val_opt_loss: 0.0687 - val_sar_loss: 0.0950 - val_fus_loss: 0.0709 - val_loss: 0.2346
2022-01-18 22:58:42,819:INFO:train:
2022-01-18 22:58:42,819:INFO:train:Epoch 00002: val_fus_loss did not improve from 0.06830
2022-01-18 22:58:42,835:INFO:train:Epoch 3/500
2022-01-18 22:59:10,724:INFO:train:184/184 - 28s - opt_accuracy: 0.9000 - sar_accuracy: 0.8262 - fus_accuracy: 0.9007 - opt_loss: 0.0612 - sar_loss: 0.1111 - fus_loss: 0.0607 - loss: 0.2330 - val_opt_accuracy: 0.8787 - val_sar_accuracy: 0.8384 - val_fus_accuracy: 0.8766 - val_opt_loss: 0.0676 - val_sar_loss: 0.0899 - val_fus_loss: 0.0698 - val_loss: 0.2273
2022-01-18 22:59:10,724:INFO:train:
2022-01-18 22:59:10,724:INFO:train:Epoch 00003: val_fus_loss did not improve from 0.06830
2022-01-18 22:59:10,740:INFO:train:Epoch 4/500
2022-01-18 22:59:38,520:INFO:train:184/184 - 28s - opt_accuracy: 0.9013 - sar_accuracy: 0.8314 - fus_accuracy: 0.9021 - opt_loss: 0.0593 - sar_loss: 0.1076 - fus_loss: 0.0588 - loss: 0.2257 - val_opt_accuracy: 0.8805 - val_sar_accuracy: 0.8311 - val_fus_accuracy: 0.8788 - val_opt_loss: 0.0681 - val_sar_loss: 0.1006 - val_fus_loss: 0.0700 - val_loss: 0.2386
2022-01-18 22:59:38,520:INFO:train:
2022-01-18 22:59:38,520:INFO:train:Epoch 00004: val_fus_loss did not improve from 0.06830
2022-01-18 22:59:38,536:INFO:train:Epoch 5/500
2022-01-18 23:00:06,316:INFO:train:184/184 - 28s - opt_accuracy: 0.9044 - sar_accuracy: 0.8350 - fus_accuracy: 0.9051 - opt_loss: 0.0565 - sar_loss: 0.1045 - fus_loss: 0.0560 - loss: 0.2170 - val_opt_accuracy: 0.8775 - val_sar_accuracy: 0.8354 - val_fus_accuracy: 0.8767 - val_opt_loss: 0.0720 - val_sar_loss: 0.0889 - val_fus_loss: 0.0719 - val_loss: 0.2327
2022-01-18 23:00:06,316:INFO:train:
2022-01-18 23:00:06,316:INFO:train:Epoch 00005: val_fus_loss did not improve from 0.06830
2022-01-18 23:00:06,331:INFO:train:Epoch 6/500
2022-01-18 23:00:34,330:INFO:train:184/184 - 28s - opt_accuracy: 0.9065 - sar_accuracy: 0.8422 - fus_accuracy: 0.9074 - opt_loss: 0.0544 - sar_loss: 0.0985 - fus_loss: 0.0539 - loss: 0.2069 - val_opt_accuracy: 0.8771 - val_sar_accuracy: 0.8376 - val_fus_accuracy: 0.8783 - val_opt_loss: 0.0709 - val_sar_loss: 0.0952 - val_fus_loss: 0.0710 - val_loss: 0.2371
2022-01-18 23:00:34,330:INFO:train:
2022-01-18 23:00:34,330:INFO:train:Epoch 00006: val_fus_loss did not improve from 0.06830
2022-01-18 23:00:34,346:INFO:train:Epoch 7/500
2022-01-18 23:01:02,129:INFO:train:184/184 - 28s - opt_accuracy: 0.9083 - sar_accuracy: 0.8436 - fus_accuracy: 0.9091 - opt_loss: 0.0528 - sar_loss: 0.0980 - fus_loss: 0.0522 - loss: 0.2031 - val_opt_accuracy: 0.8777 - val_sar_accuracy: 0.8313 - val_fus_accuracy: 0.8764 - val_opt_loss: 0.0716 - val_sar_loss: 0.0968 - val_fus_loss: 0.0723 - val_loss: 0.2407
2022-01-18 23:01:02,129:INFO:train:
2022-01-18 23:01:02,129:INFO:train:Epoch 00007: val_fus_loss did not improve from 0.06830
2022-01-18 23:01:02,145:INFO:train:Epoch 8/500
2022-01-18 23:01:30,018:INFO:train:184/184 - 28s - opt_accuracy: 0.9080 - sar_accuracy: 0.8408 - fus_accuracy: 0.9088 - opt_loss: 0.0523 - sar_loss: 0.1004 - fus_loss: 0.0516 - loss: 0.2043 - val_opt_accuracy: 0.8778 - val_sar_accuracy: 0.8401 - val_fus_accuracy: 0.8776 - val_opt_loss: 0.0704 - val_sar_loss: 0.0839 - val_fus_loss: 0.0713 - val_loss: 0.2255
2022-01-18 23:01:30,018:INFO:train:
2022-01-18 23:01:30,018:INFO:train:Epoch 00008: val_fus_loss did not improve from 0.06830
2022-01-18 23:01:30,034:INFO:train:Epoch 9/500
2022-01-18 23:01:57,981:INFO:train:184/184 - 28s - opt_accuracy: 0.9122 - sar_accuracy: 0.8469 - fus_accuracy: 0.9131 - opt_loss: 0.0488 - sar_loss: 0.0946 - fus_loss: 0.0480 - loss: 0.1913 - val_opt_accuracy: 0.8736 - val_sar_accuracy: 0.8485 - val_fus_accuracy: 0.8725 - val_opt_loss: 0.0758 - val_sar_loss: 0.0836 - val_fus_loss: 0.0747 - val_loss: 0.2341
2022-01-18 23:01:57,981:INFO:train:
2022-01-18 23:01:57,981:INFO:train:Epoch 00009: val_fus_loss did not improve from 0.06830
2022-01-18 23:01:57,997:INFO:train:Epoch 10/500
2022-01-18 23:02:25,865:INFO:train:184/184 - 28s - opt_accuracy: 0.9139 - sar_accuracy: 0.8454 - fus_accuracy: 0.9148 - opt_loss: 0.0470 - sar_loss: 0.0971 - fus_loss: 0.0464 - loss: 0.1904 - val_opt_accuracy: 0.8673 - val_sar_accuracy: 0.8299 - val_fus_accuracy: 0.8698 - val_opt_loss: 0.0823 - val_sar_loss: 0.1036 - val_fus_loss: 0.0827 - val_loss: 0.2686
2022-01-18 23:02:25,865:INFO:train:
2022-01-18 23:02:25,865:INFO:train:Epoch 00010: val_fus_loss did not improve from 0.06830
2022-01-18 23:02:25,881:INFO:train:Epoch 11/500
2022-01-18 23:02:53,754:INFO:train:184/184 - 28s - opt_accuracy: 0.9142 - sar_accuracy: 0.8467 - fus_accuracy: 0.9154 - opt_loss: 0.0464 - sar_loss: 0.0954 - fus_loss: 0.0455 - loss: 0.1874 - val_opt_accuracy: 0.8755 - val_sar_accuracy: 0.8471 - val_fus_accuracy: 0.8750 - val_opt_loss: 0.0716 - val_sar_loss: 0.0862 - val_fus_loss: 0.0712 - val_loss: 0.2290
2022-01-18 23:02:53,754:INFO:train:
2022-01-18 23:02:53,754:INFO:train:Epoch 00011: val_fus_loss did not improve from 0.06830
2022-01-18 23:02:53,770:INFO:train:Epoch 12/500
2022-01-18 23:03:21,534:INFO:train:184/184 - 28s - opt_accuracy: 0.9162 - sar_accuracy: 0.8504 - fus_accuracy: 0.9172 - opt_loss: 0.0446 - sar_loss: 0.0922 - fus_loss: 0.0438 - loss: 0.1807 - val_opt_accuracy: 0.8774 - val_sar_accuracy: 0.8465 - val_fus_accuracy: 0.8770 - val_opt_loss: 0.0755 - val_sar_loss: 0.0847 - val_fus_loss: 0.0749 - val_loss: 0.2351
2022-01-18 23:03:21,534:INFO:train:
2022-01-18 23:03:21,534:INFO:train:Epoch 00012: val_fus_loss did not improve from 0.06830
2022-01-18 23:03:21,550:INFO:train:Epoch 13/500
2022-01-18 23:03:49,283:INFO:train:184/184 - 28s - opt_accuracy: 0.9180 - sar_accuracy: 0.8518 - fus_accuracy: 0.9192 - opt_loss: 0.0431 - sar_loss: 0.0917 - fus_loss: 0.0422 - loss: 0.1769 - val_opt_accuracy: 0.8766 - val_sar_accuracy: 0.8317 - val_fus_accuracy: 0.8750 - val_opt_loss: 0.0804 - val_sar_loss: 0.1014 - val_fus_loss: 0.0796 - val_loss: 0.2614
2022-01-18 23:03:49,283:INFO:train:
2022-01-18 23:03:49,283:INFO:train:Epoch 00013: val_fus_loss did not improve from 0.06830
2022-01-18 23:03:49,299:INFO:train:Epoch 14/500
2022-01-18 23:04:17,157:INFO:train:184/184 - 28s - opt_accuracy: 0.9184 - sar_accuracy: 0.8535 - fus_accuracy: 0.9194 - opt_loss: 0.0426 - sar_loss: 0.0895 - fus_loss: 0.0416 - loss: 0.1737 - val_opt_accuracy: 0.8750 - val_sar_accuracy: 0.8391 - val_fus_accuracy: 0.8741 - val_opt_loss: 0.0786 - val_sar_loss: 0.0893 - val_fus_loss: 0.0779 - val_loss: 0.2457
2022-01-18 23:04:17,157:INFO:train:
2022-01-18 23:04:17,157:INFO:train:Epoch 00014: val_fus_loss did not improve from 0.06830
2022-01-18 23:04:17,172:INFO:train:Epoch 15/500
2022-01-18 23:04:44,858:INFO:train:184/184 - 28s - opt_accuracy: 0.9224 - sar_accuracy: 0.8543 - fus_accuracy: 0.9232 - opt_loss: 0.0392 - sar_loss: 0.0879 - fus_loss: 0.0384 - loss: 0.1654 - val_opt_accuracy: 0.8796 - val_sar_accuracy: 0.8547 - val_fus_accuracy: 0.8782 - val_opt_loss: 0.0774 - val_sar_loss: 0.0809 - val_fus_loss: 0.0763 - val_loss: 0.2346
2022-01-18 23:04:44,858:INFO:train:
2022-01-18 23:04:44,858:INFO:train:Epoch 00015: val_fus_loss did not improve from 0.06830
2022-01-18 23:04:44,874:INFO:train:Epoch 16/500
2022-01-18 23:05:12,263:INFO:train:184/184 - 27s - opt_accuracy: 0.9243 - sar_accuracy: 0.8586 - fus_accuracy: 0.9254 - opt_loss: 0.0374 - sar_loss: 0.0857 - fus_loss: 0.0365 - loss: 0.1597 - val_opt_accuracy: 0.8794 - val_sar_accuracy: 0.8495 - val_fus_accuracy: 0.8782 - val_opt_loss: 0.0765 - val_sar_loss: 0.0837 - val_fus_loss: 0.0759 - val_loss: 0.2361
2022-01-18 23:05:12,263:INFO:train:
2022-01-18 23:05:12,263:INFO:train:Epoch 00016: val_fus_loss did not improve from 0.06830
2022-01-18 23:05:12,263:INFO:train:Epoch 00016: early stopping
2022-01-18 23:05:19,403:INFO:train:Training Experiment 7 time: 4
2022-01-18 23:05:19,403:INFO:train:Training Conditions: Concat_ResUNET_FUS_n_n
2022-01-18 23:05:26,372:INFO:train:Image stack:
2022-01-18 23:05:26,372:INFO:train:(17730, 9203, 30)
2022-01-18 23:05:26,825:INFO:train:Labels stack:
2022-01-18 23:05:26,825:INFO:train:(17730, 9203)
2022-01-18 23:05:48,558:INFO:train:Model: "concat__res_unet"
2022-01-18 23:05:48,558:INFO:train:_________________________________________________________________
2022-01-18 23:05:48,558:INFO:train:Layer (type)                 Output Shape              Param #
2022-01-18 23:05:48,558:INFO:train:=================================================================
2022-01-18 23:05:48,558:INFO:train:opt_encoder (ResUNET_Encoder multiple                  1066944
2022-01-18 23:05:48,558:INFO:train:_________________________________________________________________
2022-01-18 23:05:48,558:INFO:train:sar_encoder (ResUNET_Encoder multiple                  1054272
2022-01-18 23:05:48,558:INFO:train:_________________________________________________________________
2022-01-18 23:05:48,558:INFO:train:opt_decoder (ResUNET_Decoder multiple                  221408
2022-01-18 23:05:48,558:INFO:train:_________________________________________________________________
2022-01-18 23:05:48,558:INFO:train:sar_decoder (ResUNET_Decoder multiple                  221408
2022-01-18 23:05:48,558:INFO:train:_________________________________________________________________
2022-01-18 23:05:48,558:INFO:train:fus_concat (FusionLayer)     multiple                  0
2022-01-18 23:05:48,558:INFO:train:_________________________________________________________________
2022-01-18 23:05:48,558:INFO:train:opt_classifier (Classifier)  multiple                  195
2022-01-18 23:05:48,558:INFO:train:_________________________________________________________________
2022-01-18 23:05:48,558:INFO:train:sar_classifier (Classifier)  multiple                  195
2022-01-18 23:05:48,558:INFO:train:_________________________________________________________________
2022-01-18 23:05:48,558:INFO:train:fus_classifier (Classifier)  multiple                  387
2022-01-18 23:05:48,558:INFO:train:=================================================================
2022-01-18 23:05:48,558:INFO:train:Total params: 2,564,809
2022-01-18 23:05:48,558:INFO:train:Trainable params: 2,564,809
2022-01-18 23:05:48,558:INFO:train:Non-trainable params: 0
2022-01-18 23:05:48,558:INFO:train:_________________________________________________________________
2022-01-18 23:05:48,824:INFO:train:Epoch 1/10
2022-01-18 23:06:17,018:INFO:train:184/184 - 28s - opt_accuracy: 0.8541 - sar_accuracy: 0.7374 - fus_accuracy: 0.6179 - opt_loss: 0.0952 - sar_loss: 0.1611 - fus_loss: 0.2284 - loss: 0.4847 - val_opt_accuracy: 0.8660 - val_sar_accuracy: 0.7589 - val_fus_accuracy: 0.6237 - val_opt_loss: 0.0811 - val_sar_loss: 0.1399 - val_fus_loss: 0.2191 - val_loss: 0.4401
2022-01-18 23:06:17,034:INFO:train:Epoch 2/10
2022-01-18 23:06:34,799:INFO:train:184/184 - 18s - opt_accuracy: 0.8856 - sar_accuracy: 0.7613 - fus_accuracy: 0.6820 - opt_loss: 0.0731 - sar_loss: 0.1530 - fus_loss: 0.1700 - loss: 0.3961 - val_opt_accuracy: 0.8724 - val_sar_accuracy: 0.7561 - val_fus_accuracy: 0.6197 - val_opt_loss: 0.0768 - val_sar_loss: 0.1422 - val_fus_loss: 0.1932 - val_loss: 0.4123
2022-01-18 23:06:34,814:INFO:train:Epoch 3/10
2022-01-18 23:06:52,548:INFO:train:184/184 - 18s - opt_accuracy: 0.8904 - sar_accuracy: 0.7767 - fus_accuracy: 0.6717 - opt_loss: 0.0688 - sar_loss: 0.1438 - fus_loss: 0.1540 - loss: 0.3665 - val_opt_accuracy: 0.8786 - val_sar_accuracy: 0.8263 - val_fus_accuracy: 0.6225 - val_opt_loss: 0.0722 - val_sar_loss: 0.1040 - val_fus_loss: 0.1363 - val_loss: 0.3124
2022-01-18 23:06:52,564:INFO:train:Epoch 4/10
2022-01-18 23:07:10,344:INFO:train:184/184 - 18s - opt_accuracy: 0.8934 - sar_accuracy: 0.8172 - fus_accuracy: 0.6608 - opt_loss: 0.0660 - sar_loss: 0.1178 - fus_loss: 0.1383 - loss: 0.3221 - val_opt_accuracy: 0.8813 - val_sar_accuracy: 0.8266 - val_fus_accuracy: 0.5973 - val_opt_loss: 0.0693 - val_sar_loss: 0.1047 - val_fus_loss: 0.1494 - val_loss: 0.3233
2022-01-18 23:07:10,360:INFO:train:Epoch 5/10
2022-01-18 23:07:28,203:INFO:train:184/184 - 18s - opt_accuracy: 0.8956 - sar_accuracy: 0.8221 - fus_accuracy: 0.6572 - opt_loss: 0.0642 - sar_loss: 0.1138 - fus_loss: 0.1348 - loss: 0.3128 - val_opt_accuracy: 0.8805 - val_sar_accuracy: 0.7938 - val_fus_accuracy: 0.6005 - val_opt_loss: 0.0682 - val_sar_loss: 0.1287 - val_fus_loss: 0.1745 - val_loss: 0.3714
2022-01-18 23:07:28,218:INFO:train:Epoch 6/10
2022-01-18 23:07:45,952:INFO:train:184/184 - 18s - opt_accuracy: 0.8971 - sar_accuracy: 0.8308 - fus_accuracy: 0.6584 - opt_loss: 0.0625 - sar_loss: 0.1072 - fus_loss: 0.1310 - loss: 0.3007 - val_opt_accuracy: 0.8761 - val_sar_accuracy: 0.8216 - val_fus_accuracy: 0.6047 - val_opt_loss: 0.0747 - val_sar_loss: 0.1094 - val_fus_loss: 0.1726 - val_loss: 0.3567
2022-01-18 23:07:45,967:INFO:train:Epoch 7/10
2022-01-18 23:08:03,779:INFO:train:184/184 - 18s - opt_accuracy: 0.8978 - sar_accuracy: 0.8358 - fus_accuracy: 0.6648 - opt_loss: 0.0617 - sar_loss: 0.1037 - fus_loss: 0.1241 - loss: 0.2895 - val_opt_accuracy: 0.8825 - val_sar_accuracy: 0.8361 - val_fus_accuracy: 0.6035 - val_opt_loss: 0.0647 - val_sar_loss: 0.0970 - val_fus_loss: 0.1350 - val_loss: 0.2967
2022-01-18 23:08:03,795:INFO:train:Epoch 8/10
2022-01-18 23:08:21,638:INFO:train:184/184 - 18s - opt_accuracy: 0.8996 - sar_accuracy: 0.8375 - fus_accuracy: 0.6638 - opt_loss: 0.0597 - sar_loss: 0.1015 - fus_loss: 0.1214 - loss: 0.2826 - val_opt_accuracy: 0.8818 - val_sar_accuracy: 0.8419 - val_fus_accuracy: 0.6064 - val_opt_loss: 0.0637 - val_sar_loss: 0.0918 - val_fus_loss: 0.1458 - val_loss: 0.3013
2022-01-18 23:08:21,653:INFO:train:Epoch 9/10
2022-01-18 23:08:39,496:INFO:train:184/184 - 18s - opt_accuracy: 0.9007 - sar_accuracy: 0.8403 - fus_accuracy: 0.6705 - opt_loss: 0.0590 - sar_loss: 0.0993 - fus_loss: 0.1192 - loss: 0.2775 - val_opt_accuracy: 0.8770 - val_sar_accuracy: 0.8446 - val_fus_accuracy: 0.6199 - val_opt_loss: 0.0669 - val_sar_loss: 0.0880 - val_fus_loss: 0.1448 - val_loss: 0.2998
2022-01-18 23:08:39,512:INFO:train:Epoch 10/10
2022-01-18 23:08:57,245:INFO:train:184/184 - 18s - opt_accuracy: 0.9020 - sar_accuracy: 0.8408 - fus_accuracy: 0.6850 - opt_loss: 0.0572 - sar_loss: 0.0994 - fus_loss: 0.1131 - loss: 0.2697 - val_opt_accuracy: 0.8785 - val_sar_accuracy: 0.8350 - val_fus_accuracy: 0.6212 - val_opt_loss: 0.0651 - val_sar_loss: 0.0957 - val_fus_loss: 0.1270 - val_loss: 0.2878
2022-01-18 23:08:57,370:INFO:train:Epoch 1/500
2022-01-18 23:09:30,978:INFO:train:184/184 - 34s - opt_accuracy: 0.8896 - sar_accuracy: 0.7878 - fus_accuracy: 0.8855 - opt_loss: 0.0719 - sar_loss: 0.1384 - fus_loss: 0.0741 - loss: 0.2844 - val_opt_accuracy: 0.8750 - val_sar_accuracy: 0.8205 - val_fus_accuracy: 0.8752 - val_opt_loss: 0.0697 - val_sar_loss: 0.1047 - val_fus_loss: 0.0713 - val_loss: 0.2456
2022-01-18 23:09:30,978:INFO:train:
2022-01-18 23:09:30,978:INFO:train:Epoch 00001: val_fus_loss improved from inf to 0.07126, saving model to imgs\experiments\exp_7\models\Concat_ResUNET_4.h5
2022-01-18 23:09:31,072:INFO:train:Epoch 2/500
2022-01-18 23:09:58,758:INFO:train:184/184 - 28s - opt_accuracy: 0.8979 - sar_accuracy: 0.8133 - fus_accuracy: 0.8976 - opt_loss: 0.0638 - sar_loss: 0.1192 - fus_loss: 0.0637 - loss: 0.2468 - val_opt_accuracy: 0.8747 - val_sar_accuracy: 0.7827 - val_fus_accuracy: 0.8715 - val_opt_loss: 0.0687 - val_sar_loss: 0.1326 - val_fus_loss: 0.0733 - val_loss: 0.2745
2022-01-18 23:09:58,758:INFO:train:
2022-01-18 23:09:58,758:INFO:train:Epoch 00002: val_fus_loss did not improve from 0.07126
2022-01-18 23:09:58,774:INFO:train:Epoch 3/500
2022-01-18 23:10:26,351:INFO:train:184/184 - 28s - opt_accuracy: 0.8998 - sar_accuracy: 0.8253 - fus_accuracy: 0.8999 - opt_loss: 0.0608 - sar_loss: 0.1121 - fus_loss: 0.0607 - loss: 0.2337 - val_opt_accuracy: 0.8697 - val_sar_accuracy: 0.8377 - val_fus_accuracy: 0.8734 - val_opt_loss: 0.0761 - val_sar_loss: 0.0909 - val_fus_loss: 0.0748 - val_loss: 0.2418
2022-01-18 23:10:26,351:INFO:train:
2022-01-18 23:10:26,351:INFO:train:Epoch 00003: val_fus_loss did not improve from 0.07126
2022-01-18 23:10:26,366:INFO:train:Epoch 4/500
2022-01-18 23:10:53,990:INFO:train:184/184 - 28s - opt_accuracy: 0.9025 - sar_accuracy: 0.8290 - fus_accuracy: 0.9025 - opt_loss: 0.0586 - sar_loss: 0.1086 - fus_loss: 0.0582 - loss: 0.2254 - val_opt_accuracy: 0.8846 - val_sar_accuracy: 0.8387 - val_fus_accuracy: 0.8833 - val_opt_loss: 0.0626 - val_sar_loss: 0.0915 - val_fus_loss: 0.0629 - val_loss: 0.2170
2022-01-18 23:10:53,990:INFO:train:
2022-01-18 23:10:53,990:INFO:train:Epoch 00004: val_fus_loss improved from 0.07126 to 0.06294, saving model to imgs\experiments\exp_7\models\Concat_ResUNET_4.h5
2022-01-18 23:10:54,240:INFO:train:Epoch 5/500
2022-01-18 23:11:21,879:INFO:train:184/184 - 28s - opt_accuracy: 0.9040 - sar_accuracy: 0.8377 - fus_accuracy: 0.9044 - opt_loss: 0.0569 - sar_loss: 0.1019 - fus_loss: 0.0564 - loss: 0.2152 - val_opt_accuracy: 0.8835 - val_sar_accuracy: 0.8376 - val_fus_accuracy: 0.8822 - val_opt_loss: 0.0638 - val_sar_loss: 0.0931 - val_fus_loss: 0.0649 - val_loss: 0.2218
2022-01-18 23:11:21,879:INFO:train:
2022-01-18 23:11:21,879:INFO:train:Epoch 00005: val_fus_loss did not improve from 0.06294
2022-01-18 23:11:21,895:INFO:train:Epoch 6/500
2022-01-18 23:11:49,409:INFO:train:184/184 - 28s - opt_accuracy: 0.9051 - sar_accuracy: 0.8376 - fus_accuracy: 0.9056 - opt_loss: 0.0552 - sar_loss: 0.1020 - fus_loss: 0.0547 - loss: 0.2119 - val_opt_accuracy: 0.8815 - val_sar_accuracy: 0.8407 - val_fus_accuracy: 0.8817 - val_opt_loss: 0.0662 - val_sar_loss: 0.0907 - val_fus_loss: 0.0655 - val_loss: 0.2224
2022-01-18 23:11:49,409:INFO:train:
2022-01-18 23:11:49,409:INFO:train:Epoch 00006: val_fus_loss did not improve from 0.06294
2022-01-18 23:11:49,425:INFO:train:Epoch 7/500
2022-01-18 23:12:17,018:INFO:train:184/184 - 28s - opt_accuracy: 0.9074 - sar_accuracy: 0.8334 - fus_accuracy: 0.9076 - opt_loss: 0.0535 - sar_loss: 0.1045 - fus_loss: 0.0532 - loss: 0.2112 - val_opt_accuracy: 0.8860 - val_sar_accuracy: 0.8300 - val_fus_accuracy: 0.8843 - val_opt_loss: 0.0703 - val_sar_loss: 0.1024 - val_fus_loss: 0.0719 - val_loss: 0.2445
2022-01-18 23:12:17,018:INFO:train:
2022-01-18 23:12:17,018:INFO:train:Epoch 00007: val_fus_loss did not improve from 0.06294
2022-01-18 23:12:17,033:INFO:train:Epoch 8/500
2022-01-18 23:12:44,641:INFO:train:184/184 - 28s - opt_accuracy: 0.9090 - sar_accuracy: 0.8421 - fus_accuracy: 0.9097 - opt_loss: 0.0514 - sar_loss: 0.0983 - fus_loss: 0.0509 - loss: 0.2007 - val_opt_accuracy: 0.8843 - val_sar_accuracy: 0.8438 - val_fus_accuracy: 0.8812 - val_opt_loss: 0.0699 - val_sar_loss: 0.0844 - val_fus_loss: 0.0695 - val_loss: 0.2237
2022-01-18 23:12:44,641:INFO:train:
2022-01-18 23:12:44,641:INFO:train:Epoch 00008: val_fus_loss did not improve from 0.06294
2022-01-18 23:12:44,657:INFO:train:Epoch 9/500
2022-01-18 23:13:12,171:INFO:train:184/184 - 28s - opt_accuracy: 0.9101 - sar_accuracy: 0.8397 - fus_accuracy: 0.9107 - opt_loss: 0.0505 - sar_loss: 0.1002 - fus_loss: 0.0499 - loss: 0.2006 - val_opt_accuracy: 0.8853 - val_sar_accuracy: 0.8336 - val_fus_accuracy: 0.8822 - val_opt_loss: 0.0710 - val_sar_loss: 0.0955 - val_fus_loss: 0.0690 - val_loss: 0.2355
2022-01-18 23:13:12,171:INFO:train:
2022-01-18 23:13:12,171:INFO:train:Epoch 00009: val_fus_loss did not improve from 0.06294
2022-01-18 23:13:12,187:INFO:train:Epoch 10/500
2022-01-18 23:13:39,733:INFO:train:184/184 - 28s - opt_accuracy: 0.9132 - sar_accuracy: 0.8435 - fus_accuracy: 0.9139 - opt_loss: 0.0478 - sar_loss: 0.0973 - fus_loss: 0.0473 - loss: 0.1925 - val_opt_accuracy: 0.8913 - val_sar_accuracy: 0.8446 - val_fus_accuracy: 0.8869 - val_opt_loss: 0.0678 - val_sar_loss: 0.0872 - val_fus_loss: 0.0664 - val_loss: 0.2214
2022-01-18 23:13:39,733:INFO:train:
2022-01-18 23:13:39,733:INFO:train:Epoch 00010: val_fus_loss did not improve from 0.06294
2022-01-18 23:13:39,748:INFO:train:Epoch 11/500
2022-01-18 23:14:07,434:INFO:train:184/184 - 28s - opt_accuracy: 0.9148 - sar_accuracy: 0.8449 - fus_accuracy: 0.9157 - opt_loss: 0.0462 - sar_loss: 0.0955 - fus_loss: 0.0456 - loss: 0.1872 - val_opt_accuracy: 0.8814 - val_sar_accuracy: 0.8273 - val_fus_accuracy: 0.8787 - val_opt_loss: 0.0711 - val_sar_loss: 0.1002 - val_fus_loss: 0.0706 - val_loss: 0.2418
2022-01-18 23:14:07,434:INFO:train:
2022-01-18 23:14:07,434:INFO:train:Epoch 00011: val_fus_loss did not improve from 0.06294
2022-01-18 23:14:07,450:INFO:train:Epoch 12/500
2022-01-18 23:14:34,996:INFO:train:184/184 - 28s - opt_accuracy: 0.9170 - sar_accuracy: 0.8479 - fus_accuracy: 0.9175 - opt_loss: 0.0442 - sar_loss: 0.0940 - fus_loss: 0.0436 - loss: 0.1818 - val_opt_accuracy: 0.8841 - val_sar_accuracy: 0.8422 - val_fus_accuracy: 0.8791 - val_opt_loss: 0.0762 - val_sar_loss: 0.0865 - val_fus_loss: 0.0770 - val_loss: 0.2397
2022-01-18 23:14:34,996:INFO:train:
2022-01-18 23:14:34,996:INFO:train:Epoch 00012: val_fus_loss did not improve from 0.06294
2022-01-18 23:14:35,011:INFO:train:Epoch 13/500
2022-01-18 23:15:02,619:INFO:train:184/184 - 28s - opt_accuracy: 0.9192 - sar_accuracy: 0.8515 - fus_accuracy: 0.9201 - opt_loss: 0.0425 - sar_loss: 0.0910 - fus_loss: 0.0418 - loss: 0.1753 - val_opt_accuracy: 0.8842 - val_sar_accuracy: 0.8488 - val_fus_accuracy: 0.8818 - val_opt_loss: 0.0772 - val_sar_loss: 0.0834 - val_fus_loss: 0.0771 - val_loss: 0.2378
2022-01-18 23:15:02,619:INFO:train:
2022-01-18 23:15:02,619:INFO:train:Epoch 00013: val_fus_loss did not improve from 0.06294
2022-01-18 23:15:02,635:INFO:train:Epoch 14/500
2022-01-18 23:15:30,149:INFO:train:184/184 - 28s - opt_accuracy: 0.9231 - sar_accuracy: 0.8527 - fus_accuracy: 0.9238 - opt_loss: 0.0388 - sar_loss: 0.0904 - fus_loss: 0.0383 - loss: 0.1675 - val_opt_accuracy: 0.8796 - val_sar_accuracy: 0.7927 - val_fus_accuracy: 0.8768 - val_opt_loss: 0.0848 - val_sar_loss: 0.1171 - val_fus_loss: 0.0855 - val_loss: 0.2874
2022-01-18 23:15:30,149:INFO:train:
2022-01-18 23:15:30,149:INFO:train:Epoch 00014: val_fus_loss did not improve from 0.06294
2022-01-18 23:15:30,165:INFO:train:Epoch 15/500
2022-01-18 23:15:57,711:INFO:train:184/184 - 28s - opt_accuracy: 0.9214 - sar_accuracy: 0.8532 - fus_accuracy: 0.9223 - opt_loss: 0.0403 - sar_loss: 0.0902 - fus_loss: 0.0397 - loss: 0.1702 - val_opt_accuracy: 0.8878 - val_sar_accuracy: 0.8476 - val_fus_accuracy: 0.8873 - val_opt_loss: 0.0729 - val_sar_loss: 0.0843 - val_fus_loss: 0.0733 - val_loss: 0.2304
2022-01-18 23:15:57,711:INFO:train:
2022-01-18 23:15:57,711:INFO:train:Epoch 00015: val_fus_loss did not improve from 0.06294
2022-01-18 23:15:57,726:INFO:train:Epoch 16/500
2022-01-18 23:16:25,366:INFO:train:184/184 - 28s - opt_accuracy: 0.9245 - sar_accuracy: 0.8552 - fus_accuracy: 0.9253 - opt_loss: 0.0377 - sar_loss: 0.0888 - fus_loss: 0.0371 - loss: 0.1636 - val_opt_accuracy: 0.8859 - val_sar_accuracy: 0.8489 - val_fus_accuracy: 0.8855 - val_opt_loss: 0.0869 - val_sar_loss: 0.0835 - val_fus_loss: 0.0852 - val_loss: 0.2556
2022-01-18 23:16:25,366:INFO:train:
2022-01-18 23:16:25,366:INFO:train:Epoch 00016: val_fus_loss did not improve from 0.06294
2022-01-18 23:16:25,381:INFO:train:Epoch 17/500
2022-01-18 23:16:53,021:INFO:train:184/184 - 28s - opt_accuracy: 0.9265 - sar_accuracy: 0.8553 - fus_accuracy: 0.9273 - opt_loss: 0.0360 - sar_loss: 0.0884 - fus_loss: 0.0354 - loss: 0.1598 - val_opt_accuracy: 0.8771 - val_sar_accuracy: 0.8455 - val_fus_accuracy: 0.8777 - val_opt_loss: 0.0836 - val_sar_loss: 0.0844 - val_fus_loss: 0.0830 - val_loss: 0.2509
2022-01-18 23:16:53,021:INFO:train:
2022-01-18 23:16:53,021:INFO:train:Epoch 00017: val_fus_loss did not improve from 0.06294
2022-01-18 23:16:53,036:INFO:train:Epoch 18/500
2022-01-18 23:17:20,535:INFO:train:184/184 - 27s - opt_accuracy: 0.9286 - sar_accuracy: 0.8602 - fus_accuracy: 0.9292 - opt_loss: 0.0341 - sar_loss: 0.0845 - fus_loss: 0.0335 - loss: 0.1521 - val_opt_accuracy: 0.8769 - val_sar_accuracy: 0.8529 - val_fus_accuracy: 0.8773 - val_opt_loss: 0.0883 - val_sar_loss: 0.0802 - val_fus_loss: 0.0878 - val_loss: 0.2563
2022-01-18 23:17:20,535:INFO:train:
2022-01-18 23:17:20,535:INFO:train:Epoch 00018: val_fus_loss did not improve from 0.06294
2022-01-18 23:17:20,551:INFO:train:Epoch 19/500
2022-01-18 23:17:48,112:INFO:train:184/184 - 28s - opt_accuracy: 0.9308 - sar_accuracy: 0.8624 - fus_accuracy: 0.9316 - opt_loss: 0.0323 - sar_loss: 0.0825 - fus_loss: 0.0317 - loss: 0.1465 - val_opt_accuracy: 0.8788 - val_sar_accuracy: 0.8511 - val_fus_accuracy: 0.8794 - val_opt_loss: 0.0913 - val_sar_loss: 0.0835 - val_fus_loss: 0.0900 - val_loss: 0.2648
2022-01-18 23:17:48,112:INFO:train:
2022-01-18 23:17:48,112:INFO:train:Epoch 00019: val_fus_loss did not improve from 0.06294
2022-01-18 23:17:48,112:INFO:train:Epoch 00019: early stopping
