2022-01-20 01:52:47,503:INFO:pred:Predicting Experiment 16 time: 0
2022-01-20 01:52:47,503:INFO:pred:Conditions: CrossFusion_ResUNET_FUS_c_c
2022-01-20 01:53:51,641:INFO:pred:Image stack:
2022-01-20 01:53:51,641:INFO:pred:(17730, 9203, 30)
2022-01-20 01:53:51,641:INFO:pred:-126.0
2022-01-20 01:53:51,641:INFO:pred:-13.0
2022-01-20 01:55:43,808:INFO:pred:time prediction model 0: 84.06
2022-01-20 01:56:09,275:INFO:pred:Predicting Experiment 16 time: 1
2022-01-20 01:56:09,275:INFO:pred:Conditions: CrossFusion_ResUNET_FUS_c_c
2022-01-20 01:57:15,882:INFO:pred:Image stack:
2022-01-20 01:57:15,882:INFO:pred:(17730, 9203, 30)
2022-01-20 01:57:15,882:INFO:pred:-126.0
2022-01-20 01:57:15,882:INFO:pred:-13.0
2022-01-20 01:59:02,361:INFO:pred:time prediction model 1: 79.42
2022-01-20 01:59:27,313:INFO:pred:Predicting Experiment 16 time: 2
2022-01-20 01:59:27,313:INFO:pred:Conditions: CrossFusion_ResUNET_FUS_c_c
2022-01-20 02:00:33,435:INFO:pred:Image stack:
2022-01-20 02:00:33,435:INFO:pred:(17730, 9203, 30)
2022-01-20 02:00:33,435:INFO:pred:-126.0
2022-01-20 02:00:33,435:INFO:pred:-13.0
2022-01-20 02:02:25,758:INFO:pred:time prediction model 2: 85.74
2022-01-20 02:02:53,929:INFO:pred:Predicting Experiment 16 time: 3
2022-01-20 02:02:53,929:INFO:pred:Conditions: CrossFusion_ResUNET_FUS_c_c
2022-01-20 02:03:59,894:INFO:pred:Image stack:
2022-01-20 02:03:59,894:INFO:pred:(17730, 9203, 30)
2022-01-20 02:03:59,894:INFO:pred:-126.0
2022-01-20 02:03:59,894:INFO:pred:-13.0
2022-01-20 02:05:47,061:INFO:pred:time prediction model 3: 79.66
2022-01-20 02:06:12,092:INFO:pred:Predicting Experiment 16 time: 4
2022-01-20 02:06:12,092:INFO:pred:Conditions: CrossFusion_ResUNET_FUS_c_c
2022-01-20 02:07:18,635:INFO:pred:Image stack:
2022-01-20 02:07:18,635:INFO:pred:(17730, 9203, 30)
2022-01-20 02:07:18,635:INFO:pred:-126.0
2022-01-20 02:07:18,635:INFO:pred:-13.0
2022-01-20 02:09:14,380:INFO:pred:time prediction model 4: 87.30
