2022-01-18 16:20:53,284:INFO:train:Training Experiment 1 time: 0
2022-01-18 16:20:53,284:INFO:train:Training Conditions: ResUNET_OPT_n_n
2022-01-18 16:22:43,493:INFO:train:Image stack:
2022-01-18 16:22:43,493:INFO:train:(17730, 9203, 26)
2022-01-18 16:22:47,493:INFO:train:Labels stack:
2022-01-18 16:22:47,493:INFO:train:(17730, 9203)
2022-01-18 16:23:18,460:INFO:train:Model: "res_unet"
2022-01-18 16:23:18,460:INFO:train:_________________________________________________________________
2022-01-18 16:23:18,460:INFO:train:Layer (type)                 Output Shape              Param #
2022-01-18 16:23:18,460:INFO:train:=================================================================
2022-01-18 16:23:18,491:INFO:train:resunet_encoder (ResUNET_Enc multiple                  1066944
2022-01-18 16:23:18,491:INFO:train:_________________________________________________________________
2022-01-18 16:23:18,491:INFO:train:resunet_decoder (ResUNET_Dec multiple                  221408
2022-01-18 16:23:18,491:INFO:train:_________________________________________________________________
2022-01-18 16:23:18,491:INFO:train:classifier (Classifier)      multiple                  195
2022-01-18 16:23:18,491:INFO:train:=================================================================
2022-01-18 16:23:18,491:INFO:train:Total params: 1,288,547
2022-01-18 16:23:18,491:INFO:train:Trainable params: 1,288,547
2022-01-18 16:23:18,491:INFO:train:Non-trainable params: 0
2022-01-18 16:23:18,491:INFO:train:_________________________________________________________________
2022-01-18 16:23:19,882:INFO:train:Epoch 1/500
2022-01-18 16:23:51,412:INFO:train:184/184 - 32s - loss: 0.0932 - accuracy: 0.8664 - val_loss: 0.0907 - val_accuracy: 0.8662
2022-01-18 16:23:51,412:INFO:train:
2022-01-18 16:23:51,412:INFO:train:Epoch 00001: val_loss improved from inf to 0.09072, saving model to imgs\experiments\exp_1\models\ResUNET_0.h5
2022-01-18 16:23:51,724:INFO:train:Epoch 2/500
2022-01-18 16:24:01,505:INFO:train:184/184 - 10s - loss: 0.0694 - accuracy: 0.8908 - val_loss: 0.0734 - val_accuracy: 0.8809
2022-01-18 16:24:01,505:INFO:train:
2022-01-18 16:24:01,505:INFO:train:Epoch 00002: val_loss improved from 0.09072 to 0.07339, saving model to imgs\experiments\exp_1\models\ResUNET_0.h5
2022-01-18 16:24:01,583:INFO:train:Epoch 3/500
2022-01-18 16:24:11,348:INFO:train:184/184 - 10s - loss: 0.0668 - accuracy: 0.8947 - val_loss: 0.0921 - val_accuracy: 0.8623
2022-01-18 16:24:11,348:INFO:train:
2022-01-18 16:24:11,348:INFO:train:Epoch 00003: val_loss did not improve from 0.07339
2022-01-18 16:24:11,348:INFO:train:Epoch 4/500
2022-01-18 16:24:21,239:INFO:train:184/184 - 10s - loss: 0.0642 - accuracy: 0.8981 - val_loss: 0.0728 - val_accuracy: 0.8745
2022-01-18 16:24:21,239:INFO:train:
2022-01-18 16:24:21,239:INFO:train:Epoch 00004: val_loss improved from 0.07339 to 0.07279, saving model to imgs\experiments\exp_1\models\ResUNET_0.h5
2022-01-18 16:24:21,286:INFO:train:Epoch 5/500
2022-01-18 16:24:31,144:INFO:train:184/184 - 10s - loss: 0.0615 - accuracy: 0.8998 - val_loss: 0.0784 - val_accuracy: 0.8706
2022-01-18 16:24:31,144:INFO:train:
2022-01-18 16:24:31,144:INFO:train:Epoch 00005: val_loss did not improve from 0.07279
2022-01-18 16:24:31,160:INFO:train:Epoch 6/500
2022-01-18 16:24:41,066:INFO:train:184/184 - 10s - loss: 0.0598 - accuracy: 0.9014 - val_loss: 0.0719 - val_accuracy: 0.8762
2022-01-18 16:24:41,066:INFO:train:
2022-01-18 16:24:41,066:INFO:train:Epoch 00006: val_loss improved from 0.07279 to 0.07191, saving model to imgs\experiments\exp_1\models\ResUNET_0.h5
2022-01-18 16:24:41,113:INFO:train:Epoch 7/500
2022-01-18 16:24:51,050:INFO:train:184/184 - 10s - loss: 0.0585 - accuracy: 0.9028 - val_loss: 0.0691 - val_accuracy: 0.8801
2022-01-18 16:24:51,050:INFO:train:
2022-01-18 16:24:51,050:INFO:train:Epoch 00007: val_loss improved from 0.07191 to 0.06905, saving model to imgs\experiments\exp_1\models\ResUNET_0.h5
2022-01-18 16:24:51,190:INFO:train:Epoch 8/500
2022-01-18 16:25:01,127:INFO:train:184/184 - 10s - loss: 0.0563 - accuracy: 0.9046 - val_loss: 0.0703 - val_accuracy: 0.8779
2022-01-18 16:25:01,127:INFO:train:
2022-01-18 16:25:01,127:INFO:train:Epoch 00008: val_loss did not improve from 0.06905
2022-01-18 16:25:01,143:INFO:train:Epoch 9/500
2022-01-18 16:25:11,033:INFO:train:184/184 - 10s - loss: 0.0545 - accuracy: 0.9061 - val_loss: 0.0680 - val_accuracy: 0.8824
2022-01-18 16:25:11,033:INFO:train:
2022-01-18 16:25:11,033:INFO:train:Epoch 00009: val_loss improved from 0.06905 to 0.06800, saving model to imgs\experiments\exp_1\models\ResUNET_0.h5
2022-01-18 16:25:11,080:INFO:train:Epoch 10/500
2022-01-18 16:25:20,861:INFO:train:184/184 - 10s - loss: 0.0551 - accuracy: 0.9057 - val_loss: 0.0680 - val_accuracy: 0.8814
2022-01-18 16:25:20,861:INFO:train:
2022-01-18 16:25:20,861:INFO:train:Epoch 00010: val_loss improved from 0.06800 to 0.06797, saving model to imgs\experiments\exp_1\models\ResUNET_0.h5
2022-01-18 16:25:20,955:INFO:train:Epoch 11/500
2022-01-18 16:25:30,782:INFO:train:184/184 - 10s - loss: 0.0529 - accuracy: 0.9078 - val_loss: 0.0729 - val_accuracy: 0.8788
2022-01-18 16:25:30,782:INFO:train:
2022-01-18 16:25:30,782:INFO:train:Epoch 00011: val_loss did not improve from 0.06797
2022-01-18 16:25:30,798:INFO:train:Epoch 12/500
2022-01-18 16:25:40,563:INFO:train:184/184 - 10s - loss: 0.0512 - accuracy: 0.9090 - val_loss: 0.0730 - val_accuracy: 0.8809
2022-01-18 16:25:40,563:INFO:train:
2022-01-18 16:25:40,563:INFO:train:Epoch 00012: val_loss did not improve from 0.06797
2022-01-18 16:25:40,579:INFO:train:Epoch 13/500
2022-01-18 16:25:50,360:INFO:train:184/184 - 10s - loss: 0.0512 - accuracy: 0.9098 - val_loss: 0.0694 - val_accuracy: 0.8825
2022-01-18 16:25:50,360:INFO:train:
2022-01-18 16:25:50,360:INFO:train:Epoch 00013: val_loss did not improve from 0.06797
2022-01-18 16:25:50,375:INFO:train:Epoch 14/500
2022-01-18 16:26:00,265:INFO:train:184/184 - 10s - loss: 0.0487 - accuracy: 0.9121 - val_loss: 0.0691 - val_accuracy: 0.8832
2022-01-18 16:26:00,265:INFO:train:
2022-01-18 16:26:00,265:INFO:train:Epoch 00014: val_loss did not improve from 0.06797
2022-01-18 16:26:00,281:INFO:train:Epoch 15/500
2022-01-18 16:26:10,156:INFO:train:184/184 - 10s - loss: 0.0477 - accuracy: 0.9130 - val_loss: 0.0743 - val_accuracy: 0.8819
2022-01-18 16:26:10,156:INFO:train:
2022-01-18 16:26:10,156:INFO:train:Epoch 00015: val_loss did not improve from 0.06797
2022-01-18 16:26:10,171:INFO:train:Epoch 16/500
2022-01-18 16:26:20,124:INFO:train:184/184 - 10s - loss: 0.0451 - accuracy: 0.9154 - val_loss: 0.0846 - val_accuracy: 0.8788
2022-01-18 16:26:20,124:INFO:train:
2022-01-18 16:26:20,124:INFO:train:Epoch 00016: val_loss did not improve from 0.06797
2022-01-18 16:26:20,140:INFO:train:Epoch 17/500
2022-01-18 16:26:30,389:INFO:train:184/184 - 10s - loss: 0.0441 - accuracy: 0.9171 - val_loss: 0.0819 - val_accuracy: 0.8791
2022-01-18 16:26:30,389:INFO:train:
2022-01-18 16:26:30,389:INFO:train:Epoch 00017: val_loss did not improve from 0.06797
2022-01-18 16:26:30,405:INFO:train:Epoch 18/500
2022-01-18 16:26:40,639:INFO:train:184/184 - 10s - loss: 0.0431 - accuracy: 0.9183 - val_loss: 0.0772 - val_accuracy: 0.8813
2022-01-18 16:26:40,639:INFO:train:
2022-01-18 16:26:40,639:INFO:train:Epoch 00018: val_loss did not improve from 0.06797
2022-01-18 16:26:40,654:INFO:train:Epoch 19/500
2022-01-18 16:26:50,748:INFO:train:184/184 - 10s - loss: 0.0432 - accuracy: 0.9184 - val_loss: 0.0748 - val_accuracy: 0.8819
2022-01-18 16:26:50,748:INFO:train:
2022-01-18 16:26:50,748:INFO:train:Epoch 00019: val_loss did not improve from 0.06797
2022-01-18 16:26:50,763:INFO:train:Epoch 20/500
2022-01-18 16:27:00,872:INFO:train:184/184 - 10s - loss: 0.0398 - accuracy: 0.9216 - val_loss: 0.0838 - val_accuracy: 0.8795
2022-01-18 16:27:00,872:INFO:train:
2022-01-18 16:27:00,872:INFO:train:Epoch 00020: val_loss did not improve from 0.06797
2022-01-18 16:27:00,888:INFO:train:Epoch 21/500
2022-01-18 16:27:11,059:INFO:train:184/184 - 10s - loss: 0.0397 - accuracy: 0.9223 - val_loss: 0.1009 - val_accuracy: 0.8765
2022-01-18 16:27:11,059:INFO:train:
2022-01-18 16:27:11,059:INFO:train:Epoch 00021: val_loss did not improve from 0.06797
2022-01-18 16:27:11,059:INFO:train:Epoch 22/500
2022-01-18 16:27:21,153:INFO:train:184/184 - 10s - loss: 0.0383 - accuracy: 0.9238 - val_loss: 0.0837 - val_accuracy: 0.8810
2022-01-18 16:27:21,153:INFO:train:
2022-01-18 16:27:21,153:INFO:train:Epoch 00022: val_loss did not improve from 0.06797
2022-01-18 16:27:21,168:INFO:train:Epoch 23/500
2022-01-18 16:27:31,215:INFO:train:184/184 - 10s - loss: 0.0365 - accuracy: 0.9256 - val_loss: 0.0938 - val_accuracy: 0.8809
2022-01-18 16:27:31,215:INFO:train:
2022-01-18 16:27:31,215:INFO:train:Epoch 00023: val_loss did not improve from 0.06797
2022-01-18 16:27:31,230:INFO:train:Epoch 24/500
2022-01-18 16:27:41,308:INFO:train:184/184 - 10s - loss: 0.0368 - accuracy: 0.9250 - val_loss: 0.0927 - val_accuracy: 0.8795
2022-01-18 16:27:41,308:INFO:train:
2022-01-18 16:27:41,308:INFO:train:Epoch 00024: val_loss did not improve from 0.06797
2022-01-18 16:27:41,308:INFO:train:Epoch 00024: early stopping
2022-01-18 16:28:03,338:INFO:train:Training Experiment 1 time: 1
2022-01-18 16:28:03,338:INFO:train:Training Conditions: ResUNET_OPT_n_n
2022-01-18 16:28:17,775:INFO:train:Image stack:
2022-01-18 16:28:17,775:INFO:train:(17730, 9203, 26)
2022-01-18 16:28:18,213:INFO:train:Labels stack:
2022-01-18 16:28:18,213:INFO:train:(17730, 9203)
2022-01-18 16:28:40,212:INFO:train:Model: "res_unet"
2022-01-18 16:28:40,212:INFO:train:_________________________________________________________________
2022-01-18 16:28:40,212:INFO:train:Layer (type)                 Output Shape              Param #
2022-01-18 16:28:40,212:INFO:train:=================================================================
2022-01-18 16:28:40,212:INFO:train:resunet_encoder (ResUNET_Enc multiple                  1066944
2022-01-18 16:28:40,212:INFO:train:_________________________________________________________________
2022-01-18 16:28:40,212:INFO:train:resunet_decoder (ResUNET_Dec multiple                  221408
2022-01-18 16:28:40,212:INFO:train:_________________________________________________________________
2022-01-18 16:28:40,212:INFO:train:classifier (Classifier)      multiple                  195
2022-01-18 16:28:40,212:INFO:train:=================================================================
2022-01-18 16:28:40,212:INFO:train:Total params: 1,288,547
2022-01-18 16:28:40,212:INFO:train:Trainable params: 1,288,547
2022-01-18 16:28:40,212:INFO:train:Non-trainable params: 0
2022-01-18 16:28:40,212:INFO:train:_________________________________________________________________
2022-01-18 16:28:40,430:INFO:train:Epoch 1/500
2022-01-18 16:28:56,773:INFO:train:184/184 - 16s - loss: 0.0869 - accuracy: 0.8701 - val_loss: 0.0818 - val_accuracy: 0.8702
2022-01-18 16:28:56,773:INFO:train:
2022-01-18 16:28:56,773:INFO:train:Epoch 00001: val_loss improved from inf to 0.08179, saving model to imgs\experiments\exp_1\models\ResUNET_1.h5
2022-01-18 16:28:56,851:INFO:train:Epoch 2/500
2022-01-18 16:29:06,835:INFO:train:184/184 - 10s - loss: 0.0707 - accuracy: 0.8906 - val_loss: 0.0707 - val_accuracy: 0.8855
2022-01-18 16:29:06,835:INFO:train:
2022-01-18 16:29:06,835:INFO:train:Epoch 00002: val_loss improved from 0.08179 to 0.07071, saving model to imgs\experiments\exp_1\models\ResUNET_1.h5
2022-01-18 16:29:06,913:INFO:train:Epoch 3/500
2022-01-18 16:29:17,007:INFO:train:184/184 - 10s - loss: 0.0660 - accuracy: 0.8952 - val_loss: 0.0703 - val_accuracy: 0.8817
2022-01-18 16:29:17,007:INFO:train:
2022-01-18 16:29:17,007:INFO:train:Epoch 00003: val_loss improved from 0.07071 to 0.07034, saving model to imgs\experiments\exp_1\models\ResUNET_1.h5
2022-01-18 16:29:17,069:INFO:train:Epoch 4/500
2022-01-18 16:29:27,334:INFO:train:184/184 - 10s - loss: 0.0639 - accuracy: 0.8972 - val_loss: 0.0712 - val_accuracy: 0.8791
2022-01-18 16:29:27,334:INFO:train:
2022-01-18 16:29:27,334:INFO:train:Epoch 00004: val_loss did not improve from 0.07034
2022-01-18 16:29:27,350:INFO:train:Epoch 5/500
2022-01-18 16:29:37,287:INFO:train:184/184 - 10s - loss: 0.0607 - accuracy: 0.8998 - val_loss: 0.0650 - val_accuracy: 0.8855
2022-01-18 16:29:37,287:INFO:train:
2022-01-18 16:29:37,287:INFO:train:Epoch 00005: val_loss improved from 0.07034 to 0.06504, saving model to imgs\experiments\exp_1\models\ResUNET_1.h5
2022-01-18 16:29:37,365:INFO:train:Epoch 6/500
2022-01-18 16:29:47,302:INFO:train:184/184 - 10s - loss: 0.0605 - accuracy: 0.9011 - val_loss: 0.0694 - val_accuracy: 0.8805
2022-01-18 16:29:47,302:INFO:train:
2022-01-18 16:29:47,302:INFO:train:Epoch 00006: val_loss did not improve from 0.06504
2022-01-18 16:29:47,318:INFO:train:Epoch 7/500
2022-01-18 16:29:57,208:INFO:train:184/184 - 10s - loss: 0.0584 - accuracy: 0.9023 - val_loss: 0.0726 - val_accuracy: 0.8722
2022-01-18 16:29:57,208:INFO:train:
2022-01-18 16:29:57,208:INFO:train:Epoch 00007: val_loss did not improve from 0.06504
2022-01-18 16:29:57,224:INFO:train:Epoch 8/500
2022-01-18 16:30:07,223:INFO:train:184/184 - 10s - loss: 0.0559 - accuracy: 0.9048 - val_loss: 0.0669 - val_accuracy: 0.8832
2022-01-18 16:30:07,223:INFO:train:
2022-01-18 16:30:07,223:INFO:train:Epoch 00008: val_loss did not improve from 0.06504
2022-01-18 16:30:07,239:INFO:train:Epoch 9/500
2022-01-18 16:30:17,363:INFO:train:184/184 - 10s - loss: 0.0548 - accuracy: 0.9055 - val_loss: 0.0676 - val_accuracy: 0.8843
2022-01-18 16:30:17,363:INFO:train:
2022-01-18 16:30:17,363:INFO:train:Epoch 00009: val_loss did not improve from 0.06504
2022-01-18 16:30:17,379:INFO:train:Epoch 10/500
2022-01-18 16:30:27,347:INFO:train:184/184 - 10s - loss: 0.0529 - accuracy: 0.9074 - val_loss: 0.0662 - val_accuracy: 0.8821
2022-01-18 16:30:27,347:INFO:train:
2022-01-18 16:30:27,347:INFO:train:Epoch 00010: val_loss did not improve from 0.06504
2022-01-18 16:30:27,363:INFO:train:Epoch 11/500
2022-01-18 16:30:37,284:INFO:train:184/184 - 10s - loss: 0.0518 - accuracy: 0.9084 - val_loss: 0.0700 - val_accuracy: 0.8816
2022-01-18 16:30:37,284:INFO:train:
2022-01-18 16:30:37,284:INFO:train:Epoch 00011: val_loss did not improve from 0.06504
2022-01-18 16:30:37,300:INFO:train:Epoch 12/500
2022-01-18 16:30:47,331:INFO:train:184/184 - 10s - loss: 0.0498 - accuracy: 0.9110 - val_loss: 0.0676 - val_accuracy: 0.8846
2022-01-18 16:30:47,331:INFO:train:
2022-01-18 16:30:47,331:INFO:train:Epoch 00012: val_loss did not improve from 0.06504
2022-01-18 16:30:47,347:INFO:train:Epoch 13/500
2022-01-18 16:30:57,409:INFO:train:184/184 - 10s - loss: 0.0490 - accuracy: 0.9113 - val_loss: 0.0671 - val_accuracy: 0.8851
2022-01-18 16:30:57,409:INFO:train:
2022-01-18 16:30:57,409:INFO:train:Epoch 00013: val_loss did not improve from 0.06504
2022-01-18 16:30:57,424:INFO:train:Epoch 14/500
2022-01-18 16:31:07,361:INFO:train:184/184 - 10s - loss: 0.0470 - accuracy: 0.9141 - val_loss: 0.0671 - val_accuracy: 0.8848
2022-01-18 16:31:07,361:INFO:train:
2022-01-18 16:31:07,361:INFO:train:Epoch 00014: val_loss did not improve from 0.06504
2022-01-18 16:31:07,377:INFO:train:Epoch 15/500
2022-01-18 16:31:17,376:INFO:train:184/184 - 10s - loss: 0.0472 - accuracy: 0.9144 - val_loss: 0.0716 - val_accuracy: 0.8825
2022-01-18 16:31:17,376:INFO:train:
2022-01-18 16:31:17,376:INFO:train:Epoch 00015: val_loss did not improve from 0.06504
2022-01-18 16:31:17,392:INFO:train:Epoch 16/500
2022-01-18 16:31:27,439:INFO:train:184/184 - 10s - loss: 0.0434 - accuracy: 0.9184 - val_loss: 0.0720 - val_accuracy: 0.8814
2022-01-18 16:31:27,439:INFO:train:
2022-01-18 16:31:27,439:INFO:train:Epoch 00016: val_loss did not improve from 0.06504
2022-01-18 16:31:27,454:INFO:train:Epoch 17/500
2022-01-18 16:31:37,360:INFO:train:184/184 - 10s - loss: 0.0446 - accuracy: 0.9173 - val_loss: 0.0704 - val_accuracy: 0.8826
2022-01-18 16:31:37,360:INFO:train:
2022-01-18 16:31:37,360:INFO:train:Epoch 00017: val_loss did not improve from 0.06504
2022-01-18 16:31:37,376:INFO:train:Epoch 18/500
2022-01-18 16:31:47,250:INFO:train:184/184 - 10s - loss: 0.0409 - accuracy: 0.9209 - val_loss: 0.0736 - val_accuracy: 0.8831
2022-01-18 16:31:47,250:INFO:train:
2022-01-18 16:31:47,250:INFO:train:Epoch 00018: val_loss did not improve from 0.06504
2022-01-18 16:31:47,250:INFO:train:Epoch 19/500
2022-01-18 16:31:57,093:INFO:train:184/184 - 10s - loss: 0.0406 - accuracy: 0.9219 - val_loss: 0.0683 - val_accuracy: 0.8885
2022-01-18 16:31:57,093:INFO:train:
2022-01-18 16:31:57,093:INFO:train:Epoch 00019: val_loss did not improve from 0.06504
2022-01-18 16:31:57,109:INFO:train:Epoch 20/500
2022-01-18 16:32:06,999:INFO:train:184/184 - 10s - loss: 0.0381 - accuracy: 0.9246 - val_loss: 0.0736 - val_accuracy: 0.8798
2022-01-18 16:32:06,999:INFO:train:
2022-01-18 16:32:06,999:INFO:train:Epoch 00020: val_loss did not improve from 0.06504
2022-01-18 16:32:06,999:INFO:train:Epoch 00020: early stopping
2022-01-18 16:32:13,874:INFO:train:Training Experiment 1 time: 2
2022-01-18 16:32:13,874:INFO:train:Training Conditions: ResUNET_OPT_n_n
2022-01-18 16:32:21,155:INFO:train:Image stack:
2022-01-18 16:32:21,155:INFO:train:(17730, 9203, 26)
2022-01-18 16:32:21,608:INFO:train:Labels stack:
2022-01-18 16:32:21,608:INFO:train:(17730, 9203)
2022-01-18 16:32:43,154:INFO:train:Model: "res_unet"
2022-01-18 16:32:43,154:INFO:train:_________________________________________________________________
2022-01-18 16:32:43,154:INFO:train:Layer (type)                 Output Shape              Param #
2022-01-18 16:32:43,154:INFO:train:=================================================================
2022-01-18 16:32:43,170:INFO:train:resunet_encoder (ResUNET_Enc multiple                  1066944
2022-01-18 16:32:43,170:INFO:train:_________________________________________________________________
2022-01-18 16:32:43,170:INFO:train:resunet_decoder (ResUNET_Dec multiple                  221408
2022-01-18 16:32:43,170:INFO:train:_________________________________________________________________
2022-01-18 16:32:43,170:INFO:train:classifier (Classifier)      multiple                  195
2022-01-18 16:32:43,170:INFO:train:=================================================================
2022-01-18 16:32:43,170:INFO:train:Total params: 1,288,547
2022-01-18 16:32:43,170:INFO:train:Trainable params: 1,288,547
2022-01-18 16:32:43,170:INFO:train:Non-trainable params: 0
2022-01-18 16:32:43,170:INFO:train:_________________________________________________________________
2022-01-18 16:32:43,388:INFO:train:Epoch 1/500
2022-01-18 16:32:59,919:INFO:train:184/184 - 17s - loss: 0.0887 - accuracy: 0.8674 - val_loss: 0.0974 - val_accuracy: 0.8622
2022-01-18 16:32:59,919:INFO:train:
2022-01-18 16:32:59,919:INFO:train:Epoch 00001: val_loss improved from inf to 0.09740, saving model to imgs\experiments\exp_1\models\ResUNET_2.h5
2022-01-18 16:32:59,997:INFO:train:Epoch 2/500
2022-01-18 16:33:09,856:INFO:train:184/184 - 10s - loss: 0.0693 - accuracy: 0.8915 - val_loss: 0.0733 - val_accuracy: 0.8743
2022-01-18 16:33:09,856:INFO:train:
2022-01-18 16:33:09,856:INFO:train:Epoch 00002: val_loss improved from 0.09740 to 0.07326, saving model to imgs\experiments\exp_1\models\ResUNET_2.h5
2022-01-18 16:33:09,918:INFO:train:Epoch 3/500
2022-01-18 16:33:19,918:INFO:train:184/184 - 10s - loss: 0.0653 - accuracy: 0.8949 - val_loss: 0.0717 - val_accuracy: 0.8793
2022-01-18 16:33:19,934:INFO:train:
2022-01-18 16:33:19,934:INFO:train:Epoch 00003: val_loss improved from 0.07326 to 0.07168, saving model to imgs\experiments\exp_1\models\ResUNET_2.h5
2022-01-18 16:33:19,996:INFO:train:Epoch 4/500
2022-01-18 16:33:29,871:INFO:train:184/184 - 10s - loss: 0.0627 - accuracy: 0.8978 - val_loss: 0.0719 - val_accuracy: 0.8788
2022-01-18 16:33:29,871:INFO:train:
2022-01-18 16:33:29,871:INFO:train:Epoch 00004: val_loss did not improve from 0.07168
2022-01-18 16:33:29,886:INFO:train:Epoch 5/500
2022-01-18 16:33:39,683:INFO:train:184/184 - 10s - loss: 0.0610 - accuracy: 0.9001 - val_loss: 0.0723 - val_accuracy: 0.8760
2022-01-18 16:33:39,683:INFO:train:
2022-01-18 16:33:39,683:INFO:train:Epoch 00005: val_loss did not improve from 0.07168
2022-01-18 16:33:39,698:INFO:train:Epoch 6/500
2022-01-18 16:33:49,604:INFO:train:184/184 - 10s - loss: 0.0597 - accuracy: 0.9007 - val_loss: 0.0748 - val_accuracy: 0.8760
2022-01-18 16:33:49,604:INFO:train:
2022-01-18 16:33:49,604:INFO:train:Epoch 00006: val_loss did not improve from 0.07168
2022-01-18 16:33:49,620:INFO:train:Epoch 7/500
2022-01-18 16:33:59,635:INFO:train:184/184 - 10s - loss: 0.0591 - accuracy: 0.9018 - val_loss: 0.0666 - val_accuracy: 0.8774
2022-01-18 16:33:59,635:INFO:train:
2022-01-18 16:33:59,635:INFO:train:Epoch 00007: val_loss improved from 0.07168 to 0.06664, saving model to imgs\experiments\exp_1\models\ResUNET_2.h5
2022-01-18 16:33:59,697:INFO:train:Epoch 8/500
2022-01-18 16:34:09,681:INFO:train:184/184 - 10s - loss: 0.0558 - accuracy: 0.9043 - val_loss: 0.0699 - val_accuracy: 0.8765
2022-01-18 16:34:09,681:INFO:train:
2022-01-18 16:34:09,681:INFO:train:Epoch 00008: val_loss did not improve from 0.06664
2022-01-18 16:34:09,697:INFO:train:Epoch 9/500
2022-01-18 16:34:19,650:INFO:train:184/184 - 10s - loss: 0.0549 - accuracy: 0.9050 - val_loss: 0.0736 - val_accuracy: 0.8767
2022-01-18 16:34:19,650:INFO:train:
2022-01-18 16:34:19,650:INFO:train:Epoch 00009: val_loss did not improve from 0.06664
2022-01-18 16:34:19,665:INFO:train:Epoch 10/500
2022-01-18 16:34:29,649:INFO:train:184/184 - 10s - loss: 0.0533 - accuracy: 0.9072 - val_loss: 0.0750 - val_accuracy: 0.8781
2022-01-18 16:34:29,649:INFO:train:
2022-01-18 16:34:29,649:INFO:train:Epoch 00010: val_loss did not improve from 0.06664
2022-01-18 16:34:29,665:INFO:train:Epoch 11/500
2022-01-18 16:34:39,620:INFO:train:184/184 - 10s - loss: 0.0518 - accuracy: 0.9089 - val_loss: 0.0645 - val_accuracy: 0.8863
2022-01-18 16:34:39,620:INFO:train:
2022-01-18 16:34:39,620:INFO:train:Epoch 00011: val_loss improved from 0.06664 to 0.06452, saving model to imgs\experiments\exp_1\models\ResUNET_2.h5
2022-01-18 16:34:39,682:INFO:train:Epoch 12/500
2022-01-18 16:34:49,525:INFO:train:184/184 - 10s - loss: 0.0499 - accuracy: 0.9100 - val_loss: 0.0666 - val_accuracy: 0.8873
2022-01-18 16:34:49,525:INFO:train:
2022-01-18 16:34:49,525:INFO:train:Epoch 00012: val_loss did not improve from 0.06452
2022-01-18 16:34:49,541:INFO:train:Epoch 13/500
2022-01-18 16:34:59,447:INFO:train:184/184 - 10s - loss: 0.0493 - accuracy: 0.9113 - val_loss: 0.0707 - val_accuracy: 0.8800
2022-01-18 16:34:59,447:INFO:train:
2022-01-18 16:34:59,447:INFO:train:Epoch 00013: val_loss did not improve from 0.06452
2022-01-18 16:34:59,462:INFO:train:Epoch 14/500
2022-01-18 16:35:09,399:INFO:train:184/184 - 10s - loss: 0.0477 - accuracy: 0.9123 - val_loss: 0.0694 - val_accuracy: 0.8846
2022-01-18 16:35:09,399:INFO:train:
2022-01-18 16:35:09,399:INFO:train:Epoch 00014: val_loss did not improve from 0.06452
2022-01-18 16:35:09,415:INFO:train:Epoch 15/500
2022-01-18 16:35:19,368:INFO:train:184/184 - 10s - loss: 0.0463 - accuracy: 0.9141 - val_loss: 0.0679 - val_accuracy: 0.8845
2022-01-18 16:35:19,368:INFO:train:
2022-01-18 16:35:19,368:INFO:train:Epoch 00015: val_loss did not improve from 0.06452
2022-01-18 16:35:19,383:INFO:train:Epoch 16/500
2022-01-18 16:35:29,439:INFO:train:184/184 - 10s - loss: 0.0443 - accuracy: 0.9162 - val_loss: 0.0762 - val_accuracy: 0.8817
2022-01-18 16:35:29,439:INFO:train:
2022-01-18 16:35:29,439:INFO:train:Epoch 00016: val_loss did not improve from 0.06452
2022-01-18 16:35:29,455:INFO:train:Epoch 17/500
2022-01-18 16:35:39,783:INFO:train:184/184 - 10s - loss: 0.0441 - accuracy: 0.9168 - val_loss: 0.0697 - val_accuracy: 0.8842
2022-01-18 16:35:39,784:INFO:train:
2022-01-18 16:35:39,784:INFO:train:Epoch 00017: val_loss did not improve from 0.06452
2022-01-18 16:35:39,797:INFO:train:Epoch 18/500
2022-01-18 16:35:49,682:INFO:train:184/184 - 10s - loss: 0.0441 - accuracy: 0.9170 - val_loss: 0.0730 - val_accuracy: 0.8780
2022-01-18 16:35:49,682:INFO:train:
2022-01-18 16:35:49,682:INFO:train:Epoch 00018: val_loss did not improve from 0.06452
2022-01-18 16:35:49,695:INFO:train:Epoch 19/500
2022-01-18 16:35:59,733:INFO:train:184/184 - 10s - loss: 0.0409 - accuracy: 0.9202 - val_loss: 0.0739 - val_accuracy: 0.8771
2022-01-18 16:35:59,733:INFO:train:
2022-01-18 16:35:59,734:INFO:train:Epoch 00019: val_loss did not improve from 0.06452
2022-01-18 16:35:59,747:INFO:train:Epoch 20/500
2022-01-18 16:36:09,614:INFO:train:184/184 - 10s - loss: 0.0394 - accuracy: 0.9218 - val_loss: 0.0785 - val_accuracy: 0.8741
2022-01-18 16:36:09,614:INFO:train:
2022-01-18 16:36:09,614:INFO:train:Epoch 00020: val_loss did not improve from 0.06452
2022-01-18 16:36:09,630:INFO:train:Epoch 21/500
2022-01-18 16:36:19,473:INFO:train:184/184 - 10s - loss: 0.0376 - accuracy: 0.9242 - val_loss: 0.0772 - val_accuracy: 0.8774
2022-01-18 16:36:19,473:INFO:train:
2022-01-18 16:36:19,473:INFO:train:Epoch 00021: val_loss did not improve from 0.06452
2022-01-18 16:36:19,489:INFO:train:Epoch 22/500
2022-01-18 16:36:29,363:INFO:train:184/184 - 10s - loss: 0.0371 - accuracy: 0.9248 - val_loss: 0.0749 - val_accuracy: 0.8812
2022-01-18 16:36:29,363:INFO:train:
2022-01-18 16:36:29,363:INFO:train:Epoch 00022: val_loss did not improve from 0.06452
2022-01-18 16:36:29,379:INFO:train:Epoch 23/500
2022-01-18 16:36:39,238:INFO:train:184/184 - 10s - loss: 0.0353 - accuracy: 0.9270 - val_loss: 0.0811 - val_accuracy: 0.8782
2022-01-18 16:36:39,238:INFO:train:
2022-01-18 16:36:39,238:INFO:train:Epoch 00023: val_loss did not improve from 0.06452
2022-01-18 16:36:39,254:INFO:train:Epoch 24/500
2022-01-18 16:36:49,097:INFO:train:184/184 - 10s - loss: 0.0345 - accuracy: 0.9279 - val_loss: 0.0832 - val_accuracy: 0.8753
2022-01-18 16:36:49,097:INFO:train:
2022-01-18 16:36:49,097:INFO:train:Epoch 00024: val_loss did not improve from 0.06452
2022-01-18 16:36:49,112:INFO:train:Epoch 25/500
2022-01-18 16:36:59,018:INFO:train:184/184 - 10s - loss: 0.0348 - accuracy: 0.9277 - val_loss: 0.0830 - val_accuracy: 0.8787
2022-01-18 16:36:59,018:INFO:train:
2022-01-18 16:36:59,018:INFO:train:Epoch 00025: val_loss did not improve from 0.06452
2022-01-18 16:36:59,018:INFO:train:Epoch 26/500
2022-01-18 16:37:08,846:INFO:train:184/184 - 10s - loss: 0.0327 - accuracy: 0.9304 - val_loss: 0.0896 - val_accuracy: 0.8724
2022-01-18 16:37:08,846:INFO:train:
2022-01-18 16:37:08,846:INFO:train:Epoch 00026: val_loss did not improve from 0.06452
2022-01-18 16:37:08,846:INFO:train:Epoch 00026: early stopping
2022-01-18 16:37:15,721:INFO:train:Training Experiment 1 time: 3
2022-01-18 16:37:15,721:INFO:train:Training Conditions: ResUNET_OPT_n_n
2022-01-18 16:37:22,564:INFO:train:Image stack:
2022-01-18 16:37:22,564:INFO:train:(17730, 9203, 26)
2022-01-18 16:37:23,017:INFO:train:Labels stack:
2022-01-18 16:37:23,017:INFO:train:(17730, 9203)
2022-01-18 16:37:44,313:INFO:train:Model: "res_unet"
2022-01-18 16:37:44,313:INFO:train:_________________________________________________________________
2022-01-18 16:37:44,313:INFO:train:Layer (type)                 Output Shape              Param #
2022-01-18 16:37:44,313:INFO:train:=================================================================
2022-01-18 16:37:44,313:INFO:train:resunet_encoder (ResUNET_Enc multiple                  1066944
2022-01-18 16:37:44,313:INFO:train:_________________________________________________________________
2022-01-18 16:37:44,313:INFO:train:resunet_decoder (ResUNET_Dec multiple                  221408
2022-01-18 16:37:44,329:INFO:train:_________________________________________________________________
2022-01-18 16:37:44,329:INFO:train:classifier (Classifier)      multiple                  195
2022-01-18 16:37:44,329:INFO:train:=================================================================
2022-01-18 16:37:44,329:INFO:train:Total params: 1,288,547
2022-01-18 16:37:44,329:INFO:train:Trainable params: 1,288,547
2022-01-18 16:37:44,329:INFO:train:Non-trainable params: 0
2022-01-18 16:37:44,329:INFO:train:_________________________________________________________________
2022-01-18 16:37:44,547:INFO:train:Epoch 1/500
2022-01-18 16:38:00,766:INFO:train:184/184 - 16s - loss: 0.0856 - accuracy: 0.8715 - val_loss: 0.0826 - val_accuracy: 0.8683
2022-01-18 16:38:00,766:INFO:train:
2022-01-18 16:38:00,766:INFO:train:Epoch 00001: val_loss improved from inf to 0.08255, saving model to imgs\experiments\exp_1\models\ResUNET_3.h5
2022-01-18 16:38:00,812:INFO:train:Epoch 2/500
2022-01-18 16:38:10,484:INFO:train:184/184 - 10s - loss: 0.0700 - accuracy: 0.8898 - val_loss: 0.0724 - val_accuracy: 0.8742
2022-01-18 16:38:10,484:INFO:train:
2022-01-18 16:38:10,484:INFO:train:Epoch 00002: val_loss improved from 0.08255 to 0.07236, saving model to imgs\experiments\exp_1\models\ResUNET_3.h5
2022-01-18 16:38:10,562:INFO:train:Epoch 3/500
2022-01-18 16:38:20,374:INFO:train:184/184 - 10s - loss: 0.0660 - accuracy: 0.8944 - val_loss: 0.0663 - val_accuracy: 0.8841
2022-01-18 16:38:20,374:INFO:train:
2022-01-18 16:38:20,374:INFO:train:Epoch 00003: val_loss improved from 0.07236 to 0.06625, saving model to imgs\experiments\exp_1\models\ResUNET_3.h5
2022-01-18 16:38:20,421:INFO:train:Epoch 4/500
2022-01-18 16:38:30,233:INFO:train:184/184 - 10s - loss: 0.0629 - accuracy: 0.8979 - val_loss: 0.0695 - val_accuracy: 0.8843
2022-01-18 16:38:30,233:INFO:train:
2022-01-18 16:38:30,233:INFO:train:Epoch 00004: val_loss did not improve from 0.06625
2022-01-18 16:38:30,249:INFO:train:Epoch 5/500
2022-01-18 16:38:40,045:INFO:train:184/184 - 10s - loss: 0.0610 - accuracy: 0.8998 - val_loss: 0.0640 - val_accuracy: 0.8839
2022-01-18 16:38:40,045:INFO:train:
2022-01-18 16:38:40,045:INFO:train:Epoch 00005: val_loss improved from 0.06625 to 0.06402, saving model to imgs\experiments\exp_1\models\ResUNET_3.h5
2022-01-18 16:38:40,108:INFO:train:Epoch 6/500
2022-01-18 16:38:49,935:INFO:train:184/184 - 10s - loss: 0.0593 - accuracy: 0.9009 - val_loss: 0.0645 - val_accuracy: 0.8778
2022-01-18 16:38:49,935:INFO:train:
2022-01-18 16:38:49,935:INFO:train:Epoch 00006: val_loss did not improve from 0.06402
2022-01-18 16:38:49,951:INFO:train:Epoch 7/500
2022-01-18 16:38:59,700:INFO:train:184/184 - 10s - loss: 0.0576 - accuracy: 0.9025 - val_loss: 0.0641 - val_accuracy: 0.8817
2022-01-18 16:38:59,700:INFO:train:
2022-01-18 16:38:59,700:INFO:train:Epoch 00007: val_loss did not improve from 0.06402
2022-01-18 16:38:59,716:INFO:train:Epoch 8/500
2022-01-18 16:39:09,559:INFO:train:184/184 - 10s - loss: 0.0554 - accuracy: 0.9049 - val_loss: 0.0635 - val_accuracy: 0.8824
2022-01-18 16:39:09,559:INFO:train:
2022-01-18 16:39:09,559:INFO:train:Epoch 00008: val_loss improved from 0.06402 to 0.06350, saving model to imgs\experiments\exp_1\models\ResUNET_3.h5
2022-01-18 16:39:09,606:INFO:train:Epoch 9/500
2022-01-18 16:39:19,418:INFO:train:184/184 - 10s - loss: 0.0541 - accuracy: 0.9058 - val_loss: 0.0677 - val_accuracy: 0.8802
2022-01-18 16:39:19,418:INFO:train:
2022-01-18 16:39:19,418:INFO:train:Epoch 00009: val_loss did not improve from 0.06350
2022-01-18 16:39:19,434:INFO:train:Epoch 10/500
2022-01-18 16:39:29,199:INFO:train:184/184 - 10s - loss: 0.0528 - accuracy: 0.9076 - val_loss: 0.0714 - val_accuracy: 0.8820
2022-01-18 16:39:29,199:INFO:train:
2022-01-18 16:39:29,199:INFO:train:Epoch 00010: val_loss did not improve from 0.06350
2022-01-18 16:39:29,215:INFO:train:Epoch 11/500
2022-01-18 16:39:38,996:INFO:train:184/184 - 10s - loss: 0.0508 - accuracy: 0.9096 - val_loss: 0.0723 - val_accuracy: 0.8783
2022-01-18 16:39:38,996:INFO:train:
2022-01-18 16:39:38,996:INFO:train:Epoch 00011: val_loss did not improve from 0.06350
2022-01-18 16:39:39,011:INFO:train:Epoch 12/500
2022-01-18 16:39:48,808:INFO:train:184/184 - 10s - loss: 0.0502 - accuracy: 0.9105 - val_loss: 0.0724 - val_accuracy: 0.8820
2022-01-18 16:39:48,808:INFO:train:
2022-01-18 16:39:48,808:INFO:train:Epoch 00012: val_loss did not improve from 0.06350
2022-01-18 16:39:48,823:INFO:train:Epoch 13/500
2022-01-18 16:39:58,620:INFO:train:184/184 - 10s - loss: 0.0483 - accuracy: 0.9120 - val_loss: 0.0771 - val_accuracy: 0.8805
2022-01-18 16:39:58,620:INFO:train:
2022-01-18 16:39:58,620:INFO:train:Epoch 00013: val_loss did not improve from 0.06350
2022-01-18 16:39:58,635:INFO:train:Epoch 14/500
2022-01-18 16:40:08,791:INFO:train:184/184 - 10s - loss: 0.0468 - accuracy: 0.9138 - val_loss: 0.0715 - val_accuracy: 0.8823
2022-01-18 16:40:08,791:INFO:train:
2022-01-18 16:40:08,791:INFO:train:Epoch 00014: val_loss did not improve from 0.06350
2022-01-18 16:40:08,807:INFO:train:Epoch 15/500
2022-01-18 16:40:18,853:INFO:train:184/184 - 10s - loss: 0.0448 - accuracy: 0.9162 - val_loss: 0.0691 - val_accuracy: 0.8823
2022-01-18 16:40:18,853:INFO:train:
2022-01-18 16:40:18,853:INFO:train:Epoch 00015: val_loss did not improve from 0.06350
2022-01-18 16:40:18,853:INFO:train:Epoch 16/500
2022-01-18 16:40:28,821:INFO:train:184/184 - 10s - loss: 0.0435 - accuracy: 0.9177 - val_loss: 0.0745 - val_accuracy: 0.8807
2022-01-18 16:40:28,821:INFO:train:
2022-01-18 16:40:28,821:INFO:train:Epoch 00016: val_loss did not improve from 0.06350
2022-01-18 16:40:28,837:INFO:train:Epoch 17/500
2022-01-18 16:40:38,852:INFO:train:184/184 - 10s - loss: 0.0421 - accuracy: 0.9192 - val_loss: 0.0788 - val_accuracy: 0.8793
2022-01-18 16:40:38,852:INFO:train:
2022-01-18 16:40:38,852:INFO:train:Epoch 00017: val_loss did not improve from 0.06350
2022-01-18 16:40:38,868:INFO:train:Epoch 18/500
2022-01-18 16:40:48,867:INFO:train:184/184 - 10s - loss: 0.0399 - accuracy: 0.9220 - val_loss: 0.0695 - val_accuracy: 0.8837
2022-01-18 16:40:48,867:INFO:train:
2022-01-18 16:40:48,867:INFO:train:Epoch 00018: val_loss did not improve from 0.06350
2022-01-18 16:40:48,883:INFO:train:Epoch 19/500
2022-01-18 16:40:58,789:INFO:train:184/184 - 10s - loss: 0.0403 - accuracy: 0.9220 - val_loss: 0.0922 - val_accuracy: 0.8755
2022-01-18 16:40:58,789:INFO:train:
2022-01-18 16:40:58,789:INFO:train:Epoch 00019: val_loss did not improve from 0.06350
2022-01-18 16:40:58,805:INFO:train:Epoch 20/500
2022-01-18 16:41:08,663:INFO:train:184/184 - 10s - loss: 0.0386 - accuracy: 0.9237 - val_loss: 0.0830 - val_accuracy: 0.8786
2022-01-18 16:41:08,663:INFO:train:
2022-01-18 16:41:08,663:INFO:train:Epoch 00020: val_loss did not improve from 0.06350
2022-01-18 16:41:08,679:INFO:train:Epoch 21/500
2022-01-18 16:41:18,663:INFO:train:184/184 - 10s - loss: 0.0368 - accuracy: 0.9257 - val_loss: 0.0779 - val_accuracy: 0.8840
2022-01-18 16:41:18,663:INFO:train:
2022-01-18 16:41:18,663:INFO:train:Epoch 00021: val_loss did not improve from 0.06350
2022-01-18 16:41:18,679:INFO:train:Epoch 22/500
2022-01-18 16:41:28,694:INFO:train:184/184 - 10s - loss: 0.0356 - accuracy: 0.9273 - val_loss: 0.0760 - val_accuracy: 0.8804
2022-01-18 16:41:28,694:INFO:train:
2022-01-18 16:41:28,694:INFO:train:Epoch 00022: val_loss did not improve from 0.06350
2022-01-18 16:41:28,709:INFO:train:Epoch 23/500
2022-01-18 16:41:38,693:INFO:train:184/184 - 10s - loss: 0.0369 - accuracy: 0.9251 - val_loss: 0.0811 - val_accuracy: 0.8792
2022-01-18 16:41:38,693:INFO:train:
2022-01-18 16:41:38,693:INFO:train:Epoch 00023: val_loss did not improve from 0.06350
2022-01-18 16:41:38,693:INFO:train:Epoch 00023: early stopping
2022-01-18 16:41:45,443:INFO:train:Training Experiment 1 time: 4
2022-01-18 16:41:45,443:INFO:train:Training Conditions: ResUNET_OPT_n_n
2022-01-18 16:41:52,427:INFO:train:Image stack:
2022-01-18 16:41:52,427:INFO:train:(17730, 9203, 26)
2022-01-18 16:41:52,849:INFO:train:Labels stack:
2022-01-18 16:41:52,849:INFO:train:(17730, 9203)
2022-01-18 16:42:14,254:INFO:train:Model: "res_unet"
2022-01-18 16:42:14,254:INFO:train:_________________________________________________________________
2022-01-18 16:42:14,254:INFO:train:Layer (type)                 Output Shape              Param #
2022-01-18 16:42:14,254:INFO:train:=================================================================
2022-01-18 16:42:14,254:INFO:train:resunet_encoder (ResUNET_Enc multiple                  1066944
2022-01-18 16:42:14,254:INFO:train:_________________________________________________________________
2022-01-18 16:42:14,254:INFO:train:resunet_decoder (ResUNET_Dec multiple                  221408
2022-01-18 16:42:14,254:INFO:train:_________________________________________________________________
2022-01-18 16:42:14,254:INFO:train:classifier (Classifier)      multiple                  195
2022-01-18 16:42:14,254:INFO:train:=================================================================
2022-01-18 16:42:14,254:INFO:train:Total params: 1,288,547
2022-01-18 16:42:14,254:INFO:train:Trainable params: 1,288,547
2022-01-18 16:42:14,254:INFO:train:Non-trainable params: 0
2022-01-18 16:42:14,254:INFO:train:_________________________________________________________________
2022-01-18 16:42:14,489:INFO:train:Epoch 1/500
2022-01-18 16:42:31,160:INFO:train:184/184 - 17s - loss: 0.0922 - accuracy: 0.8627 - val_loss: 0.0878 - val_accuracy: 0.8707
2022-01-18 16:42:31,160:INFO:train:
2022-01-18 16:42:31,160:INFO:train:Epoch 00001: val_loss improved from inf to 0.08775, saving model to imgs\experiments\exp_1\models\ResUNET_4.h5
2022-01-18 16:42:31,207:INFO:train:Epoch 2/500
2022-01-18 16:42:41,222:INFO:train:184/184 - 10s - loss: 0.0697 - accuracy: 0.8899 - val_loss: 0.0759 - val_accuracy: 0.8821
2022-01-18 16:42:41,222:INFO:train:
2022-01-18 16:42:41,222:INFO:train:Epoch 00002: val_loss improved from 0.08775 to 0.07591, saving model to imgs\experiments\exp_1\models\ResUNET_4.h5
2022-01-18 16:42:41,284:INFO:train:Epoch 3/500
2022-01-18 16:42:51,221:INFO:train:184/184 - 10s - loss: 0.0668 - accuracy: 0.8939 - val_loss: 0.0692 - val_accuracy: 0.8884
2022-01-18 16:42:51,221:INFO:train:
2022-01-18 16:42:51,221:INFO:train:Epoch 00003: val_loss improved from 0.07591 to 0.06920, saving model to imgs\experiments\exp_1\models\ResUNET_4.h5
2022-01-18 16:42:51,268:INFO:train:Epoch 4/500
2022-01-18 16:43:01,346:INFO:train:184/184 - 10s - loss: 0.0634 - accuracy: 0.8973 - val_loss: 0.0696 - val_accuracy: 0.8799
2022-01-18 16:43:01,346:INFO:train:
2022-01-18 16:43:01,346:INFO:train:Epoch 00004: val_loss did not improve from 0.06920
2022-01-18 16:43:01,362:INFO:train:Epoch 5/500
2022-01-18 16:43:11,361:INFO:train:184/184 - 10s - loss: 0.0608 - accuracy: 0.8998 - val_loss: 0.0666 - val_accuracy: 0.8798
2022-01-18 16:43:11,361:INFO:train:
2022-01-18 16:43:11,361:INFO:train:Epoch 00005: val_loss improved from 0.06920 to 0.06658, saving model to imgs\experiments\exp_1\models\ResUNET_4.h5
2022-01-18 16:43:11,424:INFO:train:Epoch 6/500
2022-01-18 16:43:21,501:INFO:train:184/184 - 10s - loss: 0.0589 - accuracy: 0.9017 - val_loss: 0.0685 - val_accuracy: 0.8788
2022-01-18 16:43:21,501:INFO:train:
2022-01-18 16:43:21,501:INFO:train:Epoch 00006: val_loss did not improve from 0.06658
2022-01-18 16:43:21,501:INFO:train:Epoch 7/500
2022-01-18 16:43:31,548:INFO:train:184/184 - 10s - loss: 0.0573 - accuracy: 0.9033 - val_loss: 0.0692 - val_accuracy: 0.8836
2022-01-18 16:43:31,548:INFO:train:
2022-01-18 16:43:31,548:INFO:train:Epoch 00007: val_loss did not improve from 0.06658
2022-01-18 16:43:31,563:INFO:train:Epoch 8/500
2022-01-18 16:43:41,547:INFO:train:184/184 - 10s - loss: 0.0555 - accuracy: 0.9048 - val_loss: 0.0662 - val_accuracy: 0.8806
2022-01-18 16:43:41,547:INFO:train:
2022-01-18 16:43:41,547:INFO:train:Epoch 00008: val_loss improved from 0.06658 to 0.06619, saving model to imgs\experiments\exp_1\models\ResUNET_4.h5
2022-01-18 16:43:41,610:INFO:train:Epoch 9/500
2022-01-18 16:43:51,578:INFO:train:184/184 - 10s - loss: 0.0546 - accuracy: 0.9056 - val_loss: 0.0644 - val_accuracy: 0.8812
2022-01-18 16:43:51,578:INFO:train:
2022-01-18 16:43:51,578:INFO:train:Epoch 00009: val_loss improved from 0.06619 to 0.06439, saving model to imgs\experiments\exp_1\models\ResUNET_4.h5
2022-01-18 16:43:51,641:INFO:train:Epoch 10/500
2022-01-18 16:44:01,703:INFO:train:184/184 - 10s - loss: 0.0531 - accuracy: 0.9075 - val_loss: 0.0740 - val_accuracy: 0.8784
2022-01-18 16:44:01,703:INFO:train:
2022-01-18 16:44:01,703:INFO:train:Epoch 00010: val_loss did not improve from 0.06439
2022-01-18 16:44:01,718:INFO:train:Epoch 11/500
2022-01-18 16:44:11,593:INFO:train:184/184 - 10s - loss: 0.0533 - accuracy: 0.9070 - val_loss: 0.0642 - val_accuracy: 0.8867
2022-01-18 16:44:11,593:INFO:train:
2022-01-18 16:44:11,593:INFO:train:Epoch 00011: val_loss improved from 0.06439 to 0.06416, saving model to imgs\experiments\exp_1\models\ResUNET_4.h5
2022-01-18 16:44:11,655:INFO:train:Epoch 12/500
2022-01-18 16:44:21,671:INFO:train:184/184 - 10s - loss: 0.0506 - accuracy: 0.9099 - val_loss: 0.0712 - val_accuracy: 0.8827
2022-01-18 16:44:21,671:INFO:train:
2022-01-18 16:44:21,671:INFO:train:Epoch 00012: val_loss did not improve from 0.06416
2022-01-18 16:44:21,686:INFO:train:Epoch 13/500
2022-01-18 16:44:31,670:INFO:train:184/184 - 10s - loss: 0.0493 - accuracy: 0.9113 - val_loss: 0.0696 - val_accuracy: 0.8809
2022-01-18 16:44:31,670:INFO:train:
2022-01-18 16:44:31,670:INFO:train:Epoch 00013: val_loss did not improve from 0.06416
2022-01-18 16:44:31,686:INFO:train:Epoch 14/500
2022-01-18 16:44:41,638:INFO:train:184/184 - 10s - loss: 0.0476 - accuracy: 0.9138 - val_loss: 0.0706 - val_accuracy: 0.8820
2022-01-18 16:44:41,638:INFO:train:
2022-01-18 16:44:41,638:INFO:train:Epoch 00014: val_loss did not improve from 0.06416
2022-01-18 16:44:41,654:INFO:train:Epoch 15/500
2022-01-18 16:44:51,669:INFO:train:184/184 - 10s - loss: 0.0476 - accuracy: 0.9133 - val_loss: 0.0721 - val_accuracy: 0.8793
2022-01-18 16:44:51,669:INFO:train:
2022-01-18 16:44:51,669:INFO:train:Epoch 00015: val_loss did not improve from 0.06416
2022-01-18 16:44:51,685:INFO:train:Epoch 16/500
2022-01-18 16:45:01,700:INFO:train:184/184 - 10s - loss: 0.0448 - accuracy: 0.9167 - val_loss: 0.0760 - val_accuracy: 0.8732
2022-01-18 16:45:01,700:INFO:train:
2022-01-18 16:45:01,700:INFO:train:Epoch 00016: val_loss did not improve from 0.06416
2022-01-18 16:45:01,716:INFO:train:Epoch 17/500
2022-01-18 16:45:11,700:INFO:train:184/184 - 10s - loss: 0.0442 - accuracy: 0.9170 - val_loss: 0.0757 - val_accuracy: 0.8766
2022-01-18 16:45:11,700:INFO:train:
2022-01-18 16:45:11,700:INFO:train:Epoch 00017: val_loss did not improve from 0.06416
2022-01-18 16:45:11,715:INFO:train:Epoch 18/500
2022-01-18 16:45:21,746:INFO:train:184/184 - 10s - loss: 0.0437 - accuracy: 0.9177 - val_loss: 0.0808 - val_accuracy: 0.8698
2022-01-18 16:45:21,746:INFO:train:
2022-01-18 16:45:21,746:INFO:train:Epoch 00018: val_loss did not improve from 0.06416
2022-01-18 16:45:21,762:INFO:train:Epoch 19/500
2022-01-18 16:45:31,746:INFO:train:184/184 - 10s - loss: 0.0421 - accuracy: 0.9192 - val_loss: 0.0736 - val_accuracy: 0.8763
2022-01-18 16:45:31,746:INFO:train:
2022-01-18 16:45:31,746:INFO:train:Epoch 00019: val_loss did not improve from 0.06416
2022-01-18 16:45:31,761:INFO:train:Epoch 20/500
2022-01-18 16:45:41,667:INFO:train:184/184 - 10s - loss: 0.0402 - accuracy: 0.9216 - val_loss: 0.0772 - val_accuracy: 0.8767
2022-01-18 16:45:41,667:INFO:train:
2022-01-18 16:45:41,667:INFO:train:Epoch 00020: val_loss did not improve from 0.06416
2022-01-18 16:45:41,683:INFO:train:Epoch 21/500
2022-01-18 16:45:51,620:INFO:train:184/184 - 10s - loss: 0.0396 - accuracy: 0.9226 - val_loss: 0.0791 - val_accuracy: 0.8779
2022-01-18 16:45:51,620:INFO:train:
2022-01-18 16:45:51,620:INFO:train:Epoch 00021: val_loss did not improve from 0.06416
2022-01-18 16:45:51,635:INFO:train:Epoch 22/500
2022-01-18 16:46:01,619:INFO:train:184/184 - 10s - loss: 0.0369 - accuracy: 0.9254 - val_loss: 0.0875 - val_accuracy: 0.8755
2022-01-18 16:46:01,619:INFO:train:
2022-01-18 16:46:01,619:INFO:train:Epoch 00022: val_loss did not improve from 0.06416
2022-01-18 16:46:01,635:INFO:train:Epoch 23/500
2022-01-18 16:46:11,572:INFO:train:184/184 - 10s - loss: 0.0364 - accuracy: 0.9257 - val_loss: 0.0887 - val_accuracy: 0.8763
2022-01-18 16:46:11,572:INFO:train:
2022-01-18 16:46:11,572:INFO:train:Epoch 00023: val_loss did not improve from 0.06416
2022-01-18 16:46:11,588:INFO:train:Epoch 24/500
2022-01-18 16:46:21,447:INFO:train:184/184 - 10s - loss: 0.0372 - accuracy: 0.9253 - val_loss: 0.0785 - val_accuracy: 0.8795
2022-01-18 16:46:21,447:INFO:train:
2022-01-18 16:46:21,447:INFO:train:Epoch 00024: val_loss did not improve from 0.06416
2022-01-18 16:46:21,462:INFO:train:Epoch 25/500
2022-01-18 16:46:31,384:INFO:train:184/184 - 10s - loss: 0.0349 - accuracy: 0.9277 - val_loss: 0.0915 - val_accuracy: 0.8698
2022-01-18 16:46:31,384:INFO:train:
2022-01-18 16:46:31,384:INFO:train:Epoch 00025: val_loss did not improve from 0.06416
2022-01-18 16:46:31,399:INFO:train:Epoch 26/500
2022-01-18 16:46:41,289:INFO:train:184/184 - 10s - loss: 0.0360 - accuracy: 0.9269 - val_loss: 0.0907 - val_accuracy: 0.8747
2022-01-18 16:46:41,289:INFO:train:
2022-01-18 16:46:41,289:INFO:train:Epoch 00026: val_loss did not improve from 0.06416
2022-01-18 16:46:41,289:INFO:train:Epoch 00026: early stopping
