2022-01-19 02:43:37,588:INFO:train:Training Experiment 10 time: 0
2022-01-19 02:43:37,588:INFO:train:Training Conditions: ResUNET_SAR_mix
2022-01-19 02:47:15,047:INFO:train:Image1 stack:
2022-01-19 02:47:15,047:INFO:train:(17730, 9203, 4)
2022-01-19 02:47:15,047:INFO:train:Image2 stack:
2022-01-19 02:47:15,047:INFO:train:(17730, 9203, 4)
2022-01-19 02:47:19,000:INFO:train:Labels stack:
2022-01-19 02:47:19,000:INFO:train:(17730, 9203)
2022-01-19 02:47:48,170:INFO:train:Model: "res_unet"
2022-01-19 02:47:48,170:INFO:train:_________________________________________________________________
2022-01-19 02:47:48,170:INFO:train:Layer (type)                 Output Shape              Param #
2022-01-19 02:47:48,170:INFO:train:=================================================================
2022-01-19 02:47:48,186:INFO:train:resunet_encoder (ResUNET_Enc multiple                  1054272
2022-01-19 02:47:48,186:INFO:train:_________________________________________________________________
2022-01-19 02:47:48,186:INFO:train:resunet_decoder (ResUNET_Dec multiple                  221408
2022-01-19 02:47:48,186:INFO:train:_________________________________________________________________
2022-01-19 02:47:48,186:INFO:train:classifier (Classifier)      multiple                  195
2022-01-19 02:47:48,186:INFO:train:=================================================================
2022-01-19 02:47:48,186:INFO:train:Total params: 1,275,875
2022-01-19 02:47:48,186:INFO:train:Trainable params: 1,275,875
2022-01-19 02:47:48,186:INFO:train:Non-trainable params: 0
2022-01-19 02:47:48,186:INFO:train:_________________________________________________________________
2022-01-19 02:47:49,561:INFO:train:Epoch 1/500
2022-01-19 02:48:26,059:INFO:train:368/368 - 36s - loss: 0.1561 - accuracy: 0.7515 - val_loss: 0.1119 - val_accuracy: 0.8109
2022-01-19 02:48:26,059:INFO:train:
2022-01-19 02:48:26,059:INFO:train:Epoch 00001: val_loss improved from inf to 0.11189, saving model to imgs\experiments\exp_10\models\ResUNET_0.h5
2022-01-19 02:48:26,263:INFO:train:Epoch 2/500
2022-01-19 02:48:42,731:INFO:train:368/368 - 16s - loss: 0.1258 - accuracy: 0.8001 - val_loss: 0.1041 - val_accuracy: 0.8214
2022-01-19 02:48:42,731:INFO:train:
2022-01-19 02:48:42,731:INFO:train:Epoch 00002: val_loss improved from 0.11189 to 0.10409, saving model to imgs\experiments\exp_10\models\ResUNET_0.h5
2022-01-19 02:48:42,777:INFO:train:Epoch 3/500
2022-01-19 02:48:59,324:INFO:train:368/368 - 17s - loss: 0.1063 - accuracy: 0.8320 - val_loss: 0.1017 - val_accuracy: 0.8245
2022-01-19 02:48:59,324:INFO:train:
2022-01-19 02:48:59,324:INFO:train:Epoch 00003: val_loss improved from 0.10409 to 0.10169, saving model to imgs\experiments\exp_10\models\ResUNET_0.h5
2022-01-19 02:48:59,370:INFO:train:Epoch 4/500
2022-01-19 02:49:15,932:INFO:train:368/368 - 17s - loss: 0.1024 - accuracy: 0.8376 - val_loss: 0.1035 - val_accuracy: 0.8203
2022-01-19 02:49:15,932:INFO:train:
2022-01-19 02:49:15,932:INFO:train:Epoch 00004: val_loss did not improve from 0.10169
2022-01-19 02:49:15,948:INFO:train:Epoch 5/500
2022-01-19 02:49:32,400:INFO:train:368/368 - 16s - loss: 0.0971 - accuracy: 0.8436 - val_loss: 0.1004 - val_accuracy: 0.8328
2022-01-19 02:49:32,400:INFO:train:
2022-01-19 02:49:32,400:INFO:train:Epoch 00005: val_loss improved from 0.10169 to 0.10039, saving model to imgs\experiments\exp_10\models\ResUNET_0.h5
2022-01-19 02:49:32,463:INFO:train:Epoch 6/500
2022-01-19 02:49:49,024:INFO:train:368/368 - 17s - loss: 0.0943 - accuracy: 0.8479 - val_loss: 0.0875 - val_accuracy: 0.8470
2022-01-19 02:49:49,024:INFO:train:
2022-01-19 02:49:49,024:INFO:train:Epoch 00006: val_loss improved from 0.10039 to 0.08752, saving model to imgs\experiments\exp_10\models\ResUNET_0.h5
2022-01-19 02:49:49,071:INFO:train:Epoch 7/500
2022-01-19 02:50:05,493:INFO:train:368/368 - 16s - loss: 0.0931 - accuracy: 0.8498 - val_loss: 0.0945 - val_accuracy: 0.8368
2022-01-19 02:50:05,493:INFO:train:
2022-01-19 02:50:05,493:INFO:train:Epoch 00007: val_loss did not improve from 0.08752
2022-01-19 02:50:05,508:INFO:train:Epoch 8/500
2022-01-19 02:50:22,023:INFO:train:368/368 - 17s - loss: 0.0921 - accuracy: 0.8500 - val_loss: 0.1156 - val_accuracy: 0.8139
2022-01-19 02:50:22,023:INFO:train:
2022-01-19 02:50:22,039:INFO:train:Epoch 00008: val_loss did not improve from 0.08752
2022-01-19 02:50:22,039:INFO:train:Epoch 9/500
2022-01-19 02:50:38,616:INFO:train:368/368 - 17s - loss: 0.0893 - accuracy: 0.8544 - val_loss: 0.0915 - val_accuracy: 0.8426
2022-01-19 02:50:38,616:INFO:train:
2022-01-19 02:50:38,616:INFO:train:Epoch 00009: val_loss did not improve from 0.08752
2022-01-19 02:50:38,632:INFO:train:Epoch 10/500
2022-01-19 02:50:55,162:INFO:train:368/368 - 17s - loss: 0.0892 - accuracy: 0.8539 - val_loss: 0.0851 - val_accuracy: 0.8560
2022-01-19 02:50:55,162:INFO:train:
2022-01-19 02:50:55,162:INFO:train:Epoch 00010: val_loss improved from 0.08752 to 0.08509, saving model to imgs\experiments\exp_10\models\ResUNET_0.h5
2022-01-19 02:50:55,209:INFO:train:Epoch 11/500
2022-01-19 02:51:11,677:INFO:train:368/368 - 16s - loss: 0.0867 - accuracy: 0.8573 - val_loss: 0.0868 - val_accuracy: 0.8504
2022-01-19 02:51:11,677:INFO:train:
2022-01-19 02:51:11,693:INFO:train:Epoch 00011: val_loss did not improve from 0.08509
2022-01-19 02:51:11,693:INFO:train:Epoch 12/500
2022-01-19 02:51:28,161:INFO:train:368/368 - 16s - loss: 0.0873 - accuracy: 0.8566 - val_loss: 0.0900 - val_accuracy: 0.8445
2022-01-19 02:51:28,161:INFO:train:
2022-01-19 02:51:28,161:INFO:train:Epoch 00012: val_loss did not improve from 0.08509
2022-01-19 02:51:28,176:INFO:train:Epoch 13/500
2022-01-19 02:51:44,769:INFO:train:368/368 - 17s - loss: 0.0840 - accuracy: 0.8606 - val_loss: 0.0859 - val_accuracy: 0.8508
2022-01-19 02:51:44,769:INFO:train:
2022-01-19 02:51:44,769:INFO:train:Epoch 00013: val_loss did not improve from 0.08509
2022-01-19 02:51:44,785:INFO:train:Epoch 14/500
2022-01-19 02:52:01,284:INFO:train:368/368 - 16s - loss: 0.0828 - accuracy: 0.8627 - val_loss: 0.0847 - val_accuracy: 0.8550
2022-01-19 02:52:01,284:INFO:train:
2022-01-19 02:52:01,284:INFO:train:Epoch 00014: val_loss improved from 0.08509 to 0.08474, saving model to imgs\experiments\exp_10\models\ResUNET_0.h5
2022-01-19 02:52:01,331:INFO:train:Epoch 15/500
2022-01-19 02:52:17,846:INFO:train:368/368 - 17s - loss: 0.0815 - accuracy: 0.8639 - val_loss: 0.0844 - val_accuracy: 0.8561
2022-01-19 02:52:17,846:INFO:train:
2022-01-19 02:52:17,846:INFO:train:Epoch 00015: val_loss improved from 0.08474 to 0.08436, saving model to imgs\experiments\exp_10\models\ResUNET_0.h5
2022-01-19 02:52:17,893:INFO:train:Epoch 16/500
2022-01-19 02:52:34,423:INFO:train:368/368 - 17s - loss: 0.0790 - accuracy: 0.8663 - val_loss: 0.0905 - val_accuracy: 0.8484
2022-01-19 02:52:34,423:INFO:train:
2022-01-19 02:52:34,423:INFO:train:Epoch 00016: val_loss did not improve from 0.08436
2022-01-19 02:52:34,439:INFO:train:Epoch 17/500
2022-01-19 02:52:50,938:INFO:train:368/368 - 16s - loss: 0.0792 - accuracy: 0.8662 - val_loss: 0.0891 - val_accuracy: 0.8520
2022-01-19 02:52:50,954:INFO:train:
2022-01-19 02:52:50,954:INFO:train:Epoch 00017: val_loss did not improve from 0.08436
2022-01-19 02:52:50,954:INFO:train:Epoch 18/500
2022-01-19 02:53:07,547:INFO:train:368/368 - 17s - loss: 0.0756 - accuracy: 0.8700 - val_loss: 0.0886 - val_accuracy: 0.8494
2022-01-19 02:53:07,547:INFO:train:
2022-01-19 02:53:07,547:INFO:train:Epoch 00018: val_loss did not improve from 0.08436
2022-01-19 02:53:07,563:INFO:train:Epoch 19/500
2022-01-19 02:53:24,031:INFO:train:368/368 - 16s - loss: 0.0747 - accuracy: 0.8715 - val_loss: 0.1096 - val_accuracy: 0.8248
2022-01-19 02:53:24,031:INFO:train:
2022-01-19 02:53:24,031:INFO:train:Epoch 00019: val_loss did not improve from 0.08436
2022-01-19 02:53:24,031:INFO:train:Epoch 20/500
2022-01-19 02:53:40,592:INFO:train:368/368 - 17s - loss: 0.0744 - accuracy: 0.8715 - val_loss: 0.0903 - val_accuracy: 0.8527
2022-01-19 02:53:40,592:INFO:train:
2022-01-19 02:53:40,592:INFO:train:Epoch 00020: val_loss did not improve from 0.08436
2022-01-19 02:53:40,608:INFO:train:Epoch 21/500
2022-01-19 02:53:57,217:INFO:train:368/368 - 17s - loss: 0.0713 - accuracy: 0.8748 - val_loss: 0.0930 - val_accuracy: 0.8409
2022-01-19 02:53:57,232:INFO:train:
2022-01-19 02:53:57,232:INFO:train:Epoch 00021: val_loss did not improve from 0.08436
2022-01-19 02:53:57,232:INFO:train:Epoch 22/500
2022-01-19 02:54:13,825:INFO:train:368/368 - 17s - loss: 0.0710 - accuracy: 0.8755 - val_loss: 0.0984 - val_accuracy: 0.8471
2022-01-19 02:54:13,825:INFO:train:
2022-01-19 02:54:13,825:INFO:train:Epoch 00022: val_loss did not improve from 0.08436
2022-01-19 02:54:13,841:INFO:train:Epoch 23/500
2022-01-19 02:54:30,481:INFO:train:368/368 - 17s - loss: 0.0692 - accuracy: 0.8772 - val_loss: 0.0908 - val_accuracy: 0.8507
2022-01-19 02:54:30,481:INFO:train:
2022-01-19 02:54:30,481:INFO:train:Epoch 00023: val_loss did not improve from 0.08436
2022-01-19 02:54:30,496:INFO:train:Epoch 24/500
2022-01-19 02:54:46,965:INFO:train:368/368 - 16s - loss: 0.0662 - accuracy: 0.8799 - val_loss: 0.0868 - val_accuracy: 0.8516
2022-01-19 02:54:46,965:INFO:train:
2022-01-19 02:54:46,965:INFO:train:Epoch 00024: val_loss did not improve from 0.08436
2022-01-19 02:54:46,980:INFO:train:Epoch 25/500
2022-01-19 02:55:03,464:INFO:train:368/368 - 16s - loss: 0.0661 - accuracy: 0.8804 - val_loss: 0.0972 - val_accuracy: 0.8500
2022-01-19 02:55:03,464:INFO:train:
2022-01-19 02:55:03,464:INFO:train:Epoch 00025: val_loss did not improve from 0.08436
2022-01-19 02:55:03,479:INFO:train:Epoch 26/500
2022-01-19 02:55:20,088:INFO:train:368/368 - 17s - loss: 0.0655 - accuracy: 0.8816 - val_loss: 0.0904 - val_accuracy: 0.8564
2022-01-19 02:55:20,088:INFO:train:
2022-01-19 02:55:20,088:INFO:train:Epoch 00026: val_loss did not improve from 0.08436
2022-01-19 02:55:20,104:INFO:train:Epoch 27/500
2022-01-19 02:55:36,728:INFO:train:368/368 - 17s - loss: 0.0624 - accuracy: 0.8850 - val_loss: 0.0923 - val_accuracy: 0.8520
2022-01-19 02:55:36,728:INFO:train:
2022-01-19 02:55:36,728:INFO:train:Epoch 00027: val_loss did not improve from 0.08436
2022-01-19 02:55:36,744:INFO:train:Epoch 28/500
2022-01-19 02:55:53,477:INFO:train:368/368 - 17s - loss: 0.0613 - accuracy: 0.8866 - val_loss: 0.0996 - val_accuracy: 0.8516
2022-01-19 02:55:53,477:INFO:train:
2022-01-19 02:55:53,477:INFO:train:Epoch 00028: val_loss did not improve from 0.08436
2022-01-19 02:55:53,493:INFO:train:Epoch 29/500
2022-01-19 02:56:10,195:INFO:train:368/368 - 17s - loss: 0.0596 - accuracy: 0.8881 - val_loss: 0.0916 - val_accuracy: 0.8508
2022-01-19 02:56:10,195:INFO:train:
2022-01-19 02:56:10,195:INFO:train:Epoch 00029: val_loss did not improve from 0.08436
2022-01-19 02:56:10,195:INFO:train:Epoch 30/500
2022-01-19 02:56:26,632:INFO:train:368/368 - 16s - loss: 0.0590 - accuracy: 0.8885 - val_loss: 0.1037 - val_accuracy: 0.8471
2022-01-19 02:56:26,632:INFO:train:
2022-01-19 02:56:26,632:INFO:train:Epoch 00030: val_loss did not improve from 0.08436
2022-01-19 02:56:26,632:INFO:train:Epoch 00030: early stopping
2022-01-19 02:56:54,037:INFO:train:Training Experiment 10 time: 1
2022-01-19 02:56:54,037:INFO:train:Training Conditions: ResUNET_SAR_mix
2022-01-19 03:00:32,527:INFO:train:Image1 stack:
2022-01-19 03:00:32,527:INFO:train:(17730, 9203, 4)
2022-01-19 03:00:32,527:INFO:train:Image2 stack:
2022-01-19 03:00:32,527:INFO:train:(17730, 9203, 4)
2022-01-19 03:00:36,480:INFO:train:Labels stack:
2022-01-19 03:00:36,480:INFO:train:(17730, 9203)
2022-01-19 03:01:12,182:INFO:train:Model: "res_unet"
2022-01-19 03:01:12,182:INFO:train:_________________________________________________________________
2022-01-19 03:01:12,182:INFO:train:Layer (type)                 Output Shape              Param #
2022-01-19 03:01:12,182:INFO:train:=================================================================
2022-01-19 03:01:12,182:INFO:train:resunet_encoder (ResUNET_Enc multiple                  1054272
2022-01-19 03:01:12,182:INFO:train:_________________________________________________________________
2022-01-19 03:01:12,182:INFO:train:resunet_decoder (ResUNET_Dec multiple                  221408
2022-01-19 03:01:12,182:INFO:train:_________________________________________________________________
2022-01-19 03:01:12,182:INFO:train:classifier (Classifier)      multiple                  195
2022-01-19 03:01:12,182:INFO:train:=================================================================
2022-01-19 03:01:12,182:INFO:train:Total params: 1,275,875
2022-01-19 03:01:12,182:INFO:train:Trainable params: 1,275,875
2022-01-19 03:01:12,182:INFO:train:Non-trainable params: 0
2022-01-19 03:01:12,182:INFO:train:_________________________________________________________________
2022-01-19 03:01:13,713:INFO:train:Epoch 1/500
2022-01-19 03:01:57,285:INFO:train:368/368 - 44s - loss: 0.1560 - accuracy: 0.7553 - val_loss: 0.1303 - val_accuracy: 0.7864
2022-01-19 03:01:57,285:INFO:train:
2022-01-19 03:01:57,285:INFO:train:Epoch 00001: val_loss improved from inf to 0.13031, saving model to imgs\experiments\exp_10\models\ResUNET_1.h5
2022-01-19 03:01:57,660:INFO:train:Epoch 2/500
2022-01-19 03:02:14,112:INFO:train:368/368 - 16s - loss: 0.1253 - accuracy: 0.8047 - val_loss: 0.0975 - val_accuracy: 0.8291
2022-01-19 03:02:14,112:INFO:train:
2022-01-19 03:02:14,112:INFO:train:Epoch 00002: val_loss improved from 0.13031 to 0.09749, saving model to imgs\experiments\exp_10\models\ResUNET_1.h5
2022-01-19 03:02:14,159:INFO:train:Epoch 3/500
2022-01-19 03:02:30,658:INFO:train:368/368 - 16s - loss: 0.1072 - accuracy: 0.8305 - val_loss: 0.0976 - val_accuracy: 0.8206
2022-01-19 03:02:30,658:INFO:train:
2022-01-19 03:02:30,658:INFO:train:Epoch 00003: val_loss did not improve from 0.09749
2022-01-19 03:02:30,674:INFO:train:Epoch 4/500
2022-01-19 03:02:47,111:INFO:train:368/368 - 16s - loss: 0.1049 - accuracy: 0.8333 - val_loss: 0.0921 - val_accuracy: 0.8319
2022-01-19 03:02:47,111:INFO:train:
2022-01-19 03:02:47,111:INFO:train:Epoch 00004: val_loss improved from 0.09749 to 0.09212, saving model to imgs\experiments\exp_10\models\ResUNET_1.h5
2022-01-19 03:02:47,158:INFO:train:Epoch 5/500
2022-01-19 03:03:03,641:INFO:train:368/368 - 16s - loss: 0.1001 - accuracy: 0.8392 - val_loss: 0.0905 - val_accuracy: 0.8388
2022-01-19 03:03:03,641:INFO:train:
2022-01-19 03:03:03,641:INFO:train:Epoch 00005: val_loss improved from 0.09212 to 0.09052, saving model to imgs\experiments\exp_10\models\ResUNET_1.h5
2022-01-19 03:03:03,688:INFO:train:Epoch 6/500
2022-01-19 03:03:20,344:INFO:train:368/368 - 17s - loss: 0.0946 - accuracy: 0.8460 - val_loss: 0.0895 - val_accuracy: 0.8341
2022-01-19 03:03:20,344:INFO:train:
2022-01-19 03:03:20,344:INFO:train:Epoch 00006: val_loss improved from 0.09052 to 0.08950, saving model to imgs\experiments\exp_10\models\ResUNET_1.h5
2022-01-19 03:03:20,391:INFO:train:Epoch 7/500
2022-01-19 03:03:36,999:INFO:train:368/368 - 17s - loss: 0.0930 - accuracy: 0.8486 - val_loss: 0.0922 - val_accuracy: 0.8353
2022-01-19 03:03:36,999:INFO:train:
2022-01-19 03:03:36,999:INFO:train:Epoch 00007: val_loss did not improve from 0.08950
2022-01-19 03:03:37,015:INFO:train:Epoch 8/500
2022-01-19 03:03:53,499:INFO:train:368/368 - 16s - loss: 0.0920 - accuracy: 0.8492 - val_loss: 0.0836 - val_accuracy: 0.8491
2022-01-19 03:03:53,499:INFO:train:
2022-01-19 03:03:53,499:INFO:train:Epoch 00008: val_loss improved from 0.08950 to 0.08357, saving model to imgs\experiments\exp_10\models\ResUNET_1.h5
2022-01-19 03:03:53,545:INFO:train:Epoch 9/500
2022-01-19 03:04:10,107:INFO:train:368/368 - 17s - loss: 0.0900 - accuracy: 0.8521 - val_loss: 0.0877 - val_accuracy: 0.8389
2022-01-19 03:04:10,107:INFO:train:
2022-01-19 03:04:10,107:INFO:train:Epoch 00009: val_loss did not improve from 0.08357
2022-01-19 03:04:10,123:INFO:train:Epoch 10/500
2022-01-19 03:04:26,810:INFO:train:368/368 - 17s - loss: 0.0891 - accuracy: 0.8536 - val_loss: 0.0875 - val_accuracy: 0.8543
2022-01-19 03:04:26,810:INFO:train:
2022-01-19 03:04:26,810:INFO:train:Epoch 00010: val_loss did not improve from 0.08357
2022-01-19 03:04:26,825:INFO:train:Epoch 11/500
2022-01-19 03:04:43,199:INFO:train:368/368 - 16s - loss: 0.0872 - accuracy: 0.8559 - val_loss: 0.0838 - val_accuracy: 0.8518
2022-01-19 03:04:43,199:INFO:train:
2022-01-19 03:04:43,199:INFO:train:Epoch 00011: val_loss did not improve from 0.08357
2022-01-19 03:04:43,215:INFO:train:Epoch 12/500
2022-01-19 03:04:59,339:INFO:train:368/368 - 16s - loss: 0.0840 - accuracy: 0.8600 - val_loss: 0.0857 - val_accuracy: 0.8506
2022-01-19 03:04:59,339:INFO:train:
2022-01-19 03:04:59,339:INFO:train:Epoch 00012: val_loss did not improve from 0.08357
2022-01-19 03:04:59,355:INFO:train:Epoch 13/500
2022-01-19 03:05:15,662:INFO:train:368/368 - 16s - loss: 0.0850 - accuracy: 0.8595 - val_loss: 0.0964 - val_accuracy: 0.8414
2022-01-19 03:05:15,662:INFO:train:
2022-01-19 03:05:15,662:INFO:train:Epoch 00013: val_loss did not improve from 0.08357
2022-01-19 03:05:15,677:INFO:train:Epoch 14/500
2022-01-19 03:05:32,114:INFO:train:368/368 - 16s - loss: 0.0821 - accuracy: 0.8617 - val_loss: 0.0865 - val_accuracy: 0.8543
2022-01-19 03:05:32,114:INFO:train:
2022-01-19 03:05:32,114:INFO:train:Epoch 00014: val_loss did not improve from 0.08357
2022-01-19 03:05:32,130:INFO:train:Epoch 15/500
2022-01-19 03:05:48,504:INFO:train:368/368 - 16s - loss: 0.0791 - accuracy: 0.8660 - val_loss: 0.0901 - val_accuracy: 0.8499
2022-01-19 03:05:48,504:INFO:train:
2022-01-19 03:05:48,504:INFO:train:Epoch 00015: val_loss did not improve from 0.08357
2022-01-19 03:05:48,520:INFO:train:Epoch 16/500
2022-01-19 03:06:04,769:INFO:train:368/368 - 16s - loss: 0.0783 - accuracy: 0.8664 - val_loss: 0.0867 - val_accuracy: 0.8527
2022-01-19 03:06:04,769:INFO:train:
2022-01-19 03:06:04,769:INFO:train:Epoch 00016: val_loss did not improve from 0.08357
2022-01-19 03:06:04,784:INFO:train:Epoch 17/500
2022-01-19 03:06:21,221:INFO:train:368/368 - 16s - loss: 0.0757 - accuracy: 0.8705 - val_loss: 0.0856 - val_accuracy: 0.8565
2022-01-19 03:06:21,221:INFO:train:
2022-01-19 03:06:21,221:INFO:train:Epoch 00017: val_loss did not improve from 0.08357
2022-01-19 03:06:21,237:INFO:train:Epoch 18/500
2022-01-19 03:06:37,517:INFO:train:368/368 - 16s - loss: 0.0766 - accuracy: 0.8688 - val_loss: 0.0918 - val_accuracy: 0.8455
2022-01-19 03:06:37,517:INFO:train:
2022-01-19 03:06:37,517:INFO:train:Epoch 00018: val_loss did not improve from 0.08357
2022-01-19 03:06:37,533:INFO:train:Epoch 19/500
2022-01-19 03:06:53,970:INFO:train:368/368 - 16s - loss: 0.0735 - accuracy: 0.8731 - val_loss: 0.0854 - val_accuracy: 0.8578
2022-01-19 03:06:53,970:INFO:train:
2022-01-19 03:06:53,970:INFO:train:Epoch 00019: val_loss did not improve from 0.08357
2022-01-19 03:06:53,985:INFO:train:Epoch 20/500
2022-01-19 03:07:10,438:INFO:train:368/368 - 16s - loss: 0.0717 - accuracy: 0.8742 - val_loss: 0.0854 - val_accuracy: 0.8586
2022-01-19 03:07:10,438:INFO:train:
2022-01-19 03:07:10,438:INFO:train:Epoch 00020: val_loss did not improve from 0.08357
2022-01-19 03:07:10,453:INFO:train:Epoch 21/500
2022-01-19 03:07:26,843:INFO:train:368/368 - 16s - loss: 0.0704 - accuracy: 0.8763 - val_loss: 0.0920 - val_accuracy: 0.8565
2022-01-19 03:07:26,843:INFO:train:
2022-01-19 03:07:26,843:INFO:train:Epoch 00021: val_loss did not improve from 0.08357
2022-01-19 03:07:26,859:INFO:train:Epoch 22/500
2022-01-19 03:07:43,249:INFO:train:368/368 - 16s - loss: 0.0674 - accuracy: 0.8796 - val_loss: 0.0828 - val_accuracy: 0.8554
2022-01-19 03:07:43,249:INFO:train:
2022-01-19 03:07:43,249:INFO:train:Epoch 00022: val_loss improved from 0.08357 to 0.08284, saving model to imgs\experiments\exp_10\models\ResUNET_1.h5
2022-01-19 03:07:43,296:INFO:train:Epoch 23/500
2022-01-19 03:07:59,717:INFO:train:368/368 - 16s - loss: 0.0665 - accuracy: 0.8809 - val_loss: 0.0884 - val_accuracy: 0.8585
2022-01-19 03:07:59,717:INFO:train:
2022-01-19 03:07:59,717:INFO:train:Epoch 00023: val_loss did not improve from 0.08284
2022-01-19 03:07:59,733:INFO:train:Epoch 24/500
2022-01-19 03:08:16,216:INFO:train:368/368 - 16s - loss: 0.0643 - accuracy: 0.8836 - val_loss: 0.0883 - val_accuracy: 0.8522
2022-01-19 03:08:16,216:INFO:train:
2022-01-19 03:08:16,216:INFO:train:Epoch 00024: val_loss did not improve from 0.08284
2022-01-19 03:08:16,232:INFO:train:Epoch 25/500
2022-01-19 03:08:32,419:INFO:train:368/368 - 16s - loss: 0.0627 - accuracy: 0.8855 - val_loss: 0.0935 - val_accuracy: 0.8493
2022-01-19 03:08:32,419:INFO:train:
2022-01-19 03:08:32,419:INFO:train:Epoch 00025: val_loss did not improve from 0.08284
2022-01-19 03:08:32,434:INFO:train:Epoch 26/500
2022-01-19 03:08:48,684:INFO:train:368/368 - 16s - loss: 0.0613 - accuracy: 0.8871 - val_loss: 0.0900 - val_accuracy: 0.8558
2022-01-19 03:08:48,684:INFO:train:
2022-01-19 03:08:48,684:INFO:train:Epoch 00026: val_loss did not improve from 0.08284
2022-01-19 03:08:48,699:INFO:train:Epoch 27/500
2022-01-19 03:09:05,402:INFO:train:368/368 - 17s - loss: 0.0610 - accuracy: 0.8870 - val_loss: 0.0900 - val_accuracy: 0.8534
2022-01-19 03:09:05,402:INFO:train:
2022-01-19 03:09:05,402:INFO:train:Epoch 00027: val_loss did not improve from 0.08284
2022-01-19 03:09:05,417:INFO:train:Epoch 28/500
2022-01-19 03:09:21,791:INFO:train:368/368 - 16s - loss: 0.0596 - accuracy: 0.8894 - val_loss: 0.0934 - val_accuracy: 0.8585
2022-01-19 03:09:21,791:INFO:train:
2022-01-19 03:09:21,791:INFO:train:Epoch 00028: val_loss did not improve from 0.08284
2022-01-19 03:09:21,807:INFO:train:Epoch 29/500
2022-01-19 03:09:38,166:INFO:train:368/368 - 16s - loss: 0.0572 - accuracy: 0.8920 - val_loss: 0.0960 - val_accuracy: 0.8569
2022-01-19 03:09:38,166:INFO:train:
2022-01-19 03:09:38,166:INFO:train:Epoch 00029: val_loss did not improve from 0.08284
2022-01-19 03:09:38,166:INFO:train:Epoch 30/500
2022-01-19 03:09:54,477:INFO:train:368/368 - 16s - loss: 0.0567 - accuracy: 0.8920 - val_loss: 0.0939 - val_accuracy: 0.8542
2022-01-19 03:09:54,477:INFO:train:
2022-01-19 03:09:54,477:INFO:train:Epoch 00030: val_loss did not improve from 0.08284
2022-01-19 03:09:54,493:INFO:train:Epoch 31/500
2022-01-19 03:10:11,024:INFO:train:368/368 - 17s - loss: 0.0547 - accuracy: 0.8952 - val_loss: 0.0930 - val_accuracy: 0.8526
2022-01-19 03:10:11,024:INFO:train:
2022-01-19 03:10:11,024:INFO:train:Epoch 00031: val_loss did not improve from 0.08284
2022-01-19 03:10:11,039:INFO:train:Epoch 32/500
2022-01-19 03:10:27,445:INFO:train:368/368 - 16s - loss: 0.0546 - accuracy: 0.8944 - val_loss: 0.0982 - val_accuracy: 0.8557
2022-01-19 03:10:27,445:INFO:train:
2022-01-19 03:10:27,445:INFO:train:Epoch 00032: val_loss did not improve from 0.08284
2022-01-19 03:10:27,460:INFO:train:Epoch 33/500
2022-01-19 03:10:43,975:INFO:train:368/368 - 17s - loss: 0.0529 - accuracy: 0.8972 - val_loss: 0.0994 - val_accuracy: 0.8567
2022-01-19 03:10:43,975:INFO:train:
2022-01-19 03:10:43,975:INFO:train:Epoch 00033: val_loss did not improve from 0.08284
2022-01-19 03:10:43,991:INFO:train:Epoch 34/500
2022-01-19 03:11:00,287:INFO:train:368/368 - 16s - loss: 0.0521 - accuracy: 0.8980 - val_loss: 0.0940 - val_accuracy: 0.8525
2022-01-19 03:11:00,287:INFO:train:
2022-01-19 03:11:00,287:INFO:train:Epoch 00034: val_loss did not improve from 0.08284
2022-01-19 03:11:00,303:INFO:train:Epoch 35/500
2022-01-19 03:11:16,802:INFO:train:368/368 - 16s - loss: 0.0509 - accuracy: 0.8994 - val_loss: 0.0965 - val_accuracy: 0.8532
2022-01-19 03:11:16,802:INFO:train:
2022-01-19 03:11:16,802:INFO:train:Epoch 00035: val_loss did not improve from 0.08284
2022-01-19 03:11:16,818:INFO:train:Epoch 36/500
2022-01-19 03:11:33,364:INFO:train:368/368 - 17s - loss: 0.0500 - accuracy: 0.9005 - val_loss: 0.0992 - val_accuracy: 0.8567
2022-01-19 03:11:33,364:INFO:train:
2022-01-19 03:11:33,364:INFO:train:Epoch 00036: val_loss did not improve from 0.08284
2022-01-19 03:11:33,379:INFO:train:Epoch 37/500
2022-01-19 03:11:49,910:INFO:train:368/368 - 17s - loss: 0.0498 - accuracy: 0.9004 - val_loss: 0.1020 - val_accuracy: 0.8576
2022-01-19 03:11:49,910:INFO:train:
2022-01-19 03:11:49,910:INFO:train:Epoch 00037: val_loss did not improve from 0.08284
2022-01-19 03:11:49,910:INFO:train:Epoch 00037: early stopping
2022-01-19 03:12:18,143:INFO:train:Training Experiment 10 time: 2
2022-01-19 03:12:18,143:INFO:train:Training Conditions: ResUNET_SAR_mix
2022-01-19 03:15:56,719:INFO:train:Image1 stack:
2022-01-19 03:15:56,734:INFO:train:(17730, 9203, 4)
2022-01-19 03:15:56,734:INFO:train:Image2 stack:
2022-01-19 03:15:56,734:INFO:train:(17730, 9203, 4)
2022-01-19 03:16:00,734:INFO:train:Labels stack:
2022-01-19 03:16:00,734:INFO:train:(17730, 9203)
2022-01-19 03:16:30,514:INFO:train:Model: "res_unet"
2022-01-19 03:16:30,514:INFO:train:_________________________________________________________________
2022-01-19 03:16:30,514:INFO:train:Layer (type)                 Output Shape              Param #
2022-01-19 03:16:30,514:INFO:train:=================================================================
2022-01-19 03:16:30,530:INFO:train:resunet_encoder (ResUNET_Enc multiple                  1054272
2022-01-19 03:16:30,530:INFO:train:_________________________________________________________________
2022-01-19 03:16:30,530:INFO:train:resunet_decoder (ResUNET_Dec multiple                  221408
2022-01-19 03:16:30,530:INFO:train:_________________________________________________________________
2022-01-19 03:16:30,530:INFO:train:classifier (Classifier)      multiple                  195
2022-01-19 03:16:30,530:INFO:train:=================================================================
2022-01-19 03:16:30,530:INFO:train:Total params: 1,275,875
2022-01-19 03:16:30,530:INFO:train:Trainable params: 1,275,875
2022-01-19 03:16:30,530:INFO:train:Non-trainable params: 0
2022-01-19 03:16:30,530:INFO:train:_________________________________________________________________
2022-01-19 03:16:31,905:INFO:train:Epoch 1/500
2022-01-19 03:17:10,106:INFO:train:368/368 - 38s - loss: 0.1559 - accuracy: 0.7534 - val_loss: 0.1370 - val_accuracy: 0.7767
2022-01-19 03:17:10,106:INFO:train:
2022-01-19 03:17:10,106:INFO:train:Epoch 00001: val_loss improved from inf to 0.13699, saving model to imgs\experiments\exp_10\models\ResUNET_2.h5
2022-01-19 03:17:10,419:INFO:train:Epoch 2/500
2022-01-19 03:17:26,590:INFO:train:368/368 - 16s - loss: 0.1324 - accuracy: 0.7936 - val_loss: 0.1153 - val_accuracy: 0.8036
2022-01-19 03:17:26,590:INFO:train:
2022-01-19 03:17:26,590:INFO:train:Epoch 00002: val_loss improved from 0.13699 to 0.11535, saving model to imgs\experiments\exp_10\models\ResUNET_2.h5
2022-01-19 03:17:26,637:INFO:train:Epoch 3/500
2022-01-19 03:17:42,839:INFO:train:368/368 - 16s - loss: 0.1050 - accuracy: 0.8339 - val_loss: 0.0953 - val_accuracy: 0.8279
2022-01-19 03:17:42,839:INFO:train:
2022-01-19 03:17:42,839:INFO:train:Epoch 00003: val_loss improved from 0.11535 to 0.09526, saving model to imgs\experiments\exp_10\models\ResUNET_2.h5
2022-01-19 03:17:42,886:INFO:train:Epoch 4/500
2022-01-19 03:17:59,088:INFO:train:368/368 - 16s - loss: 0.1002 - accuracy: 0.8393 - val_loss: 0.0885 - val_accuracy: 0.8388
2022-01-19 03:17:59,088:INFO:train:
2022-01-19 03:17:59,088:INFO:train:Epoch 00004: val_loss improved from 0.09526 to 0.08853, saving model to imgs\experiments\exp_10\models\ResUNET_2.h5
2022-01-19 03:17:59,135:INFO:train:Epoch 5/500
2022-01-19 03:18:15,306:INFO:train:368/368 - 16s - loss: 0.0973 - accuracy: 0.8435 - val_loss: 0.0892 - val_accuracy: 0.8363
2022-01-19 03:18:15,306:INFO:train:
2022-01-19 03:18:15,306:INFO:train:Epoch 00005: val_loss did not improve from 0.08853
2022-01-19 03:18:15,322:INFO:train:Epoch 6/500
2022-01-19 03:18:31,509:INFO:train:368/368 - 16s - loss: 0.0945 - accuracy: 0.8468 - val_loss: 0.0856 - val_accuracy: 0.8442
2022-01-19 03:18:31,509:INFO:train:
2022-01-19 03:18:31,509:INFO:train:Epoch 00006: val_loss improved from 0.08853 to 0.08556, saving model to imgs\experiments\exp_10\models\ResUNET_2.h5
2022-01-19 03:18:31,556:INFO:train:Epoch 7/500
2022-01-19 03:18:47,805:INFO:train:368/368 - 16s - loss: 0.0942 - accuracy: 0.8467 - val_loss: 0.0837 - val_accuracy: 0.8484
2022-01-19 03:18:47,805:INFO:train:
2022-01-19 03:18:47,805:INFO:train:Epoch 00007: val_loss improved from 0.08556 to 0.08369, saving model to imgs\experiments\exp_10\models\ResUNET_2.h5
2022-01-19 03:18:47,852:INFO:train:Epoch 8/500
2022-01-19 03:19:04,007:INFO:train:368/368 - 16s - loss: 0.0943 - accuracy: 0.8474 - val_loss: 0.0817 - val_accuracy: 0.8516
2022-01-19 03:19:04,007:INFO:train:
2022-01-19 03:19:04,007:INFO:train:Epoch 00008: val_loss improved from 0.08369 to 0.08172, saving model to imgs\experiments\exp_10\models\ResUNET_2.h5
2022-01-19 03:19:04,054:INFO:train:Epoch 9/500
2022-01-19 03:19:20,522:INFO:train:368/368 - 16s - loss: 0.0909 - accuracy: 0.8519 - val_loss: 0.0843 - val_accuracy: 0.8501
2022-01-19 03:19:20,522:INFO:train:
2022-01-19 03:19:20,522:INFO:train:Epoch 00009: val_loss did not improve from 0.08172
2022-01-19 03:19:20,538:INFO:train:Epoch 10/500
2022-01-19 03:19:37,036:INFO:train:368/368 - 16s - loss: 0.0889 - accuracy: 0.8547 - val_loss: 0.0895 - val_accuracy: 0.8412
2022-01-19 03:19:37,036:INFO:train:
2022-01-19 03:19:37,036:INFO:train:Epoch 00010: val_loss did not improve from 0.08172
2022-01-19 03:19:37,052:INFO:train:Epoch 11/500
2022-01-19 03:19:53,332:INFO:train:368/368 - 16s - loss: 0.0862 - accuracy: 0.8579 - val_loss: 0.0838 - val_accuracy: 0.8490
2022-01-19 03:19:53,332:INFO:train:
2022-01-19 03:19:53,332:INFO:train:Epoch 00011: val_loss did not improve from 0.08172
2022-01-19 03:19:53,348:INFO:train:Epoch 12/500
2022-01-19 03:20:09,581:INFO:train:368/368 - 16s - loss: 0.0857 - accuracy: 0.8583 - val_loss: 0.0813 - val_accuracy: 0.8539
2022-01-19 03:20:09,581:INFO:train:
2022-01-19 03:20:09,581:INFO:train:Epoch 00012: val_loss improved from 0.08172 to 0.08130, saving model to imgs\experiments\exp_10\models\ResUNET_2.h5
2022-01-19 03:20:09,628:INFO:train:Epoch 13/500
2022-01-19 03:20:25,830:INFO:train:368/368 - 16s - loss: 0.0826 - accuracy: 0.8626 - val_loss: 0.0801 - val_accuracy: 0.8581
2022-01-19 03:20:25,830:INFO:train:
2022-01-19 03:20:25,830:INFO:train:Epoch 00013: val_loss improved from 0.08130 to 0.08010, saving model to imgs\experiments\exp_10\models\ResUNET_2.h5
2022-01-19 03:20:25,877:INFO:train:Epoch 14/500
2022-01-19 03:20:41,985:INFO:train:368/368 - 16s - loss: 0.0819 - accuracy: 0.8633 - val_loss: 0.0808 - val_accuracy: 0.8547
2022-01-19 03:20:41,985:INFO:train:
2022-01-19 03:20:41,985:INFO:train:Epoch 00014: val_loss did not improve from 0.08010
2022-01-19 03:20:42,001:INFO:train:Epoch 15/500
2022-01-19 03:20:58,297:INFO:train:368/368 - 16s - loss: 0.0802 - accuracy: 0.8655 - val_loss: 0.0817 - val_accuracy: 0.8558
2022-01-19 03:20:58,297:INFO:train:
2022-01-19 03:20:58,297:INFO:train:Epoch 00015: val_loss did not improve from 0.08010
2022-01-19 03:20:58,312:INFO:train:Epoch 16/500
2022-01-19 03:21:14,530:INFO:train:368/368 - 16s - loss: 0.0784 - accuracy: 0.8682 - val_loss: 0.0822 - val_accuracy: 0.8560
2022-01-19 03:21:14,530:INFO:train:
2022-01-19 03:21:14,530:INFO:train:Epoch 00016: val_loss did not improve from 0.08010
2022-01-19 03:21:14,546:INFO:train:Epoch 17/500
2022-01-19 03:21:30,810:INFO:train:368/368 - 16s - loss: 0.0767 - accuracy: 0.8687 - val_loss: 0.0825 - val_accuracy: 0.8576
2022-01-19 03:21:30,810:INFO:train:
2022-01-19 03:21:30,810:INFO:train:Epoch 00017: val_loss did not improve from 0.08010
2022-01-19 03:21:30,826:INFO:train:Epoch 18/500
2022-01-19 03:21:47,075:INFO:train:368/368 - 16s - loss: 0.0741 - accuracy: 0.8730 - val_loss: 0.0845 - val_accuracy: 0.8585
2022-01-19 03:21:47,075:INFO:train:
2022-01-19 03:21:47,075:INFO:train:Epoch 00018: val_loss did not improve from 0.08010
2022-01-19 03:21:47,090:INFO:train:Epoch 19/500
2022-01-19 03:22:03,433:INFO:train:368/368 - 16s - loss: 0.0755 - accuracy: 0.8703 - val_loss: 0.0840 - val_accuracy: 0.8558
2022-01-19 03:22:03,433:INFO:train:
2022-01-19 03:22:03,433:INFO:train:Epoch 00019: val_loss did not improve from 0.08010
2022-01-19 03:22:03,449:INFO:train:Epoch 20/500
2022-01-19 03:22:19,666:INFO:train:368/368 - 16s - loss: 0.0715 - accuracy: 0.8751 - val_loss: 0.0879 - val_accuracy: 0.8566
2022-01-19 03:22:19,666:INFO:train:
2022-01-19 03:22:19,666:INFO:train:Epoch 00020: val_loss did not improve from 0.08010
2022-01-19 03:22:19,682:INFO:train:Epoch 21/500
2022-01-19 03:22:35,931:INFO:train:368/368 - 16s - loss: 0.0693 - accuracy: 0.8781 - val_loss: 0.0879 - val_accuracy: 0.8574
2022-01-19 03:22:35,931:INFO:train:
2022-01-19 03:22:35,931:INFO:train:Epoch 00021: val_loss did not improve from 0.08010
2022-01-19 03:22:35,946:INFO:train:Epoch 22/500
2022-01-19 03:22:52,305:INFO:train:368/368 - 16s - loss: 0.0676 - accuracy: 0.8794 - val_loss: 0.0837 - val_accuracy: 0.8584
2022-01-19 03:22:52,305:INFO:train:
2022-01-19 03:22:52,305:INFO:train:Epoch 00022: val_loss did not improve from 0.08010
2022-01-19 03:22:52,305:INFO:train:Epoch 23/500
2022-01-19 03:23:08,569:INFO:train:368/368 - 16s - loss: 0.0657 - accuracy: 0.8818 - val_loss: 0.0846 - val_accuracy: 0.8618
2022-01-19 03:23:08,569:INFO:train:
2022-01-19 03:23:08,569:INFO:train:Epoch 00023: val_loss did not improve from 0.08010
2022-01-19 03:23:08,585:INFO:train:Epoch 24/500
2022-01-19 03:23:24,771:INFO:train:368/368 - 16s - loss: 0.0645 - accuracy: 0.8834 - val_loss: 0.0864 - val_accuracy: 0.8534
2022-01-19 03:23:24,787:INFO:train:
2022-01-19 03:23:24,787:INFO:train:Epoch 00024: val_loss did not improve from 0.08010
2022-01-19 03:23:24,787:INFO:train:Epoch 25/500
2022-01-19 03:23:41,052:INFO:train:368/368 - 16s - loss: 0.0644 - accuracy: 0.8831 - val_loss: 0.0915 - val_accuracy: 0.8595
2022-01-19 03:23:41,052:INFO:train:
2022-01-19 03:23:41,052:INFO:train:Epoch 00025: val_loss did not improve from 0.08010
2022-01-19 03:23:41,067:INFO:train:Epoch 26/500
2022-01-19 03:23:57,316:INFO:train:368/368 - 16s - loss: 0.0625 - accuracy: 0.8861 - val_loss: 0.0882 - val_accuracy: 0.8599
2022-01-19 03:23:57,332:INFO:train:
2022-01-19 03:23:57,332:INFO:train:Epoch 00026: val_loss did not improve from 0.08010
2022-01-19 03:23:57,332:INFO:train:Epoch 27/500
2022-01-19 03:24:13,581:INFO:train:368/368 - 16s - loss: 0.0612 - accuracy: 0.8872 - val_loss: 0.0888 - val_accuracy: 0.8580
2022-01-19 03:24:13,581:INFO:train:
2022-01-19 03:24:13,581:INFO:train:Epoch 00027: val_loss did not improve from 0.08010
2022-01-19 03:24:13,596:INFO:train:Epoch 28/500
2022-01-19 03:24:29,861:INFO:train:368/368 - 16s - loss: 0.0594 - accuracy: 0.8895 - val_loss: 0.0942 - val_accuracy: 0.8559
2022-01-19 03:24:29,861:INFO:train:
2022-01-19 03:24:29,861:INFO:train:Epoch 00028: val_loss did not improve from 0.08010
2022-01-19 03:24:29,861:INFO:train:Epoch 00028: early stopping
2022-01-19 03:24:59,734:INFO:train:Training Experiment 10 time: 3
2022-01-19 03:24:59,734:INFO:train:Training Conditions: ResUNET_SAR_mix
2022-01-19 03:28:40,907:INFO:train:Image1 stack:
2022-01-19 03:28:40,907:INFO:train:(17730, 9203, 4)
2022-01-19 03:28:40,907:INFO:train:Image2 stack:
2022-01-19 03:28:40,907:INFO:train:(17730, 9203, 4)
2022-01-19 03:28:45,000:INFO:train:Labels stack:
2022-01-19 03:28:45,000:INFO:train:(17730, 9203)
2022-01-19 03:29:14,998:INFO:train:Model: "res_unet"
2022-01-19 03:29:14,998:INFO:train:_________________________________________________________________
2022-01-19 03:29:14,998:INFO:train:Layer (type)                 Output Shape              Param #
2022-01-19 03:29:14,998:INFO:train:=================================================================
2022-01-19 03:29:14,998:INFO:train:resunet_encoder (ResUNET_Enc multiple                  1054272
2022-01-19 03:29:14,998:INFO:train:_________________________________________________________________
2022-01-19 03:29:14,998:INFO:train:resunet_decoder (ResUNET_Dec multiple                  221408
2022-01-19 03:29:14,998:INFO:train:_________________________________________________________________
2022-01-19 03:29:14,998:INFO:train:classifier (Classifier)      multiple                  195
2022-01-19 03:29:14,998:INFO:train:=================================================================
2022-01-19 03:29:14,998:INFO:train:Total params: 1,275,875
2022-01-19 03:29:14,998:INFO:train:Trainable params: 1,275,875
2022-01-19 03:29:14,998:INFO:train:Non-trainable params: 0
2022-01-19 03:29:14,998:INFO:train:_________________________________________________________________
2022-01-19 03:29:16,545:INFO:train:Epoch 1/500
2022-01-19 03:29:53,512:INFO:train:368/368 - 37s - loss: 0.1557 - accuracy: 0.7559 - val_loss: 0.1204 - val_accuracy: 0.8138
2022-01-19 03:29:53,512:INFO:train:
2022-01-19 03:29:53,512:INFO:train:Epoch 00001: val_loss improved from inf to 0.12037, saving model to imgs\experiments\exp_10\models\ResUNET_3.h5
2022-01-19 03:29:53,777:INFO:train:Epoch 2/500
2022-01-19 03:30:09,932:INFO:train:368/368 - 16s - loss: 0.1353 - accuracy: 0.7918 - val_loss: 0.0986 - val_accuracy: 0.8238
2022-01-19 03:30:09,932:INFO:train:
2022-01-19 03:30:09,932:INFO:train:Epoch 00002: val_loss improved from 0.12037 to 0.09859, saving model to imgs\experiments\exp_10\models\ResUNET_3.h5
2022-01-19 03:30:09,979:INFO:train:Epoch 3/500
2022-01-19 03:30:26,166:INFO:train:368/368 - 16s - loss: 0.1125 - accuracy: 0.8237 - val_loss: 0.0963 - val_accuracy: 0.8354
2022-01-19 03:30:26,166:INFO:train:
2022-01-19 03:30:26,166:INFO:train:Epoch 00003: val_loss improved from 0.09859 to 0.09633, saving model to imgs\experiments\exp_10\models\ResUNET_3.h5
2022-01-19 03:30:26,213:INFO:train:Epoch 4/500
2022-01-19 03:30:42,430:INFO:train:368/368 - 16s - loss: 0.1039 - accuracy: 0.8360 - val_loss: 0.0886 - val_accuracy: 0.8343
2022-01-19 03:30:42,430:INFO:train:
2022-01-19 03:30:42,430:INFO:train:Epoch 00004: val_loss improved from 0.09633 to 0.08858, saving model to imgs\experiments\exp_10\models\ResUNET_3.h5
2022-01-19 03:30:42,477:INFO:train:Epoch 5/500
2022-01-19 03:30:58,695:INFO:train:368/368 - 16s - loss: 0.0995 - accuracy: 0.8409 - val_loss: 0.1041 - val_accuracy: 0.8266
2022-01-19 03:30:58,695:INFO:train:
2022-01-19 03:30:58,695:INFO:train:Epoch 00005: val_loss did not improve from 0.08858
2022-01-19 03:30:58,710:INFO:train:Epoch 6/500
2022-01-19 03:31:14,850:INFO:train:368/368 - 16s - loss: 0.0977 - accuracy: 0.8414 - val_loss: 0.0901 - val_accuracy: 0.8364
2022-01-19 03:31:14,850:INFO:train:
2022-01-19 03:31:14,850:INFO:train:Epoch 00006: val_loss did not improve from 0.08858
2022-01-19 03:31:14,850:INFO:train:Epoch 7/500
2022-01-19 03:31:31,099:INFO:train:368/368 - 16s - loss: 0.0967 - accuracy: 0.8434 - val_loss: 0.0919 - val_accuracy: 0.8404
2022-01-19 03:31:31,099:INFO:train:
2022-01-19 03:31:31,099:INFO:train:Epoch 00007: val_loss did not improve from 0.08858
2022-01-19 03:31:31,099:INFO:train:Epoch 8/500
2022-01-19 03:31:47,332:INFO:train:368/368 - 16s - loss: 0.0919 - accuracy: 0.8498 - val_loss: 0.0844 - val_accuracy: 0.8484
2022-01-19 03:31:47,332:INFO:train:
2022-01-19 03:31:47,332:INFO:train:Epoch 00008: val_loss improved from 0.08858 to 0.08440, saving model to imgs\experiments\exp_10\models\ResUNET_3.h5
2022-01-19 03:31:47,379:INFO:train:Epoch 9/500
2022-01-19 03:32:03,613:INFO:train:368/368 - 16s - loss: 0.0903 - accuracy: 0.8516 - val_loss: 0.0892 - val_accuracy: 0.8453
2022-01-19 03:32:03,613:INFO:train:
2022-01-19 03:32:03,613:INFO:train:Epoch 00009: val_loss did not improve from 0.08440
2022-01-19 03:32:03,628:INFO:train:Epoch 10/500
2022-01-19 03:32:19,893:INFO:train:368/368 - 16s - loss: 0.0899 - accuracy: 0.8513 - val_loss: 0.0808 - val_accuracy: 0.8545
2022-01-19 03:32:19,893:INFO:train:
2022-01-19 03:32:19,893:INFO:train:Epoch 00010: val_loss improved from 0.08440 to 0.08079, saving model to imgs\experiments\exp_10\models\ResUNET_3.h5
2022-01-19 03:32:19,940:INFO:train:Epoch 11/500
2022-01-19 03:32:36,142:INFO:train:368/368 - 16s - loss: 0.0882 - accuracy: 0.8540 - val_loss: 0.0811 - val_accuracy: 0.8535
2022-01-19 03:32:36,142:INFO:train:
2022-01-19 03:32:36,142:INFO:train:Epoch 00011: val_loss did not improve from 0.08079
2022-01-19 03:32:36,157:INFO:train:Epoch 12/500
2022-01-19 03:32:52,406:INFO:train:368/368 - 16s - loss: 0.0860 - accuracy: 0.8578 - val_loss: 0.0829 - val_accuracy: 0.8546
2022-01-19 03:32:52,406:INFO:train:
2022-01-19 03:32:52,406:INFO:train:Epoch 00012: val_loss did not improve from 0.08079
2022-01-19 03:32:52,422:INFO:train:Epoch 13/500
2022-01-19 03:33:08,718:INFO:train:368/368 - 16s - loss: 0.0854 - accuracy: 0.8576 - val_loss: 0.0887 - val_accuracy: 0.8460
2022-01-19 03:33:08,718:INFO:train:
2022-01-19 03:33:08,718:INFO:train:Epoch 00013: val_loss did not improve from 0.08079
2022-01-19 03:33:08,718:INFO:train:Epoch 14/500
2022-01-19 03:33:24,935:INFO:train:368/368 - 16s - loss: 0.0823 - accuracy: 0.8618 - val_loss: 0.0857 - val_accuracy: 0.8532
2022-01-19 03:33:24,935:INFO:train:
2022-01-19 03:33:24,935:INFO:train:Epoch 00014: val_loss did not improve from 0.08079
2022-01-19 03:33:24,951:INFO:train:Epoch 15/500
2022-01-19 03:33:41,122:INFO:train:368/368 - 16s - loss: 0.0816 - accuracy: 0.8630 - val_loss: 0.0805 - val_accuracy: 0.8595
2022-01-19 03:33:41,122:INFO:train:
2022-01-19 03:33:41,122:INFO:train:Epoch 00015: val_loss improved from 0.08079 to 0.08049, saving model to imgs\experiments\exp_10\models\ResUNET_3.h5
2022-01-19 03:33:41,169:INFO:train:Epoch 16/500
2022-01-19 03:33:57,371:INFO:train:368/368 - 16s - loss: 0.0786 - accuracy: 0.8669 - val_loss: 0.0809 - val_accuracy: 0.8586
2022-01-19 03:33:57,371:INFO:train:
2022-01-19 03:33:57,371:INFO:train:Epoch 00016: val_loss did not improve from 0.08049
2022-01-19 03:33:57,386:INFO:train:Epoch 17/500
2022-01-19 03:34:13,620:INFO:train:368/368 - 16s - loss: 0.0765 - accuracy: 0.8688 - val_loss: 0.0815 - val_accuracy: 0.8612
2022-01-19 03:34:13,620:INFO:train:
2022-01-19 03:34:13,620:INFO:train:Epoch 00017: val_loss did not improve from 0.08049
2022-01-19 03:34:13,620:INFO:train:Epoch 18/500
2022-01-19 03:34:29,853:INFO:train:368/368 - 16s - loss: 0.0774 - accuracy: 0.8682 - val_loss: 0.0845 - val_accuracy: 0.8540
2022-01-19 03:34:29,853:INFO:train:
2022-01-19 03:34:29,853:INFO:train:Epoch 00018: val_loss did not improve from 0.08049
2022-01-19 03:34:29,869:INFO:train:Epoch 19/500
2022-01-19 03:34:46,083:INFO:train:368/368 - 16s - loss: 0.0751 - accuracy: 0.8705 - val_loss: 0.0832 - val_accuracy: 0.8573
2022-01-19 03:34:46,099:INFO:train:
2022-01-19 03:34:46,099:INFO:train:Epoch 00019: val_loss did not improve from 0.08049
2022-01-19 03:34:46,099:INFO:train:Epoch 20/500
2022-01-19 03:35:02,379:INFO:train:368/368 - 16s - loss: 0.0727 - accuracy: 0.8741 - val_loss: 0.0854 - val_accuracy: 0.8624
2022-01-19 03:35:02,379:INFO:train:
2022-01-19 03:35:02,379:INFO:train:Epoch 00020: val_loss did not improve from 0.08049
2022-01-19 03:35:02,395:INFO:train:Epoch 21/500
2022-01-19 03:35:18,581:INFO:train:368/368 - 16s - loss: 0.0703 - accuracy: 0.8773 - val_loss: 0.0825 - val_accuracy: 0.8642
2022-01-19 03:35:18,581:INFO:train:
2022-01-19 03:35:18,581:INFO:train:Epoch 00021: val_loss did not improve from 0.08049
2022-01-19 03:35:18,597:INFO:train:Epoch 22/500
2022-01-19 03:35:34,736:INFO:train:368/368 - 16s - loss: 0.0697 - accuracy: 0.8771 - val_loss: 0.0852 - val_accuracy: 0.8545
2022-01-19 03:35:34,752:INFO:train:
2022-01-19 03:35:34,752:INFO:train:Epoch 00022: val_loss did not improve from 0.08049
2022-01-19 03:35:34,752:INFO:train:Epoch 23/500
2022-01-19 03:35:50,985:INFO:train:368/368 - 16s - loss: 0.0681 - accuracy: 0.8793 - val_loss: 0.0842 - val_accuracy: 0.8636
2022-01-19 03:35:50,985:INFO:train:
2022-01-19 03:35:50,985:INFO:train:Epoch 00023: val_loss did not improve from 0.08049
2022-01-19 03:35:50,985:INFO:train:Epoch 24/500
2022-01-19 03:36:07,250:INFO:train:368/368 - 16s - loss: 0.0665 - accuracy: 0.8806 - val_loss: 0.0839 - val_accuracy: 0.8648
2022-01-19 03:36:07,250:INFO:train:
2022-01-19 03:36:07,250:INFO:train:Epoch 00024: val_loss did not improve from 0.08049
2022-01-19 03:36:07,266:INFO:train:Epoch 25/500
2022-01-19 03:36:23,436:INFO:train:368/368 - 16s - loss: 0.0652 - accuracy: 0.8825 - val_loss: 0.0877 - val_accuracy: 0.8494
2022-01-19 03:36:23,436:INFO:train:
2022-01-19 03:36:23,436:INFO:train:Epoch 00025: val_loss did not improve from 0.08049
2022-01-19 03:36:23,452:INFO:train:Epoch 26/500
2022-01-19 03:36:39,654:INFO:train:368/368 - 16s - loss: 0.0636 - accuracy: 0.8841 - val_loss: 0.0896 - val_accuracy: 0.8504
2022-01-19 03:36:39,654:INFO:train:
2022-01-19 03:36:39,654:INFO:train:Epoch 00026: val_loss did not improve from 0.08049
2022-01-19 03:36:39,670:INFO:train:Epoch 27/500
2022-01-19 03:36:55,872:INFO:train:368/368 - 16s - loss: 0.0616 - accuracy: 0.8866 - val_loss: 0.0853 - val_accuracy: 0.8566
2022-01-19 03:36:55,872:INFO:train:
2022-01-19 03:36:55,872:INFO:train:Epoch 00027: val_loss did not improve from 0.08049
2022-01-19 03:36:55,887:INFO:train:Epoch 28/500
2022-01-19 03:37:12,105:INFO:train:368/368 - 16s - loss: 0.0617 - accuracy: 0.8867 - val_loss: 0.0876 - val_accuracy: 0.8582
2022-01-19 03:37:12,105:INFO:train:
2022-01-19 03:37:12,105:INFO:train:Epoch 00028: val_loss did not improve from 0.08049
2022-01-19 03:37:12,121:INFO:train:Epoch 29/500
2022-01-19 03:37:28,338:INFO:train:368/368 - 16s - loss: 0.0599 - accuracy: 0.8885 - val_loss: 0.0868 - val_accuracy: 0.8591
2022-01-19 03:37:28,338:INFO:train:
2022-01-19 03:37:28,338:INFO:train:Epoch 00029: val_loss did not improve from 0.08049
2022-01-19 03:37:28,354:INFO:train:Epoch 30/500
2022-01-19 03:37:44,541:INFO:train:368/368 - 16s - loss: 0.0584 - accuracy: 0.8895 - val_loss: 0.0893 - val_accuracy: 0.8622
2022-01-19 03:37:44,541:INFO:train:
2022-01-19 03:37:44,541:INFO:train:Epoch 00030: val_loss did not improve from 0.08049
2022-01-19 03:37:44,541:INFO:train:Epoch 00030: early stopping
2022-01-19 03:38:14,617:INFO:train:Training Experiment 10 time: 4
2022-01-19 03:38:14,617:INFO:train:Training Conditions: ResUNET_SAR_mix
2022-01-19 03:41:51,634:INFO:train:Image1 stack:
2022-01-19 03:41:51,634:INFO:train:(17730, 9203, 4)
2022-01-19 03:41:51,634:INFO:train:Image2 stack:
2022-01-19 03:41:51,634:INFO:train:(17730, 9203, 4)
2022-01-19 03:41:55,587:INFO:train:Labels stack:
2022-01-19 03:41:55,587:INFO:train:(17730, 9203)
2022-01-19 03:42:24,960:INFO:train:Model: "res_unet"
2022-01-19 03:42:24,960:INFO:train:_________________________________________________________________
2022-01-19 03:42:24,960:INFO:train:Layer (type)                 Output Shape              Param #
2022-01-19 03:42:24,960:INFO:train:=================================================================
2022-01-19 03:42:24,960:INFO:train:resunet_encoder (ResUNET_Enc multiple                  1054272
2022-01-19 03:42:24,960:INFO:train:_________________________________________________________________
2022-01-19 03:42:24,960:INFO:train:resunet_decoder (ResUNET_Dec multiple                  221408
2022-01-19 03:42:24,960:INFO:train:_________________________________________________________________
2022-01-19 03:42:24,960:INFO:train:classifier (Classifier)      multiple                  195
2022-01-19 03:42:24,960:INFO:train:=================================================================
2022-01-19 03:42:24,960:INFO:train:Total params: 1,275,875
2022-01-19 03:42:24,960:INFO:train:Trainable params: 1,275,875
2022-01-19 03:42:24,960:INFO:train:Non-trainable params: 0
2022-01-19 03:42:24,960:INFO:train:_________________________________________________________________
2022-01-19 03:42:26,398:INFO:train:Epoch 1/500
2022-01-19 03:43:05,380:INFO:train:368/368 - 39s - loss: 0.1571 - accuracy: 0.7555 - val_loss: 0.1179 - val_accuracy: 0.8172
2022-01-19 03:43:05,380:INFO:train:
2022-01-19 03:43:05,380:INFO:train:Epoch 00001: val_loss improved from inf to 0.11790, saving model to imgs\experiments\exp_10\models\ResUNET_4.h5
2022-01-19 03:43:05,630:INFO:train:Epoch 2/500
2022-01-19 03:43:21,925:INFO:train:368/368 - 16s - loss: 0.1377 - accuracy: 0.7853 - val_loss: 0.1565 - val_accuracy: 0.7662
2022-01-19 03:43:21,925:INFO:train:
2022-01-19 03:43:21,925:INFO:train:Epoch 00002: val_loss did not improve from 0.11790
2022-01-19 03:43:21,941:INFO:train:Epoch 3/500
2022-01-19 03:43:38,190:INFO:train:368/368 - 16s - loss: 0.1176 - accuracy: 0.8181 - val_loss: 0.1096 - val_accuracy: 0.8165
2022-01-19 03:43:38,190:INFO:train:
2022-01-19 03:43:38,190:INFO:train:Epoch 00003: val_loss improved from 0.11790 to 0.10959, saving model to imgs\experiments\exp_10\models\ResUNET_4.h5
2022-01-19 03:43:38,237:INFO:train:Epoch 4/500
2022-01-19 03:43:54,548:INFO:train:368/368 - 16s - loss: 0.1018 - accuracy: 0.8385 - val_loss: 0.0879 - val_accuracy: 0.8410
2022-01-19 03:43:54,548:INFO:train:
2022-01-19 03:43:54,548:INFO:train:Epoch 00004: val_loss improved from 0.10959 to 0.08794, saving model to imgs\experiments\exp_10\models\ResUNET_4.h5
2022-01-19 03:43:54,595:INFO:train:Epoch 5/500
2022-01-19 03:44:10,985:INFO:train:368/368 - 16s - loss: 0.0988 - accuracy: 0.8415 - val_loss: 0.1151 - val_accuracy: 0.8183
2022-01-19 03:44:10,985:INFO:train:
2022-01-19 03:44:10,985:INFO:train:Epoch 00005: val_loss did not improve from 0.08794
2022-01-19 03:44:11,000:INFO:train:Epoch 6/500
2022-01-19 03:44:27,484:INFO:train:368/368 - 16s - loss: 0.0947 - accuracy: 0.8475 - val_loss: 0.0892 - val_accuracy: 0.8430
2022-01-19 03:44:27,484:INFO:train:
2022-01-19 03:44:27,484:INFO:train:Epoch 00006: val_loss did not improve from 0.08794
2022-01-19 03:44:27,499:INFO:train:Epoch 7/500
2022-01-19 03:44:43,873:INFO:train:368/368 - 16s - loss: 0.0928 - accuracy: 0.8497 - val_loss: 0.0818 - val_accuracy: 0.8506
2022-01-19 03:44:43,873:INFO:train:
2022-01-19 03:44:43,873:INFO:train:Epoch 00007: val_loss improved from 0.08794 to 0.08182, saving model to imgs\experiments\exp_10\models\ResUNET_4.h5
2022-01-19 03:44:43,920:INFO:train:Epoch 8/500
2022-01-19 03:45:00,232:INFO:train:368/368 - 16s - loss: 0.0907 - accuracy: 0.8524 - val_loss: 0.0827 - val_accuracy: 0.8498
2022-01-19 03:45:00,232:INFO:train:
2022-01-19 03:45:00,232:INFO:train:Epoch 00008: val_loss did not improve from 0.08182
2022-01-19 03:45:00,247:INFO:train:Epoch 9/500
2022-01-19 03:45:16,590:INFO:train:368/368 - 16s - loss: 0.0909 - accuracy: 0.8520 - val_loss: 0.0944 - val_accuracy: 0.8403
2022-01-19 03:45:16,590:INFO:train:
2022-01-19 03:45:16,590:INFO:train:Epoch 00009: val_loss did not improve from 0.08182
2022-01-19 03:45:16,606:INFO:train:Epoch 10/500
2022-01-19 03:45:32,964:INFO:train:368/368 - 16s - loss: 0.0908 - accuracy: 0.8525 - val_loss: 0.0849 - val_accuracy: 0.8480
2022-01-19 03:45:32,964:INFO:train:
2022-01-19 03:45:32,964:INFO:train:Epoch 00010: val_loss did not improve from 0.08182
2022-01-19 03:45:32,980:INFO:train:Epoch 11/500
2022-01-19 03:45:49,260:INFO:train:368/368 - 16s - loss: 0.0859 - accuracy: 0.8586 - val_loss: 0.0793 - val_accuracy: 0.8561
2022-01-19 03:45:49,260:INFO:train:
2022-01-19 03:45:49,260:INFO:train:Epoch 00011: val_loss improved from 0.08182 to 0.07931, saving model to imgs\experiments\exp_10\models\ResUNET_4.h5
2022-01-19 03:45:49,307:INFO:train:Epoch 12/500
2022-01-19 03:46:05,681:INFO:train:368/368 - 16s - loss: 0.0859 - accuracy: 0.8591 - val_loss: 0.0798 - val_accuracy: 0.8532
2022-01-19 03:46:05,681:INFO:train:
2022-01-19 03:46:05,681:INFO:train:Epoch 00012: val_loss did not improve from 0.07931
2022-01-19 03:46:05,696:INFO:train:Epoch 13/500
2022-01-19 03:46:22,008:INFO:train:368/368 - 16s - loss: 0.0829 - accuracy: 0.8616 - val_loss: 0.0843 - val_accuracy: 0.8508
2022-01-19 03:46:22,008:INFO:train:
2022-01-19 03:46:22,008:INFO:train:Epoch 00013: val_loss did not improve from 0.07931
2022-01-19 03:46:22,024:INFO:train:Epoch 14/500
2022-01-19 03:46:38,382:INFO:train:368/368 - 16s - loss: 0.0805 - accuracy: 0.8652 - val_loss: 0.0831 - val_accuracy: 0.8556
2022-01-19 03:46:38,382:INFO:train:
2022-01-19 03:46:38,382:INFO:train:Epoch 00014: val_loss did not improve from 0.07931
2022-01-19 03:46:38,382:INFO:train:Epoch 15/500
2022-01-19 03:46:54,709:INFO:train:368/368 - 16s - loss: 0.0800 - accuracy: 0.8659 - val_loss: 0.0801 - val_accuracy: 0.8571
2022-01-19 03:46:54,709:INFO:train:
2022-01-19 03:46:54,709:INFO:train:Epoch 00015: val_loss did not improve from 0.07931
2022-01-19 03:46:54,725:INFO:train:Epoch 16/500
2022-01-19 03:47:11,380:INFO:train:368/368 - 17s - loss: 0.0787 - accuracy: 0.8669 - val_loss: 0.0835 - val_accuracy: 0.8539
2022-01-19 03:47:11,380:INFO:train:
2022-01-19 03:47:11,380:INFO:train:Epoch 00016: val_loss did not improve from 0.07931
2022-01-19 03:47:11,395:INFO:train:Epoch 17/500
2022-01-19 03:47:28,176:INFO:train:368/368 - 17s - loss: 0.0762 - accuracy: 0.8697 - val_loss: 0.0970 - val_accuracy: 0.8406
2022-01-19 03:47:28,176:INFO:train:
2022-01-19 03:47:28,176:INFO:train:Epoch 00017: val_loss did not improve from 0.07931
2022-01-19 03:47:28,191:INFO:train:Epoch 18/500
2022-01-19 03:47:44,815:INFO:train:368/368 - 17s - loss: 0.0776 - accuracy: 0.8695 - val_loss: 0.0896 - val_accuracy: 0.8446
2022-01-19 03:47:44,815:INFO:train:
2022-01-19 03:47:44,815:INFO:train:Epoch 00018: val_loss did not improve from 0.07931
2022-01-19 03:47:44,831:INFO:train:Epoch 19/500
2022-01-19 03:48:01,627:INFO:train:368/368 - 17s - loss: 0.0737 - accuracy: 0.8736 - val_loss: 0.0885 - val_accuracy: 0.8530
2022-01-19 03:48:01,627:INFO:train:
2022-01-19 03:48:01,627:INFO:train:Epoch 00019: val_loss did not improve from 0.07931
2022-01-19 03:48:01,627:INFO:train:Epoch 20/500
2022-01-19 03:48:18,298:INFO:train:368/368 - 17s - loss: 0.0713 - accuracy: 0.8758 - val_loss: 0.0920 - val_accuracy: 0.8495
2022-01-19 03:48:18,298:INFO:train:
2022-01-19 03:48:18,298:INFO:train:Epoch 00020: val_loss did not improve from 0.07931
2022-01-19 03:48:18,313:INFO:train:Epoch 21/500
2022-01-19 03:48:34,953:INFO:train:368/368 - 17s - loss: 0.0700 - accuracy: 0.8776 - val_loss: 0.0939 - val_accuracy: 0.8434
2022-01-19 03:48:34,953:INFO:train:
2022-01-19 03:48:34,953:INFO:train:Epoch 00021: val_loss did not improve from 0.07931
2022-01-19 03:48:34,968:INFO:train:Epoch 22/500
2022-01-19 03:48:51,624:INFO:train:368/368 - 17s - loss: 0.0697 - accuracy: 0.8784 - val_loss: 0.0831 - val_accuracy: 0.8585
2022-01-19 03:48:51,624:INFO:train:
2022-01-19 03:48:51,624:INFO:train:Epoch 00022: val_loss did not improve from 0.07931
2022-01-19 03:48:51,639:INFO:train:Epoch 23/500
2022-01-19 03:49:08,232:INFO:train:368/368 - 17s - loss: 0.0674 - accuracy: 0.8811 - val_loss: 0.0860 - val_accuracy: 0.8560
2022-01-19 03:49:08,232:INFO:train:
2022-01-19 03:49:08,232:INFO:train:Epoch 00023: val_loss did not improve from 0.07931
2022-01-19 03:49:08,248:INFO:train:Epoch 24/500
2022-01-19 03:49:24,887:INFO:train:368/368 - 17s - loss: 0.0656 - accuracy: 0.8830 - val_loss: 0.0873 - val_accuracy: 0.8512
2022-01-19 03:49:24,887:INFO:train:
2022-01-19 03:49:24,887:INFO:train:Epoch 00024: val_loss did not improve from 0.07931
2022-01-19 03:49:24,903:INFO:train:Epoch 25/500
2022-01-19 03:49:41,605:INFO:train:368/368 - 17s - loss: 0.0652 - accuracy: 0.8829 - val_loss: 0.1013 - val_accuracy: 0.8495
2022-01-19 03:49:41,605:INFO:train:
2022-01-19 03:49:41,605:INFO:train:Epoch 00025: val_loss did not improve from 0.07931
2022-01-19 03:49:41,621:INFO:train:Epoch 26/500
2022-01-19 03:49:58,338:INFO:train:368/368 - 17s - loss: 0.0633 - accuracy: 0.8854 - val_loss: 0.0969 - val_accuracy: 0.8499
2022-01-19 03:49:58,338:INFO:train:
2022-01-19 03:49:58,338:INFO:train:Epoch 00026: val_loss did not improve from 0.07931
2022-01-19 03:49:58,338:INFO:train:Epoch 00026: early stopping
