2022-01-19 01:42:27,638:INFO:train:Training Experiment 9 time: 0
2022-01-19 01:42:27,638:INFO:train:Training Conditions: ResUNET_OPT_mix
2022-01-19 01:44:26,320:INFO:train:Image1 stack:
2022-01-19 01:44:26,320:INFO:train:(17730, 9203, 26)
2022-01-19 01:44:26,320:INFO:train:Image2 stack:
2022-01-19 01:44:26,320:INFO:train:(17730, 9203, 26)
2022-01-19 01:44:30,242:INFO:train:Labels stack:
2022-01-19 01:44:30,242:INFO:train:(17730, 9203)
2022-01-19 01:44:59,334:INFO:train:Model: "res_unet"
2022-01-19 01:44:59,334:INFO:train:_________________________________________________________________
2022-01-19 01:44:59,334:INFO:train:Layer (type)                 Output Shape              Param #
2022-01-19 01:44:59,334:INFO:train:=================================================================
2022-01-19 01:44:59,350:INFO:train:resunet_encoder (ResUNET_Enc multiple                  1066944
2022-01-19 01:44:59,350:INFO:train:_________________________________________________________________
2022-01-19 01:44:59,350:INFO:train:resunet_decoder (ResUNET_Dec multiple                  221408
2022-01-19 01:44:59,350:INFO:train:_________________________________________________________________
2022-01-19 01:44:59,350:INFO:train:classifier (Classifier)      multiple                  195
2022-01-19 01:44:59,350:INFO:train:=================================================================
2022-01-19 01:44:59,350:INFO:train:Total params: 1,288,547
2022-01-19 01:44:59,350:INFO:train:Trainable params: 1,288,547
2022-01-19 01:44:59,350:INFO:train:Non-trainable params: 0
2022-01-19 01:44:59,350:INFO:train:_________________________________________________________________
2022-01-19 01:45:00,881:INFO:train:Epoch 1/500
2022-01-19 01:45:42,442:INFO:train:368/368 - 42s - loss: 0.1338 - accuracy: 0.7722 - val_loss: 0.0990 - val_accuracy: 0.8236
2022-01-19 01:45:42,442:INFO:train:
2022-01-19 01:45:42,442:INFO:train:Epoch 00001: val_loss improved from inf to 0.09904, saving model to imgs\experiments\exp_9\models\ResUNET_0.h5
2022-01-19 01:45:42,723:INFO:train:Epoch 2/500
2022-01-19 01:46:02,628:INFO:train:368/368 - 20s - loss: 0.1143 - accuracy: 0.8049 - val_loss: 0.0980 - val_accuracy: 0.8281
2022-01-19 01:46:02,628:INFO:train:
2022-01-19 01:46:02,628:INFO:train:Epoch 00002: val_loss improved from 0.09904 to 0.09797, saving model to imgs\experiments\exp_9\models\ResUNET_0.h5
2022-01-19 01:46:02,675:INFO:train:Epoch 3/500
2022-01-19 01:46:23,127:INFO:train:368/368 - 20s - loss: 0.1092 - accuracy: 0.8150 - val_loss: 0.0968 - val_accuracy: 0.8312
2022-01-19 01:46:23,127:INFO:train:
2022-01-19 01:46:23,127:INFO:train:Epoch 00003: val_loss improved from 0.09797 to 0.09678, saving model to imgs\experiments\exp_9\models\ResUNET_0.h5
2022-01-19 01:46:23,174:INFO:train:Epoch 4/500
2022-01-19 01:46:43,564:INFO:train:368/368 - 20s - loss: 0.1056 - accuracy: 0.8235 - val_loss: 0.0976 - val_accuracy: 0.8300
2022-01-19 01:46:43,564:INFO:train:
2022-01-19 01:46:43,564:INFO:train:Epoch 00004: val_loss did not improve from 0.09678
2022-01-19 01:46:43,580:INFO:train:Epoch 5/500
2022-01-19 01:47:03,407:INFO:train:368/368 - 20s - loss: 0.1022 - accuracy: 0.8324 - val_loss: 0.0913 - val_accuracy: 0.8451
2022-01-19 01:47:03,407:INFO:train:
2022-01-19 01:47:03,407:INFO:train:Epoch 00005: val_loss improved from 0.09678 to 0.09130, saving model to imgs\experiments\exp_9\models\ResUNET_0.h5
2022-01-19 01:47:03,454:INFO:train:Epoch 6/500
2022-01-19 01:47:23,203:INFO:train:368/368 - 20s - loss: 0.0979 - accuracy: 0.8373 - val_loss: 0.1025 - val_accuracy: 0.8318
2022-01-19 01:47:23,203:INFO:train:
2022-01-19 01:47:23,203:INFO:train:Epoch 00006: val_loss did not improve from 0.09130
2022-01-19 01:47:23,218:INFO:train:Epoch 7/500
2022-01-19 01:47:42,968:INFO:train:368/368 - 20s - loss: 0.0965 - accuracy: 0.8408 - val_loss: 0.0987 - val_accuracy: 0.8386
2022-01-19 01:47:42,968:INFO:train:
2022-01-19 01:47:42,968:INFO:train:Epoch 00007: val_loss did not improve from 0.09130
2022-01-19 01:47:42,983:INFO:train:Epoch 8/500
2022-01-19 01:48:02,639:INFO:train:368/368 - 20s - loss: 0.0939 - accuracy: 0.8434 - val_loss: 0.1011 - val_accuracy: 0.8452
2022-01-19 01:48:02,639:INFO:train:
2022-01-19 01:48:02,639:INFO:train:Epoch 00008: val_loss did not improve from 0.09130
2022-01-19 01:48:02,639:INFO:train:Epoch 9/500
2022-01-19 01:48:22,341:INFO:train:368/368 - 20s - loss: 0.0911 - accuracy: 0.8488 - val_loss: 0.1031 - val_accuracy: 0.8401
2022-01-19 01:48:22,341:INFO:train:
2022-01-19 01:48:22,341:INFO:train:Epoch 00009: val_loss did not improve from 0.09130
2022-01-19 01:48:22,356:INFO:train:Epoch 10/500
2022-01-19 01:48:42,137:INFO:train:368/368 - 20s - loss: 0.0893 - accuracy: 0.8519 - val_loss: 0.0979 - val_accuracy: 0.8449
2022-01-19 01:48:42,137:INFO:train:
2022-01-19 01:48:42,137:INFO:train:Epoch 00010: val_loss did not improve from 0.09130
2022-01-19 01:48:42,152:INFO:train:Epoch 11/500
2022-01-19 01:49:02,027:INFO:train:368/368 - 20s - loss: 0.0864 - accuracy: 0.8566 - val_loss: 0.0995 - val_accuracy: 0.8500
2022-01-19 01:49:02,027:INFO:train:
2022-01-19 01:49:02,027:INFO:train:Epoch 00011: val_loss did not improve from 0.09130
2022-01-19 01:49:02,042:INFO:train:Epoch 12/500
2022-01-19 01:49:21,869:INFO:train:368/368 - 20s - loss: 0.0850 - accuracy: 0.8569 - val_loss: 0.0929 - val_accuracy: 0.8481
2022-01-19 01:49:21,869:INFO:train:
2022-01-19 01:49:21,869:INFO:train:Epoch 00012: val_loss did not improve from 0.09130
2022-01-19 01:49:21,885:INFO:train:Epoch 13/500
2022-01-19 01:49:41,665:INFO:train:368/368 - 20s - loss: 0.0819 - accuracy: 0.8624 - val_loss: 0.0935 - val_accuracy: 0.8604
2022-01-19 01:49:41,665:INFO:train:
2022-01-19 01:49:41,665:INFO:train:Epoch 00013: val_loss did not improve from 0.09130
2022-01-19 01:49:41,681:INFO:train:Epoch 14/500
2022-01-19 01:50:01,446:INFO:train:368/368 - 20s - loss: 0.0783 - accuracy: 0.8666 - val_loss: 0.1197 - val_accuracy: 0.8402
2022-01-19 01:50:01,446:INFO:train:
2022-01-19 01:50:01,446:INFO:train:Epoch 00014: val_loss did not improve from 0.09130
2022-01-19 01:50:01,461:INFO:train:Epoch 15/500
2022-01-19 01:50:21,257:INFO:train:368/368 - 20s - loss: 0.0764 - accuracy: 0.8690 - val_loss: 0.1019 - val_accuracy: 0.8520
2022-01-19 01:50:21,257:INFO:train:
2022-01-19 01:50:21,257:INFO:train:Epoch 00015: val_loss did not improve from 0.09130
2022-01-19 01:50:21,273:INFO:train:Epoch 16/500
2022-01-19 01:50:41,241:INFO:train:368/368 - 20s - loss: 0.0763 - accuracy: 0.8700 - val_loss: 0.1029 - val_accuracy: 0.8530
2022-01-19 01:50:41,241:INFO:train:
2022-01-19 01:50:41,241:INFO:train:Epoch 00016: val_loss did not improve from 0.09130
2022-01-19 01:50:41,257:INFO:train:Epoch 17/500
2022-01-19 01:51:01,256:INFO:train:368/368 - 20s - loss: 0.0717 - accuracy: 0.8758 - val_loss: 0.1091 - val_accuracy: 0.8540
2022-01-19 01:51:01,256:INFO:train:
2022-01-19 01:51:01,256:INFO:train:Epoch 00017: val_loss did not improve from 0.09130
2022-01-19 01:51:01,271:INFO:train:Epoch 18/500
2022-01-19 01:51:21,326:INFO:train:368/368 - 20s - loss: 0.0691 - accuracy: 0.8781 - val_loss: 0.1077 - val_accuracy: 0.8556
2022-01-19 01:51:21,326:INFO:train:
2022-01-19 01:51:21,326:INFO:train:Epoch 00018: val_loss did not improve from 0.09130
2022-01-19 01:51:21,342:INFO:train:Epoch 19/500
2022-01-19 01:51:41,388:INFO:train:368/368 - 20s - loss: 0.0658 - accuracy: 0.8829 - val_loss: 0.1132 - val_accuracy: 0.8538
2022-01-19 01:51:41,388:INFO:train:
2022-01-19 01:51:41,388:INFO:train:Epoch 00019: val_loss did not improve from 0.09130
2022-01-19 01:51:41,403:INFO:train:Epoch 20/500
2022-01-19 01:52:01,355:INFO:train:368/368 - 20s - loss: 0.0645 - accuracy: 0.8844 - val_loss: 0.1113 - val_accuracy: 0.8515
2022-01-19 01:52:01,355:INFO:train:
2022-01-19 01:52:01,355:INFO:train:Epoch 00020: val_loss did not improve from 0.09130
2022-01-19 01:52:01,355:INFO:train:Epoch 00020: early stopping
2022-01-19 01:52:31,885:INFO:train:Training Experiment 9 time: 1
2022-01-19 01:52:31,885:INFO:train:Training Conditions: ResUNET_OPT_mix
2022-01-19 01:56:09,251:INFO:train:Image1 stack:
2022-01-19 01:56:09,251:INFO:train:(17730, 9203, 26)
2022-01-19 01:56:09,251:INFO:train:Image2 stack:
2022-01-19 01:56:09,251:INFO:train:(17730, 9203, 26)
2022-01-19 01:56:13,172:INFO:train:Labels stack:
2022-01-19 01:56:13,172:INFO:train:(17730, 9203)
2022-01-19 01:56:41,827:INFO:train:Model: "res_unet"
2022-01-19 01:56:41,827:INFO:train:_________________________________________________________________
2022-01-19 01:56:41,827:INFO:train:Layer (type)                 Output Shape              Param #
2022-01-19 01:56:41,827:INFO:train:=================================================================
2022-01-19 01:56:41,843:INFO:train:resunet_encoder (ResUNET_Enc multiple                  1066944
2022-01-19 01:56:41,843:INFO:train:_________________________________________________________________
2022-01-19 01:56:41,843:INFO:train:resunet_decoder (ResUNET_Dec multiple                  221408
2022-01-19 01:56:41,843:INFO:train:_________________________________________________________________
2022-01-19 01:56:41,843:INFO:train:classifier (Classifier)      multiple                  195
2022-01-19 01:56:41,843:INFO:train:=================================================================
2022-01-19 01:56:41,843:INFO:train:Total params: 1,288,547
2022-01-19 01:56:41,843:INFO:train:Trainable params: 1,288,547
2022-01-19 01:56:41,843:INFO:train:Non-trainable params: 0
2022-01-19 01:56:41,843:INFO:train:_________________________________________________________________
2022-01-19 01:56:43,155:INFO:train:Epoch 1/500
2022-01-19 01:57:22,029:INFO:train:368/368 - 39s - loss: 0.1318 - accuracy: 0.7760 - val_loss: 0.0984 - val_accuracy: 0.8172
2022-01-19 01:57:22,029:INFO:train:
2022-01-19 01:57:22,029:INFO:train:Epoch 00001: val_loss improved from inf to 0.09840, saving model to imgs\experiments\exp_9\models\ResUNET_1.h5
2022-01-19 01:57:22,294:INFO:train:Epoch 2/500
2022-01-19 01:57:41,794:INFO:train:368/368 - 19s - loss: 0.1135 - accuracy: 0.8067 - val_loss: 0.1015 - val_accuracy: 0.8176
2022-01-19 01:57:41,794:INFO:train:
2022-01-19 01:57:41,794:INFO:train:Epoch 00002: val_loss did not improve from 0.09840
2022-01-19 01:57:41,809:INFO:train:Epoch 3/500
2022-01-19 01:58:01,340:INFO:train:368/368 - 20s - loss: 0.1076 - accuracy: 0.8217 - val_loss: 0.0987 - val_accuracy: 0.8295
2022-01-19 01:58:01,340:INFO:train:
2022-01-19 01:58:01,340:INFO:train:Epoch 00003: val_loss did not improve from 0.09840
2022-01-19 01:58:01,355:INFO:train:Epoch 4/500
2022-01-19 01:58:20,870:INFO:train:368/368 - 20s - loss: 0.1034 - accuracy: 0.8297 - val_loss: 0.0916 - val_accuracy: 0.8381
2022-01-19 01:58:20,870:INFO:train:
2022-01-19 01:58:20,870:INFO:train:Epoch 00004: val_loss improved from 0.09840 to 0.09161, saving model to imgs\experiments\exp_9\models\ResUNET_1.h5
2022-01-19 01:58:20,917:INFO:train:Epoch 5/500
2022-01-19 01:58:40,541:INFO:train:368/368 - 20s - loss: 0.1004 - accuracy: 0.8344 - val_loss: 0.0959 - val_accuracy: 0.8388
2022-01-19 01:58:40,541:INFO:train:
2022-01-19 01:58:40,541:INFO:train:Epoch 00005: val_loss did not improve from 0.09161
2022-01-19 01:58:40,557:INFO:train:Epoch 6/500
2022-01-19 01:59:00,165:INFO:train:368/368 - 20s - loss: 0.0973 - accuracy: 0.8412 - val_loss: 0.0927 - val_accuracy: 0.8347
2022-01-19 01:59:00,165:INFO:train:
2022-01-19 01:59:00,165:INFO:train:Epoch 00006: val_loss did not improve from 0.09161
2022-01-19 01:59:00,181:INFO:train:Epoch 7/500
2022-01-19 01:59:19,789:INFO:train:368/368 - 20s - loss: 0.0947 - accuracy: 0.8443 - val_loss: 0.0894 - val_accuracy: 0.8459
2022-01-19 01:59:19,789:INFO:train:
2022-01-19 01:59:19,789:INFO:train:Epoch 00007: val_loss improved from 0.09161 to 0.08942, saving model to imgs\experiments\exp_9\models\ResUNET_1.h5
2022-01-19 01:59:19,836:INFO:train:Epoch 8/500
2022-01-19 01:59:39,398:INFO:train:368/368 - 20s - loss: 0.0918 - accuracy: 0.8488 - val_loss: 0.0915 - val_accuracy: 0.8371
2022-01-19 01:59:39,398:INFO:train:
2022-01-19 01:59:39,398:INFO:train:Epoch 00008: val_loss did not improve from 0.08942
2022-01-19 01:59:39,413:INFO:train:Epoch 9/500
2022-01-19 01:59:58,991:INFO:train:368/368 - 20s - loss: 0.0902 - accuracy: 0.8517 - val_loss: 0.0933 - val_accuracy: 0.8454
2022-01-19 01:59:59,006:INFO:train:
2022-01-19 01:59:59,006:INFO:train:Epoch 00009: val_loss did not improve from 0.08942
2022-01-19 01:59:59,006:INFO:train:Epoch 10/500
2022-01-19 02:00:18,568:INFO:train:368/368 - 20s - loss: 0.0868 - accuracy: 0.8564 - val_loss: 0.0927 - val_accuracy: 0.8413
2022-01-19 02:00:18,568:INFO:train:
2022-01-19 02:00:18,568:INFO:train:Epoch 00010: val_loss did not improve from 0.08942
2022-01-19 02:00:18,599:INFO:train:Epoch 11/500
2022-01-19 02:00:38,254:INFO:train:368/368 - 20s - loss: 0.0861 - accuracy: 0.8573 - val_loss: 0.0923 - val_accuracy: 0.8442
2022-01-19 02:00:38,254:INFO:train:
2022-01-19 02:00:38,254:INFO:train:Epoch 00011: val_loss did not improve from 0.08942
2022-01-19 02:00:38,270:INFO:train:Epoch 12/500
2022-01-19 02:00:57,982:INFO:train:368/368 - 20s - loss: 0.0829 - accuracy: 0.8613 - val_loss: 0.0924 - val_accuracy: 0.8382
2022-01-19 02:00:57,982:INFO:train:
2022-01-19 02:00:57,982:INFO:train:Epoch 00012: val_loss did not improve from 0.08942
2022-01-19 02:00:57,998:INFO:train:Epoch 13/500
2022-01-19 02:01:17,591:INFO:train:368/368 - 20s - loss: 0.0806 - accuracy: 0.8657 - val_loss: 0.0938 - val_accuracy: 0.8454
2022-01-19 02:01:17,591:INFO:train:
2022-01-19 02:01:17,591:INFO:train:Epoch 00013: val_loss did not improve from 0.08942
2022-01-19 02:01:17,606:INFO:train:Epoch 14/500
2022-01-19 02:01:37,246:INFO:train:368/368 - 20s - loss: 0.0789 - accuracy: 0.8684 - val_loss: 0.0959 - val_accuracy: 0.8322
2022-01-19 02:01:37,246:INFO:train:
2022-01-19 02:01:37,246:INFO:train:Epoch 00014: val_loss did not improve from 0.08942
2022-01-19 02:01:37,262:INFO:train:Epoch 15/500
2022-01-19 02:01:56,839:INFO:train:368/368 - 20s - loss: 0.0768 - accuracy: 0.8697 - val_loss: 0.0901 - val_accuracy: 0.8541
2022-01-19 02:01:56,839:INFO:train:
2022-01-19 02:01:56,839:INFO:train:Epoch 00015: val_loss did not improve from 0.08942
2022-01-19 02:01:56,855:INFO:train:Epoch 16/500
2022-01-19 02:02:16,432:INFO:train:368/368 - 20s - loss: 0.0744 - accuracy: 0.8728 - val_loss: 0.0960 - val_accuracy: 0.8485
2022-01-19 02:02:16,432:INFO:train:
2022-01-19 02:02:16,432:INFO:train:Epoch 00016: val_loss did not improve from 0.08942
2022-01-19 02:02:16,448:INFO:train:Epoch 17/500
2022-01-19 02:02:36,072:INFO:train:368/368 - 20s - loss: 0.0718 - accuracy: 0.8754 - val_loss: 0.0974 - val_accuracy: 0.8497
2022-01-19 02:02:36,072:INFO:train:
2022-01-19 02:02:36,072:INFO:train:Epoch 00017: val_loss did not improve from 0.08942
2022-01-19 02:02:36,087:INFO:train:Epoch 18/500
2022-01-19 02:02:55,665:INFO:train:368/368 - 20s - loss: 0.0691 - accuracy: 0.8785 - val_loss: 0.0969 - val_accuracy: 0.8446
2022-01-19 02:02:55,665:INFO:train:
2022-01-19 02:02:55,665:INFO:train:Epoch 00018: val_loss did not improve from 0.08942
2022-01-19 02:02:55,665:INFO:train:Epoch 19/500
2022-01-19 02:03:15,336:INFO:train:368/368 - 20s - loss: 0.0664 - accuracy: 0.8826 - val_loss: 0.1029 - val_accuracy: 0.8357
2022-01-19 02:03:15,336:INFO:train:
2022-01-19 02:03:15,336:INFO:train:Epoch 00019: val_loss did not improve from 0.08942
2022-01-19 02:03:15,351:INFO:train:Epoch 20/500
2022-01-19 02:03:34,944:INFO:train:368/368 - 20s - loss: 0.0648 - accuracy: 0.8847 - val_loss: 0.1040 - val_accuracy: 0.8457
2022-01-19 02:03:34,944:INFO:train:
2022-01-19 02:03:34,944:INFO:train:Epoch 00020: val_loss did not improve from 0.08942
2022-01-19 02:03:34,944:INFO:train:Epoch 21/500
2022-01-19 02:03:54,568:INFO:train:368/368 - 20s - loss: 0.0651 - accuracy: 0.8841 - val_loss: 0.0985 - val_accuracy: 0.8457
2022-01-19 02:03:54,568:INFO:train:
2022-01-19 02:03:54,568:INFO:train:Epoch 00021: val_loss did not improve from 0.08942
2022-01-19 02:03:54,584:INFO:train:Epoch 22/500
2022-01-19 02:04:14,268:INFO:train:368/368 - 20s - loss: 0.0598 - accuracy: 0.8910 - val_loss: 0.1059 - val_accuracy: 0.8447
2022-01-19 02:04:14,268:INFO:train:
2022-01-19 02:04:14,268:INFO:train:Epoch 00022: val_loss did not improve from 0.08942
2022-01-19 02:04:14,268:INFO:train:Epoch 00022: early stopping
2022-01-19 02:04:43,909:INFO:train:Training Experiment 9 time: 2
2022-01-19 02:04:43,909:INFO:train:Training Conditions: ResUNET_OPT_mix
2022-01-19 02:08:25,165:INFO:train:Image1 stack:
2022-01-19 02:08:25,212:INFO:train:(17730, 9203, 26)
2022-01-19 02:08:25,212:INFO:train:Image2 stack:
2022-01-19 02:08:25,212:INFO:train:(17730, 9203, 26)
2022-01-19 02:08:29,352:INFO:train:Labels stack:
2022-01-19 02:08:29,352:INFO:train:(17730, 9203)
2022-01-19 02:09:19,538:INFO:train:Model: "res_unet"
2022-01-19 02:09:19,538:INFO:train:_________________________________________________________________
2022-01-19 02:09:19,538:INFO:train:Layer (type)                 Output Shape              Param #
2022-01-19 02:09:19,538:INFO:train:=================================================================
2022-01-19 02:09:19,538:INFO:train:resunet_encoder (ResUNET_Enc multiple                  1066944
2022-01-19 02:09:19,538:INFO:train:_________________________________________________________________
2022-01-19 02:09:19,538:INFO:train:resunet_decoder (ResUNET_Dec multiple                  221408
2022-01-19 02:09:19,538:INFO:train:_________________________________________________________________
2022-01-19 02:09:19,538:INFO:train:classifier (Classifier)      multiple                  195
2022-01-19 02:09:19,538:INFO:train:=================================================================
2022-01-19 02:09:19,538:INFO:train:Total params: 1,288,547
2022-01-19 02:09:19,538:INFO:train:Trainable params: 1,288,547
2022-01-19 02:09:19,538:INFO:train:Non-trainable params: 0
2022-01-19 02:09:19,538:INFO:train:_________________________________________________________________
2022-01-19 02:09:20,913:INFO:train:Epoch 1/500
2022-01-19 02:10:02,770:INFO:train:368/368 - 42s - loss: 0.1340 - accuracy: 0.7695 - val_loss: 0.1102 - val_accuracy: 0.8115
2022-01-19 02:10:02,770:INFO:train:
2022-01-19 02:10:02,770:INFO:train:Epoch 00001: val_loss improved from inf to 0.11023, saving model to imgs\experiments\exp_9\models\ResUNET_2.h5
2022-01-19 02:10:03,004:INFO:train:Epoch 2/500
2022-01-19 02:10:22,910:INFO:train:368/368 - 20s - loss: 0.1144 - accuracy: 0.8047 - val_loss: 0.0982 - val_accuracy: 0.8299
2022-01-19 02:10:22,910:INFO:train:
2022-01-19 02:10:22,910:INFO:train:Epoch 00002: val_loss improved from 0.11023 to 0.09820, saving model to imgs\experiments\exp_9\models\ResUNET_2.h5
2022-01-19 02:10:22,957:INFO:train:Epoch 3/500
2022-01-19 02:10:42,925:INFO:train:368/368 - 20s - loss: 0.1087 - accuracy: 0.8181 - val_loss: 0.1000 - val_accuracy: 0.8276
2022-01-19 02:10:42,925:INFO:train:
2022-01-19 02:10:42,925:INFO:train:Epoch 00003: val_loss did not improve from 0.09820
2022-01-19 02:10:42,940:INFO:train:Epoch 4/500
2022-01-19 02:11:03,221:INFO:train:368/368 - 20s - loss: 0.1038 - accuracy: 0.8290 - val_loss: 0.0966 - val_accuracy: 0.8387
2022-01-19 02:11:03,221:INFO:train:
2022-01-19 02:11:03,221:INFO:train:Epoch 00004: val_loss improved from 0.09820 to 0.09657, saving model to imgs\experiments\exp_9\models\ResUNET_2.h5
2022-01-19 02:11:03,267:INFO:train:Epoch 5/500
2022-01-19 02:11:23,360:INFO:train:368/368 - 20s - loss: 0.1007 - accuracy: 0.8355 - val_loss: 0.0915 - val_accuracy: 0.8447
2022-01-19 02:11:23,360:INFO:train:
2022-01-19 02:11:23,360:INFO:train:Epoch 00005: val_loss improved from 0.09657 to 0.09149, saving model to imgs\experiments\exp_9\models\ResUNET_2.h5
2022-01-19 02:11:23,407:INFO:train:Epoch 6/500
2022-01-19 02:11:43,531:INFO:train:368/368 - 20s - loss: 0.0979 - accuracy: 0.8395 - val_loss: 0.0949 - val_accuracy: 0.8409
2022-01-19 02:11:43,531:INFO:train:
2022-01-19 02:11:43,531:INFO:train:Epoch 00006: val_loss did not improve from 0.09149
2022-01-19 02:11:43,547:INFO:train:Epoch 7/500
2022-01-19 02:12:03,765:INFO:train:368/368 - 20s - loss: 0.0955 - accuracy: 0.8443 - val_loss: 0.0962 - val_accuracy: 0.8301
2022-01-19 02:12:03,765:INFO:train:
2022-01-19 02:12:03,765:INFO:train:Epoch 00007: val_loss did not improve from 0.09149
2022-01-19 02:12:03,780:INFO:train:Epoch 8/500
2022-01-19 02:12:23,889:INFO:train:368/368 - 20s - loss: 0.0928 - accuracy: 0.8470 - val_loss: 0.0943 - val_accuracy: 0.8418
2022-01-19 02:12:23,889:INFO:train:
2022-01-19 02:12:23,889:INFO:train:Epoch 00008: val_loss did not improve from 0.09149
2022-01-19 02:12:23,904:INFO:train:Epoch 9/500
2022-01-19 02:12:44,075:INFO:train:368/368 - 20s - loss: 0.0907 - accuracy: 0.8507 - val_loss: 0.0950 - val_accuracy: 0.8392
2022-01-19 02:12:44,075:INFO:train:
2022-01-19 02:12:44,075:INFO:train:Epoch 00009: val_loss did not improve from 0.09149
2022-01-19 02:12:44,091:INFO:train:Epoch 10/500
2022-01-19 02:13:04,371:INFO:train:368/368 - 20s - loss: 0.0892 - accuracy: 0.8529 - val_loss: 0.0932 - val_accuracy: 0.8477
2022-01-19 02:13:04,371:INFO:train:
2022-01-19 02:13:04,371:INFO:train:Epoch 00010: val_loss did not improve from 0.09149
2022-01-19 02:13:04,387:INFO:train:Epoch 11/500
2022-01-19 02:13:24,558:INFO:train:368/368 - 20s - loss: 0.0868 - accuracy: 0.8558 - val_loss: 0.1124 - val_accuracy: 0.8238
2022-01-19 02:13:24,558:INFO:train:
2022-01-19 02:13:24,558:INFO:train:Epoch 00011: val_loss did not improve from 0.09149
2022-01-19 02:13:24,574:INFO:train:Epoch 12/500
2022-01-19 02:13:44,620:INFO:train:368/368 - 20s - loss: 0.0833 - accuracy: 0.8604 - val_loss: 0.0948 - val_accuracy: 0.8469
2022-01-19 02:13:44,620:INFO:train:
2022-01-19 02:13:44,620:INFO:train:Epoch 00012: val_loss did not improve from 0.09149
2022-01-19 02:13:44,620:INFO:train:Epoch 13/500
2022-01-19 02:14:04,775:INFO:train:368/368 - 20s - loss: 0.0817 - accuracy: 0.8627 - val_loss: 0.0958 - val_accuracy: 0.8497
2022-01-19 02:14:04,775:INFO:train:
2022-01-19 02:14:04,775:INFO:train:Epoch 00013: val_loss did not improve from 0.09149
2022-01-19 02:14:04,791:INFO:train:Epoch 14/500
2022-01-19 02:14:24,930:INFO:train:368/368 - 20s - loss: 0.0789 - accuracy: 0.8660 - val_loss: 0.1022 - val_accuracy: 0.8462
2022-01-19 02:14:24,930:INFO:train:
2022-01-19 02:14:24,930:INFO:train:Epoch 00014: val_loss did not improve from 0.09149
2022-01-19 02:14:24,946:INFO:train:Epoch 15/500
2022-01-19 02:14:44,836:INFO:train:368/368 - 20s - loss: 0.0762 - accuracy: 0.8698 - val_loss: 0.1063 - val_accuracy: 0.8290
2022-01-19 02:14:44,836:INFO:train:
2022-01-19 02:14:44,836:INFO:train:Epoch 00015: val_loss did not improve from 0.09149
2022-01-19 02:14:44,851:INFO:train:Epoch 16/500
2022-01-19 02:15:04,991:INFO:train:368/368 - 20s - loss: 0.0756 - accuracy: 0.8698 - val_loss: 0.1015 - val_accuracy: 0.8440
2022-01-19 02:15:04,991:INFO:train:
2022-01-19 02:15:04,991:INFO:train:Epoch 00016: val_loss did not improve from 0.09149
2022-01-19 02:15:05,007:INFO:train:Epoch 17/500
2022-01-19 02:15:25,021:INFO:train:368/368 - 20s - loss: 0.0728 - accuracy: 0.8740 - val_loss: 0.1058 - val_accuracy: 0.8432
2022-01-19 02:15:25,021:INFO:train:
2022-01-19 02:15:25,021:INFO:train:Epoch 00017: val_loss did not improve from 0.09149
2022-01-19 02:15:25,037:INFO:train:Epoch 18/500
2022-01-19 02:15:45,099:INFO:train:368/368 - 20s - loss: 0.0679 - accuracy: 0.8795 - val_loss: 0.1071 - val_accuracy: 0.8400
2022-01-19 02:15:45,099:INFO:train:
2022-01-19 02:15:45,099:INFO:train:Epoch 00018: val_loss did not improve from 0.09149
2022-01-19 02:15:45,114:INFO:train:Epoch 19/500
2022-01-19 02:16:05,223:INFO:train:368/368 - 20s - loss: 0.0665 - accuracy: 0.8815 - val_loss: 0.1067 - val_accuracy: 0.8461
2022-01-19 02:16:05,223:INFO:train:
2022-01-19 02:16:05,223:INFO:train:Epoch 00019: val_loss did not improve from 0.09149
2022-01-19 02:16:05,238:INFO:train:Epoch 20/500
2022-01-19 02:16:25,253:INFO:train:368/368 - 20s - loss: 0.0647 - accuracy: 0.8839 - val_loss: 0.1008 - val_accuracy: 0.8517
2022-01-19 02:16:25,253:INFO:train:
2022-01-19 02:16:25,253:INFO:train:Epoch 00020: val_loss did not improve from 0.09149
2022-01-19 02:16:25,253:INFO:train:Epoch 00020: early stopping
2022-01-19 02:16:54,486:INFO:train:Training Experiment 9 time: 3
2022-01-19 02:16:54,486:INFO:train:Training Conditions: ResUNET_OPT_mix
2022-01-19 02:20:32,399:INFO:train:Image1 stack:
2022-01-19 02:20:32,414:INFO:train:(17730, 9203, 26)
2022-01-19 02:20:32,414:INFO:train:Image2 stack:
2022-01-19 02:20:32,414:INFO:train:(17730, 9203, 26)
2022-01-19 02:20:36,383:INFO:train:Labels stack:
2022-01-19 02:20:36,383:INFO:train:(17730, 9203)
2022-01-19 02:21:05,131:INFO:train:Model: "res_unet"
2022-01-19 02:21:05,131:INFO:train:_________________________________________________________________
2022-01-19 02:21:05,131:INFO:train:Layer (type)                 Output Shape              Param #
2022-01-19 02:21:05,131:INFO:train:=================================================================
2022-01-19 02:21:05,147:INFO:train:resunet_encoder (ResUNET_Enc multiple                  1066944
2022-01-19 02:21:05,147:INFO:train:_________________________________________________________________
2022-01-19 02:21:05,147:INFO:train:resunet_decoder (ResUNET_Dec multiple                  221408
2022-01-19 02:21:05,147:INFO:train:_________________________________________________________________
2022-01-19 02:21:05,147:INFO:train:classifier (Classifier)      multiple                  195
2022-01-19 02:21:05,147:INFO:train:=================================================================
2022-01-19 02:21:05,147:INFO:train:Total params: 1,288,547
2022-01-19 02:21:05,147:INFO:train:Trainable params: 1,288,547
2022-01-19 02:21:05,147:INFO:train:Non-trainable params: 0
2022-01-19 02:21:05,147:INFO:train:_________________________________________________________________
2022-01-19 02:21:06,522:INFO:train:Epoch 1/500
2022-01-19 02:21:48,880:INFO:train:368/368 - 42s - loss: 0.1303 - accuracy: 0.7774 - val_loss: 0.1064 - val_accuracy: 0.8132
2022-01-19 02:21:48,880:INFO:train:
2022-01-19 02:21:48,880:INFO:train:Epoch 00001: val_loss improved from inf to 0.10644, saving model to imgs\experiments\exp_9\models\ResUNET_3.h5
2022-01-19 02:21:49,161:INFO:train:Epoch 2/500
2022-01-19 02:22:09,066:INFO:train:368/368 - 20s - loss: 0.1142 - accuracy: 0.8056 - val_loss: 0.0987 - val_accuracy: 0.8179
2022-01-19 02:22:09,066:INFO:train:
2022-01-19 02:22:09,066:INFO:train:Epoch 00002: val_loss improved from 0.10644 to 0.09866, saving model to imgs\experiments\exp_9\models\ResUNET_3.h5
2022-01-19 02:22:09,129:INFO:train:Epoch 3/500
2022-01-19 02:22:29,065:INFO:train:368/368 - 20s - loss: 0.1085 - accuracy: 0.8186 - val_loss: 0.0971 - val_accuracy: 0.8364
2022-01-19 02:22:29,065:INFO:train:
2022-01-19 02:22:29,065:INFO:train:Epoch 00003: val_loss improved from 0.09866 to 0.09715, saving model to imgs\experiments\exp_9\models\ResUNET_3.h5
2022-01-19 02:22:29,128:INFO:train:Epoch 4/500
2022-01-19 02:22:49,002:INFO:train:368/368 - 20s - loss: 0.1040 - accuracy: 0.8270 - val_loss: 0.0969 - val_accuracy: 0.8394
2022-01-19 02:22:49,002:INFO:train:
2022-01-19 02:22:49,002:INFO:train:Epoch 00004: val_loss improved from 0.09715 to 0.09690, saving model to imgs\experiments\exp_9\models\ResUNET_3.h5
2022-01-19 02:22:49,049:INFO:train:Epoch 5/500
2022-01-19 02:23:08,985:INFO:train:368/368 - 20s - loss: 0.1015 - accuracy: 0.8316 - val_loss: 0.0982 - val_accuracy: 0.8373
2022-01-19 02:23:08,985:INFO:train:
2022-01-19 02:23:08,985:INFO:train:Epoch 00005: val_loss did not improve from 0.09690
2022-01-19 02:23:09,001:INFO:train:Epoch 6/500
2022-01-19 02:23:28,906:INFO:train:368/368 - 20s - loss: 0.0986 - accuracy: 0.8365 - val_loss: 0.0954 - val_accuracy: 0.8337
2022-01-19 02:23:28,906:INFO:train:
2022-01-19 02:23:28,906:INFO:train:Epoch 00006: val_loss improved from 0.09690 to 0.09539, saving model to imgs\experiments\exp_9\models\ResUNET_3.h5
2022-01-19 02:23:28,953:INFO:train:Epoch 7/500
2022-01-19 02:23:49,046:INFO:train:368/368 - 20s - loss: 0.0969 - accuracy: 0.8411 - val_loss: 0.1007 - val_accuracy: 0.8347
2022-01-19 02:23:49,046:INFO:train:
2022-01-19 02:23:49,046:INFO:train:Epoch 00007: val_loss did not improve from 0.09539
2022-01-19 02:23:49,062:INFO:train:Epoch 8/500
2022-01-19 02:24:09,186:INFO:train:368/368 - 20s - loss: 0.0935 - accuracy: 0.8442 - val_loss: 0.0952 - val_accuracy: 0.8397
2022-01-19 02:24:09,186:INFO:train:
2022-01-19 02:24:09,186:INFO:train:Epoch 00008: val_loss improved from 0.09539 to 0.09521, saving model to imgs\experiments\exp_9\models\ResUNET_3.h5
2022-01-19 02:24:09,233:INFO:train:Epoch 9/500
2022-01-19 02:24:29,294:INFO:train:368/368 - 20s - loss: 0.0901 - accuracy: 0.8505 - val_loss: 0.0930 - val_accuracy: 0.8413
2022-01-19 02:24:29,294:INFO:train:
2022-01-19 02:24:29,294:INFO:train:Epoch 00009: val_loss improved from 0.09521 to 0.09298, saving model to imgs\experiments\exp_9\models\ResUNET_3.h5
2022-01-19 02:24:29,341:INFO:train:Epoch 10/500
2022-01-19 02:24:49,481:INFO:train:368/368 - 20s - loss: 0.0878 - accuracy: 0.8531 - val_loss: 0.0927 - val_accuracy: 0.8463
2022-01-19 02:24:49,481:INFO:train:
2022-01-19 02:24:49,481:INFO:train:Epoch 00010: val_loss improved from 0.09298 to 0.09273, saving model to imgs\experiments\exp_9\models\ResUNET_3.h5
2022-01-19 02:24:49,528:INFO:train:Epoch 11/500
2022-01-19 02:25:09,636:INFO:train:368/368 - 20s - loss: 0.0852 - accuracy: 0.8575 - val_loss: 0.1103 - val_accuracy: 0.8314
2022-01-19 02:25:09,636:INFO:train:
2022-01-19 02:25:09,636:INFO:train:Epoch 00011: val_loss did not improve from 0.09273
2022-01-19 02:25:09,652:INFO:train:Epoch 12/500
2022-01-19 02:25:29,635:INFO:train:368/368 - 20s - loss: 0.0825 - accuracy: 0.8604 - val_loss: 0.0951 - val_accuracy: 0.8408
2022-01-19 02:25:29,635:INFO:train:
2022-01-19 02:25:29,635:INFO:train:Epoch 00012: val_loss did not improve from 0.09273
2022-01-19 02:25:29,651:INFO:train:Epoch 13/500
2022-01-19 02:25:49,697:INFO:train:368/368 - 20s - loss: 0.0803 - accuracy: 0.8648 - val_loss: 0.0922 - val_accuracy: 0.8524
2022-01-19 02:25:49,697:INFO:train:
2022-01-19 02:25:49,697:INFO:train:Epoch 00013: val_loss improved from 0.09273 to 0.09217, saving model to imgs\experiments\exp_9\models\ResUNET_3.h5
2022-01-19 02:25:49,760:INFO:train:Epoch 14/500
2022-01-19 02:26:09,774:INFO:train:368/368 - 20s - loss: 0.0782 - accuracy: 0.8669 - val_loss: 0.0948 - val_accuracy: 0.8488
2022-01-19 02:26:09,774:INFO:train:
2022-01-19 02:26:09,774:INFO:train:Epoch 00014: val_loss did not improve from 0.09217
2022-01-19 02:26:09,774:INFO:train:Epoch 15/500
2022-01-19 02:26:29,930:INFO:train:368/368 - 20s - loss: 0.0760 - accuracy: 0.8705 - val_loss: 0.0905 - val_accuracy: 0.8474
2022-01-19 02:26:29,930:INFO:train:
2022-01-19 02:26:29,930:INFO:train:Epoch 00015: val_loss improved from 0.09217 to 0.09055, saving model to imgs\experiments\exp_9\models\ResUNET_3.h5
2022-01-19 02:26:29,977:INFO:train:Epoch 16/500
2022-01-19 02:26:49,991:INFO:train:368/368 - 20s - loss: 0.0754 - accuracy: 0.8704 - val_loss: 0.0956 - val_accuracy: 0.8423
2022-01-19 02:26:49,991:INFO:train:
2022-01-19 02:26:49,991:INFO:train:Epoch 00016: val_loss did not improve from 0.09055
2022-01-19 02:26:50,007:INFO:train:Epoch 17/500
2022-01-19 02:27:10,084:INFO:train:368/368 - 20s - loss: 0.0734 - accuracy: 0.8742 - val_loss: 0.0971 - val_accuracy: 0.8482
2022-01-19 02:27:10,084:INFO:train:
2022-01-19 02:27:10,084:INFO:train:Epoch 00017: val_loss did not improve from 0.09055
2022-01-19 02:27:10,100:INFO:train:Epoch 18/500
2022-01-19 02:27:30,521:INFO:train:368/368 - 20s - loss: 0.0692 - accuracy: 0.8792 - val_loss: 0.0961 - val_accuracy: 0.8467
2022-01-19 02:27:30,521:INFO:train:
2022-01-19 02:27:30,521:INFO:train:Epoch 00018: val_loss did not improve from 0.09055
2022-01-19 02:27:30,536:INFO:train:Epoch 19/500
2022-01-19 02:27:50,723:INFO:train:368/368 - 20s - loss: 0.0688 - accuracy: 0.8788 - val_loss: 0.0974 - val_accuracy: 0.8513
2022-01-19 02:27:50,723:INFO:train:
2022-01-19 02:27:50,723:INFO:train:Epoch 00019: val_loss did not improve from 0.09055
2022-01-19 02:27:50,739:INFO:train:Epoch 20/500
2022-01-19 02:28:10,800:INFO:train:368/368 - 20s - loss: 0.0678 - accuracy: 0.8807 - val_loss: 0.1032 - val_accuracy: 0.8504
2022-01-19 02:28:10,800:INFO:train:
2022-01-19 02:28:10,800:INFO:train:Epoch 00020: val_loss did not improve from 0.09055
2022-01-19 02:28:10,800:INFO:train:Epoch 21/500
2022-01-19 02:28:30,893:INFO:train:368/368 - 20s - loss: 0.0628 - accuracy: 0.8873 - val_loss: 0.1037 - val_accuracy: 0.8496
2022-01-19 02:28:30,893:INFO:train:
2022-01-19 02:28:30,893:INFO:train:Epoch 00021: val_loss did not improve from 0.09055
2022-01-19 02:28:30,893:INFO:train:Epoch 22/500
2022-01-19 02:28:50,861:INFO:train:368/368 - 20s - loss: 0.0633 - accuracy: 0.8867 - val_loss: 0.1077 - val_accuracy: 0.8425
2022-01-19 02:28:50,861:INFO:train:
2022-01-19 02:28:50,861:INFO:train:Epoch 00022: val_loss did not improve from 0.09055
2022-01-19 02:28:50,877:INFO:train:Epoch 23/500
2022-01-19 02:29:10,938:INFO:train:368/368 - 20s - loss: 0.0605 - accuracy: 0.8901 - val_loss: 0.1095 - val_accuracy: 0.8466
2022-01-19 02:29:10,938:INFO:train:
2022-01-19 02:29:10,938:INFO:train:Epoch 00023: val_loss did not improve from 0.09055
2022-01-19 02:29:10,954:INFO:train:Epoch 24/500
2022-01-19 02:29:30,875:INFO:train:368/368 - 20s - loss: 0.0576 - accuracy: 0.8945 - val_loss: 0.1160 - val_accuracy: 0.8480
2022-01-19 02:29:30,875:INFO:train:
2022-01-19 02:29:30,875:INFO:train:Epoch 00024: val_loss did not improve from 0.09055
2022-01-19 02:29:30,890:INFO:train:Epoch 25/500
2022-01-19 02:29:50,890:INFO:train:368/368 - 20s - loss: 0.0571 - accuracy: 0.8952 - val_loss: 0.1161 - val_accuracy: 0.8477
2022-01-19 02:29:50,890:INFO:train:
2022-01-19 02:29:50,890:INFO:train:Epoch 00025: val_loss did not improve from 0.09055
2022-01-19 02:29:50,905:INFO:train:Epoch 26/500
2022-01-19 02:30:11,092:INFO:train:368/368 - 20s - loss: 0.0551 - accuracy: 0.8977 - val_loss: 0.1166 - val_accuracy: 0.8487
2022-01-19 02:30:11,092:INFO:train:
2022-01-19 02:30:11,092:INFO:train:Epoch 00026: val_loss did not improve from 0.09055
2022-01-19 02:30:11,107:INFO:train:Epoch 27/500
2022-01-19 02:30:31,138:INFO:train:368/368 - 20s - loss: 0.0545 - accuracy: 0.8989 - val_loss: 0.1193 - val_accuracy: 0.8477
2022-01-19 02:30:31,138:INFO:train:
2022-01-19 02:30:31,138:INFO:train:Epoch 00027: val_loss did not improve from 0.09055
2022-01-19 02:30:31,154:INFO:train:Epoch 28/500
2022-01-19 02:30:51,231:INFO:train:368/368 - 20s - loss: 0.0533 - accuracy: 0.9005 - val_loss: 0.1140 - val_accuracy: 0.8444
2022-01-19 02:30:51,231:INFO:train:
2022-01-19 02:30:51,231:INFO:train:Epoch 00028: val_loss did not improve from 0.09055
2022-01-19 02:30:51,246:INFO:train:Epoch 29/500
2022-01-19 02:31:11,230:INFO:train:368/368 - 20s - loss: 0.0497 - accuracy: 0.9045 - val_loss: 0.1234 - val_accuracy: 0.8451
2022-01-19 02:31:11,230:INFO:train:
2022-01-19 02:31:11,230:INFO:train:Epoch 00029: val_loss did not improve from 0.09055
2022-01-19 02:31:11,246:INFO:train:Epoch 30/500
2022-01-19 02:31:31,229:INFO:train:368/368 - 20s - loss: 0.0497 - accuracy: 0.9045 - val_loss: 0.1224 - val_accuracy: 0.8447
2022-01-19 02:31:31,229:INFO:train:
2022-01-19 02:31:31,229:INFO:train:Epoch 00030: val_loss did not improve from 0.09055
2022-01-19 02:31:31,229:INFO:train:Epoch 00030: early stopping
2022-01-19 02:31:59,993:INFO:train:Training Experiment 9 time: 4
2022-01-19 02:31:59,993:INFO:train:Training Conditions: ResUNET_OPT_mix
2022-01-19 02:35:38,374:INFO:train:Image1 stack:
2022-01-19 02:35:38,390:INFO:train:(17730, 9203, 26)
2022-01-19 02:35:38,390:INFO:train:Image2 stack:
2022-01-19 02:35:38,390:INFO:train:(17730, 9203, 26)
2022-01-19 02:35:42,296:INFO:train:Labels stack:
2022-01-19 02:35:42,296:INFO:train:(17730, 9203)
2022-01-19 02:36:10,857:INFO:train:Model: "res_unet"
2022-01-19 02:36:10,857:INFO:train:_________________________________________________________________
2022-01-19 02:36:10,857:INFO:train:Layer (type)                 Output Shape              Param #
2022-01-19 02:36:10,857:INFO:train:=================================================================
2022-01-19 02:36:10,873:INFO:train:resunet_encoder (ResUNET_Enc multiple                  1066944
2022-01-19 02:36:10,873:INFO:train:_________________________________________________________________
2022-01-19 02:36:10,873:INFO:train:resunet_decoder (ResUNET_Dec multiple                  221408
2022-01-19 02:36:10,873:INFO:train:_________________________________________________________________
2022-01-19 02:36:10,873:INFO:train:classifier (Classifier)      multiple                  195
2022-01-19 02:36:10,873:INFO:train:=================================================================
2022-01-19 02:36:10,873:INFO:train:Total params: 1,288,547
2022-01-19 02:36:10,873:INFO:train:Trainable params: 1,288,547
2022-01-19 02:36:10,873:INFO:train:Non-trainable params: 0
2022-01-19 02:36:10,873:INFO:train:_________________________________________________________________
2022-01-19 02:36:12,217:INFO:train:Epoch 1/500
2022-01-19 02:36:51,824:INFO:train:368/368 - 40s - loss: 0.1329 - accuracy: 0.7742 - val_loss: 0.0982 - val_accuracy: 0.8204
2022-01-19 02:36:51,824:INFO:train:
2022-01-19 02:36:51,824:INFO:train:Epoch 00001: val_loss improved from inf to 0.09825, saving model to imgs\experiments\exp_9\models\ResUNET_4.h5
2022-01-19 02:36:52,027:INFO:train:Epoch 2/500
2022-01-19 02:37:11,886:INFO:train:368/368 - 20s - loss: 0.1136 - accuracy: 0.8072 - val_loss: 0.0984 - val_accuracy: 0.8128
2022-01-19 02:37:11,886:INFO:train:
2022-01-19 02:37:11,886:INFO:train:Epoch 00002: val_loss did not improve from 0.09825
2022-01-19 02:37:11,902:INFO:train:Epoch 3/500
2022-01-19 02:37:31,666:INFO:train:368/368 - 20s - loss: 0.1078 - accuracy: 0.8205 - val_loss: 0.0978 - val_accuracy: 0.8172
2022-01-19 02:37:31,666:INFO:train:
2022-01-19 02:37:31,666:INFO:train:Epoch 00003: val_loss improved from 0.09825 to 0.09780, saving model to imgs\experiments\exp_9\models\ResUNET_4.h5
2022-01-19 02:37:31,713:INFO:train:Epoch 4/500
2022-01-19 02:37:51,884:INFO:train:368/368 - 20s - loss: 0.1037 - accuracy: 0.8287 - val_loss: 0.1073 - val_accuracy: 0.8159
2022-01-19 02:37:51,884:INFO:train:
2022-01-19 02:37:51,884:INFO:train:Epoch 00004: val_loss did not improve from 0.09780
2022-01-19 02:37:51,900:INFO:train:Epoch 5/500
2022-01-19 02:38:11,868:INFO:train:368/368 - 20s - loss: 0.1011 - accuracy: 0.8329 - val_loss: 0.0965 - val_accuracy: 0.8376
2022-01-19 02:38:11,868:INFO:train:
2022-01-19 02:38:11,868:INFO:train:Epoch 00005: val_loss improved from 0.09780 to 0.09647, saving model to imgs\experiments\exp_9\models\ResUNET_4.h5
2022-01-19 02:38:11,915:INFO:train:Epoch 6/500
2022-01-19 02:38:31,867:INFO:train:368/368 - 20s - loss: 0.0966 - accuracy: 0.8415 - val_loss: 0.0974 - val_accuracy: 0.8408
2022-01-19 02:38:31,867:INFO:train:
2022-01-19 02:38:31,867:INFO:train:Epoch 00006: val_loss did not improve from 0.09647
2022-01-19 02:38:31,882:INFO:train:Epoch 7/500
2022-01-19 02:38:51,710:INFO:train:368/368 - 20s - loss: 0.0938 - accuracy: 0.8473 - val_loss: 0.1014 - val_accuracy: 0.8254
2022-01-19 02:38:51,710:INFO:train:
2022-01-19 02:38:51,710:INFO:train:Epoch 00007: val_loss did not improve from 0.09647
2022-01-19 02:38:51,725:INFO:train:Epoch 8/500
2022-01-19 02:39:11,537:INFO:train:368/368 - 20s - loss: 0.0922 - accuracy: 0.8497 - val_loss: 0.1048 - val_accuracy: 0.8324
2022-01-19 02:39:11,537:INFO:train:
2022-01-19 02:39:11,537:INFO:train:Epoch 00008: val_loss did not improve from 0.09647
2022-01-19 02:39:11,553:INFO:train:Epoch 9/500
2022-01-19 02:39:31,489:INFO:train:368/368 - 20s - loss: 0.0901 - accuracy: 0.8515 - val_loss: 0.0970 - val_accuracy: 0.8389
2022-01-19 02:39:31,489:INFO:train:
2022-01-19 02:39:31,489:INFO:train:Epoch 00009: val_loss did not improve from 0.09647
2022-01-19 02:39:31,505:INFO:train:Epoch 10/500
2022-01-19 02:39:51,332:INFO:train:368/368 - 20s - loss: 0.0857 - accuracy: 0.8572 - val_loss: 0.0989 - val_accuracy: 0.8495
2022-01-19 02:39:51,332:INFO:train:
2022-01-19 02:39:51,332:INFO:train:Epoch 00010: val_loss did not improve from 0.09647
2022-01-19 02:39:51,348:INFO:train:Epoch 11/500
2022-01-19 02:40:11,409:INFO:train:368/368 - 20s - loss: 0.0840 - accuracy: 0.8587 - val_loss: 0.0969 - val_accuracy: 0.8453
2022-01-19 02:40:11,409:INFO:train:
2022-01-19 02:40:11,409:INFO:train:Epoch 00011: val_loss did not improve from 0.09647
2022-01-19 02:40:11,425:INFO:train:Epoch 12/500
2022-01-19 02:40:31,299:INFO:train:368/368 - 20s - loss: 0.0820 - accuracy: 0.8614 - val_loss: 0.0996 - val_accuracy: 0.8474
2022-01-19 02:40:31,299:INFO:train:
2022-01-19 02:40:31,299:INFO:train:Epoch 00012: val_loss did not improve from 0.09647
2022-01-19 02:40:31,315:INFO:train:Epoch 13/500
2022-01-19 02:40:51,283:INFO:train:368/368 - 20s - loss: 0.0772 - accuracy: 0.8688 - val_loss: 0.1049 - val_accuracy: 0.8480
2022-01-19 02:40:51,283:INFO:train:
2022-01-19 02:40:51,283:INFO:train:Epoch 00013: val_loss did not improve from 0.09647
2022-01-19 02:40:51,298:INFO:train:Epoch 14/500
2022-01-19 02:41:11,219:INFO:train:368/368 - 20s - loss: 0.0751 - accuracy: 0.8709 - val_loss: 0.1192 - val_accuracy: 0.8149
2022-01-19 02:41:11,219:INFO:train:
2022-01-19 02:41:11,219:INFO:train:Epoch 00014: val_loss did not improve from 0.09647
2022-01-19 02:41:11,235:INFO:train:Epoch 15/500
2022-01-19 02:41:31,062:INFO:train:368/368 - 20s - loss: 0.0718 - accuracy: 0.8749 - val_loss: 0.1049 - val_accuracy: 0.8439
2022-01-19 02:41:31,062:INFO:train:
2022-01-19 02:41:31,062:INFO:train:Epoch 00015: val_loss did not improve from 0.09647
2022-01-19 02:41:31,078:INFO:train:Epoch 16/500
2022-01-19 02:41:51,030:INFO:train:368/368 - 20s - loss: 0.0701 - accuracy: 0.8766 - val_loss: 0.1013 - val_accuracy: 0.8446
2022-01-19 02:41:51,030:INFO:train:
2022-01-19 02:41:51,030:INFO:train:Epoch 00016: val_loss did not improve from 0.09647
2022-01-19 02:41:51,046:INFO:train:Epoch 17/500
2022-01-19 02:42:10,967:INFO:train:368/368 - 20s - loss: 0.0675 - accuracy: 0.8811 - val_loss: 0.1102 - val_accuracy: 0.8463
2022-01-19 02:42:10,967:INFO:train:
2022-01-19 02:42:10,967:INFO:train:Epoch 00017: val_loss did not improve from 0.09647
2022-01-19 02:42:10,982:INFO:train:Epoch 18/500
2022-01-19 02:42:30,872:INFO:train:368/368 - 20s - loss: 0.0633 - accuracy: 0.8857 - val_loss: 0.1129 - val_accuracy: 0.8427
2022-01-19 02:42:30,872:INFO:train:
2022-01-19 02:42:30,872:INFO:train:Epoch 00018: val_loss did not improve from 0.09647
2022-01-19 02:42:30,888:INFO:train:Epoch 19/500
2022-01-19 02:42:50,902:INFO:train:368/368 - 20s - loss: 0.0633 - accuracy: 0.8863 - val_loss: 0.1141 - val_accuracy: 0.8490
2022-01-19 02:42:50,902:INFO:train:
2022-01-19 02:42:50,902:INFO:train:Epoch 00019: val_loss did not improve from 0.09647
2022-01-19 02:42:50,918:INFO:train:Epoch 20/500
2022-01-19 02:43:10,948:INFO:train:368/368 - 20s - loss: 0.0606 - accuracy: 0.8893 - val_loss: 0.1098 - val_accuracy: 0.8435
2022-01-19 02:43:10,948:INFO:train:
2022-01-19 02:43:10,948:INFO:train:Epoch 00020: val_loss did not improve from 0.09647
2022-01-19 02:43:10,964:INFO:train:Epoch 00020: early stopping
