2022-01-22 15:42:26,861:INFO:pred:Predicting Experiment 4 time: 0
2022-01-22 15:42:26,861:INFO:pred:Conditions: CrossFusion_ResUNET_FUS_n_n
2022-01-22 15:44:16,953:INFO:pred:Image stack:
2022-01-22 15:44:16,953:INFO:pred:(17730, 9203, 30)
2022-01-22 15:44:16,953:INFO:pred:-126.0
2022-01-22 15:44:16,953:INFO:pred:-13.0
2022-01-22 15:48:46,247:INFO:pred:time prediction model 0: 131.04
2022-01-22 15:49:39,738:INFO:pred:Predicting Experiment 4 time: 1
2022-01-22 15:49:39,738:INFO:pred:Conditions: CrossFusion_ResUNET_FUS_n_n
2022-01-22 15:51:01,172:INFO:pred:Image stack:
2022-01-22 15:51:01,172:INFO:pred:(17730, 9203, 30)
2022-01-22 15:51:01,172:INFO:pred:-126.0
2022-01-22 15:51:01,172:INFO:pred:-13.0
2022-01-22 15:55:31,317:INFO:pred:time prediction model 1: 128.71
2022-01-22 15:56:18,252:INFO:pred:Predicting Experiment 4 time: 2
2022-01-22 15:56:18,252:INFO:pred:Conditions: CrossFusion_ResUNET_FUS_n_n
2022-01-22 15:57:35,687:INFO:pred:Image stack:
2022-01-22 15:57:35,687:INFO:pred:(17730, 9203, 30)
2022-01-22 15:57:35,687:INFO:pred:-126.0
2022-01-22 15:57:35,687:INFO:pred:-13.0
2022-01-22 16:02:19,477:INFO:pred:time prediction model 2: 159.34
2022-01-22 16:03:12,162:INFO:pred:Predicting Experiment 4 time: 3
2022-01-22 16:03:12,162:INFO:pred:Conditions: CrossFusion_ResUNET_FUS_n_n
2022-01-22 16:04:29,284:INFO:pred:Image stack:
2022-01-22 16:04:29,284:INFO:pred:(17730, 9203, 30)
2022-01-22 16:04:29,284:INFO:pred:-126.0
2022-01-22 16:04:29,284:INFO:pred:-13.0
2022-01-22 16:08:31,852:INFO:pred:time prediction model 3: 135.39
2022-01-22 16:09:06,472:INFO:pred:Predicting Experiment 4 time: 4
2022-01-22 16:09:06,472:INFO:pred:Conditions: CrossFusion_ResUNET_FUS_n_n
2022-01-22 16:10:21,860:INFO:pred:Image stack:
2022-01-22 16:10:21,860:INFO:pred:(17730, 9203, 30)
2022-01-22 16:10:21,860:INFO:pred:-126.0
2022-01-22 16:10:21,860:INFO:pred:-13.0
2022-01-22 16:13:50,452:INFO:pred:time prediction model 4: 135.31
